0 12
1 6
1 ------- seq update -------- 0.00019288063049316406
0 ------- seq update -------- 0.00042629241943359375
recv...
coarse1 1 5 c_kp1 15963197.09502591 c_k 0.0 f_k 0.0 y_k 0.0 1e-05 3.581632375717163
coarse1 1 4 c_kp1 32124565.65527738 c_k 0.0 f_k 0.0 y_k 0.0 1e-05 0.5476658344268799
coarse1 1 3 c_kp1 40744742.89202578 c_k 0.0 f_k 0.0 y_k 0.0 1e-05 0.5380046367645264
coarse1 1 2 c_kp1 43662716.86472721 c_k 0.0 f_k 0.0 y_k 0.0 1e-05 0.5286953449249268
coarse1 1 1 c_kp1 41740590.59584331 c_k 0.0 f_k 0.0 y_k 0.0 1e-05 0.5357041358947754
coarse1 1 0 c_kp1 36742586.24770227 c_k 0.0 f_k 0.0 y_k 0.0 1e-05 0.521245002746582
1 coarse sent  36742586.24770227 (90711,)
0 recv! 36742586.24770227
1 ----------parallel -------- 12.537556648254395
coarse1 0 11 c_kp1 30412052.150787238 c_k 0.0 f_k 0.0 y_k 0.0 1e-05 0.5452704429626465
coarse1 0 10 c_kp1 24016364.39424929 c_k 0.0 f_k 0.0 y_k 0.0 1e-05 0.5513834953308105
coarse1 0 9 c_kp1 18300811.03951462 c_k 0.0 f_k 0.0 y_k 0.0 1e-05 0.5380942821502686
1 fine 5 d_out 0.0 d_in 15963224.88827652 1e-09 3.6764822006225586
1 fine 4 d_out 15963224.88827652 d_in 32019395.732946046 1e-09 0.6088812351226807
coarse1 0 8 c_kp1 13594186.34821568 c_k 0.0 f_k 0.0 y_k 0.0 1e-05 0.538261890411377
coarse1 0 7 c_kp1 9952958.716692094 c_k 0.0 f_k 0.0 y_k 0.0 1e-05 0.5303454399108887
coarse1 0 6 c_kp1 7278592.450017702 c_k 0.0 f_k 0.0 y_k 0.0 1e-05 0.5301644802093506
1 fine 3 d_out 32019395.732946046 d_in 44831984.405521564 1e-09 3.218705415725708
coarse1 0 5 c_kp1 5401755.322511803 c_k 0.0 f_k 0.0 y_k 0.0 1e-05 0.5290074348449707
1 fine 2 d_out 44831984.405521564 d_in 52485170.65288479 1e-09 0.6515405178070068
coarse1 0 4 c_kp1 4133993.746006039 c_k 0.0 f_k 0.0 y_k 0.0 1e-05 0.5289092063903809
coarse1 0 3 c_kp1 3297453.2644561143 c_k 0.0 f_k 0.0 y_k 0.0 1e-05 0.5230858325958252
coarse1 0 2 c_kp1 2743390.6742660343 c_k 0.0 f_k 0.0 y_k 0.0 1e-05 0.5279839038848877
coarse1 0 1 c_kp1 2362254.075550263 c_k 0.0 f_k 0.0 y_k 0.0 1e-05 0.5147271156311035
coarse1 0 0 c_kp1 2083051.5720038784 c_k 0.0 f_k 0.0 y_k 0.0 1e-05 0.5309655666351318
0 ----------parallel -------- 25.28716540336609
0 fine 11 d_out 36742586.24770227 d_in 30412727.101057302 1e-09 0.5618727207183838
0 fine 10 d_out 30412727.101057302 d_in 24018267.015560746 1e-09 0.5592434406280518
0 fine 9 d_out 24018267.015560746 d_in 18303081.98598616 1e-09 0.5615589618682861
0 fine 8 d_out 18303081.98598616 d_in 13597237.199741432 1e-09 0.570507287979126
0 fine 7 d_out 13597237.199741432 d_in 9956646.666995116 1e-09 0.5784876346588135
0 fine 6 d_out 9956646.666995116 d_in 7282457.023166031 1e-09 0.5690360069274902
0 fine 5 d_out 7282457.023166031 d_in 5405318.002668676 1e-09 0.5780305862426758
0 fine 4 d_out 5405318.002668676 d_in 4136940.7439866536 1e-09 0.5671985149383545
0 fine 3 d_out 4136940.7439866536 d_in 3299695.861322693 1e-09 0.573782205581665
0 fine 2 d_out 3299695.861322693 d_in 2745016.7291993173 1e-09 0.5609126091003418
0 fine 1 d_out 2745016.7291993173 d_in 2363427.2690462875 1e-09 0.5680415630340576
0 fine 0 d_out 2363427.2690462875 d_in 2083926.694628369 1e-09 0.5586605072021484
0 ------- seq update -------- 32.09538149833679
recv...
1 fine 1 d_out 52485170.65288479 d_in 54579061.594706014 1e-09 11.875401258468628
1 fine 0 d_out 54579061.594706014 d_in 52072118.615718976 1e-09 3.3773670196533203
1 ------- seq update -------- 35.946479082107544
coarse1 1 5 c_kp1 15963197.09502591 c_k 15963197.09502591 f_k 15963224.88827652 y_k 15963197.09502591 1e-05 0.09178876876831055
coarse1 1 4 c_kp1 32124489.11429269 c_k 32124565.65527738 f_k 32019395.732946046 y_k 32124565.65527738 1e-05 0.09252667427062988
coarse1 1 3 c_kp1 40744747.1708558 c_k 40744742.89202578 f_k 44831984.405521564 y_k 40744742.89202578 1e-05 0.09169483184814453
coarse1 1 2 c_kp1 43662716.76042952 c_k 43662716.86472721 f_k 52485170.65288479 y_k 43662716.86472721 1e-05 0.09157323837280273
coarse1 1 1 c_kp1 41740590.59880766 c_k 41740590.59584331 f_k 54579061.594706014 y_k 41740590.59584331 1e-05 0.09165740013122559
coarse1 1 0 c_kp1 36742586.19825442 c_k 36742586.24770227 f_k 52072118.615718976 y_k 36742586.24770227 1e-05 0.09720826148986816
1 coarse sent  52072118.615718976 (90711,)
0 recv! 52072118.615718976
1 ----------parallel -------- 42.71710991859436
1 fine 5 d_out 0.0 d_in 15963224.88827652 1e-09 0.3345932960510254
1 fine 4 d_out 15963224.88827652 d_in 32019395.732946046 1e-09 0.11355185508728027
1 fine 3 d_out 32019395.732946046 d_in 44831984.405521564 1e-09 0.09309554100036621
1 fine 2 d_out 44831984.405521564 d_in 52485170.65288479 1e-09 0.2942626476287842
1 fine 1 d_out 52485170.65288479 d_in 54579061.594706014 1e-09 0.09331369400024414
coarse1 0 11 c_kp1 46632232.552224904 c_k 30412052.150787238 f_k 30412727.101057302 y_k 30412052.150787238 1e-05 0.5465266704559326
1 fine 0 d_out 54579061.594706014 d_in 52072118.615718976 1e-09 0.2185802459716797
1 ------- seq update -------- 43.864940881729126
1 skipping!
coarse1 0 10 c_kp1 39421430.48392093 c_k 24016364.39424929 f_k 24018267.015560746 y_k 24016364.39424929 1e-05 0.5128993988037109
coarse1 0 9 c_kp1 32069749.05212798 c_k 18300811.03951462 f_k 18303081.98598616 y_k 18300811.03951462 1e-05 0.5086815357208252
coarse1 0 8 c_kp1 25258851.62966822 c_k 13594186.34821568 f_k 13597237.199741432 y_k 13594186.34821568 1e-05 0.5043506622314453
coarse1 0 7 c_kp1 19401493.10701897 c_k 9952958.716692094 f_k 9956646.666995116 y_k 9952958.716692094 1e-05 0.5040905475616455
coarse1 0 6 c_kp1 14663909.69016682 c_k 7278592.450017702 f_k 7282457.023166031 y_k 7278592.450017702 1e-05 0.5098469257354736
coarse1 0 5 c_kp1 11011069.272823615 c_k 5401755.322511803 f_k 5405318.002668676 y_k 5401755.322511803 1e-05 0.4984402656555176
coarse1 0 4 c_kp1 8310411.587811309 c_k 4133993.746006039 f_k 4136940.7439866536 y_k 4133993.746006039 1e-05 0.49225735664367676
coarse1 0 3 c_kp1 6385246.748683398 c_k 3297453.2644561143 f_k 3299695.861322693 y_k 3297453.2644561143 1e-05 0.4994785785675049
coarse1 0 2 c_kp1 5051015.509854468 c_k 2743390.6742660343 f_k 2745016.7291993173 y_k 2743390.6742660343 1e-05 0.49570631980895996
coarse1 0 1 c_kp1 4137854.481656157 c_k 2362254.075550263 f_k 2363427.2690462875 y_k 2362254.075550263 1e-05 0.4932067394256592
coarse1 0 0 c_kp1 3505675.913559127 c_k 2083051.5720038784 f_k 2083926.694628369 y_k 2083051.5720038784 1e-05 0.4843719005584717
0 ----------parallel -------- 54.70373821258545
0 fine 11 d_out 52072118.615718976 d_in 46526712.52522995 1e-09 0.5760517120361328
0 fine 10 d_out 46526712.52522995 d_in 39489448.16653664 1e-09 0.5697433948516846
0 fine 9 d_out 39489448.16653664 d_in 32175379.01162786 1e-09 0.5606498718261719
0 fine 8 d_out 32175379.01162786 d_in 25384202.276036747 1e-09 0.5576927661895752
0 fine 7 d_out 25384202.276036747 d_in 19544208.221788295 1e-09 0.5603382587432861
0 fine 6 d_out 19544208.221788295 d_in 14806219.070693465 1e-09 0.5632588863372803
0 fine 5 d_out 14806219.070693465 d_in 11141461.848379595 1e-09 0.5616915225982666
0 fine 4 d_out 11141461.848379595 d_in 8421489.998386722 1e-09 0.5467064380645752
0 fine 3 d_out 8421489.998386722 d_in 6474068.777576536 1e-09 0.5614972114562988
0 fine 2 d_out 6474068.777576536 d_in 5118402.395007729 1e-09 0.5481646060943604
0 fine 1 d_out 5118402.395007729 d_in 4187254.4157038406 1e-09 0.5503995418548584
0 fine 0 d_out 4187254.4157038406 d_in 3541610.6936940337 1e-09 0.5467414855957031
0 ------- seq update -------- 61.407411098480225
coarse1 0 11 c_kp1 46632232.552224904 c_k 46499176.88131748 f_k 46526712.52522995 y_k 46499945.83674272 1e-05 0.09191155433654785
coarse1 0 10 c_kp1 39421430.4842365 c_k 39422300.21158921 f_k 39489448.16653664 y_k 39424420.88078789 1e-05 0.09279823303222656
coarse1 0 9 c_kp1 32069749.04975548 c_k 32073622.625527833 f_k 32175379.01162786 y_k 32076057.173483834 1e-05 0.09174466133117676
coarse1 0 8 c_kp1 25258851.629644413 c_k 25255356.636730775 f_k 25384202.276036747 y_k 25258715.608741585 1e-05 0.0920264720916748
coarse1 0 7 c_kp1 19401493.106711324 c_k 19401605.663812034 f_k 19544208.221788295 y_k 19405709.987302985 1e-05 0.09177255630493164
coarse1 0 6 c_kp1 14663909.690078337 c_k 14663960.462734047 f_k 14806219.070693465 y_k 14668328.132091444 1e-05 0.09192276000976562
coarse1 0 5 c_kp1 11011069.273250267 c_k 11011087.322564345 f_k 11141461.848379595 y_k 11015226.403108487 1e-05 0.09169793128967285
coarse1 0 4 c_kp1 8310411.587807365 c_k 8310391.599465064 f_k 8421489.998386722 y_k 8313959.065533568 1e-05 0.09172868728637695
coarse1 0 3 c_kp1 6385246.748527493 c_k 6385239.953640048 f_k 6474068.777576536 y_k 6388084.103203351 1e-05 0.09174060821533203
coarse1 0 2 c_kp1 5051015.509714918 c_k 5051016.545028626 f_k 5118402.395007729 y_k 5053150.9708684785 1e-05 0.09743785858154297
coarse1 0 1 c_kp1 4137854.4817134356 c_k 4137855.4094953737 f_k 4187254.4157038406 y_k 4139400.118021934 1e-05 0.09763860702514648
coarse1 0 0 c_kp1 3505675.9134968403 c_k 3505676.6566785644 f_k 3541610.6936940337 y_k 3506790.361279025 1e-05 0.09191226959228516
============
3541610.6936940337
============
[4.76837158e-07 2.52866929e+01 5.47033186e+01 6.85526218e+01]
[1.00000000e+00 4.73262176e-01 1.59365620e-02 1.60482998e-07]
