2 6
3 5
4 4
5 3
6 2
7 1
0 8
1 7
7 ------- seq update -------- 0.0016751289367675781
6 ------- seq update -------- 0.0004887580871582031
recv...
5 ------- seq update -------- 0.0017223358154296875
recv...
4 ------- seq update -------- 0.00047397613525390625
recv...
3 ------- seq update -------- 0.0005280971527099609
recv...
2 ------- seq update -------- 0.001726388931274414
recv...
1 ------- seq update -------- 0.0016541481018066406
recv...
0 ------- seq update -------- 0.0016376972198486328
recv...
coarse1 7 0 c_kp1 30881546.033883177 c_k 0.0 f_k 0.0 y_k 0.0 1e-05 17.816516160964966
7 coarse sent  30881546.033883177 (342711,)
6 recv! 30881546.033883177
7 ----------parallel -------- 36.201950788497925
coarse1 6 1 c_kp1 195825920.11208287 c_k 0.0 f_k 0.0 y_k 0.0 1e-05 3.7946527004241943
7 fine 0 d_out 0.0 d_in 30881539.93751242 1e-09 11.29220461845398
7 ------- seq update -------- 47.494298696517944
coarse1 6 0 c_kp1 2989234177.263108 c_k 0.0 f_k 0.0 y_k 0.0 1e-05 3.5954766273498535
6 coarse sent  2989234177.263108 (342711,)
5 recv! 2989234177.263108
6 ----------parallel -------- 50.93281531333923
6 fine 1 d_out 30881546.033883177 d_in 195825574.73939103 1e-09 3.8410956859588623
coarse1 7 0 c_kp1 30881546.033883177 c_k 30881546.033883177 f_k 30881539.93751242 y_k 30881546.033883177 1e-05 0.3863210678100586
coarse1 5 2 c_kp1 47365834606.34128 c_k 0.0 f_k 0.0 y_k 0.0 1e-05 8.593011140823364
6 fine 0 d_out 195825574.73939103 d_in 2993472030.23335 1e-09 13.520797729492188
6 ------- seq update -------- 68.29490041732788
recv...
7 coarse sent  30881539.93751242 (342711,)
6 recv! 30881539.93751242
7 ----------parallel -------- 68.43388724327087
7 fine 0 d_out 0.0 d_in 30881539.93751242 1e-09 1.2444210052490234
7 ------- seq update -------- 69.67842197418213
7 skipping!
7 ----------parallel -------- 69.68020677566528
7 fine 0 d_out 0.0 d_in 30881539.93751242 1e-09 1.2930927276611328
7 ------- seq update -------- 70.9734377861023
7 skipping!
7 ----------parallel -------- 70.97524309158325
7 fine 0 d_out 0.0 d_in 30881539.93751242 1e-09 1.243638038635254
7 ------- seq update -------- 72.21899032592773
7 skipping!
7 ----------parallel -------- 72.22079992294312
coarse1 6 1 c_kp1 195825878.0033002 c_k 195825920.11208287 f_k 195825574.73939103 y_k 195825920.11208287 1e-05 0.36422038078308105
7 fine 0 d_out 0.0 d_in 30881539.93751242 1e-09 1.2654552459716797
7 ------- seq update -------- 73.48637008666992
7 skipping!
7 ----------parallel -------- 73.48826384544373
7 fine 0 d_out 0.0 d_in 30881539.93751242 1e-09 1.2427067756652832
7 ------- seq update -------- 74.73109269142151
7 skipping!
7 ----------parallel -------- 74.73289632797241
7 fine 0 d_out 0.0 d_in 30881539.93751242 1e-09 1.2443842887878418
7 ------- seq update -------- 75.97739267349243
7 skipping!
7 ----------parallel -------- 75.97919487953186
coarse1 6 0 c_kp1 2989232233.572163 c_k 2989234177.263108 f_k 2993472030.23335 y_k 2989234177.263108 1e-05 0.3636336326599121
7 fine 0 d_out 0.0 d_in 30881539.93751242 1e-09 1.2644033432006836
7 ------- seq update -------- 77.24370861053467
7 skipping!
coarse1 5 1 c_kp1 779390143874.4572 c_k 0.0 f_k 0.0 y_k 0.0 1e-05 14.030389308929443
coarse1 5 0 c_kp1 12507952464182.992 c_k 0.0 f_k 0.0 y_k 0.0 1e-05 2.995349168777466
5 coarse sent  12507952464182.992 (342711,)
4 recv! 12507952464182.992
5 ----------parallel -------- 102.20870018005371
5 fine 2 d_out 2989234177.263108 d_in 47365827290.223595 1e-09 3.300996780395508
coarse1 4 3 c_kp1 210281975275376.34 c_k 0.0 f_k 0.0 y_k 0.0 1e-05 2.7138123512268066
5 fine 1 d_out 47365827290.223595 d_in 779389950589.5419 1e-09 3.4122235774993896
coarse1 4 2 c_kp1 3435440160893656.5 c_k 0.0 f_k 0.0 y_k 0.0 1e-05 2.5127203464508057
coarse1 4 1 c_kp1 5.949143536538684e+16 c_k 0.0 f_k 0.0 y_k 0.0 1e-05 2.4166555404663086
5 fine 0 d_out 779389950589.5419 d_in 12507943475626.012 1e-09 12.566895723342896
5 ------- seq update -------- 121.48907017707825
recv...
5 recv! 2993472030.23335
6 coarse sent  2993472030.23335 (342711,)
6 ----------parallel -------- 121.57314562797546
coarse1 4 0 c_kp1 9.991220839045148e+17 c_k 0.0 f_k 0.0 y_k 0.0 1e-05 2.372738838195801
4 coarse sent  9.991220839045148e+17 (342711,)
3 recv! 9.991220839045148e+17
4 ----------parallel -------- 122.19575929641724
6 fine 1 d_out 30881539.93751242 d_in 195825536.17803234 1e-09 3.2169992923736572
4 fine 3 d_out 12507952464182.992 d_in 210281970749084.6 1e-09 3.420891761779785
coarse1 3 4 c_kp1 1.7887087627674444e+19 c_k 0.0 f_k 0.0 y_k 0.0 1e-05 2.443294048309326
6 fine 0 d_out 195825536.17803234 d_in 2993472755.8741035 1e-09 3.3465752601623535
6 ------- seq update -------- 128.1369378566742
4 fine 2 d_out 210281970749084.6 d_in 3435440057739757.0 1e-09 3.4128010272979736
coarse1 3 3 c_kp1 3.105159600881526e+20 c_k 0.0 f_k 0.0 y_k 0.0 1e-05 2.3952314853668213
coarse1 6 1 c_kp1 195825878.0033002 c_k 195825920.11208287 f_k 195825536.17803234 y_k 195825574.73939103 1e-05 0.3644683361053467
4 fine 1 d_out 3435440057739757.0 d_in 5.949142319713545e+16 1e-09 3.4258790016174316
4 fine 0 d_out 5.949142319713545e+16 d_in 9.991218506392841e+17 1e-09 3.3592183589935303
4 ------- seq update -------- 135.8149266242981
recv...
coarse1 6 0 c_kp1 2989232359.914485 c_k 2989234177.263108 f_k 2993472755.8741035 y_k 2993472030.23335 1e-05 0.36446094512939453
coarse1 3 2 c_kp1 5.723032547666086e+21 c_k 0.0 f_k 0.0 y_k 0.0 1e-05 2.391453504562378
coarse1 3 1 c_kp1 1.0245354666883205e+23 c_k 0.0 f_k 0.0 y_k 0.0 1e-05 2.389346122741699
coarse1 3 0 c_kp1 1.9256526343867497e+24 c_k 0.0 f_k 0.0 y_k 0.0 1e-05 2.3900513648986816
3 coarse sent  1.9256526343867497e+24 (342711,)
2 recv! 1.9256526343867497e+24
3 ----------parallel -------- 146.1813464164734
3 fine 4 d_out 9.991220839045148e+17 d_in 1.788708492846051e+19 1e-09 3.389169454574585
coarse1 2 5 c_kp1 3.5280222904276637e+25 c_k 0.0 f_k 0.0 y_k 0.0 1e-05 2.3614296913146973
3 fine 3 d_out 1.788708492846051e+19 d_in 3.105158633387379e+20 1e-09 3.468655824661255
coarse1 2 4 c_kp1 6.70080580631026e+26 c_k 0.0 f_k 0.0 y_k 0.0 1e-05 2.356121778488159
3 fine 2 d_out 3.105158633387379e+20 d_in 5.723028687416929e+21 1e-09 3.387943744659424
3 fine 1 d_out 5.723028687416929e+21 d_in 1.0245344698083644e+23 1e-09 3.3287816047668457
coarse1 2 3 c_kp1 1.2464297175974342e+28 c_k 0.0 f_k 0.0 y_k 0.0 1e-05 2.3601467609405518
3 fine 0 d_out 1.0245344698083644e+23 d_in 1.9256500673510033e+24 1e-09 3.33359432220459
3 ------- seq update -------- 163.0899679660797
recv...
coarse1 2 2 c_kp1 2.377970771225375e+29 c_k 0.0 f_k 0.0 y_k 0.0 1e-05 2.3551137447357178
coarse1 5 2 c_kp1 46952092066.11272 c_k 47365834606.34128 f_k 47365827290.223595 y_k 47365834606.34128 1e-05 3.299734592437744
coarse1 2 1 c_kp1 4.4644324459670824e+30 c_k 0.0 f_k 0.0 y_k 0.0 1e-05 2.3537614345550537
coarse1 2 0 c_kp1 8.528960316506222e+31 c_k 0.0 f_k 0.0 y_k 0.0 1e-05 2.3564088344573975
2 coarse sent  8.528960316506222e+31 (342711,)
1 recv! 8.528960316506222e+31
2 ----------parallel -------- 174.5112533569336
2 fine 5 d_out 1.9256526343867497e+24 d_in 3.528021579641397e+25 1e-09 3.292656660079956
coarse1 1 6 c_kp1 1.6100865150561712e+33 c_k 0.0 f_k 0.0 y_k 0.0 1e-05 2.4508230686187744
2 fine 4 d_out 3.528021579641397e+25 d_in 6.700802930369716e+26 1e-09 3.228198766708374
coarse1 5 1 c_kp1 791723323291.8704 c_k 779390143874.4572 f_k 779389950589.5419 y_k 779390143874.4572 1e-05 3.2007923126220703
2 fine 3 d_out 6.700802930369716e+26 d_in 1.2464288729294258e+28 1e-09 3.2523746490478516
coarse1 1 5 c_kp1 3.075964062728645e+34 c_k 0.0 f_k 0.0 y_k 0.0 1e-05 2.454481601715088
2 fine 2 d_out 1.2464288729294258e+28 d_in 2.3779686314462896e+29 1e-09 3.2883455753326416
coarse1 5 0 c_kp1 12521940429142.996 c_k 12507952464182.992 f_k 12507943475626.012 y_k 12507952464182.992 1e-05 3.1632497310638428
5 coarse sent  12521911638530.293 (342711,)
4 recv! 12521911638530.293
5 ----------parallel -------- 189.41261458396912
coarse1 1 4 c_kp1 5.82592775816404e+35 c_k 0.0 f_k 0.0 y_k 0.0 1e-05 2.491455316543579
2 fine 1 d_out 2.3779686314462896e+29 d_in 4.464427296673198e+30 1e-09 3.2299633026123047
5 fine 2 d_out 2993472030.23335 d_in 47420518032.9153 1e-09 4.346843004226685
2 fine 0 d_out 4.464427296673198e+30 d_in 8.528948246281841e+31 1e-09 3.23347806930542
2 ------- seq update -------- 194.0367431640625
recv...
coarse1 1 3 c_kp1 1.112482015554067e+37 c_k 0.0 f_k 0.0 y_k 0.0 1e-05 2.4604902267456055
coarse1 4 3 c_kp1 210511739879550.88 c_k 210281975275376.34 f_k 210281970749084.6 y_k 210281975275376.34 1e-05 2.7211380004882812
5 fine 1 d_out 47420518032.9153 d_in 780285892697.6968 1e-09 3.9735872745513916
coarse1 1 2 c_kp1 2.1112863705069572e+38 c_k 0.0 f_k 0.0 y_k 0.0 1e-05 2.3987479209899902
coarse1 4 2 c_kp1 3439121257056887.0 c_k 3435440160893656.5 f_k 3435440057739757.0 y_k 3435440160893656.5 1e-05 2.621242046356201
5 fine 0 d_out 780285892697.6968 d_in 12522149791364.586 1e-09 3.873603105545044
5 ------- seq update -------- 201.60691928863525
recv...
5 recv! 2993472755.8741035
6 coarse sent  2993472755.8741035 (342711,)
6 ----------parallel -------- 201.69091272354126
6 fine 1 d_out 30881539.93751242 d_in 195825536.17803234 1e-09 0.8775897026062012
6 fine 0 d_out 195825536.17803234 d_in 2993472755.8741035 1e-09 0.4147615432739258
6 ------- seq update -------- 202.98345756530762
6 skipping!
6 ----------parallel -------- 202.98497366905212
6 fine 1 d_out 30881539.93751242 d_in 195825536.17803234 1e-09 0.8553948402404785
6 fine 0 d_out 195825536.17803234 d_in 2993472755.8741035 1e-09 0.3964083194732666
6 ------- seq update -------- 204.23694467544556
6 skipping!
6 ----------parallel -------- 204.23838305473328
coarse1 1 1 c_kp1 4.029330276122922e+39 c_k 0.0 f_k 0.0 y_k 0.0 1e-05 2.4139187335968018
6 fine 1 d_out 30881539.93751242 d_in 195825536.17803234 1e-09 0.8801126480102539
coarse1 4 1 c_kp1 5.955336948445185e+16 c_k 5.949143536538684e+16 f_k 5.949142319713545e+16 y_k 5.949143536538684e+16 1e-05 2.5758981704711914
6 fine 0 d_out 195825536.17803234 d_in 2993472755.8741035 1e-09 0.4017157554626465
6 ------- seq update -------- 205.5203824043274
6 skipping!
6 ----------parallel -------- 205.52180004119873
6 fine 1 d_out 30881539.93751242 d_in 195825536.17803234 1e-09 0.8538253307342529
6 fine 0 d_out 195825536.17803234 d_in 2993472755.8741035 1e-09 0.3964526653289795
6 ------- seq update -------- 206.77224397659302
6 skipping!
6 ----------parallel -------- 206.77373886108398
6 fine 1 d_out 30881539.93751242 d_in 195825536.17803234 1e-09 0.8595356941223145
6 fine 0 d_out 195825536.17803234 d_in 2993472755.8741035 1e-09 0.4230642318725586
6 ------- seq update -------- 208.05651021003723
6 skipping!
6 ----------parallel -------- 208.0580449104309
6 fine 1 d_out 30881539.93751242 d_in 195825536.17803234 1e-09 0.8538599014282227
6 fine 0 d_out 195825536.17803234 d_in 2993472755.8741035 1e-09 0.39644622802734375
6 ------- seq update -------- 209.30852246284485
6 skipping!
coarse1 1 0 c_kp1 7.656474336152743e+40 c_k 0.0 f_k 0.0 y_k 0.0 1e-05 2.4935922622680664
1 coarse sent  7.656474336152743e+40 (342711,)
0 recv! 7.656474336152743e+40
1 ----------parallel -------- 208.88893747329712
coarse1 4 0 c_kp1 1.0001333738869382e+18 c_k 9.991220839045148e+17 f_k 9.991218506392841e+17 y_k 9.991220839045148e+17 1e-05 2.5581982135772705
3 recv! 1.0001330906061399e+18
4 coarse sent  1.0001330906061399e+18 (342711,)
4 ----------parallel -------- 209.92492723464966
1 fine 6 d_out 8.528960316506222e+31 d_in 1.6100863295028294e+33 1e-09 3.393980026245117
4 fine 3 d_out 12521911638530.293 d_in 210511738922375.25 1e-09 3.653316020965576
coarse1 0 7 c_kp1 1.4604875882524624e+42 c_k 0.0 f_k 0.0 y_k 0.0 1e-05 2.377094030380249
coarse1 3 4 c_kp1 1.7904648463237947e+19 c_k 1.7887087627674444e+19 f_k 1.788708492846051e+19 y_k 1.7887087627674444e+19 1e-05 2.546347141265869
1 fine 5 d_out 1.6100863295028294e+33 d_in 3.075962933841778e+34 1e-09 3.4210195541381836
4 fine 2 d_out 210511738922375.25 d_in 3439121135068142.0 1e-09 3.5634970664978027
coarse1 0 6 c_kp1 2.7774038244803466e+43 c_k 0.0 f_k 0.0 y_k 0.0 1e-05 2.4289145469665527
1 fine 4 d_out 3.075962933841778e+34 d_in 5.825923206863236e+35 1e-09 3.4003357887268066
coarse1 3 3 c_kp1 3.108113893591125e+20 c_k 3.105159600881526e+20 f_k 3.105158633387379e+20 y_k 3.105159600881526e+20 1e-05 2.4961674213409424
4 fine 1 d_out 3439121135068142.0 d_in 5.955337659174318e+16 1e-09 3.6621968746185303
1 fine 3 d_out 5.825923206863236e+35 d_in 1.1124810932127511e+37 1e-09 3.395064115524292
coarse1 0 5 c_kp1 5.295830603907984e+44 c_k 0.0 f_k 0.0 y_k 0.0 1e-05 2.44625186920166
4 fine 0 d_out 5.955337659174318e+16 d_in 1.0001331736699816e+18 1e-09 3.511150360107422
4 ------- seq update -------- 224.3154845237732
recv...
coarse1 3 2 c_kp1 5.728342836242546e+21 c_k 5.723032547666086e+21 f_k 5.723028687416929e+21 y_k 5.723032547666086e+21 1e-05 2.6895124912261963
1 fine 2 d_out 1.1124810932127511e+37 d_in 2.111284085468415e+38 1e-09 3.2722697257995605
coarse1 0 4 c_kp1 1.00762671663122e+46 c_k 0.0 f_k 0.0 y_k 0.0 1e-05 2.3338444232940674
1 fine 1 d_out 2.111284085468415e+38 d_in 4.029325371981104e+39 1e-09 3.346466302871704
coarse1 3 1 c_kp1 1.025459904429207e+23 c_k 1.0245354666883205e+23 f_k 1.0245344698083644e+23 y_k 1.0245354666883205e+23 1e-05 2.6893699169158936
1 fine 0 d_out 4.029325371981104e+39 d_in 7.656462974962916e+40 1e-09 3.274752616882324
1 ------- seq update -------- 232.3934609889984
recv...
coarse1 0 3 c_kp1 1.9207136867284087e+47 c_k 0.0 f_k 0.0 y_k 0.0 1e-05 2.3389694690704346
coarse1 5 2 c_kp1 47190284769.03575 c_k 47419284870.562614 f_k 47420518032.9153 y_k 47419277564.03651 1e-05 0.3734426498413086
coarse1 3 0 c_kp1 1.9273632856239932e+24 c_k 1.9256526343867497e+24 f_k 1.9256500673510033e+24 y_k 1.9256526343867497e+24 1e-05 2.641331911087036
3 coarse sent  1.9273608125581125e+24 (342711,)
2 recv! 1.9273608125581125e+24
3 ----------parallel -------- 234.4727919101715
coarse1 0 2 c_kp1 3.65575054807876e+48 c_k 0.0 f_k 0.0 y_k 0.0 1e-05 2.3075802326202393
3 fine 4 d_out 1.0001330906061399e+18 d_in 1.7904648902825837e+19 1e-09 3.5704779624938965
coarse1 2 5 c_kp1 3.5310885821809396e+25 c_k 3.5280222904276637e+25 f_k 3.528021579641397e+25 y_k 3.5280222904276637e+25 1e-05 2.6099538803100586
3 fine 3 d_out 1.7904648902825837e+19 d_in 3.1081123896340565e+20 1e-09 3.3992741107940674
coarse1 5 1 c_kp1 790852195031.1349 c_k 780271024435.9421 f_k 780285892697.6968 y_k 780270831644.3517 1e-05 0.37458181381225586
coarse1 0 1 c_kp1 6.966946372424561e+49 c_k 0.0 f_k 0.0 y_k 0.0 1e-05 2.303229331970215
coarse1 2 4 c_kp1 6.70658292335264e+26 c_k 6.70080580631026e+26 f_k 6.700802930369716e+26 y_k 6.70080580631026e+26 1e-05 2.6268529891967773
3 fine 2 d_out 3.1081123896340565e+20 d_in 5.728342002627819e+21 1e-09 3.4107179641723633
coarse1 5 0 c_kp1 12521940425458.16 c_k 12521920619257.674 f_k 12522149791364.586 y_k 12521911638530.293 1e-05 0.37482166290283203
5 coarse sent  12522149791364.586 (342711,)
4 recv! 12522149791364.586
5 ----------parallel -------- 245.24768018722534
coarse1 0 0 c_kp1 1.3263430184230278e+51 c_k 0.0 f_k 0.0 y_k 0.0 1e-05 2.4297494888305664
0 ----------parallel -------- 246.79241180419922
3 fine 1 d_out 5.728342002627819e+21 d_in 1.0254597349660103e+23 1e-09 3.3487236499786377
5 fine 2 d_out 2993472755.8741035 d_in 47420526451.00158 1e-09 3.5005781650543213
coarse1 2 3 c_kp1 1.247490081368606e+28 c_k 1.2464297175974342e+28 f_k 1.2464288729294258e+28 y_k 1.2464297175974342e+28 1e-05 2.6153080463409424
coarse1 4 3 c_kp1 210515947305671.1 c_k 210511741535329.53 f_k 210511738922375.25 y_k 210511737009933.44 1e-05 2.217318058013916
0 fine 7 d_out 7.656474336152743e+40 d_in 1.46048713411309e+42 1e-09 3.2237982749938965
5 fine 1 d_out 47420526451.00158 d_in 780286029430.6393 1e-09 3.2577648162841797
0 fine 6 d_out 1.46048713411309e+42 d_in 2.7774019370830526e+43 1e-09 3.23066782951355
coarse1 2 2 c_kp1 2.3799868682924054e+29 c_k 2.377970771225375e+29 f_k 2.3779686314462896e+29 y_k 2.377970771225375e+29 1e-05 2.613558530807495
5 fine 0 d_out 780286029430.6393 d_in 12522151913451.484 1e-09 2.9898037910461426
5 ------- seq update -------- 254.99614787101746
coarse1 4 2 c_kp1 3439170415247922.5 c_k 3439120878837116.5 f_k 3439121135068142.0 y_k 3439120775721442.0 1e-05 2.152742385864258
3 fine 0 d_out 1.0254597349660103e+23 d_in 1.9273631500647762e+24 1e-09 7.215949535369873
3 ------- seq update -------- 255.4184262752533
recv...
0 fine 5 d_out 2.7774019370830526e+43 d_in 5.2958257376031345e+44 1e-09 3.195286989212036
coarse1 2 1 c_kp1 4.468185523941676e+30 c_k 4.4644324459670824e+30 f_k 4.464427296673198e+30 y_k 4.4644324459670824e+30 1e-05 2.605018377304077
coarse1 4 1 c_kp1 5.955400237076945e+16 c_k 5.9553382349344056e+16 f_k 5.955337659174318e+16 y_k 5.955337018230522e+16 1e-05 2.167114734649658
0 fine 4 d_out 5.2958257376031345e+44 d_in 1.0076253578960178e+46 1e-09 3.1641387939453125
0 fine 3 d_out 1.0076253578960178e+46 d_in 1.920710898601674e+47 1e-09 3.231140613555908
coarse1 2 0 c_kp1 8.536123824217607e+31 c_k 8.528960316506222e+31 f_k 8.528948246281841e+31 y_k 8.528960316506222e+31 1e-05 2.6101837158203125
1 recv! 8.536110875675034e+31
2 coarse sent  8.536110875675034e+31 (342711,)
2 ----------parallel -------- 263.21123003959656
coarse1 4 0 c_kp1 1.0001395306612224e+18 c_k 1.0001333238494446e+18 f_k 1.0001331736699816e+18 y_k 1.0001330906061399e+18 1e-05 2.115593194961548
3 recv! 1.0001347642643768e+18
4 coarse sent  1.0001347642643768e+18 (342711,)
4 ----------parallel -------- 264.207905292511
0 fine 2 d_out 1.920710898601674e+47 d_in 3.6557442697748536e+48 1e-09 3.236875534057617
2 fine 5 d_out 1.9273608125581125e+24 d_in 3.5310891796047225e+25 1e-09 3.310044765472412
coarse1 3 4 c_kp1 1.7904675036330744e+19 c_k 1.7904653910834717e+19 f_k 1.7904648902825837e+19 y_k 1.7904651211684508e+19 1e-05 0.41372060775756836
4 fine 3 d_out 12522149791364.586 d_in 210515334302789.84 1e-09 3.6688590049743652
coarse1 1 6 c_kp1 1.6114296878930517e+33 c_k 1.6100865150561712e+33 f_k 1.6100863295028294e+33 y_k 1.6100865150561712e+33 1e-05 2.7397797107696533
0 fine 1 d_out 3.6557442697748536e+48 d_in 6.966932504638241e+49 1e-09 3.1884915828704834
coarse1 3 3 c_kp1 3.1081138935911226e+20 c_k 3.108112909847935e+20 f_k 3.1081123896340565e+20 y_k 3.1081119424845867e+20 1e-05 0.38595032691955566
2 fine 4 d_out 3.5310891796047225e+25 d_in 6.706586232278616e+26 1e-09 3.2963881492614746
4 fine 2 d_out 210515334302789.84 d_in 3439174294379091.5 1e-09 3.570727825164795
coarse1 3 2 c_kp1 5.728342836242542e+21 c_k 5.728343207356204e+21 f_k 5.728342002627819e+21 y_k 5.728339347350634e+21 1e-05 0.38306641578674316
0 fine 0 d_out 6.966932504638241e+49 d_in 1.3263400006651066e+51 1e-09 3.2542383670806885
0 ------- seq update -------- 272.5177552700043
recv...
2 fine 3 d_out 6.706586232278616e+26 d_in 1.2474910316460867e+28 1e-09 3.2976033687591553
coarse1 1 5 c_kp1 3.0785293765316095e+34 c_k 3.075964062728645e+34 f_k 3.075962933841778e+34 y_k 3.075964062728645e+34 1e-05 2.728111743927002
4 fine 1 d_out 3439174294379091.5 d_in 5.955415905442551e+16 1e-09 3.480691909790039
coarse1 3 1 c_kp1 1.0254599044292058e+23 c_k 1.0254599170723515e+23 f_k 1.0254597349660103e+23 y_k 1.0254589202717915e+23 1e-05 0.4091217517852783
2 fine 2 d_out 1.2474910316460867e+28 d_in 2.379989478201067e+29 1e-09 3.2953877449035645
coarse1 3 0 c_kp1 1.9273632856239946e+24 c_k 1.9273633794780717e+24 f_k 1.9273631500647762e+24 y_k 1.9273608125581125e+24 1e-05 0.3831295967102051
4 fine 0 d_out 5.955415905442551e+16 d_in 1.0001440771572038e+18 1e-09 3.3089687824249268
4 ------- seq update -------- 278.2375383377075
recv...
coarse1 1 4 c_kp1 5.830770436135569e+35 c_k 5.82592775816404e+35 f_k 5.825923206863236e+35 y_k 5.82592775816404e+35 1e-05 2.781156063079834
2 fine 1 d_out 2.379989478201067e+29 d_in 4.468192108975958e+30 1e-09 3.356231212615967
2 fine 0 d_out 4.468192108975958e+30 d_in 8.536136868101593e+31 1e-09 3.2909562587738037
2 ------- seq update -------- 283.05840277671814
recv...
2 recv! 1.9273631500647762e+24
3 coarse sent  1.9273631500647762e+24 (342711,)
3 ----------parallel -------- 283.17498254776
coarse1 1 3 c_kp1 1.1134071246874681e+37 c_k 1.112482015554067e+37 f_k 1.1124810932127511e+37 y_k 1.112482015554067e+37 1e-05 2.7118265628814697
coarse1 5 2 c_kp1 47190284769.03575 c_k 47419284870.562614 f_k 47420526451.00158 y_k 47420518032.9153 1e-05 0.3805689811706543
coarse1 2 5 c_kp1 3.531093388429556e+25 c_k 3.5310883003918685e+25 f_k 3.5310891796047225e+25 y_k 3.531087589687982e+25 1e-05 1.8006091117858887
3 fine 4 d_out 1.0001347642643768e+18 d_in 1.7904672315878947e+19 1e-09 4.866164207458496
coarse1 1 2 c_kp1 2.113037828723013e+38 c_k 2.1112863705069572e+38 f_k 2.111284085468415e+38 y_k 2.1112863705069572e+38 1e-05 2.6455841064453125
coarse1 2 4 c_kp1 6.706583156880302e+26 c_k 6.706582562671385e+26 f_k 6.706586232278616e+26 y_k 6.706579686851845e+26 1e-05 0.36846423149108887
3 fine 3 d_out 1.7904672315878947e+19 d_in 3.108115458529598e+20 1e-09 2.9809014797210693
coarse1 2 3 c_kp1 1.2474900813686063e+28 c_k 1.2474899464531644e+28 f_k 1.2474910316460867e+28 y_k 1.2474891018204416e+28 1e-05 0.3684861660003662
coarse1 1 1 c_kp1 4.032674290469942e+39 c_k 4.029330276122922e+39 f_k 4.029325371981104e+39 y_k 4.029330276122922e+39 1e-05 2.730156183242798
3 fine 2 d_out 3.108115458529598e+20 d_in 5.728346282815349e+21 1e-09 2.8016443252563477
coarse1 2 2 c_kp1 2.3799868682923488e+29 c_k 2.379986584711714e+29 f_k 2.379989478201067e+29 y_k 2.3799844449779536e+29 1e-05 0.36948633193969727
3 fine 1 d_out 5.728346282815349e+21 d_in 1.0254602321553517e+23 1e-09 2.8002676963806152
coarse1 2 1 c_kp1 4.468185523941667e+30 c_k 4.4681861281194597e+30 f_k 4.468192108975958e+30 y_k 4.4681809789338523e+30 1e-05 0.3691401481628418
coarse1 1 0 c_kp1 7.662817426089687e+40 c_k 7.656474336152743e+40 f_k 7.656462974962916e+40 y_k 7.656474336152743e+40 1e-05 2.6944377422332764
1 coarse sent  7.662804911823802e+40 (342711,)
0 recv! 7.662804911823802e+40
1 ----------parallel -------- 297.78927183151245
3 fine 0 d_out 1.0254602321553517e+23 d_in 1.9273638145561706e+24 1e-09 2.6502699851989746
3 ------- seq update -------- 299.2746613025665
recv...
coarse1 2 0 c_kp1 8.536123824217616e+31 c_k 8.5361229457624e+31 f_k 8.536136868101593e+31 y_k 8.536110875675034e+31 1e-05 0.36855626106262207
1 fine 6 d_out 8.536110875675034e+31 d_in 1.611429729903939e+33 1e-09 3.5315566062927246
coarse1 0 7 c_kp1 1.4616952636670434e+42 c_k 1.4604875882524624e+42 f_k 1.46048713411309e+42 y_k 1.4604875882524624e+42 1e-05 2.597296714782715
1 fine 5 d_out 1.611429729903939e+33 d_in 3.0785302475368334e+34 1e-09 3.4552783966064453
coarse1 0 6 c_kp1 2.7796961566310064e+43 c_k 2.7774038244803466e+43 f_k 2.7774019370830526e+43 y_k 2.7774038244803466e+43 1e-05 2.5795185565948486
1 fine 4 d_out 3.0785302475368334e+34 d_in 5.8307719811731356e+35 1e-09 3.5380377769470215
1 fine 3 d_out 5.8307719811731356e+35 d_in 1.1134075528990981e+37 1e-09 3.455909013748169
coarse1 0 5 c_kp1 5.300202584059157e+44 c_k 5.295830603907984e+44 f_k 5.2958257376031345e+44 y_k 5.295830603907984e+44 1e-05 2.530656337738037
coarse1 5 1 c_kp1 791354408223.9546 c_k 780271024435.9421 f_k 780286029430.6393 y_k 780285892697.6968 1e-05 0.3824772834777832
1 fine 2 d_out 1.1134075528990981e+37 d_in 2.1130392722592883e+38 1e-09 3.354095697402954
coarse1 5 0 c_kp1 12521940430303.604 c_k 12521920619257.674 f_k 12522151913451.484 y_k 12522149791364.586 1e-05 0.3809792995452881
5 coarse sent  12522151913451.484 (342711,)
4 recv! 12522151913451.484
5 ----------parallel -------- 316.53503942489624
coarse1 0 4 c_kp1 1.0084577424427825e+46 c_k 1.00762671663122e+46 f_k 1.0076253578960178e+46 y_k 1.00762671663122e+46 1e-05 2.5345921516418457
5 fine 2 d_out 2993472755.8741035 d_in 47420526451.00158 1e-09 0.39055466651916504
5 fine 1 d_out 47420526451.00158 d_in 780286029430.6393 1e-09 0.3827662467956543
5 fine 0 d_out 780286029430.6393 d_in 12522151913451.484 1e-09 0.40010976791381836
5 ------- seq update -------- 317.70875549316406
5 skipping!
5 ----------parallel -------- 317.7106456756592
5 fine 2 d_out 2993472755.8741035 d_in 47420526451.00158 1e-09 0.40053534507751465
5 fine 1 d_out 47420526451.00158 d_in 780286029430.6393 1e-09 0.37957239151000977
1 fine 1 d_out 2.1130392722592883e+38 d_in 4.0326771213003236e+39 1e-09 3.3030741214752197
5 fine 0 d_out 780286029430.6393 d_in 12522151913451.484 1e-09 0.37762022018432617
5 ------- seq update -------- 318.8686604499817
5 skipping!
5 ----------parallel -------- 318.8706064224243
5 fine 2 d_out 2993472755.8741035 d_in 47420526451.00158 1e-09 0.38611388206481934
5 fine 1 d_out 47420526451.00158 d_in 780286029430.6393 1e-09 0.38248658180236816
coarse1 4 3 c_kp1 210518039592593.16 c_k 210515020188280.25 f_k 210515334302789.84 y_k 210515017575183.9 1e-05 0.36621952056884766
5 fine 0 d_out 780286029430.6393 d_in 12522151913451.484 1e-09 0.38352346420288086
5 ------- seq update -------- 320.02300786972046
5 skipping!
5 ----------parallel -------- 320.0249967575073
5 fine 2 d_out 2993472755.8741035 d_in 47420526451.00158 1e-09 0.38045334815979004
5 fine 1 d_out 47420526451.00158 d_in 780286029430.6393 1e-09 0.38027310371398926
5 fine 0 d_out 780286029430.6393 d_in 12522151913451.484 1e-09 0.381028413772583
5 ------- seq update -------- 321.16704869270325
5 skipping!
5 ----------parallel -------- 321.1690752506256
5 fine 2 d_out 2993472755.8741035 d_in 47420526451.00158 1e-09 0.3814716339111328
coarse1 0 3 c_kp1 1.92229722757485e+47 c_k 1.9207136867284087e+47 f_k 1.920710898601674e+47 y_k 1.9207136867284087e+47 1e-05 2.677434206008911
5 fine 1 d_out 47420526451.00158 d_in 780286029430.6393 1e-09 0.40407443046569824
1 fine 0 d_out 4.0326771213003236e+39 d_in 7.662824917208273e+40 1e-09 3.3336665630340576
1 ------- seq update -------- 321.7615125179291
recv...
1 recv! 8.536136868101593e+31
2 coarse sent  8.536136868101593e+31 (342711,)
2 ----------parallel -------- 321.82378482818604
5 fine 0 d_out 780286029430.6393 d_in 12522151913451.484 1e-09 0.3863832950592041
5 ------- seq update -------- 322.3412878513336
5 skipping!
coarse1 4 2 c_kp1 3439170421755519.5 c_k 3439161954895765.5 f_k 3439174294379091.5 y_k 3439162211125243.0 1e-05 0.3615870475769043
coarse1 1 6 c_kp1 1.611434748844015e+33 c_k 1.6114295678585857e+33 f_k 1.611429729903939e+33 y_k 1.611429382314553e+33 1e-05 0.3726654052734375
2 fine 5 d_out 1.9273631500647762e+24 d_in 3.5310933770351044e+25 1e-09 3.315904378890991
coarse1 4 1 c_kp1 5.9554002368519224e+16 c_k 5.955381382618939e+16 f_k 5.955415905442551e+16 y_k 5.955380806866711e+16 1e-05 0.36310362815856934
coarse1 0 2 c_kp1 3.658762944016288e+48 c_k 3.65575054807876e+48 f_k 3.6557442697748536e+48 y_k 3.65575054807876e+48 1e-05 2.7103981971740723
coarse1 1 5 c_kp1 3.078529376531602e+34 c_k 3.078529612942961e+34 f_k 3.0785302475368334e+34 y_k 3.078528484065646e+34 1e-05 0.3749117851257324
2 fine 4 d_out 3.5310933770351044e+25 d_in 6.706594150419579e+26 1e-09 2.980294942855835
coarse1 4 0 c_kp1 1.0001395314698975e+18 c_k 1.0001349144417586e+18 f_k 1.0001440771572038e+18 y_k 1.0001347642643768e+18 1e-05 0.3608677387237549
3 recv! 1.0001440771571546e+18
4 coarse sent  1.0001440771571546e+18 (342711,)
4 ----------parallel -------- 328.3500804901123
coarse1 1 4 c_kp1 5.830770436135566e+35 c_k 5.830770266701525e+35 f_k 5.8307719811731356e+35 y_k 5.8307657154814796e+35 1e-05 0.36969637870788574
2 fine 3 d_out 6.706594150419579e+26 d_in 1.2474924405397265e+28 1e-09 2.777829170227051
coarse1 0 1 c_kp1 6.972685864011577e+49 c_k 6.966946372424561e+49 f_k 6.966932504638241e+49 y_k 6.966946372424561e+49 1e-05 2.65637469291687
4 fine 3 d_out 12522151913451.484 d_in 210515367797811.78 1e-09 2.8500614166259766
coarse1 1 3 c_kp1 1.1134071246874696e+37 c_k 1.1134069995412091e+37 f_k 1.1134075528990981e+37 y_k 1.113406077208105e+37 1e-05 0.3692479133605957
coarse1 3 4 c_kp1 1.790480395527215e+19 c_k 1.7904653910834717e+19 f_k 1.7904672315878947e+19 y_k 1.7904648902825837e+19 1e-05 2.3065896034240723
2 fine 2 d_out 1.2474924405397265e+28 d_in 2.379992141320558e+29 1e-09 2.725935935974121
4 fine 2 d_out 210515367797811.78 d_in 3439174809665074.5 1e-09 2.733991861343384
coarse1 1 2 c_kp1 2.1130378287230158e+38 c_k 2.1130381724961622e+38 f_k 2.1130392722592883e+38 y_k 2.1130358874839045e+38 1e-05 0.3967165946960449
coarse1 0 0 c_kp1 1.3274348994764976e+51 c_k 1.3263430184230278e+51 f_k 1.3263400006651066e+51 y_k 1.3263430184230278e+51 1e-05 2.741529703140259
0 ----------parallel -------- 335.6380863189697
2 fine 1 d_out 2.379992141320558e+29 d_in 4.4681969615699974e+30 1e-09 2.689358711242676
coarse1 1 1 c_kp1 4.0326742904699675e+39 c_k 4.032673826924947e+39 f_k 4.0326771213003236e+39 y_k 4.0326689228162114e+39 1e-05 0.37163209915161133
4 fine 1 d_out 3439174809665074.5 d_in 5.955416719107228e+16 1e-09 2.7977943420410156
coarse1 3 3 c_kp1 3.108134393887009e+20 c_k 3.108112909847935e+20 f_k 3.108115458529598e+20 y_k 3.1081123896340565e+20 1e-05 2.036750078201294
coarse1 1 0 c_kp1 7.662817426089684e+40 c_k 7.66281627293615e+40 f_k 7.662824917208273e+40 y_k 7.662804911823802e+40 1e-05 0.37424755096435547
2 fine 0 d_out 4.4681969615699974e+30 d_in 8.536146120139208e+31 1e-09 2.6241228580474854
2 ------- seq update -------- 338.937828540802
recv...
0 fine 7 d_out 7.662804911823802e+40 d_in 1.4616950755545996e+42 1e-09 3.3629281520843506
4 fine 0 d_out 5.955416719107228e+16 d_in 1.0001442010176234e+18 1e-09 2.6751387119293213
4 ------- seq update -------- 339.40738463401794
coarse1 3 2 c_kp1 5.728348950957608e+21 c_k 5.728343207356204e+21 f_k 5.728346282815349e+21 y_k 5.728342002627819e+21 1e-05 0.3841440677642822
coarse1 3 1 c_kp1 1.025459904429206e+23 c_k 1.0254599170723515e+23 f_k 1.0254602321553517e+23 y_k 1.0254597349660103e+23 1e-05 0.3813018798828125
coarse1 4 3 c_kp1 210518039592593.16 c_k 210515020188279.53 f_k 210515367797811.78 y_k 210515334302789.1 1e-05 0.3947763442993164
0 fine 6 d_out 1.4616950755545996e+42 d_in 2.779697404318432e+43 1e-09 3.3175086975097656
coarse1 3 0 c_kp1 1.9273632856239964e+24 c_k 1.9273633794780717e+24 f_k 1.9273638145561706e+24 y_k 1.9273631500647762e+24 1e-05 0.3841972351074219
3 coarse sent  1.9273638145561706e+24 (342711,)
2 recv! 1.9273638145561706e+24
3 ----------parallel -------- 344.62566614151
coarse1 4 2 c_kp1 3439170423048517.0 c_k 3439161954895761.0 f_k 3439174809665074.5 y_k 3439174294379087.5 1e-05 0.36527371406555176
0 fine 5 d_out 2.779697404318432e+43 d_in 5.300204254050276e+44 1e-09 3.282557725906372
coarse1 2 5 c_kp1 3.5310939657556046e+25 c_k 3.5310883620201996e+25 f_k 3.5310933770351044e+25 y_k 3.5310892412344937e+25 1e-05 0.37174224853515625
3 fine 4 d_out 1.0001440771571546e+18 d_in 1.790480261093527e+19 1e-09 3.515493392944336
coarse1 4 1 c_kp1 5.955400236843467e+16 c_k 5.9553813826181416e+16 f_k 5.955416719107228e+16 y_k 5.9554159054417544e+16 1e-05 0.3754396438598633
0 fine 4 d_out 5.300204254050276e+44 d_in 1.0084580701007715e+46 1e-09 3.335679769515991
coarse1 2 4 c_kp1 6.706583160088849e+26 c_k 6.706582562671385e+26 f_k 6.706594150419579e+26 y_k 6.706586232278616e+26 1e-05 0.3724057674407959
coarse1 4 0 c_kp1 1.0001395314663391e+18 c_k 1.0001349144417093e+18 f_k 1.0001442010176234e+18 y_k 1.0001440771571546e+18 1e-05 0.3660097122192383
3 fine 3 d_out 1.790480261093527e+19 d_in 3.108131610980409e+20 1e-09 3.2875068187713623
coarse1 2 3 c_kp1 1.247490081368606e+28 c_k 1.2474899464531644e+28 f_k 1.2474924405397265e+28 y_k 1.2474910316460867e+28 1e-05 0.3720858097076416
0 fine 3 d_out 1.0084580701007715e+46 d_in 1.922298643500533e+47 1e-09 3.2831482887268066
3 fine 2 d_out 3.108131610980409e+20 d_in 5.728367196434258e+21 1e-09 2.815206289291382
coarse1 2 2 c_kp1 2.3799868682923935e+29 c_k 2.379986584711714e+29 f_k 2.379992141320558e+29 y_k 2.379989478201067e+29 1e-05 0.3702411651611328
0 fine 2 d_out 1.922298643500533e+47 d_in 3.6587653586091466e+48 1e-09 3.1531548500061035
coarse1 2 1 c_kp1 4.4681855239416756e+30 c_k 4.4681861281194597e+30 f_k 4.4681969615699974e+30 y_k 4.468192108975958e+30 1e-05 0.39150023460388184
3 fine 1 d_out 5.728367196434258e+21 d_in 1.0254622197380018e+23 1e-09 2.688013792037964
0 fine 1 d_out 3.6587653586091466e+48 d_in 6.972691129721324e+49 1e-09 3.186718225479126
coarse1 2 0 c_kp1 8.536123824217609e+31 c_k 8.5361229457624e+31 f_k 8.536146120139208e+31 y_k 8.536136868101593e+31 1e-05 0.37309861183166504
3 fine 0 d_out 1.0254622197380018e+23 d_in 1.9273657895289812e+24 1e-09 2.6909658908843994
3 ------- seq update -------- 359.6232786178589
recv...
3 recv! 1.0001442010176234e+18
4 coarse sent  1.0001442010176234e+18 (342711,)
4 ----------parallel -------- 359.72827196121216
4 fine 3 d_out 12522151913451.484 d_in 210515367797811.78 1e-09 0.36754560470581055
4 fine 2 d_out 210515367797811.78 d_in 3439174809665074.5 1e-09 0.3568723201751709
4 fine 1 d_out 3439174809665074.5 d_in 5.955416719107228e+16 1e-09 0.3660893440246582
4 fine 0 d_out 5.955416719107228e+16 d_in 1.0001442010176234e+18 1e-09 0.3574025630950928
4 ------- seq update -------- 361.1765229701996
4 skipping!
4 ----------parallel -------- 361.1779844760895
4 fine 3 d_out 12522151913451.484 d_in 210515367797811.78 1e-09 0.35729002952575684
4 fine 2 d_out 210515367797811.78 d_in 3439174809665074.5 1e-09 0.36089110374450684
coarse1 3 4 c_kp1 1.7904805662540499e+19 c_k 1.7904800025109887e+19 f_k 1.790480261093527e+19 y_k 1.7904818430574772e+19 1e-05 0.385866641998291
0 fine 0 d_out 6.972691129721324e+49 d_in 1.3274360844588434e+51 1e-09 3.2257449626922607
0 ------- seq update -------- 361.78618717193604
recv...
0 recv! 7.662824917208273e+40
1 coarse sent  7.662824917208273e+40 (342711,)
1 ----------parallel -------- 361.9057459831238
4 fine 1 d_out 3439174809665074.5 d_in 5.955416719107228e+16 1e-09 0.3705108165740967
4 fine 0 d_out 5.955416719107228e+16 d_in 1.0001442010176234e+18 1e-09 0.36444783210754395
4 ------- seq update -------- 362.63146805763245
4 skipping!
4 ----------parallel -------- 362.6329827308655
4 fine 3 d_out 12522151913451.484 d_in 210515367797811.78 1e-09 0.3613579273223877
4 fine 2 d_out 210515367797811.78 d_in 3439174809665074.5 1e-09 0.36087846755981445
4 fine 1 d_out 3439174809665074.5 d_in 5.955416719107228e+16 1e-09 0.37151527404785156
4 fine 0 d_out 5.955416719107228e+16 d_in 1.0001442010176234e+18 1e-09 0.3847839832305908
4 ------- seq update -------- 364.11188077926636
4 skipping!
4 ----------parallel -------- 364.11330676078796
coarse1 0 7 c_kp1 1.461699058030761e+42 c_k 1.4616948332213374e+42 f_k 1.4616950755545996e+42 y_k 1.4616943790897538e+42 1e-05 0.3666679859161377
4 fine 3 d_out 12522151913451.484 d_in 210515367797811.78 1e-09 0.3628995418548584
4 fine 2 d_out 210515367797811.78 d_in 3439174809665074.5 1e-09 0.3672809600830078
coarse1 3 3 c_kp1 3.1081343938874435e+20 c_k 3.10811789340261e+20 f_k 3.108131610980409e+20 y_k 3.108120442148688e+20 1e-05 0.408369779586792
4 fine 1 d_out 3439174809665074.5 d_in 5.955416719107228e+16 1e-09 0.3764481544494629
1 fine 6 d_out 8.536136868101593e+31 d_in 1.611434749165927e+33 1e-09 3.060877799987793
4 fine 0 d_out 5.955416719107228e+16 d_in 1.0001442010176234e+18 1e-09 0.3670639991760254
4 ------- seq update -------- 365.58733773231506
4 skipping!
coarse1 0 6 c_kp1 2.779696156631009e+43 c_k 2.7796969813775284e+43 f_k 2.779697404318432e+43 y_k 2.7796950939978027e+43 1e-05 0.3605513572692871
coarse1 3 2 c_kp1 5.728348949831981e+21 c_k 5.728343207356204e+21 f_k 5.728367196434258e+21 y_k 5.728346282815349e+21 1e-05 0.3828396797180176
1 fine 5 d_out 1.611434749165927e+33 d_in 3.0785398936959206e+34 1e-09 2.8451874256134033
coarse1 0 5 c_kp1 5.300202584059136e+44 c_k 5.300202612737209e+44 f_k 5.300204254050276e+44 y_k 5.3001977464605135e+44 1e-05 0.3597393035888672
coarse1 3 1 c_kp1 1.0254599044292044e+23 c_k 1.0254599170723515e+23 f_k 1.0254622197380018e+23 y_k 1.0254602321553517e+23 1e-05 0.3798096179962158
1 fine 4 d_out 3.0785398936959206e+34 d_in 5.830790280304898e+35 1e-09 2.687009572982788
coarse1 0 4 c_kp1 1.00845774244278e+46 c_k 1.0084576480253501e+46 f_k 1.0084580701007715e+46 y_k 1.0084562892987585e+46 1e-05 0.3589012622833252
coarse1 3 0 c_kp1 1.927363285623997e+24 c_k 1.9273633794780717e+24 f_k 1.9273657895289812e+24 y_k 1.9273638145561706e+24 1e-05 0.4014925956726074
1 fine 3 d_out 5.830790280304898e+35 d_in 1.1134110480907093e+37 1e-09 2.7072267532348633
coarse1 0 3 c_kp1 1.9222972275749345e+47 c_k 1.9222975721736927e+47 f_k 1.922298643500533e+47 y_k 1.922294784053295e+47 1e-05 0.3636603355407715
1 fine 2 d_out 1.1134110480907093e+37 d_in 2.1130459075846424e+38 1e-09 2.704380989074707
coarse1 0 2 c_kp1 3.6587629440161484e+48 c_k 3.658763392199042e+48 f_k 3.6587653586091466e+48 y_k 3.658757113922535e+48 1e-05 0.36121177673339844
coarse1 0 1 c_kp1 6.972685864011804e+49 c_k 6.972685835434343e+49 f_k 6.972691129721324e+49 y_k 6.972671967684519e+49 1e-05 0.3826744556427002
1 fine 1 d_out 2.1130459075846424e+38 d_in 4.032689783857171e+39 1e-09 2.693523406982422
coarse1 0 0 c_kp1 1.3274348994766716e+51 c_k 1.3274352456903117e+51 f_k 1.3274360844588434e+51 y_k 1.3274322279379874e+51 1e-05 0.3613729476928711
0 ----------parallel -------- 380.6787385940552
1 fine 0 d_out 4.032689783857171e+39 d_in 7.662848982430802e+40 1e-09 2.5767037868499756
1 ------- seq update -------- 381.1812479496002
recv...
1 recv! 8.536146120139208e+31
2 coarse sent  8.536146120139208e+31 (342711,)
2 ----------parallel -------- 381.2422652244568
coarse1 1 6 c_kp1 1.611436464221294e+33 c_k 1.6114295678585857e+33 f_k 1.611434749165927e+33 y_k 1.611429729903939e+33 1e-05 0.3656003475189209
0 fine 7 d_out 7.662824917208273e+40 d_in 1.4616990576805738e+42 1e-09 2.9424827098846436
coarse1 1 5 c_kp1 3.078529376531614e+34 c_k 3.078529612942961e+34 f_k 3.0785398936959206e+34 y_k 3.0785302475368334e+34 1e-05 0.3873295783996582
0 fine 6 d_out 1.4616990576805738e+42 d_in 2.7797049387058764e+43 1e-09 2.860574960708618
2 fine 5 d_out 1.9273638145561706e+24 d_in 3.531093954840563e+25 1e-09 6.9580113887786865
coarse1 1 4 c_kp1 5.830770436135568e+35 c_k 5.830770266701525e+35 f_k 5.830790280304898e+35 y_k 5.8307719811731356e+35 1e-05 0.3692193031311035
0 fine 5 d_out 2.7797049387058764e+43 d_in 5.3002187413626024e+44 1e-09 2.676039695739746
coarse1 1 3 c_kp1 1.1134071246874677e+37 c_k 1.1134069995412091e+37 f_k 1.1134110480907093e+37 y_k 1.1134075528990981e+37 1e-05 0.3660609722137451
2 fine 4 d_out 3.531093954840563e+25 d_in 6.706594803729996e+26 1e-09 2.5639429092407227
0 fine 4 d_out 5.3002187413626024e+44 d_in 1.0084608061466194e+46 1e-09 2.5286083221435547
coarse1 1 2 c_kp1 2.113037828723016e+38 c_k 2.1130381724961622e+38 f_k 2.1130459075846424e+38 y_k 2.1130392722592883e+38 1e-05 0.3655576705932617
2 fine 3 d_out 6.706594803729996e+26 d_in 1.247492420903596e+28 1e-09 2.574671745300293
0 fine 3 d_out 1.0084608061466194e+46 d_in 1.9223038850731573e+47 1e-09 2.5291550159454346
coarse1 1 1 c_kp1 4.032674290469981e+39 c_k 4.032673826924947e+39 f_k 4.032689783857171e+39 y_k 4.0326771213003236e+39 1e-05 0.3650929927825928
2 fine 2 d_out 1.247492420903596e+28 d_in 2.379992046001979e+29 1e-09 2.618908166885376
0 fine 2 d_out 1.9223038850731573e+47 d_in 3.6587752833244884e+48 1e-09 2.6092822551727295
coarse1 1 0 c_kp1 7.662817426089688e+40 c_k 7.66281627293615e+40 f_k 7.662848982430802e+40 y_k 7.662824917208273e+40 1e-05 0.3666117191314697
2 fine 1 d_out 2.379992046001979e+29 d_in 4.468196479859778e+30 1e-09 2.561002731323242
0 fine 1 d_out 3.6587752833244884e+48 d_in 6.972710111485608e+49 1e-09 2.5753440856933594
2 fine 0 d_out 4.468196479859778e+30 d_in 8.536145160366942e+31 1e-09 2.5666935443878174
2 ------- seq update -------- 401.0859990119934
recv...
2 recv! 1.9273657895289812e+24
3 coarse sent  1.9273657895289812e+24 (342711,)
3 ----------parallel -------- 401.20391631126404
0 fine 0 d_out 6.972710111485608e+49 d_in 1.3274396854957359e+51 1e-09 2.5282557010650635
0 ------- seq update -------- 401.9291367530823
recv...
0 recv! 7.662848982430802e+40
1 coarse sent  7.662848982430802e+40 (342711,)
1 ----------parallel -------- 402.0482575893402
3 fine 4 d_out 1.0001442010176234e+18 d_in 1.790480459285457e+19 1e-09 2.644773006439209
1 fine 6 d_out 8.536146120139208e+31 d_in 1.6114364639766646e+33 1e-09 2.5788707733154297
coarse1 2 5 c_kp1 3.5310934059116835e+25 c_k 3.531088362182258e+25 f_k 3.531093954840563e+25 y_k 3.531093377197173e+25 1e-05 2.010887384414673
coarse1 0 7 c_kp1 1.4617036489507043e+42 c_k 1.4616948332213374e+42 f_k 1.4616990576805738e+42 y_k 1.4616950755545996e+42 1e-05 1.779275894165039
3 fine 3 d_out 1.790480459285457e+19 d_in 3.1081319131773266e+20 1e-09 2.5966227054595947
1 fine 5 d_out 1.6114364639766646e+33 d_in 3.078543174514079e+34 1e-09 2.529015064239502
coarse1 2 4 c_kp1 6.706587873168344e+26 c_k 6.706582562671385e+26 f_k 6.706594803729996e+26 y_k 6.706594150419579e+26 1e-05 0.37409234046936035
coarse1 0 6 c_kp1 2.7796965399937816e+43 c_k 2.7796969813775284e+43 f_k 2.7797049387058764e+43 y_k 2.779697404318432e+43 1e-05 0.3674354553222656
3 fine 2 d_out 3.1081319131773266e+20 d_in 5.728367696140953e+21 1e-09 2.551149845123291
1 fine 4 d_out 3.078543174514079e+34 d_in 5.8307964249895305e+35 1e-09 2.5324172973632812
coarse1 2 3 c_kp1 1.2474900813686061e+28 c_k 1.2474899464531644e+28 f_k 1.247492420903596e+28 y_k 1.2474924405397265e+28 1e-05 0.37369775772094727
coarse1 0 5 c_kp1 5.3002025840591285e+44 c_k 5.300202612737209e+44 f_k 5.3002187413626024e+44 y_k 5.300204254050276e+44 1e-05 0.36821436882019043
3 fine 1 d_out 5.728367696140953e+21 d_in 1.025462297794667e+23 1e-09 2.5512678623199463
1 fine 3 d_out 5.8307964249895305e+35 d_in 1.1134122243512283e+37 1e-09 2.5321404933929443
coarse1 2 2 c_kp1 2.3799868682923776e+29 c_k 2.379986584711714e+29 f_k 2.379992046001979e+29 y_k 2.379992141320558e+29 1e-05 0.376112699508667
coarse1 0 4 c_kp1 1.0084577424427853e+46 c_k 1.0084576480253501e+46 f_k 1.0084608061466194e+46 y_k 1.0084580701007715e+46 1e-05 0.3667736053466797
3 fine 0 d_out 1.025462297794667e+23 d_in 1.927365924699553e+24 1e-09 2.652083396911621
3 ------- seq update -------- 414.2002499103546
1 fine 2 d_out 1.1134122243512283e+37 d_in 2.1130481245025232e+38 1e-09 2.531062364578247
coarse1 0 3 c_kp1 1.922297227575007e+47 c_k 1.9222975721736927e+47 f_k 1.9223038850731573e+47 y_k 1.922298643500533e+47 1e-05 0.36664915084838867
coarse1 2 1 c_kp1 4.4681855239416716e+30 c_k 4.4681861281194597e+30 f_k 4.468196479859778e+30 y_k 4.4681969615699974e+30 1e-05 0.3777599334716797
coarse1 3 4 c_kp1 1.7904805662540499e+19 c_k 1.7904800025109887e+19 f_k 1.790480459285457e+19 y_k 1.790480261093527e+19 1e-05 0.38277316093444824
1 fine 1 d_out 2.1130481245025232e+38 d_in 4.032694025051773e+39 1e-09 2.481297731399536
coarse1 0 2 c_kp1 3.6587629440163405e+48 c_k 3.6587633921990425e+48 f_k 3.6587752833244884e+48 y_k 3.6587653586091466e+48 1e-05 0.36229467391967773
coarse1 2 0 c_kp1 8.536123824217616e+31 c_k 8.5361229457624e+31 f_k 8.536145160366942e+31 y_k 8.536146120139208e+31 1e-05 0.3774263858795166
coarse1 3 3 c_kp1 3.108134393886964e+20 c_k 3.1081178933999134e+20 f_k 3.1081319131773266e+20 y_k 3.108131610977712e+20 1e-05 0.3806941509246826
coarse1 0 1 c_kp1 6.972685864011764e+49 c_k 6.972685835434343e+49 f_k 6.972710111485608e+49 y_k 6.972691129721325e+49 1e-05 0.3655276298522949
1 fine 0 d_out 4.032694025051773e+39 d_in 7.662857005822645e+40 1e-09 2.594202756881714
1 ------- seq update -------- 419.82783126831055
recv...
1 recv! 8.536145160366942e+31
2 coarse sent  8.536145160366942e+31 (342711,)
2 ----------parallel -------- 419.88877296447754
coarse1 3 2 c_kp1 5.728348949831998e+21 c_k 5.728343207356204e+21 f_k 5.728367696140953e+21 y_k 5.728367196434258e+21 1e-05 0.38133692741394043
coarse1 0 0 c_kp1 1.3274348994766707e+51 c_k 1.3274352456903117e+51 f_k 1.3274396854957359e+51 y_k 1.3274360844588434e+51 1e-05 0.38907289505004883
coarse1 1 6 c_kp1 1.6114362165994218e+33 c_k 1.6114295678585857e+33 f_k 1.6114364639766646e+33 y_k 1.611434749165927e+33 1e-05 0.3740103244781494
0 ----------parallel -------- 421.9513614177704
2 fine 5 d_out 1.9273657895289812e+24 d_in 3.5310933961390953e+25 1e-09 3.4143879413604736
coarse1 3 1 c_kp1 1.0254599044292081e+23 c_k 1.0254599170723515e+23 f_k 1.025462297794667e+23 y_k 1.0254622197380018e+23 1e-05 0.38263702392578125
coarse1 1 5 c_kp1 3.078529376531603e+34 c_k 3.078529612942961e+34 f_k 3.078543174514079e+34 y_k 3.0785398936959206e+34 1e-05 0.3760249614715576
0 fine 7 d_out 7.662848982430802e+40 d_in 1.4617036478439203e+42 1e-09 3.1031227111816406
2 fine 4 d_out 3.5310933961390953e+25 d_in 6.706590844258259e+26 1e-09 2.6218864917755127
coarse1 3 0 c_kp1 1.927363285623998e+24 c_k 1.9273633794780717e+24 f_k 1.927365924699553e+24 y_k 1.9273657895289812e+24 1e-05 0.3893303871154785
coarse1 1 4 c_kp1 5.830770436135564e+35 c_k 5.830770266701525e+35 f_k 5.8307964249895305e+35 y_k 5.830790280304898e+35 1e-05 0.37402892112731934
0 fine 6 d_out 1.4617036478439203e+42 d_in 2.779713668765079e+43 1e-09 2.4811344146728516
2 fine 3 d_out 6.706590844258259e+26 d_in 1.2474907627660067e+28 1e-09 2.6666786670684814
coarse1 1 3 c_kp1 1.1134071246874686e+37 c_k 1.1134069995412091e+37 f_k 1.1134122243512283e+37 y_k 1.1134110480907093e+37 1e-05 0.3674304485321045
0 fine 5 d_out 2.779713668765079e+43 d_in 5.300235386603774e+44 1e-09 2.486846923828125
2 fine 2 d_out 1.2474907627660067e+28 d_in 2.37998850552431e+29 1e-09 2.6011080741882324
coarse1 1 2 c_kp1 2.1130378287230154e+38 c_k 2.1130381724961622e+38 f_k 2.1130481245025232e+38 y_k 2.1130459075846424e+38 1e-05 0.388995885848999
0 fine 4 d_out 5.300235386603774e+44 d_in 1.0084639734358543e+46 1e-09 2.540332555770874
2 fine 1 d_out 2.37998850552431e+29 d_in 4.468187857122581e+30 1e-09 2.5998260974884033
coarse1 1 1 c_kp1 4.0326742904699784e+39 c_k 4.032673826924947e+39 f_k 4.032694025051773e+39 y_k 4.032689783857171e+39 1e-05 0.3715977668762207
0 fine 3 d_out 1.0084639734358543e+46 d_in 1.9223099222621545e+47 1e-09 2.586909532546997
2 fine 0 d_out 4.468187857122581e+30 d_in 8.536128432266796e+31 1e-09 2.6066701412200928
2 ------- seq update -------- 436.39986515045166
recv...
3 coarse sent  1.927365924699553e+24 (342711,)
2 recv! 1.927365924699553e+24
3 ----------parallel -------- 436.5161156654358
coarse1 1 0 c_kp1 7.662817426089689e+40 c_k 7.66281627293615e+40 f_k 7.662857005822645e+40 y_k 7.662848982430802e+40 1e-05 0.3786602020263672
3 fine 4 d_out 1.0001442010176234e+18 d_in 1.790480459285457e+19 1e-09 0.39450860023498535
3 fine 3 d_out 1.790480459285457e+19 d_in 3.1081319131773266e+20 1e-09 0.4129679203033447
0 fine 2 d_out 1.9223099222621545e+47 d_in 3.658786774658633e+48 1e-09 2.4597318172454834
3 fine 2 d_out 3.1081319131773266e+20 d_in 5.728367696140953e+21 1e-09 1.0143418312072754
3 fine 1 d_out 5.728367696140953e+21 d_in 1.025462297794667e+23 1e-09 0.38183093070983887
coarse1 2 5 c_kp1 3.531093624733065e+25 c_k 3.5310920469287376e+25 f_k 3.5310933961390953e+25 y_k 3.5310976396042e+25 1e-05 0.36957859992980957
3 fine 0 d_out 1.025462297794667e+23 d_in 1.927365924699553e+24 1e-09 1.3843767642974854
3 ------- seq update -------- 440.10457730293274
3 skipping!
3 ----------parallel -------- 440.1060390472412
0 fine 1 d_out 3.658786774658633e+48 d_in 6.972732010443373e+49 1e-09 2.42924427986145
3 fine 4 d_out 1.0001442010176234e+18 d_in 1.790480459285457e+19 1e-09 0.38303279876708984
3 fine 3 d_out 1.790480459285457e+19 d_in 3.1081319131773266e+20 1e-09 0.40921902656555176
coarse1 2 4 c_kp1 6.706587873169754e+26 c_k 6.706582562671385e+26 f_k 6.706590844258259e+26 y_k 6.706594803729996e+26 1e-05 0.37021565437316895
3 fine 2 d_out 3.1081319131773266e+20 d_in 5.728367696140953e+21 1e-09 1.0147285461425781
3 fine 1 d_out 5.728367696140953e+21 d_in 1.025462297794667e+23 1e-09 0.380312442779541
0 fine 0 d_out 6.972732010443373e+49 d_in 1.3274438546294834e+51 1e-09 2.5364956855773926
0 ------- seq update -------- 442.57579708099365
recv...
0 recv! 7.662857005822645e+40
1 coarse sent  7.662857005822645e+40 (342711,)
1 ----------parallel -------- 442.69492053985596
3 fine 0 d_out 1.025462297794667e+23 d_in 1.927365924699553e+24 1e-09 1.380873203277588
3 ------- seq update -------- 443.6746611595154
3 skipping!
3 ----------parallel -------- 443.67613077163696
coarse1 2 3 c_kp1 1.2474900813686072e+28 c_k 1.2474899464531644e+28 f_k 1.2474907627660067e+28 y_k 1.247492420903596e+28 1e-05 0.3923637866973877
3 fine 4 d_out 1.0001442010176234e+18 d_in 1.790480459285457e+19 1e-09 0.382169246673584
3 fine 3 d_out 1.790480459285457e+19 d_in 3.1081319131773266e+20 1e-09 0.4062788486480713
coarse1 0 7 c_kp1 1.4617051813201962e+42 c_k 1.4616950390350812e+42 f_k 1.4617036478439203e+42 y_k 1.46169926349449e+42 1e-05 0.37435173988342285
3 fine 2 d_out 3.1081319131773266e+20 d_in 5.728367696140953e+21 1e-09 1.018428087234497
1 fine 6 d_out 8.536145160366942e+31 d_in 1.611436217836853e+33 1e-09 2.6433823108673096
3 fine 1 d_out 5.728367696140953e+21 d_in 1.025462297794667e+23 1e-09 0.38651609420776367
coarse1 2 2 c_kp1 2.3799868682923854e+29 c_k 2.379986584711714e+29 f_k 2.37998850552431e+29 y_k 2.379992046001979e+29 1e-05 0.39350199699401855
3 fine 0 d_out 1.025462297794667e+23 d_in 1.927365924699553e+24 1e-09 1.3829994201660156
3 ------- seq update -------- 447.2529513835907
3 skipping!
coarse1 0 6 c_kp1 2.7796965849346346e+43 c_k 2.7796969813775284e+43 f_k 2.779713668765079e+43 y_k 2.7797049387058764e+43 1e-05 0.3600919246673584
1 fine 5 d_out 1.611436217836853e+33 d_in 3.078542713797518e+34 1e-09 2.5961573123931885
coarse1 2 1 c_kp1 4.4681855239416694e+30 c_k 4.4681861281194597e+30 f_k 4.468187857122581e+30 y_k 4.468196479859778e+30 1e-05 0.36886048316955566
coarse1 0 5 c_kp1 5.300202584059274e+44 c_k 5.300202612737209e+44 f_k 5.300235386603774e+44 y_k 5.3002187413626024e+44 1e-05 0.35924386978149414
1 fine 4 d_out 3.078542713797518e+34 d_in 5.8307954106907506e+35 1e-09 2.591022491455078
coarse1 2 0 c_kp1 8.536123824217605e+31 c_k 8.5361229457624e+31 f_k 8.536128432266796e+31 y_k 8.536145160366942e+31 1e-05 0.3722808361053467
coarse1 0 4 c_kp1 1.0084577424427876e+46 c_k 1.0084576480253501e+46 f_k 1.0084639734358543e+46 y_k 1.0084608061466194e+46 1e-05 0.3588283061981201
1 fine 3 d_out 5.8307954106907506e+35 d_in 1.1134120365219736e+37 1e-09 2.5904135704040527
coarse1 0 3 c_kp1 1.9222972275749053e+47 c_k 1.9222975721736927e+47 f_k 1.9223099222621545e+47 y_k 1.9223038850731573e+47 1e-05 0.3593575954437256
1 fine 2 d_out 1.1134120365219736e+37 d_in 2.113047736374588e+38 1e-09 2.579573631286621
coarse1 0 2 c_kp1 3.658762944016244e+48 c_k 3.6587633921990425e+48 f_k 3.658786774658633e+48 y_k 3.6587752833244884e+48 1e-05 0.35853075981140137
1 fine 1 d_out 2.113047736374588e+38 d_in 4.032693305121858e+39 1e-09 2.6898891925811768
coarse1 0 1 c_kp1 6.972685864011571e+49 c_k 6.972685835434343e+49 f_k 6.972732010443373e+49 y_k 6.972710111485608e+49 1e-05 0.36154985427856445
1 fine 0 d_out 4.032693305121858e+39 d_in 7.662855565848419e+40 1e-09 2.5286996364593506
1 ------- seq update -------- 460.91465759277344
recv...
1 recv! 8.536128432266796e+31
2 coarse sent  8.536128432266796e+31 (342711,)
2 ----------parallel -------- 460.9764611721039
coarse1 0 0 c_kp1 1.3274348994766576e+51 c_k 1.3274352456903117e+51 f_k 1.3274438546294834e+51 y_k 1.3274396854957359e+51 1e-05 0.3662858009338379
0 ----------parallel -------- 461.2924039363861
coarse1 1 6 c_kp1 1.6114326359386635e+33 c_k 1.6114295678585857e+33 f_k 1.611436217836853e+33 y_k 1.6114364639766646e+33 1e-05 0.3658125400543213
2 fine 5 d_out 1.927365924699553e+24 d_in 3.5310936166035625e+25 1e-09 2.5965991020202637
coarse1 1 5 c_kp1 3.078529376531607e+34 c_k 3.078529612942961e+34 f_k 3.078542713797518e+34 y_k 3.078543174514079e+34 1e-05 0.3663456439971924
2 fine 4 d_out 3.5310936166035625e+25 d_in 6.706591244054227e+26 1e-09 2.6625678539276123
0 fine 7 d_out 7.662857005822645e+40 d_in 1.4617051815526578e+42 1e-09 5.84584641456604
coarse1 1 4 c_kp1 5.830770436135562e+35 c_k 5.830770266701525e+35 f_k 5.8307954106907506e+35 y_k 5.8307964249895305e+35 1e-05 0.3653545379638672
2 fine 3 d_out 6.706591244054227e+26 d_in 1.2474908311146423e+28 1e-09 2.562047243118286
0 fine 6 d_out 1.4617051815526578e+42 d_in 2.77971657699351e+43 1e-09 2.5915181636810303
coarse1 1 3 c_kp1 1.113407124687469e+37 c_k 1.1134069995412091e+37 f_k 1.1134120365219736e+37 y_k 1.1134122243512283e+37 1e-05 0.3675711154937744
2 fine 2 d_out 1.2474908311146423e+28 d_in 2.3799886333533925e+29 1e-09 2.6117801666259766
0 fine 5 d_out 2.77971657699351e+43 d_in 5.300240940501082e+44 1e-09 2.6390492916107178
coarse1 1 2 c_kp1 2.1130378287230158e+38 c_k 2.1130381724961622e+38 f_k 2.113047736374588e+38 y_k 2.1130481245025232e+38 1e-05 0.36640357971191406
2 fine 1 d_out 2.3799886333533925e+29 d_in 4.468188084098594e+30 1e-09 2.467341899871826
0 fine 4 d_out 5.300240940501082e+44 d_in 1.008465028154756e+46 1e-09 2.6379554271698
coarse1 1 1 c_kp1 4.032674290470084e+39 c_k 4.032673826924947e+39 f_k 4.032693305121858e+39 y_k 4.032694025051773e+39 1e-05 0.3661923408508301
2 fine 0 d_out 4.468188084098594e+30 d_in 8.536128863768977e+31 1e-09 2.6159653663635254
2 ------- seq update -------- 476.4933018684387
coarse1 1 0 c_kp1 7.662817426089676e+40 c_k 7.66281627293615e+40 f_k 7.662855565848419e+40 y_k 7.662857005822645e+40 1e-05 0.36685919761657715
0 fine 3 d_out 1.008465028154756e+46 d_in 1.92231193504974e+47 1e-09 2.589099407196045
coarse1 2 5 c_kp1 3.531093624733065e+25 c_k 3.5310920469287376e+25 f_k 3.5310936166035625e+25 y_k 3.5310933961390953e+25 1e-05 0.39093542098999023
0 fine 2 d_out 1.92231193504974e+47 d_in 3.658790600813963e+48 1e-09 2.642160177230835
coarse1 2 4 c_kp1 6.706587873170085e+26 c_k 6.706582562671385e+26 f_k 6.706591244054227e+26 y_k 6.706590844258259e+26 1e-05 0.37074804306030273
0 fine 1 d_out 3.658790600813963e+48 d_in 6.972739308101216e+49 1e-09 2.577070713043213
coarse1 2 3 c_kp1 1.2474900813686052e+28 c_k 1.2474899464531644e+28 f_k 1.2474908311146423e+28 y_k 1.2474907627660067e+28 1e-05 0.3693544864654541
0 fine 0 d_out 6.972739308101216e+49 d_in 1.3274452427979679e+51 1e-09 2.5312066078186035
0 ------- seq update -------- 485.34691858291626
recv...
0 recv! 7.662855565848419e+40
1 coarse sent  7.662855565848419e+40 (342711,)
1 ----------parallel -------- 485.4668142795563
coarse1 2 2 c_kp1 2.3799868682923864e+29 c_k 2.379986584711714e+29 f_k 2.3799886333533925e+29 y_k 2.37998850552431e+29 1e-05 0.37027907371520996
coarse1 0 7 c_kp1 1.461704913228757e+42 c_k 1.4616950515263317e+42 f_k 1.4617051815526578e+42 y_k 1.461703660335174e+42 1e-05 0.35977602005004883
1 fine 6 d_out 8.536128432266796e+31 d_in 1.611432636139642e+33 1e-09 2.534125804901123
coarse1 2 1 c_kp1 4.468185523941671e+30 c_k 4.4681861281194597e+30 f_k 4.468188084098594e+30 y_k 4.468187857122581e+30 1e-05 0.3693349361419678
coarse1 0 6 c_kp1 2.7796965849346346e+43 c_k 2.7796969813775284e+43 f_k 2.77971657699351e+43 y_k 2.779713668765079e+43 1e-05 0.3582601547241211
1 fine 5 d_out 1.611432636139642e+33 d_in 3.0785359342322796e+34 1e-09 2.580439567565918
coarse1 2 0 c_kp1 8.536123824217614e+31 c_k 8.5361229457624e+31 f_k 8.536128863768977e+31 y_k 8.536128432266796e+31 1e-05 0.3739309310913086
coarse1 0 5 c_kp1 5.300202584059179e+44 c_k 5.300202612737209e+44 f_k 5.300240940501082e+44 y_k 5.300235386603774e+44 1e-05 0.3594844341278076
1 fine 4 d_out 3.0785359342322796e+34 d_in 5.8307816459108854e+35 1e-09 2.6356699466705322
coarse1 0 4 c_kp1 1.0084577424427865e+46 c_k 1.0084576480253501e+46 f_k 1.008465028154756e+46 y_k 1.0084639734358543e+46 1e-05 0.3591885566711426
1 fine 3 d_out 5.8307816459108854e+35 d_in 1.1134094465476123e+37 1e-09 2.5052578449249268
coarse1 0 3 c_kp1 1.9222972275749824e+47 c_k 1.9222975721736927e+47 f_k 1.92231193504974e+47 y_k 1.9223099222621545e+47 1e-05 0.3594961166381836
1 fine 2 d_out 1.1134094465476123e+37 d_in 2.113042614916576e+38 1e-09 2.5895700454711914
coarse1 0 2 c_kp1 3.658762944016184e+48 c_k 3.6587633921990425e+48 f_k 3.658790600813963e+48 y_k 3.658786774658633e+48 1e-05 0.3817729949951172
1 fine 1 d_out 2.113042614916576e+38 d_in 4.0326836674440676e+39 1e-09 2.633166551589966
coarse1 0 1 c_kp1 6.972685864011581e+49 c_k 6.972685835434343e+49 f_k 6.972739308101216e+49 y_k 6.972732010443373e+49 1e-05 0.35930895805358887
1 fine 0 d_out 4.0326836674440676e+39 d_in 7.662836780756339e+40 1e-09 2.5891051292419434
1 ------- seq update -------- 503.5347046852112
recv...
1 recv! 8.536128863768977e+31
2 coarse sent  8.536128863768977e+31 (342711,)
2 ----------parallel -------- 503.5961444377899
2 fine 5 d_out 1.927365924699553e+24 d_in 3.5310936166035625e+25 1e-09 0.38611936569213867
coarse1 0 0 c_kp1 1.327434899476676e+51 c_k 1.3274352456903117e+51 f_k 1.3274452427979679e+51 y_k 1.3274438546294834e+51 1e-05 0.36727142333984375
0 ----------parallel -------- 504.007043838501
2 fine 4 d_out 3.5310936166035625e+25 d_in 6.706591244054227e+26 1e-09 0.744304895401001
2 fine 3 d_out 6.706591244054227e+26 d_in 1.2474908311146423e+28 1e-09 0.3734612464904785
coarse1 1 6 c_kp1 1.6114327137547874e+33 c_k 1.6114295678585857e+33 f_k 1.611432636139642e+33 y_k 1.611436217836853e+33 1e-05 0.36719536781311035
2 fine 2 d_out 1.2474908311146423e+28 d_in 2.3799886333533925e+29 1e-09 1.082118272781372
2 fine 1 d_out 2.3799886333533925e+29 d_in 4.468188084098594e+30 1e-09 0.3658602237701416
0 fine 7 d_out 7.662855565848419e+40 d_in 1.461704913087934e+42 1e-09 2.5889296531677246
2 fine 0 d_out 4.468188084098594e+30 d_in 8.536128863768977e+31 1e-09 0.6314342021942139
2 ------- seq update -------- 507.1799192428589
2 skipping!
2 ----------parallel -------- 507.18171763420105
2 fine 5 d_out 1.927365924699553e+24 d_in 3.5310936166035625e+25 1e-09 0.3659224510192871
2 fine 4 d_out 3.5310936166035625e+25 d_in 6.706591244054227e+26 1e-09 0.727954626083374
coarse1 1 5 c_kp1 3.0785293765316063e+34 c_k 3.078529612942961e+34 f_k 3.0785359342322796e+34 y_k 3.078542713797518e+34 1e-05 0.38793516159057617
2 fine 3 d_out 6.706591244054227e+26 d_in 1.2474908311146423e+28 1e-09 0.3720991611480713
0 fine 6 d_out 1.461704913087934e+42 d_in 2.7797160496961824e+43 1e-09 2.6295957565307617
2 fine 2 d_out 1.2474908311146423e+28 d_in 2.3799886333533925e+29 1e-09 1.0763442516326904
2 fine 1 d_out 2.3799886333533925e+29 d_in 4.468188084098594e+30 1e-09 0.36582469940185547
coarse1 1 4 c_kp1 5.830770436135566e+35 c_k 5.830770266701525e+35 f_k 5.8307816459108854e+35 y_k 5.8307954106907506e+35 1e-05 0.3675680160522461
2 fine 0 d_out 4.468188084098594e+30 d_in 8.536128863768977e+31 1e-09 0.6305320262908936
2 ------- seq update -------- 510.7208890914917
2 skipping!
0 fine 5 d_out 2.7797160496961824e+43 d_in 5.300239953058064e+44 1e-09 2.5778603553771973
coarse1 1 3 c_kp1 1.1134071246874672e+37 c_k 1.1134069995412091e+37 f_k 1.1134094465476123e+37 y_k 1.1134120365219736e+37 1e-05 0.36706089973449707
0 fine 4 d_out 5.300239953058064e+44 d_in 1.00846483629207e+46 1e-09 2.5741002559661865
coarse1 1 2 c_kp1 2.1130378287230146e+38 c_k 2.1130381724961622e+38 f_k 2.113042614916576e+38 y_k 2.113047736374588e+38 1e-05 0.36707472801208496
0 fine 3 d_out 1.00846483629207e+46 d_in 1.922311574203135e+47 1e-09 2.5750153064727783
coarse1 1 1 c_kp1 4.0326742904700395e+39 c_k 4.032673826924947e+39 f_k 4.0326836674440676e+39 y_k 4.032693305121858e+39 1e-05 0.3661305904388428
0 fine 2 d_out 1.922311574203135e+47 d_in 3.658789904441452e+48 1e-09 2.5890145301818848
coarse1 1 0 c_kp1 7.662817426089693e+40 c_k 7.66281627293615e+40 f_k 7.662836780756339e+40 y_k 7.662855565848419e+40 1e-05 0.36658430099487305
0 fine 1 d_out 3.658789904441452e+48 d_in 6.972737993951762e+49 1e-09 2.6346423625946045
0 fine 0 d_out 6.972737993951762e+49 d_in 1.3274449902108618e+51 1e-09 2.4913110733032227
0 ------- seq update -------- 524.6681582927704
recv...
0 recv! 7.662836780756339e+40
1 coarse sent  7.662836780756339e+40 (342711,)
1 ----------parallel -------- 524.7875773906708
coarse1 0 7 c_kp1 1.461701370819458e+42 c_k 1.4616950515263317e+42 f_k 1.461704913087934e+42 y_k 1.4617051815526578e+42 1e-05 0.3595428466796875
1 fine 6 d_out 8.536128863768977e+31 d_in 1.611432714748319e+33 1e-09 2.6322450637817383
coarse1 0 6 c_kp1 2.779696584934639e+43 c_k 2.7796969813775284e+43 f_k 2.7797160496961824e+43 y_k 2.77971657699351e+43 1e-05 0.37355756759643555
1 fine 5 d_out 1.611432714748319e+33 d_in 3.078536084599298e+34 1e-09 2.626361131668091
coarse1 0 5 c_kp1 5.300202584059283e+44 c_k 5.300202612737209e+44 f_k 5.300239953058064e+44 y_k 5.300240940501082e+44 1e-05 0.361081600189209
1 fine 4 d_out 3.078536084599298e+34 d_in 5.830781924492728e+35 1e-09 2.5768208503723145
coarse1 0 4 c_kp1 1.0084577424427903e+46 c_k 1.0084576480253501e+46 f_k 1.00846483629207e+46 y_k 1.008465028154756e+46 1e-05 0.3618130683898926
1 fine 3 d_out 5.830781924492728e+35 d_in 1.1134094999424127e+37 1e-09 2.5924854278564453
coarse1 0 3 c_kp1 1.9222972275749446e+47 c_k 1.9222975721736927e+47 f_k 1.922311574203135e+47 y_k 1.92231193504974e+47 1e-05 0.36139893531799316
1 fine 2 d_out 1.1134094999424127e+37 d_in 2.1130427147922633e+38 1e-09 2.6111981868743896
coarse1 0 2 c_kp1 3.6587629440161744e+48 c_k 3.6587633921990425e+48 f_k 3.658789904441452e+48 y_k 3.658790600813963e+48 1e-05 0.3606901168823242
1 fine 1 d_out 2.1130427147922633e+38 d_in 4.0326838587784764e+39 1e-09 2.6539270877838135
coarse1 0 1 c_kp1 6.972685864011682e+49 c_k 6.972685835434343e+49 f_k 6.972737993951762e+49 y_k 6.972739308101216e+49 1e-05 0.3608417510986328
1 fine 0 d_out 4.0326838587784764e+39 d_in 7.662837141426181e+40 1e-09 2.5402510166168213
1 ------- seq update -------- 543.0214288234711
coarse1 0 0 c_kp1 1.3274348994766729e+51 c_k 1.3274352456903117e+51 f_k 1.3274449902108618e+51 y_k 1.3274452427979679e+51 1e-05 0.38525390625
0 ----------parallel -------- 543.4768719673157
coarse1 1 6 c_kp1 1.6114327137547874e+33 c_k 1.6114295678585857e+33 f_k 1.611432714748319e+33 y_k 1.611432636139642e+33 1e-05 0.38948965072631836
0 fine 7 d_out 7.662836780756339e+40 d_in 1.461701371019504e+42 1e-09 2.5867702960968018
coarse1 1 5 c_kp1 3.0785293765316076e+34 c_k 3.078529612942961e+34 f_k 3.078536084599298e+34 y_k 3.0785359342322796e+34 1e-05 0.388120174407959
0 fine 6 d_out 1.461701371019504e+42 d_in 2.779709203427929e+43 1e-09 2.5807125568389893
coarse1 1 4 c_kp1 5.8307704361355674e+35 c_k 5.830770266701525e+35 f_k 5.830781924492728e+35 y_k 5.8307816459108854e+35 1e-05 0.36829400062561035
0 fine 5 d_out 2.779709203427929e+43 d_in 5.300227014622126e+44 1e-09 2.6247398853302
coarse1 1 3 c_kp1 1.1134071246874688e+37 c_k 1.1134069995412091e+37 f_k 1.1134094999424127e+37 y_k 1.1134094465476123e+37 1e-05 0.3667762279510498
0 fine 4 d_out 5.300227014622126e+44 d_in 1.0084623482423466e+46 1e-09 2.742609977722168
coarse1 1 2 c_kp1 2.1130378287230142e+38 c_k 2.1130381724961622e+38 f_k 2.1130427147922633e+38 y_k 2.113042614916576e+38 1e-05 0.36658692359924316
0 fine 3 d_out 1.0084623482423466e+46 d_in 1.9223068627941143e+47 1e-09 2.62479829788208
coarse1 1 1 c_kp1 4.0326742904699784e+39 c_k 4.032673826924947e+39 f_k 4.0326838587784764e+39 y_k 4.0326836674440676e+39 1e-05 0.3661222457885742
0 fine 2 d_out 1.9223068627941143e+47 d_in 3.658780873406025e+48 1e-09 2.6240999698638916
coarse1 1 0 c_kp1 7.662817426089681e+40 c_k 7.66281627293615e+40 f_k 7.662837141426181e+40 y_k 7.662836780756339e+40 1e-05 0.36816859245300293
0 fine 1 d_out 3.658780873406025e+48 d_in 6.972720865311388e+49 1e-09 2.574998378753662
0 fine 0 d_out 6.972720865311388e+49 d_in 1.3274417137990171e+51 1e-09 2.482304573059082
0 ------- seq update -------- 564.3185720443726
recv...
0 recv! 7.662837141426181e+40
1 coarse sent  7.662837141426181e+40 (342711,)
1 ----------parallel -------- 564.437775850296
1 fine 6 d_out 8.536128863768977e+31 d_in 1.611432714748319e+33 1e-09 0.3692479133605957
1 fine 5 d_out 1.611432714748319e+33 d_in 3.078536084599298e+34 1e-09 0.5903382301330566
1 fine 4 d_out 3.078536084599298e+34 d_in 5.830781924492728e+35 1e-09 0.3644142150878906
1 fine 3 d_out 5.830781924492728e+35 d_in 1.1134094999424127e+37 1e-09 0.3641242980957031
coarse1 0 7 c_kp1 1.46170144111699e+42 c_k 1.4616950515263317e+42 f_k 1.461701371019504e+42 y_k 1.461704913087934e+42 1e-05 0.36034440994262695
1 fine 2 d_out 1.1134094999424127e+37 d_in 2.1130427147922633e+38 1e-09 0.36449265480041504
1 fine 1 d_out 2.1130427147922633e+38 d_in 4.0326838587784764e+39 1e-09 0.38637542724609375
1 fine 0 d_out 4.0326838587784764e+39 d_in 7.662837141426181e+40 1e-09 0.36472320556640625
1 ------- seq update -------- 567.2420399188995
1 skipping!
coarse1 0 6 c_kp1 2.779696584934639e+43 c_k 2.7796969813775284e+43 f_k 2.779709203427929e+43 y_k 2.7797160496961824e+43 1e-05 0.35822153091430664
coarse1 0 5 c_kp1 5.3002025840590595e+44 c_k 5.300202612737209e+44 f_k 5.300227014622126e+44 y_k 5.300239953058064e+44 1e-05 0.35848188400268555
coarse1 0 4 c_kp1 1.008457742442777e+46 c_k 1.0084576480253501e+46 f_k 1.0084623482423466e+46 y_k 1.00846483629207e+46 1e-05 0.35893940925598145
coarse1 0 3 c_kp1 1.9222972275750197e+47 c_k 1.9222975721736927e+47 f_k 1.9223068627941143e+47 y_k 1.922311574203135e+47 1e-05 0.35921144485473633
coarse1 0 2 c_kp1 3.658762944016243e+48 c_k 3.6587633921990425e+48 f_k 3.658780873406025e+48 y_k 3.658789904441452e+48 1e-05 0.3609304428100586
coarse1 0 1 c_kp1 6.972685864011441e+49 c_k 6.972685835434343e+49 f_k 6.972720865311388e+49 y_k 6.972737993951762e+49 1e-05 0.36007142066955566
coarse1 0 0 c_kp1 1.3274348994766787e+51 c_k 1.3274352456903117e+51 f_k 1.3274417137990171e+51 y_k 1.3274449902108618e+51 1e-05 0.381788969039917
0 ----------parallel -------- 582.8965384960175
0 fine 7 d_out 7.662837141426181e+40 d_in 1.461701440097962e+42 1e-09 2.62431001663208
0 fine 6 d_out 1.461701440097962e+42 d_in 2.7797093341701594e+43 1e-09 2.6524834632873535
0 fine 5 d_out 2.7797093341701594e+43 d_in 5.300227264843791e+44 1e-09 2.6417171955108643
0 fine 4 d_out 5.300227264843791e+44 d_in 1.0084623957108809e+46 1e-09 2.6135048866271973
0 fine 3 d_out 1.0084623957108809e+46 d_in 1.9223069535518726e+47 1e-09 2.5930402278900146
0 fine 2 d_out 1.9223069535518726e+47 d_in 3.658781045888205e+48 1e-09 2.65549635887146
0 fine 1 d_out 3.658781045888205e+48 d_in 6.972721194779884e+49 1e-09 2.622547149658203
0 fine 0 d_out 6.972721194779884e+49 d_in 1.3274417764495985e+51 1e-09 2.583355188369751
0 ------- seq update -------- 603.8835797309875
coarse1 0 7 c_kp1 1.46170144111699e+42 c_k 1.4616950515263317e+42 f_k 1.461701440097962e+42 y_k 1.461701371019504e+42 1e-05 0.36084771156311035
coarse1 0 6 c_kp1 2.7796965849346366e+43 c_k 2.7796969813775284e+43 f_k 2.7797093341701594e+43 y_k 2.779709203427929e+43 1e-05 0.36020421981811523
coarse1 0 5 c_kp1 5.300202584059114e+44 c_k 5.300202612737209e+44 f_k 5.300227264843791e+44 y_k 5.300227014622126e+44 1e-05 0.36089444160461426
coarse1 0 4 c_kp1 1.0084577424427862e+46 c_k 1.0084576480253501e+46 f_k 1.0084623957108809e+46 y_k 1.0084623482423466e+46 1e-05 0.3608849048614502
coarse1 0 3 c_kp1 1.9222972275749406e+47 c_k 1.9222975721736927e+47 f_k 1.9223069535518726e+47 y_k 1.9223068627941143e+47 1e-05 0.3593118190765381
coarse1 0 2 c_kp1 3.6587629440162386e+48 c_k 3.6587633921990425e+48 f_k 3.658781045888205e+48 y_k 3.658780873406025e+48 1e-05 0.3583805561065674
coarse1 0 1 c_kp1 6.972685864011712e+49 c_k 6.972685835434343e+49 f_k 6.972721194779884e+49 y_k 6.972720865311388e+49 1e-05 0.3597140312194824
coarse1 0 0 c_kp1 1.32743489947668e+51 c_k 1.3274352456903117e+51 f_k 1.3274417764495985e+51 y_k 1.3274417137990171e+51 1e-05 0.38079357147216797
============
1.3274417764495985e+51
============
[4.76837158e-07 2.46790586e+02 3.35636110e+02 3.80676994e+02
 4.21949684e+02 4.61290713e+02 5.04005236e+02 5.43475194e+02
 5.82894795e+02 6.22544338e+02]
[1.00000000e+00 8.28263547e-04 1.34162109e-05 4.34142244e-06
 1.61826855e-06 1.58097735e-06 2.61355610e-06 2.42212260e-06
 4.72782480e-08 7.59325757e-10]
