0 14
1 10
2 7
3 4
3 ------- seq update -------- 0.0001857280731201172
2 ------- seq update -------- 0.00042438507080078125
recv...
1 ------- seq update -------- 0.0001888275146484375
recv...
0 ------- seq update -------- 0.00019025802612304688
recv...
coarse1 3 3 c_kp1 15963197.09502591 c_k 0.0 f_k 0.0 y_k 0.0 1e-05 3.636949062347412
coarse1 3 2 c_kp1 32124565.65527738 c_k 0.0 f_k 0.0 y_k 0.0 1e-05 0.5632185935974121
coarse1 3 1 c_kp1 40744742.89202578 c_k 0.0 f_k 0.0 y_k 0.0 1e-05 0.5522162914276123
coarse1 3 0 c_kp1 43662716.86472721 c_k 0.0 f_k 0.0 y_k 0.0 1e-05 0.5372684001922607
3 coarse sent  43662716.86472721 (90711,)
2 recv! 43662716.86472721
3 ----------parallel -------- 10.652861595153809
coarse1 2 6 c_kp1 41740590.59584331 c_k 0.0 f_k 0.0 y_k 0.0 1e-05 0.5369679927825928
coarse1 2 5 c_kp1 36742586.24770227 c_k 0.0 f_k 0.0 y_k 0.0 1e-05 0.5270037651062012
coarse1 2 4 c_kp1 30412052.150787238 c_k 0.0 f_k 0.0 y_k 0.0 1e-05 0.5276081562042236
3 fine 3 d_out 0.0 d_in 15963224.88827652 1e-09 3.5781359672546387
3 fine 2 d_out 15963224.88827652 d_in 32019395.732946046 1e-09 0.6251556873321533
coarse1 2 3 c_kp1 24016364.39424929 c_k 0.0 f_k 0.0 y_k 0.0 1e-05 0.5270411968231201
coarse1 2 2 c_kp1 18300811.03951462 c_k 0.0 f_k 0.0 y_k 0.0 1e-05 0.5162961483001709
coarse1 2 1 c_kp1 13594186.34821568 c_k 0.0 f_k 0.0 y_k 0.0 1e-05 0.514531135559082
coarse1 2 0 c_kp1 9952958.716692094 c_k 0.0 f_k 0.0 y_k 0.0 1e-05 0.5210108757019043
2 coarse sent  9952958.716692094 (90711,)
1 recv! 9952958.716692094
2 ----------parallel -------- 17.947360515594482
3 fine 1 d_out 32019395.732946046 d_in 44831984.405521564 1e-09 3.16735577583313
2 fine 6 d_out 43662716.86472721 d_in 41740696.12343733 1e-09 0.5328612327575684
3 fine 0 d_out 44831984.405521564 d_in 52485170.65288479 1e-09 0.6470060348510742
3 ------- seq update -------- 18.67086172103882
coarse1 1 9 c_kp1 7278592.450017702 c_k 0.0 f_k 0.0 y_k 0.0 1e-05 0.5367081165313721
2 fine 5 d_out 41740696.12343733 d_in 36743205.127125815 1e-09 0.5519247055053711
2 fine 4 d_out 36743205.127125815 d_in 30413800.599020187 1e-09 0.5506327152252197
coarse1 1 8 c_kp1 5401755.322511803 c_k 0.0 f_k 0.0 y_k 0.0 1e-05 0.5100278854370117
2 fine 3 d_out 30413800.599020187 d_in 24019600.93770377 1e-09 0.5506632328033447
2 fine 2 d_out 24019600.93770377 d_in 18304471.03851467 1e-09 0.5463211536407471
coarse1 1 7 c_kp1 4133993.746006039 c_k 0.0 f_k 0.0 y_k 0.0 1e-05 0.5216586589813232
2 fine 1 d_out 18304471.03851467 d_in 13598528.821803832 1e-09 0.5548992156982422
2 fine 0 d_out 13598528.821803832 d_in 9957754.247318055 1e-09 0.5616981983184814
2 ------- seq update -------- 21.79689383506775
recv...
coarse1 1 6 c_kp1 3297453.2644561143 c_k 0.0 f_k 0.0 y_k 0.0 1e-05 0.5169415473937988
coarse1 3 3 c_kp1 15963197.09502591 c_k 15963197.09502591 f_k 15963224.88827652 y_k 15963197.09502591 1e-05 0.09639811515808105
coarse1 3 2 c_kp1 32124489.11429269 c_k 32124565.65527738 f_k 32019395.732946046 y_k 32124565.65527738 1e-05 0.09554910659790039
coarse1 1 5 c_kp1 2743390.6742660343 c_k 0.0 f_k 0.0 y_k 0.0 1e-05 0.5052340030670166
coarse1 3 1 c_kp1 40744747.1708558 c_k 40744742.89202578 f_k 44831984.405521564 y_k 40744742.89202578 1e-05 0.10105776786804199
coarse1 1 4 c_kp1 2362254.075550263 c_k 0.0 f_k 0.0 y_k 0.0 1e-05 0.5125720500946045
coarse1 3 0 c_kp1 43662716.76042952 c_k 43662716.86472721 f_k 52485170.65288479 y_k 43662716.86472721 1e-05 0.09686899185180664
2 recv! 52485170.65288479
3 coarse sent  52485170.65288479 (90711,)
3 ----------parallel -------- 24.28592848777771
3 fine 3 d_out 0.0 d_in 15963224.88827652 1e-09 0.34265661239624023
3 fine 2 d_out 15963224.88827652 d_in 32019395.732946046 1e-09 0.11736416816711426
3 fine 1 d_out 32019395.732946046 d_in 44831984.405521564 1e-09 0.0999765396118164
3 fine 0 d_out 44831984.405521564 d_in 52485170.65288479 1e-09 0.28696513175964355
3 ------- seq update -------- 25.133240461349487
3 skipping!
3 ----------parallel -------- 25.133756160736084
coarse1 1 3 c_kp1 2083051.5720038784 c_k 0.0 f_k 0.0 y_k 0.0 1e-05 0.5074267387390137
coarse1 2 6 c_kp1 54610085.21990455 c_k 41740590.59584331 f_k 41740696.12343733 y_k 41740590.59584331 1e-05 0.5359482765197754
3 fine 3 d_out 0.0 d_in 15963224.88827652 1e-09 0.3234217166900635
3 fine 2 d_out 15963224.88827652 d_in 32019395.732946046 1e-09 0.11345124244689941
3 fine 1 d_out 32019395.732946046 d_in 44831984.405521564 1e-09 0.0954427719116211
3 fine 0 d_out 44831984.405521564 d_in 52485170.65288479 1e-09 0.2853128910064697
3 ------- seq update -------- 25.95167899131775
3 skipping!
3 ----------parallel -------- 25.952123880386353
coarse1 1 2 c_kp1 1864355.4650012776 c_k 0.0 f_k 0.0 y_k 0.0 1e-05 0.5029795169830322
3 fine 3 d_out 0.0 d_in 15963224.88827652 1e-09 0.3240201473236084
3 fine 2 d_out 15963224.88827652 d_in 32019395.732946046 1e-09 0.1148066520690918
coarse1 2 5 c_kp1 51768573.80999779 c_k 36742586.24770227 f_k 36743205.127125815 y_k 36742586.24770227 1e-05 0.5338354110717773
3 fine 1 d_out 32019395.732946046 d_in 44831984.405521564 1e-09 0.0955817699432373
3 fine 0 d_out 44831984.405521564 d_in 52485170.65288479 1e-09 0.2847287654876709
3 ------- seq update -------- 26.771540880203247
3 skipping!
coarse1 1 1 c_kp1 1683500.2582966809 c_k 0.0 f_k 0.0 y_k 0.0 1e-05 0.49539613723754883
coarse1 2 4 c_kp1 46248231.54555624 c_k 30412052.150787238 f_k 30413800.599020187 y_k 30412052.150787238 1e-05 0.5403013229370117
coarse1 1 0 c_kp1 1528314.7674547955 c_k 0.0 f_k 0.0 y_k 0.0 1e-05 0.5015525817871094
1 coarse sent  1528314.7674547955 (90711,)
0 recv! 1528314.7674547955
1 ----------parallel -------- 28.113080501556396
coarse1 2 3 c_kp1 39354422.41345979 c_k 24016364.39424929 f_k 24019600.93770377 y_k 24016364.39424929 1e-05 0.5135555267333984
1 fine 9 d_out 9952958.716692094 d_in 7278586.279771175 1e-09 0.5318300724029541
coarse1 0 13 c_kp1 1392093.740447403 c_k 0.0 f_k 0.0 y_k 0.0 1e-05 0.5030593872070312
1 fine 8 d_out 7278586.279771175 d_in 5401740.113443987 1e-09 0.5341172218322754
coarse1 2 2 c_kp1 32250698.56565385 c_k 18300811.03951462 f_k 18304471.03851467 y_k 18300811.03951462 1e-05 0.5150594711303711
1 fine 7 d_out 5401740.113443987 d_in 4133971.907621602 1e-09 0.5314397811889648
coarse1 0 12 c_kp1 1270905.1440624294 c_k 0.0 f_k 0.0 y_k 0.0 1e-05 0.5024025440216064
1 fine 6 d_out 4133971.907621602 d_in 3297430.275251025 1e-09 0.532231330871582
coarse1 2 1 c_kp1 25603924.637220435 c_k 13594186.34821568 f_k 13598528.821803832 y_k 13594186.34821568 1e-05 0.5039675235748291
1 fine 5 d_out 3297430.275251025 d_in 2743369.8455111496 1e-09 0.5310602188110352
coarse1 0 11 c_kp1 1162242.7875397033 c_k 0.0 f_k 0.0 y_k 0.0 1e-05 0.49403953552246094
1 fine 4 d_out 2743369.8455111496 d_in 2362236.7880765693 1e-09 0.5332655906677246
coarse1 2 0 c_kp1 19859317.76964169 c_k 9952958.716692094 f_k 9957754.247318055 y_k 9952958.716692094 1e-05 0.5104668140411377
1 fine 3 d_out 2362236.7880765693 d_in 2083037.6412084424 1e-09 0.5355243682861328
coarse1 0 10 c_kp1 1064368.937222425 c_k 0.0 f_k 0.0 y_k 0.0 1e-05 0.4695584774017334
1 fine 2 d_out 2083037.6412084424 d_in 1864344.4612524405 1e-09 0.5307512283325195
1 fine 1 d_out 1864344.4612524405 d_in 1683491.942511616 1e-09 0.5270895957946777
coarse1 0 9 c_kp1 975992.8272989236 c_k 0.0 f_k 0.0 y_k 0.0 1e-05 0.49759793281555176
1 fine 0 d_out 1683491.942511616 d_in 1528309.3231721364 1e-09 0.5283730030059814
1 ------- seq update -------- 33.42948389053345
recv...
1 recv! 19864966.541264758
2 coarse sent  19864966.541264758 (90711,)
2 ----------parallel -------- 33.491480350494385
2 fine 6 d_out 52485170.65288479 d_in 54578765.375463255 1e-09 0.5987012386322021
coarse1 0 8 c_kp1 896106.0083419498 c_k 0.0 f_k 0.0 y_k 0.0 1e-05 0.49654626846313477
coarse1 1 9 c_kp1 15170055.701353515 c_k 7278592.450017702 f_k 7278586.279771175 y_k 7278592.450017702 1e-05 0.5079188346862793
2 fine 5 d_out 54578765.375463255 d_in 52071287.66694477 1e-09 0.5793111324310303
coarse1 0 7 c_kp1 823894.4980070107 c_k 0.0 f_k 0.0 y_k 0.0 1e-05 0.48200201988220215
2 fine 4 d_out 52071287.66694477 d_in 46525354.013601765 1e-09 0.578338623046875
coarse1 1 8 c_kp1 11500990.908573216 c_k 5401755.322511803 f_k 5401740.113443987 y_k 5401755.322511803 1e-05 0.5091357231140137
coarse1 0 6 c_kp1 758687.2602274652 c_k 0.0 f_k 0.0 y_k 0.0 1e-05 0.4814884662628174
coarse1 1 7 c_kp1 8742612.998828176 c_k 4133993.746006039 f_k 4133971.907621602 y_k 4133993.746006039 1e-05 0.5346295833587646
2 fine 3 d_out 46525354.013601765 d_in 39487778.24640904 1e-09 1.5081260204315186
coarse1 0 5 c_kp1 699924.2756580879 c_k 0.0 f_k 0.0 y_k 0.0 1e-05 0.49507832527160645
coarse1 1 6 c_kp1 6738403.365337884 c_k 3297453.2644561143 f_k 3297430.275251025 y_k 3297453.2644561143 1e-05 0.5083696842193604
coarse1 0 4 c_kp1 647134.5136587629 c_k 0.0 f_k 0.0 y_k 0.0 1e-05 0.48543548583984375
2 fine 2 d_out 39487778.24640904 d_in 32173656.084975827 1e-09 1.3857619762420654
coarse1 1 5 c_kp1 5321849.693004128 c_k 2743390.6742660343 f_k 2743369.8455111496 y_k 2743390.6742660343 1e-05 0.4992856979370117
coarse1 0 3 c_kp1 599920.378906925 c_k 0.0 f_k 0.0 y_k 0.0 1e-05 0.4757704734802246
coarse1 1 4 c_kp1 4336365.5861445395 c_k 2362254.075550263 f_k 2362236.7880765693 y_k 2362254.075550263 1e-05 0.49830174446105957
coarse1 0 2 c_kp1 557944.9963735286 c_k 0.0 f_k 0.0 y_k 0.0 1e-05 0.47902703285217285
coarse1 1 3 c_kp1 3648381.810390878 c_k 2083051.5720038784 f_k 2083037.6412084424 y_k 2083051.5720038784 1e-05 0.49718403816223145
2 fine 1 d_out 32173656.084975827 d_in 25382629.344584264 1e-09 2.4966413974761963
coarse1 0 1 c_kp1 520921.07586831634 c_k 0.0 f_k 0.0 y_k 0.0 1e-05 0.48070478439331055
coarse1 1 2 c_kp1 3155052.426135058 c_k 1864355.4650012776 f_k 1864344.4612524405 y_k 1864355.4650012776 1e-05 0.49652576446533203
coarse1 0 0 c_kp1 488600.4214080199 c_k 0.0 f_k 0.0 y_k 0.0 1e-05 0.4736616611480713
0 ----------parallel -------- 41.76699495315552
0 fine 13 d_out 1528314.7674547955 d_in 1392093.96123328 1e-09 0.5138261318206787
coarse1 1 1 c_kp1 2784877.2953931093 c_k 1683500.2582966809 f_k 1683491.942511616 y_k 1683500.2582966809 1e-05 0.4955315589904785
0 fine 12 d_out 1392093.96123328 d_in 1270905.5723001172 1e-09 0.5154533386230469
0 fine 11 d_out 1270905.5723001172 d_in 1162243.2048944682 1e-09 0.5271034240722656
coarse1 1 0 c_kp1 2492391.340718246 c_k 1528314.7674547955 f_k 1528309.3231721364 y_k 1528314.7674547955 1e-05 0.49741578102111816
2 fine 0 d_out 25382629.344584264 d_in 19542881.577561382 1e-09 3.3645596504211426
2 ------- seq update -------- 44.00341200828552
0 fine 10 d_out 1162243.2048944682 d_in 1064369.3919626665 1e-09 0.5253341197967529
0 fine 9 d_out 1064369.3919626665 d_in 975993.2049285126 1e-09 0.527094841003418
coarse1 2 6 c_kp1 54610085.21990455 c_k 54447900.28302381 f_k 54578765.375463255 y_k 54448015.63476275 1e-05 0.09954214096069336
0 fine 8 d_out 975993.2049285126 d_in 896106.3576532118 1e-09 0.5138506889343262
coarse1 2 5 c_kp1 51768573.806006074 c_k 51853059.19091353 f_k 52071287.66694477 y_k 51853740.61646776 1e-05 0.09234952926635742
0 fine 7 d_out 896106.3576532118 d_in 823894.8389710202 1e-09 0.5132088661193848
coarse1 2 4 c_kp1 46248231.54496928 c_k 46316687.36366658 f_k 46525354.013601765 y_k 46318609.211403 1e-05 0.09239888191223145
0 fine 6 d_out 823894.8389710202 d_in 758687.6542879739 1e-09 0.5111355781555176
coarse1 2 3 c_kp1 39354422.414125614 c_k 39400771.56504821 f_k 39487778.24640904 y_k 39404317.64276447 1e-05 0.09234285354614258
0 fine 5 d_out 758687.6542879739 d_in 699924.7094721249 1e-09 0.5130245685577393
coarse1 2 2 c_kp1 32250698.566358864 c_k 32248528.262359127 f_k 32173656.084975827 y_k 32252436.298684575 1e-05 0.09252023696899414
0 fine 4 d_out 699924.7094721249 d_in 647135.0957571303 1e-09 0.5101065635681152
0 fine 3 d_out 647135.0957571303 d_in 599921.2163898263 1e-09 0.5139977931976318
coarse1 2 1 c_kp1 25603924.63696326 c_k 25601990.365595255 f_k 25382629.344584264 y_k 25606740.696567915 1e-05 0.0940549373626709
0 fine 2 d_out 599921.2163898263 d_in 557946.1434145469 1e-09 0.5172078609466553
coarse1 2 0 c_kp1 19859317.770035066 c_k 19859644.757779617 f_k 19542881.577561382 y_k 19864966.541264758 1e-05 0.09781312942504883
0 fine 1 d_out 557946.1434145469 d_in 520922.5661785301 1e-09 0.5082182884216309
0 fine 0 d_out 520922.5661785301 d_in 488602.2643403836 1e-09 0.4997093677520752
0 ------- seq update -------- 48.977211713790894
recv...
0 recv! 2492381.8405652987
1 coarse sent  2492381.8405652987 (90711,)
1 ----------parallel -------- 49.07783794403076
1 fine 9 d_out 19864966.541264758 d_in 15170050.52150304 1e-09 0.5627655982971191
coarse1 0 13 c_kp1 2250430.5525995754 c_k 1392093.740447403 f_k 1392093.96123328 y_k 1392093.740447403 1e-05 0.5006132125854492
1 fine 8 d_out 15170050.52150304 d_in 11500205.803041216 1e-09 0.5504245758056641
1 fine 7 d_out 11500205.803041216 d_in 8741142.850445203 1e-09 0.5543265342712402
coarse1 0 12 c_kp1 2043290.3434905233 c_k 1270905.1440624294 f_k 1270905.5723001172 y_k 1270905.1440624294 1e-05 0.4886455535888672
1 fine 6 d_out 8741142.850445203 d_in 6736529.71255233 1e-09 0.5523731708526611
1 fine 5 d_out 6736529.71255233 d_in 5319921.546827264 1e-09 0.551724910736084
coarse1 0 11 c_kp1 1861850.6041218399 c_k 1162242.7875397033 f_k 1162243.2048944682 y_k 1162242.7875397033 1e-05 0.4874134063720703
1 fine 4 d_out 5319921.546827264 d_in 4334627.486760845 1e-09 0.558476448059082
1 fine 3 d_out 4334627.486760845 d_in 3646966.1790105347 1e-09 0.547346830368042
coarse1 0 10 c_kp1 1700654.203621025 c_k 1064368.937222425 f_k 1064369.3919626665 y_k 1064368.937222425 1e-05 0.4900496006011963
1 fine 2 d_out 3646966.1790105347 d_in 3153962.634432088 1e-09 0.5482146739959717
coarse1 0 9 c_kp1 1556242.538058831 c_k 975992.8272989236 f_k 975993.2049285126 y_k 975992.8272989236 1e-05 0.48834729194641113
1 fine 1 d_out 3153962.634432088 d_in 2784060.359768263 1e-09 0.5451061725616455
1 fine 0 d_out 2784060.359768263 d_in 2491774.6847882746 1e-09 0.5476787090301514
1 ------- seq update -------- 54.59695625305176
recv...
1 recv! 19542881.577561382
2 coarse sent  19542881.577561382 (90711,)
2 ----------parallel -------- 54.658928871154785
2 fine 6 d_out 52485170.65288479 d_in 54578765.375463255 1e-09 0.31437063217163086
coarse1 0 8 c_kp1 1426265.8650992177 c_k 896106.0083419498 f_k 896106.3576532118 y_k 896106.0083419498 1e-05 0.4879882335662842
2 fine 5 d_out 54578765.375463255 d_in 52071287.66694477 1e-09 0.15425848960876465
2 fine 4 d_out 52071287.66694477 d_in 46525354.013601765 1e-09 0.2632002830505371
2 fine 3 d_out 46525354.013601765 d_in 39487778.24640904 1e-09 0.09370708465576172
coarse1 1 9 c_kp1 14806053.285873707 c_k 15170368.724975538 f_k 15170050.52150304 y_k 15170360.799863823 1e-05 0.49698662757873535
2 fine 2 d_out 39487778.24640904 d_in 32173656.084975824 1e-09 0.24524235725402832
2 fine 1 d_out 32173656.084975824 d_in 25382629.344584264 1e-09 0.09506511688232422
2 fine 0 d_out 25382629.344584264 d_in 19542881.577561382 1e-09 0.09474039077758789
2 ------- seq update -------- 55.920026779174805
2 skipping!
2 ----------parallel -------- 55.920567750930786
coarse1 0 7 c_kp1 1309015.1819368089 c_k 823894.4980070107 f_k 823894.8389710202 y_k 823894.4980070107 1e-05 0.4873192310333252
2 fine 6 d_out 52485170.65288479 d_in 54578765.375463255 1e-09 0.3188745975494385
2 fine 5 d_out 54578765.375463255 d_in 52071287.66694477 1e-09 0.14456725120544434
2 fine 4 d_out 52071287.66694477 d_in 46525354.013601765 1e-09 0.26068854331970215
coarse1 1 8 c_kp1 11148231.751197312 c_k 11501112.869516265 f_k 11500205.803041216 y_k 11501093.41331839 1e-05 0.49512481689453125
2 fine 3 d_out 46525354.013601765 d_in 39487778.24640904 1e-09 0.09371829032897949
coarse1 0 6 c_kp1 1203177.4062057084 c_k 758687.2602274652 f_k 758687.6542879739 y_k 758687.2602274652 1e-05 0.4906165599822998
2 fine 2 d_out 39487778.24640904 d_in 32173656.084975824 1e-09 0.2465355396270752
2 fine 1 d_out 32173656.084975824 d_in 25382629.344584264 1e-09 0.0933072566986084
2 fine 0 d_out 25382629.344584264 d_in 19542881.577561382 1e-09 0.09177589416503906
2 ------- seq update -------- 57.170509576797485
2 skipping!
coarse1 1 7 c_kp1 8431606.270203084 c_k 8742648.655812304 f_k 8741142.850445203 y_k 8742619.844595697 1e-05 0.49498438835144043
coarse1 0 5 c_kp1 1107702.439328989 c_k 699924.2756580879 f_k 699924.7094721249 y_k 699924.2756580879 1e-05 0.4875295162200928
coarse1 1 6 c_kp1 6485428.724703224 c_k 6738405.4823007975 f_k 6736529.71255233 y_k 6738373.399628484 1e-05 0.4968302249908447
coarse1 0 4 c_kp1 1021730.529821995 c_k 647134.5136587629 f_k 647135.0957571303 y_k 647134.5136587629 1e-05 0.4777367115020752
coarse1 1 5 c_kp1 5129059.842123164 c_k 5321853.702309372 f_k 5319921.546827264 y_k 5321823.65219129 1e-05 0.4958970546722412
coarse1 0 3 c_kp1 944546.7347238507 c_k 599920.378906925 f_k 599921.2163898263 y_k 599920.378906925 1e-05 0.4782254695892334
coarse1 1 4 c_kp1 4196137.871996787 c_k 4336363.5237441575 f_k 4334627.486760845 y_k 4336337.519366541 1e-05 0.4955122470855713
coarse1 0 2 c_kp1 875552.1070011625 c_k 557944.9963735286 f_k 557946.1434145469 y_k 557944.9963735286 1e-05 0.4847447872161865
coarse1 1 3 c_kp1 3548448.7990500927 c_k 3648382.2130961386 f_k 3646966.1790105347 y_k 3648360.6387170753 1e-05 0.48698997497558594
coarse1 0 1 c_kp1 814241.4127842473 c_k 520921.07586831634 f_k 520922.5661785301 y_k 520921.07586831634 1e-05 0.480360746383667
coarse1 1 2 c_kp1 3083130.5775393583 c_k 3155051.2065385883 f_k 3153962.634432088 y_k 3155033.7683936604 1e-05 0.48551034927368164
coarse1 0 0 c_kp1 760185.421107052 c_k 488600.4214080199 f_k 488602.2643403836 y_k 488600.4214080199 1e-05 0.479978084564209
0 ----------parallel -------- 62.57947874069214
0 fine 13 d_out 2492381.8405652987 d_in 2250430.631399838 1e-09 0.5228605270385742
coarse1 1 1 c_kp1 2731236.2878288706 c_k 2784877.351334413 f_k 2784060.359768263 y_k 2784863.7079720027 1e-05 0.47490739822387695
0 fine 12 d_out 2250430.631399838 d_in 2043290.5444870403 1e-09 0.5206975936889648
0 fine 11 d_out 2043290.5444870403 d_in 1861849.40170899 1e-09 0.5285415649414062
coarse1 1 0 c_kp1 2450397.7360061994 c_k 2492391.436899148 f_k 2491774.6847882746 y_k 2492381.8405652987 1e-05 0.4866220951080322
0 fine 10 d_out 1861849.40170899 d_in 1700651.722028659 1e-09 0.5319516658782959
0 fine 9 d_out 1700651.722028659 d_in 1556239.570127716 1e-09 0.5189738273620605
0 fine 8 d_out 1556239.570127716 d_in 1426262.8834736259 1e-09 0.5309386253356934
0 fine 7 d_out 1426262.8834736259 d_in 1309012.5293330306 1e-09 0.5211043357849121
0 fine 6 d_out 1309012.5293330306 d_in 1203175.0352938396 1e-09 0.5215268135070801
0 fine 5 d_out 1203175.0352938396 d_in 1107700.7857609051 1e-09 0.5203475952148438
0 fine 4 d_out 1107700.7857609051 d_in 1021729.8966234539 1e-09 0.5193707942962646
0 fine 3 d_out 1021729.8966234539 d_in 944547.5654780143 1e-09 0.5077567100524902
0 fine 2 d_out 944547.5654780143 d_in 875554.6251110383 1e-09 0.5151665210723877
0 fine 1 d_out 875554.6251110383 d_in 814245.8823937189 1e-09 0.5080521106719971
0 fine 0 d_out 814245.8823937189 d_in 760192.2048744457 1e-09 0.5152075290679932
0 ------- seq update -------- 69.86288213729858
recv...
0 recv! 2449812.0250176773
1 coarse sent  2449812.0250176773 (90711,)
1 ----------parallel -------- 69.96349620819092
1 fine 9 d_out 19542881.577561382 d_in 14805161.626557706 1e-09 0.5809824466705322
coarse1 0 13 c_kp1 2215507.706793094 c_k 2250430.6832401548 f_k 2250430.631399838 y_k 2250431.0121053886 1e-05 0.4779214859008789
1 fine 8 d_out 14805161.626557706 d_in 11140653.939084124 1e-09 0.5825099945068359
1 fine 7 d_out 11140653.939084124 d_in 8420892.133526368 1e-09 0.562598466873169
coarse1 0 12 c_kp1 2013550.2431680784 c_k 2043291.4188422123 f_k 2043290.5444870403 y_k 2043292.0231998751 1e-05 0.4784567356109619
1 fine 6 d_out 8420892.133526368 d_in 6473635.604717722 1e-09 0.5665321350097656
1 fine 5 d_out 6473635.604717722 d_in 5118090.689555676 1e-09 0.5622808933258057
coarse1 0 11 c_kp1 1835857.873496613 c_k 1861851.389006653 f_k 1861849.40170899 y_k 1861851.955102907 1e-05 0.467648983001709
1 fine 4 d_out 5118090.689555676 d_in 4187027.358684744 1e-09 0.5651071071624756
coarse1 0 10 c_kp1 1677561.5503462486 c_k 1700654.3630100896 f_k 1700651.722028659 y_k 1700654.876251821 1e-05 0.4784250259399414
1 fine 3 d_out 4187027.358684744 d_in 3541439.9495921386 1e-09 0.5606355667114258
1 fine 2 d_out 3541439.9495921386 d_in 3077918.3323944504 1e-09 0.5532655715942383
coarse1 0 9 c_kp1 1535523.0324357068 c_k 1556242.5643020233 f_k 1556239.570127716 y_k 1556242.9561932408 1e-05 0.4772322177886963
1 fine 1 d_out 3077918.3323944504 d_in 2727355.213816116 1e-09 0.5489664077758789
1 fine 0 d_out 2727355.213816116 d_in 2447418.0356251462 1e-09 0.5472304821014404
1 ------- seq update -------- 75.5943021774292
coarse1 0 8 c_kp1 1407567.5419178794 c_k 1426265.9362798329 f_k 1426262.8834736259 y_k 1426266.2651558837 1e-05 0.4695565700531006
coarse1 1 9 c_kp1 14806053.285873707 c_k 14808410.894660061 f_k 14805161.626557706 y_k 14808101.454544937 1e-05 0.09956049919128418
coarse1 0 7 c_kp1 1292083.5049930776 c_k 1309015.4222321096 f_k 1309012.5293330306 y_k 1309015.713530394 1e-05 0.47074294090270996
coarse1 1 8 c_kp1 11148231.745026149 c_k 11148138.694995344 f_k 11140653.939084124 y_k 11147256.32221157 1e-05 0.09395265579223633
coarse1 1 7 c_kp1 8431606.273657117 c_k 8431524.042455424 f_k 8420892.133526368 y_k 8430063.010904832 1e-05 0.09351944923400879
coarse1 0 6 c_kp1 1187816.0993307007 c_k 1203177.4320106436 f_k 1203175.0352938396 y_k 1203177.7551759917 1e-05 0.4675755500793457
coarse1 1 6 c_kp1 6485428.736380114 c_k 6485369.835335473 f_k 6473635.604717722 y_k 6483559.763351908 1e-05 0.09383916854858398
coarse1 1 5 c_kp1 5129059.843127388 c_k 5129058.228122501 f_k 5118090.689555676 y_k 5127208.61798008 1e-05 0.09951663017272949
coarse1 0 5 c_kp1 1093750.281297821 c_k 1107702.4752861245 f_k 1107700.7857609051 y_k 1107702.8143341432 1e-05 0.46570754051208496
coarse1 1 4 c_kp1 4196137.869081161 c_k 4196139.477088101 f_k 4187027.358684744 y_k 4194492.061794997 1e-05 0.09997963905334473
coarse1 0 4 c_kp1 1009053.6512800469 c_k 1021730.4746208623 f_k 1021729.8966234539 y_k 1021730.938254253 1e-05 0.46768856048583984
coarse1 1 3 c_kp1 3548448.798709382 c_k 3548458.0067502414 f_k 3541439.9495921386 y_k 3547123.296991419 1e-05 0.09947967529296875
coarse1 1 2 c_kp1 3083130.5781280133 c_k 3083134.157205865 f_k 3077918.3323944504 y_k 3082110.49396098 1e-05 0.0994715690612793
coarse1 0 3 c_kp1 933029.3814916022 c_k 944546.7142868787 f_k 944547.5654780143 y_k 944547.4097044839 1e-05 0.473834753036499
coarse1 1 1 c_kp1 2731236.2881853 c_k 2731240.8031269386 f_k 2727355.213816116 y_k 2730469.9228939544 1e-05 0.09374237060546875
coarse1 0 2 c_kp1 865092.9084624202 c_k 875552.0732552883 f_k 875554.6251110383 y_k 875553.051505562 1e-05 0.456514835357666
coarse1 1 0 c_kp1 2450397.734069707 c_k 2450398.8637875393 f_k 2447418.0356251462 y_k 2449812.0250176773 1e-05 0.09949231147766113
coarse1 0 1 c_kp1 804751.9807836575 c_k 814241.3855779234 f_k 814245.8823937189 y_k 814242.6787564828 1e-05 0.4630298614501953
coarse1 0 0 c_kp1 751585.825137955 c_k 760185.5274606416 f_k 760192.2048744457 y_k 760187.141605083 1e-05 0.47255516052246094
0 ----------parallel -------- 83.25099468231201
0 fine 13 d_out 2449812.0250176773 d_in 2215508.177799303 1e-09 0.5329461097717285
0 fine 12 d_out 2215508.177799303 d_in 2013548.1457786006 1e-09 0.533764123916626
0 fine 11 d_out 2013548.1457786006 d_in 1835853.8185550305 1e-09 0.533287763595581
0 fine 10 d_out 1835853.8185550305 d_in 1677555.4071622111 1e-09 0.5303690433502197
0 fine 9 d_out 1677555.4071622111 d_in 1535515.6367824748 1e-09 0.5194225311279297
0 fine 8 d_out 1535515.6367824748 d_in 1407559.0715155199 1e-09 0.5177409648895264
0 fine 7 d_out 1407559.0715155199 d_in 1292074.0474367575 1e-09 0.5211286544799805
0 fine 6 d_out 1292074.0474367575 d_in 1187804.5560084973 1e-09 0.5184299945831299
0 fine 5 d_out 1187804.5560084973 d_in 1093737.5909023974 1e-09 0.5204408168792725
0 fine 4 d_out 1093737.5909023974 d_in 1009038.6177970433 1e-09 0.517369270324707
0 fine 3 d_out 1009038.6177970433 d_in 933011.6747431438 1e-09 0.5098855495452881
0 fine 2 d_out 933011.6747431438 d_in 865072.2833085927 1e-09 0.5087921619415283
0 fine 1 d_out 865072.2833085927 d_in 804726.9815316267 1e-09 0.5080897808074951
0 fine 0 d_out 804726.9815316267 d_in 751556.0278746135 1e-09 0.5109207630157471
0 ------- seq update -------- 90.53444528579712
recv...
0 recv! 2447418.0356251462
1 coarse sent  2447418.0356251462 (90711,)
1 ----------parallel -------- 90.6349937915802
1 fine 9 d_out 19542881.577561382 d_in 14805161.626557706 1e-09 0.0943140983581543
1 fine 8 d_out 14805161.626557706 d_in 11140653.939084124 1e-09 0.09335970878601074
1 fine 7 d_out 11140653.939084124 d_in 8420892.133526368 1e-09 0.09945058822631836
1 fine 6 d_out 8420892.133526368 d_in 6473635.604717722 1e-09 0.09349870681762695
1 fine 5 d_out 6473635.604717722 d_in 5118090.689555676 1e-09 0.09363937377929688
1 fine 4 d_out 5118090.689555676 d_in 4187027.358684744 1e-09 0.09378385543823242
1 fine 3 d_out 4187027.358684744 d_in 3541439.9495921386 1e-09 0.09324502944946289
1 fine 2 d_out 3541439.9495921386 d_in 3077918.3323944504 1e-09 0.09347891807556152
1 fine 1 d_out 3077918.3323944504 d_in 2727355.213816116 1e-09 0.09344005584716797
1 fine 0 d_out 2727355.213816116 d_in 2447418.0356251462 1e-09 0.09917259216308594
1 ------- seq update -------- 91.58304953575134
1 skipping!
coarse1 0 13 c_kp1 2213582.1297983634 c_k 2215509.850117641 f_k 2215508.177799303 y_k 2215509.7942018462 1e-05 0.46608710289001465
coarse1 0 12 c_kp1 2011933.2398150198 c_k 2013551.610509085 f_k 2013548.1457786006 y_k 2013550.7755111847 1e-05 0.45638394355773926
coarse1 0 11 c_kp1 1834454.7844801666 c_k 1835859.1914320313 f_k 1835853.8185550305 y_k 1835857.2877345758 1e-05 0.4675304889678955
coarse1 0 10 c_kp1 1676313.8314349533 c_k 1677562.0759286836 f_k 1677555.4071622111 y_k 1677559.5345595172 1e-05 0.45735955238342285
coarse1 0 9 c_kp1 1534397.45326597 c_k 1535523.457135046 f_k 1535515.6367824748 y_k 1535520.5587403276 1e-05 0.4558076858520508
coarse1 0 8 c_kp1 1406543.5698760815 c_k 1407567.9346835436 f_k 1407559.0715155199 y_k 1407564.967367342 1e-05 0.4557678699493408
coarse1 0 7 c_kp1 1291144.663371239 c_k 1292084.717164828 f_k 1292074.0474367575 y_k 1292081.8998939127 1e-05 0.45527100563049316
coarse1 0 6 c_kp1 1186947.8790068112 c_k 1187816.3455493413 f_k 1187804.5560084973 y_k 1187814.017711217 1e-05 0.4570937156677246
coarse1 0 5 c_kp1 1092943.457458007 c_k 1093751.3590534201 f_k 1093737.5909023974 y_k 1093749.7354238888 1e-05 0.45497584342956543
coarse1 0 4 c_kp1 1008297.4075032586 c_k 1009054.645590176 f_k 1009038.6177970433 y_k 1009054.135916595 1e-05 0.4549412727355957
coarse1 0 3 c_kp1 932315.2512688527 c_k 933030.1703268628 f_k 933011.6747431438 y_k 933031.0975277431 1e-05 0.45466113090515137
coarse1 0 2 c_kp1 864413.3507289094 c_k 865094.3619072386 f_k 865072.2833085927 y_k 865097.0008474061 1e-05 0.4622066020965576
coarse1 0 1 c_kp1 804099.3197790798 c_k 804753.1247568988 f_k 804726.9815316267 y_k 804757.7213477029 1e-05 0.46352338790893555
coarse1 0 0 c_kp1 750953.2029871962 c_k 751586.2580764177 f_k 751556.0278746135 y_k 751593.0483190053 1e-05 0.4511849880218506
0 ----------parallel -------- 103.7284631729126
0 fine 13 d_out 2447418.0356251462 d_in 2213582.8659242652 1e-09 0.5344793796539307
0 fine 12 d_out 2213582.8659242652 d_in 2011931.8853376128 1e-09 0.5277349948883057
0 fine 11 d_out 2011931.8853376128 d_in 1834451.125664763 1e-09 0.536576509475708
0 fine 10 d_out 1834451.125664763 d_in 1676309.8941988982 1e-09 0.5268702507019043
0 fine 9 d_out 1676309.8941988982 d_in 1534393.0028070316 1e-09 0.5309453010559082
0 fine 8 d_out 1534393.0028070316 d_in 1406536.9536488533 1e-09 0.5224297046661377
0 fine 7 d_out 1406536.9536488533 d_in 1291136.430343871 1e-09 0.5191090106964111
0 fine 6 d_out 1291136.430343871 d_in 1186938.844770806 1e-09 0.5168206691741943
0 fine 5 d_out 1186938.844770806 d_in 1092933.117509761 1e-09 0.5182178020477295
0 fine 4 d_out 1092933.117509761 d_in 1008285.8779394139 1e-09 0.5211782455444336
0 fine 3 d_out 1008285.8779394139 d_in 932301.9238648436 1e-09 0.5167951583862305
0 fine 2 d_out 932301.9238648436 d_in 864397.3111329586 1e-09 0.5184938907623291
0 fine 1 d_out 864397.3111329586 d_in 804078.9813305285 1e-09 0.514782190322876
0 fine 0 d_out 804078.9813305285 d_in 750927.5268114553 1e-09 0.5046327114105225
0 ------- seq update -------- 111.0384292602539
coarse1 0 13 c_kp1 2213582.1297983634 c_k 2213584.125168064 f_k 2213582.8659242652 y_k 2213582.459881628 1e-05 0.0914912223815918
coarse1 0 12 c_kp1 2011933.241503197 c_k 2011935.0701720917 f_k 2011931.8853376128 y_k 2011931.619888125 1e-05 0.091644287109375
coarse1 0 11 c_kp1 1834454.7852685375 c_k 1834454.5830717958 f_k 1834451.125664763 y_k 1834449.2290522922 1e-05 0.09733700752258301
coarse1 0 10 c_kp1 1676313.8319525153 c_k 1676313.7942694973 f_k 1676309.8941988982 y_k 1676307.1445569342 1e-05 0.09162378311157227
coarse1 0 9 c_kp1 1534397.4538579579 c_k 1534398.4838179767 f_k 1534393.0028070316 y_k 1534390.6801759345 1e-05 0.09143185615539551
coarse1 0 8 c_kp1 1406543.5700390162 c_k 1406543.4742512072 f_k 1406536.9536488533 y_k 1406534.6245759563 1e-05 0.09156608581542969
coarse1 0 7 c_kp1 1291144.6633979722 c_k 1291143.8093896878 f_k 1291136.430343871 y_k 1291133.1502770341 1e-05 0.09164047241210938
coarse1 0 6 c_kp1 1186947.8791836908 c_k 1186947.0826060462 f_k 1186938.844770806 y_k 1186935.3023314439 1e-05 0.09165263175964355
coarse1 0 5 c_kp1 1092943.4575187857 c_k 1092941.7779750468 f_k 1092933.117509761 y_k 1092928.019602608 1e-05 0.09155440330505371
coarse1 0 4 c_kp1 1008297.4074184845 c_k 1008295.38724535 f_k 1008285.8779394139 y_k 1008279.3708113704 1e-05 0.09156131744384766
coarse1 0 3 c_kp1 932315.2513637686 c_k 932313.330042188 f_k 932301.9238648436 y_k 932294.8478703055 1e-05 0.09142780303955078
coarse1 0 2 c_kp1 864413.3508031651 c_k 864412.2033144352 f_k 864397.3111329586 y_k 864390.141992185 1e-05 0.09160780906677246
coarse1 0 1 c_kp1 804099.3197623048 c_k 804098.4933399514 f_k 804078.9813305285 y_k 804072.3715308937 1e-05 0.09155821800231934
coarse1 0 0 c_kp1 750953.2029822562 c_k 750952.2220500907 f_k 750927.5268114553 y_k 750922.0161744896 1e-05 0.09164786338806152
============
750927.5268114582
============
[2.38418579e-07 4.17666326e+01 6.25791421e+01 8.32506473e+01
 1.03728088e+02 1.19124254e+02]
[1.00000000e+00 3.53925184e-01 1.30406347e-02 9.67294260e-04
 3.62940204e-05 6.57264058e-10]
