2 6
3 5
4 4
5 3
6 2
7 1
0 8
1 7
7 ------- seq update -------- 0.00047850608825683594
6 ------- seq update -------- 0.00019359588623046875
recv...
5 ------- seq update -------- 0.0005049705505371094
recv...
4 ------- seq update -------- 0.00018596649169921875
recv...
3 ------- seq update -------- 0.0001919269561767578
recv...
2 ------- seq update -------- 0.0004811286926269531
recv...
1 ------- seq update -------- 0.0004799365997314453
recv...
0 ------- seq update -------- 0.0004596710205078125
recv...
coarse1 7 0 c_kp1 15963197.09502591 c_k 0.0 f_k 0.0 y_k 0.0 1e-05 3.6143579483032227
7 coarse sent  15963197.09502591 (90711,)
6 recv! 15963197.09502591
7 ----------parallel -------- 7.189539194107056
coarse1 6 1 c_kp1 32124565.65527738 c_k 0.0 f_k 0.0 y_k 0.0 1e-05 0.5597760677337646
coarse1 6 0 c_kp1 40744742.89202578 c_k 0.0 f_k 0.0 y_k 0.0 1e-05 0.5543382167816162
6 coarse sent  40744742.89202578 (90711,)
5 recv! 40744742.89202578
6 ----------parallel -------- 9.385825872421265
6 fine 1 d_out 15963197.09502591 d_in 32019340.11323924 1e-09 0.5935490131378174
coarse1 5 2 c_kp1 43662716.86472721 c_k 0.0 f_k 0.0 y_k 0.0 1e-05 0.5428287982940674
7 fine 0 d_out 0.0 d_in 15963224.88827652 1e-09 3.5379645824432373
7 ------- seq update -------- 10.72763967514038
coarse1 5 1 c_kp1 41740590.59584331 c_k 0.0 f_k 0.0 y_k 0.0 1e-05 0.5332629680633545
coarse1 5 0 c_kp1 36742586.24770227 c_k 0.0 f_k 0.0 y_k 0.0 1e-05 0.5233414173126221
5 coarse sent  36742586.24770227 (90711,)
4 recv! 36742586.24770227
5 ----------parallel -------- 12.610833883285522
6 fine 0 d_out 32019340.11323924 d_in 44831906.45320273 1e-09 3.153859853744507
6 ------- seq update -------- 13.133460760116577
recv...
5 fine 2 d_out 40744742.89202578 d_in 43662750.20083622 1e-09 0.5331172943115234
coarse1 4 3 c_kp1 30412052.150787238 c_k 0.0 f_k 0.0 y_k 0.0 1e-05 0.5273633003234863
5 fine 1 d_out 43662750.20083622 d_in 41740753.526187405 1e-09 0.540703535079956
5 fine 0 d_out 41740753.526187405 d_in 36743276.61534999 1e-09 0.5523829460144043
5 ------- seq update -------- 14.237244129180908
recv...
coarse1 7 0 c_kp1 15963197.09502591 c_k 15963197.09502591 f_k 15963224.88827652 y_k 15963197.09502591 1e-05 0.09593653678894043
7 coarse sent  15963224.88827652 (90711,)
6 recv! 15963224.88827652
7 ----------parallel -------- 14.319883584976196
7 fine 0 d_out 0.0 d_in 15963224.88827652 1e-09 0.31918764114379883
7 ------- seq update -------- 14.639158964157104
7 skipping!
7 ----------parallel -------- 14.639666318893433
coarse1 4 2 c_kp1 24016364.39424929 c_k 0.0 f_k 0.0 y_k 0.0 1e-05 0.5311446189880371
7 fine 0 d_out 0.0 d_in 15963224.88827652 1e-09 0.3178236484527588
7 ------- seq update -------- 14.95757532119751
7 skipping!
7 ----------parallel -------- 14.958098411560059
coarse1 6 1 c_kp1 32124659.76613119 c_k 32124565.65527738 f_k 32019340.11323924 y_k 32124565.65527738 1e-05 0.09313297271728516
7 fine 0 d_out 0.0 d_in 15963224.88827652 1e-09 0.3193531036376953
7 ------- seq update -------- 15.277543306350708
7 skipping!
7 ----------parallel -------- 15.278083562850952
7 fine 0 d_out 0.0 d_in 15963224.88827652 1e-09 0.31893181800842285
7 ------- seq update -------- 15.5971040725708
7 skipping!
7 ----------parallel -------- 15.597622156143188
coarse1 6 0 c_kp1 40744741.11283936 c_k 40744742.89202578 f_k 44831906.45320273 y_k 40744742.89202578 1e-05 0.09292984008789062
5 recv! 44831906.45320273
6 coarse sent  44831906.45320273 (90711,)
6 ----------parallel -------- 15.589353322982788
coarse1 4 1 c_kp1 18300811.03951462 c_k 0.0 f_k 0.0 y_k 0.0 1e-05 0.5265812873840332
7 fine 0 d_out 0.0 d_in 15963224.88827652 1e-09 0.3205561637878418
7 ------- seq update -------- 15.918272972106934
7 skipping!
7 ----------parallel -------- 15.918864965438843
6 fine 1 d_out 15963224.88827652 d_in 32019036.46087821 1e-09 0.5602431297302246
7 fine 0 d_out 0.0 d_in 15963224.88827652 1e-09 0.31833481788635254
7 ------- seq update -------- 16.237285375595093
7 skipping!
7 ----------parallel -------- 16.237817525863647
7 fine 0 d_out 0.0 d_in 15963224.88827652 1e-09 0.3186330795288086
7 ------- seq update -------- 16.55654263496399
7 skipping!
coarse1 5 2 c_kp1 51650247.432212725 c_k 43662716.86472721 f_k 43662750.20083622 y_k 43662716.86472721 1e-05 0.552804708480835
6 fine 0 d_out 32019036.46087821 d_in 44831251.848026894 1e-09 0.5546777248382568
6 ------- seq update -------- 16.70444917678833
coarse1 4 0 c_kp1 13594186.34821568 c_k 0.0 f_k 0.0 y_k 0.0 1e-05 0.5136151313781738
4 coarse sent  13594186.34821568 (90711,)
3 recv! 13594186.34821568
4 ----------parallel -------- 16.795961141586304
coarse1 6 1 c_kp1 32124659.76613119 c_k 32124565.65527738 f_k 32019036.46087821 y_k 32019340.11323924 1e-05 0.09344744682312012
4 fine 3 d_out 36742586.24770227 d_in 30412727.101057302 1e-09 0.5481107234954834
coarse1 5 1 c_kp1 60854215.40464838 c_k 41740590.59584331 f_k 41740753.526187405 y_k 41740590.59584331 1e-05 0.5522861480712891
coarse1 3 4 c_kp1 9952958.716692094 c_k 0.0 f_k 0.0 y_k 0.0 1e-05 0.51894211769104
4 fine 2 d_out 30412727.101057302 d_in 24018267.015560746 1e-09 0.5503103733062744
coarse1 6 0 c_kp1 40744743.01532827 c_k 40744742.89202578 f_k 44831251.848026894 y_k 44831906.45320273 1e-05 0.09419631958007812
4 fine 1 d_out 24018267.015560746 d_in 18303081.98598616 1e-09 0.5460777282714844
coarse1 5 0 c_kp1 55612985.6997582 c_k 36742586.24770227 f_k 36743276.61534999 y_k 36742586.24770227 1e-05 0.5398547649383545
coarse1 3 3 c_kp1 7278592.450017702 c_k 0.0 f_k 0.0 y_k 0.0 1e-05 0.5166745185852051
4 fine 0 d_out 18303081.98598616 d_in 13597237.199741432 1e-09 0.5588555335998535
4 ------- seq update -------- 18.999574184417725
recv...
4 recv! 56107686.734533265
5 coarse sent  56107686.734533265 (90711,)
5 ----------parallel -------- 19.034535884857178
5 fine 2 d_out 44831906.45320273 d_in 52483035.235117055 1e-09 0.6206326484680176
coarse1 3 2 c_kp1 5401755.322511803 c_k 0.0 f_k 0.0 y_k 0.0 1e-05 0.5234625339508057
coarse1 4 3 c_kp1 52434712.52390182 c_k 30412052.150787238 f_k 30412727.101057302 y_k 30412052.150787238 1e-05 0.5397539138793945
5 fine 1 d_out 52483035.235117055 d_in 54572043.95825047 1e-09 0.6368997097015381
coarse1 3 1 c_kp1 4133993.746006039 c_k 0.0 f_k 0.0 y_k 0.0 1e-05 0.5178756713867188
coarse1 4 2 c_kp1 47483879.016530685 c_k 24016364.39424929 f_k 24018267.015560746 y_k 24016364.39424929 1e-05 0.5381724834442139
5 fine 0 d_out 54572043.95825047 d_in 52059316.206099615 1e-09 1.2519276142120361
5 ------- seq update -------- 21.544283151626587
recv...
5 recv! 44831251.848026894
6 coarse sent  44831251.848026894 (90711,)
6 ----------parallel -------- 21.55469298362732
6 fine 1 d_out 15963224.88827652 d_in 32019036.46087821 1e-09 0.10682487487792969
6 fine 0 d_out 32019036.46087821 d_in 44831251.848026894 1e-09 0.09296011924743652
6 ------- seq update -------- 21.754643440246582
6 skipping!
6 ----------parallel -------- 21.755054473876953
6 fine 1 d_out 15963224.88827652 d_in 32019036.46087821 1e-09 0.11200118064880371
6 fine 0 d_out 32019036.46087821 d_in 44831251.848026894 1e-09 0.09243345260620117
6 ------- seq update -------- 21.959659814834595
6 skipping!
6 ----------parallel -------- 21.960088968276978
coarse1 3 0 c_kp1 3297453.2644561143 c_k 0.0 f_k 0.0 y_k 0.0 1e-05 0.5240905284881592
3 coarse sent  3297453.2644561143 (90711,)
2 recv! 3297453.2644561143
3 ----------parallel -------- 21.981968641281128
6 fine 1 d_out 15963224.88827652 d_in 32019036.46087821 1e-09 0.11109256744384766
6 fine 0 d_out 32019036.46087821 d_in 44831251.848026894 1e-09 0.1014862060546875
6 ------- seq update -------- 22.17282748222351
6 skipping!
6 ----------parallel -------- 22.173253774642944
coarse1 4 1 c_kp1 40529019.096045285 c_k 18300811.03951462 f_k 18303081.98598616 y_k 18300811.03951462 1e-05 0.5296738147735596
6 fine 1 d_out 15963224.88827652 d_in 32019036.46087821 1e-09 0.10956525802612305
6 fine 0 d_out 32019036.46087821 d_in 44831251.848026894 1e-09 0.09587502479553223
6 ------- seq update -------- 22.37886881828308
6 skipping!
6 ----------parallel -------- 22.379316806793213
6 fine 1 d_out 15963224.88827652 d_in 32019036.46087821 1e-09 0.10924172401428223
coarse1 5 2 c_kp1 51931791.636789344 c_k 53229991.93506741 f_k 52483035.235117055 y_k 53230027.495129205 1e-05 0.46659064292907715
6 fine 0 d_out 32019036.46087821 d_in 44831251.848026894 1e-09 0.09507107734680176
6 ------- seq update -------- 22.58380627632141
6 skipping!
6 ----------parallel -------- 22.584234476089478
3 fine 4 d_out 13594186.34821568 d_in 9952947.00044258 1e-09 0.5339870452880859
6 fine 1 d_out 15963224.88827652 d_in 32019036.46087821 1e-09 0.10966300964355469
6 fine 0 d_out 32019036.46087821 d_in 44831251.848026894 1e-09 0.10244011878967285
6 ------- seq update -------- 22.796561241149902
6 skipping!
coarse1 2 5 c_kp1 2743390.6742660343 c_k 0.0 f_k 0.0 y_k 0.0 1e-05 0.53169846534729
3 fine 3 d_out 9952947.00044258 d_in 7278561.992839624 1e-09 0.5417015552520752
coarse1 4 0 c_kp1 33515630.8582385 c_k 13594186.34821568 f_k 13597237.199741432 y_k 13594186.34821568 1e-05 0.5263123512268066
coarse1 5 1 c_kp1 60875992.799199104 c_k 56626961.332989745 f_k 54572043.95825047 y_k 56627139.33158713 1e-05 0.44530224800109863
3 fine 2 d_out 7278561.992839624 d_in 5401708.953386004 1e-09 0.5344774723052979
coarse1 2 4 c_kp1 2362254.075550263 c_k 0.0 f_k 0.0 y_k 0.0 1e-05 0.49515295028686523
coarse1 5 0 c_kp1 55612809.98961031 c_k 56106903.90462932 f_k 52059316.206099615 y_k 56107686.734533265 1e-05 0.0947723388671875
3 fine 1 d_out 5401708.953386004 d_in 4133940.961820703 1e-09 0.5290532112121582
3 fine 0 d_out 4133940.961820703 d_in 3297404.490594577 1e-09 0.5185801982879639
3 ------- seq update -------- 24.640135288238525
recv...
3 recv! 33534549.089973666
4 coarse sent  33534549.089973666 (90711,)
4 ----------parallel -------- 24.682567358016968
coarse1 2 3 c_kp1 2083051.5720038784 c_k 0.0 f_k 0.0 y_k 0.0 1e-05 0.4935033321380615
4 fine 3 d_out 56107686.734533265 d_in 52446093.22337804 1e-09 0.6160521507263184
coarse1 3 4 c_kp1 26897253.564712465 c_k 9952958.716692094 f_k 9952947.00044258 y_k 9952958.716692094 1e-05 0.526341438293457
4 fine 2 d_out 52446093.22337804 d_in 46700032.1692163 1e-09 0.6040797233581543
coarse1 2 2 c_kp1 1864355.4650012776 c_k 0.0 f_k 0.0 y_k 0.0 1e-05 0.4914097785949707
4 fine 1 d_out 46700032.1692163 d_in 39908568.493976064 1e-09 0.7615039348602295
coarse1 3 3 c_kp1 21069333.168081693 c_k 7278592.450017702 f_k 7278561.992839624 y_k 7278592.450017702 1e-05 0.5113644599914551
coarse1 2 1 c_kp1 1683500.2582966809 c_k 0.0 f_k 0.0 y_k 0.0 1e-05 0.49631667137145996
4 fine 0 d_out 39908568.493976064 d_in 32939339.65081968 1e-09 0.5976705551147461
4 ------- seq update -------- 27.26212453842163
recv...
4 recv! 52059316.206099615
5 coarse sent  52059316.206099615 (90711,)
5 ----------parallel -------- 27.29710865020752
coarse1 3 2 c_kp1 16213506.703326197 c_k 5401755.322511803 f_k 5401708.953386004 y_k 5401755.322511803 1e-05 0.5091688632965088
5 fine 2 d_out 44831251.848026894 d_in 52483902.04013813 1e-09 0.5368435382843018
coarse1 2 0 c_kp1 1528314.7674547955 c_k 0.0 f_k 0.0 y_k 0.0 1e-05 0.48410820960998535
2 coarse sent  1528314.7674547955 (90711,)
1 recv! 1528314.7674547955
2 ----------parallel -------- 27.977888107299805
coarse1 4 3 c_kp1 42140639.948098786 c_k 52767304.92629096 f_k 52446093.22337804 y_k 52768132.914362244 1e-05 0.539440393447876
2 fine 5 d_out 3297453.2644561143 d_in 2743389.3124786173 1e-09 0.513171911239624
coarse1 3 1 c_kp1 12371941.213197226 c_k 4133993.746006039 f_k 4133940.961820703 y_k 4133993.746006039 1e-05 0.5067179203033447
5 fine 1 d_out 52483902.04013813 d_in 54576942.51625936 1e-09 1.0962324142456055
coarse1 1 6 c_kp1 1392093.740447403 c_k 0.0 f_k 0.0 y_k 0.0 1e-05 0.5128567218780518
2 fine 4 d_out 2743389.3124786173 d_in 2362251.5605100975 1e-09 0.5184803009033203
coarse1 4 2 c_kp1 40314123.181698315 c_k 47247157.826871864 f_k 46700032.1692163 y_k 47249418.73345271 1e-05 0.5322380065917969
5 fine 0 d_out 54576942.51625936 d_in 52068812.848676085 1e-09 0.5741019248962402
5 ------- seq update -------- 29.504515409469604
2 fine 3 d_out 2362251.5605100975 d_in 2083048.217225242 1e-09 0.5188159942626953
coarse1 3 0 c_kp1 9455609.15656291 c_k 3297453.2644561143 f_k 3297404.490594577 y_k 3297453.2644561143 1e-05 0.49800586700439453
coarse1 1 5 c_kp1 1270905.1440624294 c_k 0.0 f_k 0.0 y_k 0.0 1e-05 0.5128507614135742
2 fine 2 d_out 2083048.217225242 d_in 1864351.6853047393 1e-09 0.5196590423583984
coarse1 5 2 c_kp1 51931791.636789344 c_k 53230150.94920566 f_k 52483902.04013813 y_k 52483188.96519734 1e-05 0.09639716148376465
coarse1 4 1 c_kp1 33462499.223330278 c_k 40538294.78611416 f_k 39908568.493976064 y_k 40540814.47778878 1e-05 0.526665449142456
2 fine 1 d_out 1864351.6853047393 d_in 1683496.4414815202 1e-09 0.5210592746734619
coarse1 5 1 c_kp1 60880659.89827918 c_k 56626961.4506899 f_k 54576942.51625936 y_k 54572044.07233063 1e-05 0.09532499313354492
coarse1 1 4 c_kp1 1162242.7875397033 c_k 0.0 f_k 0.0 y_k 0.0 1e-05 0.4899890422821045
2 fine 0 d_out 1683496.4414815202 d_in 1528311.4066895207 1e-09 0.5162372589111328
2 ------- seq update -------- 31.08571767807007
recv...
2 recv! 9455561.03681254
3 coarse sent  9455561.03681254 (90711,)
3 ----------parallel -------- 31.08802628517151
coarse1 5 0 c_kp1 55612845.36130654 c_k 56106903.90462932 f_k 52068812.848676085 y_k 52059316.206099615 1e-05 0.0951077938079834
coarse1 4 0 c_kp1 26978725.826941658 c_k 33531006.7354499 f_k 32939339.65081968 y_k 33534549.089973666 1e-05 0.5250165462493896
3 fine 4 d_out 33534549.089973666 d_in 26904491.202815276 1e-09 0.5565409660339355
coarse1 1 3 c_kp1 1064368.937222425 c_k 0.0 f_k 0.0 y_k 0.0 1e-05 0.4802515506744385
coarse1 2 5 c_kp1 7322817.579066619 c_k 2743390.6742660343 f_k 2743389.3124786173 y_k 2743390.6742660343 1e-05 0.49733781814575195
3 fine 3 d_out 26904491.202815276 d_in 21069274.011455137 1e-09 0.5497941970825195
3 fine 2 d_out 21069274.011455137 d_in 16220271.917861177 1e-09 0.5663015842437744
coarse1 1 2 c_kp1 975992.8272989236 c_k 0.0 f_k 0.0 y_k 0.0 1e-05 0.4792616367340088
coarse1 2 4 c_kp1 5809595.749430769 c_k 2362254.075550263 f_k 2362251.5605100975 y_k 2362254.075550263 1e-05 0.4980926513671875
3 fine 1 d_out 16220271.917861177 d_in 12380264.0367695 1e-09 0.537987470626831
3 fine 0 d_out 12380264.0367695 d_in 9464705.834157864 1e-09 0.5485773086547852
3 ------- seq update -------- 33.8475706577301
recv...
3 recv! 26397389.08684051
4 coarse sent  26397389.08684051 (90711,)
4 ----------parallel -------- 33.889981269836426
coarse1 1 1 c_kp1 896106.0083419498 c_k 0.0 f_k 0.0 y_k 0.0 1e-05 0.4806478023529053
coarse1 2 3 c_kp1 4754205.771190827 c_k 2083051.5720038784 f_k 2083048.217225242 y_k 2083051.5720038784 1e-05 0.49753522872924805
4 fine 3 d_out 52059316.206099615 d_in 46509049.394198135 1e-09 0.5859465599060059
coarse1 3 4 c_kp1 20772963.011888105 c_k 26904186.031885497 f_k 26904491.202815276 y_k 26904170.090138502 1e-05 0.5336425304412842
coarse1 1 0 c_kp1 823894.4980070107 c_k 0.0 f_k 0.0 y_k 0.0 1e-05 0.4771437644958496
1 coarse sent  823894.4980070107 (90711,)
0 recv! 823894.4980070107
1 ----------parallel -------- 34.87615633010864
4 fine 2 d_out 46509049.394198135 d_in 39468554.85418186 1e-09 0.6060881614685059
coarse1 2 2 c_kp1 4015444.050628888 c_k 1864355.4650012776 f_k 1864351.6853047393 y_k 1864355.4650012776 1e-05 0.4994347095489502
1 fine 6 d_out 1528314.7674547955 d_in 1392093.96123328 1e-09 0.5092356204986572
4 fine 1 d_out 39468554.85418186 d_in 32152854.81852307 1e-09 0.6149818897247314
coarse1 0 7 c_kp1 758687.2602274652 c_k 0.0 f_k 0.0 y_k 0.0 1e-05 0.48952579498291016
coarse1 3 3 c_kp1 16102163.457907252 c_k 21066471.396577943 f_k 21069274.011455137 y_k 21066430.801146027 1e-05 0.5168914794921875
1 fine 5 d_out 1392093.96123328 d_in 1270905.5723001172 1e-09 0.5056233406066895
coarse1 2 1 c_kp1 3483549.4597410755 c_k 1683500.2582966809 f_k 1683496.4414815202 y_k 1683500.2582966809 1e-05 0.503859281539917
1 fine 4 d_out 1270905.5723001172 d_in 1162243.2048944682 1e-09 0.516845703125
coarse1 0 6 c_kp1 699924.2756580879 c_k 0.0 f_k 0.0 y_k 0.0 1e-05 0.5012011528015137
4 fine 0 d_out 32152854.81852307 d_in 25361660.83642934 1e-09 1.2593131065368652
4 ------- seq update -------- 36.956605434417725
recv...
4 recv! 52068812.848676085
5 coarse sent  52068812.848676085 (90711,)
5 ----------parallel -------- 36.99151277542114
coarse1 3 2 c_kp1 12374236.770802755 c_k 16214444.62621703 f_k 16220271.917861177 y_k 16214381.904167231 1e-05 0.5015931129455566
1 fine 3 d_out 1162243.2048944682 d_in 1064369.3919626665 1e-09 0.5190548896789551
5 fine 2 d_out 44831251.848026894 d_in 52483902.04012581 1e-09 0.11259293556213379
coarse1 2 0 c_kp1 3082246.576285179 c_k 1528314.7674547955 f_k 1528311.4066895207 y_k 1528314.7674547955 1e-05 0.49082159996032715
1 fine 2 d_out 1064369.3919626665 d_in 975993.2049285126 1e-09 0.53475022315979
5 fine 1 d_out 52483902.04012581 d_in 54576942.14040443 1e-09 0.5026450157165527
coarse1 0 5 c_kp1 647134.5136587629 c_k 0.0 f_k 0.0 y_k 0.0 1e-05 0.4816093444824219
coarse1 3 1 c_kp1 9503918.781331724 c_k 12372165.502762565 f_k 12380264.0367695 y_k 12372090.441049064 1e-05 0.5062992572784424
coarse1 4 3 c_kp1 45244504.03770671 c_k 46855095.76959105 f_k 46509049.394198135 y_k 46553097.66810353 1e-05 0.5093996524810791
1 fine 1 d_out 975993.2049285126 d_in 896106.3576532118 1e-09 0.5116117000579834
5 fine 0 d_out 54576942.14040443 d_in 52068813.16709249 1e-09 0.5044918060302734
5 ------- seq update -------- 38.11148810386658
5 skipping!
5 ----------parallel -------- 38.11199879646301
5 fine 2 d_out 44831251.848026894 d_in 52483902.04012581 1e-09 0.1086874008178711
1 fine 0 d_out 896106.3576532118 d_in 823894.8389710202 1e-09 0.5088975429534912
1 ------- seq update -------- 38.48271083831787
recv...
1 recv! 3082239.742229812
2 coarse sent  3082239.742229812 (90711,)
2 ----------parallel -------- 38.53043580055237
5 fine 1 d_out 52483902.04012581 d_in 54576942.14040443 1e-09 0.5002682209014893
coarse1 0 4 c_kp1 599920.378906925 c_k 0.0 f_k 0.0 y_k 0.0 1e-05 0.4789707660675049
coarse1 3 0 c_kp1 7359909.39894827 c_k 9455636.241621545 f_k 9464705.834157864 y_k 9455561.03681254 1e-05 0.506058931350708
coarse1 4 2 c_kp1 40275166.76309378 c_k 40315376.17329161 f_k 39468554.85418186 y_k 39787206.3031465 1e-05 0.5158748626708984
2 fine 5 d_out 9455561.03681254 d_in 7322817.873619071 1e-09 0.5207903385162354
5 fine 0 d_out 54576942.14040443 d_in 52068813.16709249 1e-09 0.4896359443664551
5 ------- seq update -------- 39.2108211517334
5 skipping!
5 ----------parallel -------- 39.21144342422485
5 fine 2 d_out 44831251.848026894 d_in 52483902.04012581 1e-09 0.10803961753845215
coarse1 1 6 c_kp1 2763270.4846230415 c_k 1392093.740447403 f_k 1392093.96123328 y_k 1392093.740447403 1e-05 0.506263256072998
2 fine 4 d_out 7322817.873619071 d_in 5809595.944186296 1e-09 0.5362040996551514
5 fine 1 d_out 52483902.04012581 d_in 54576942.14040443 1e-09 0.48954296112060547
coarse1 0 3 c_kp1 557944.9963735286 c_k 0.0 f_k 0.0 y_k 0.0 1e-05 0.4821345806121826
coarse1 4 1 c_kp1 33414250.256635208 c_k 33464285.379873138 f_k 32152854.81852307 y_k 32848600.875036355 1e-05 0.5086379051208496
2 fine 3 d_out 5809595.944186296 d_in 4754202.764895364 1e-09 0.5276744365692139
5 fine 0 d_out 54576942.14040443 d_in 52068813.16709249 1e-09 0.5016107559204102
5 ------- seq update -------- 40.31088709831238
5 skipping!
5 ----------parallel -------- 40.31150245666504
5 fine 2 d_out 44831251.848026894 d_in 52483902.04012581 1e-09 0.10808277130126953
coarse1 1 5 c_kp1 2498015.9968935144 c_k 1270905.1440624294 f_k 1270905.5723001172 y_k 1270905.1440624294 1e-05 0.5091822147369385
2 fine 2 d_out 4754202.764895364 d_in 4015435.2570736255 1e-09 0.521838903427124
coarse1 0 2 c_kp1 520921.07586831634 c_k 0.0 f_k 0.0 y_k 0.0 1e-05 0.48851871490478516
5 fine 1 d_out 52483902.04012581 d_in 54576942.14040443 1e-09 0.5010936260223389
coarse1 4 0 c_kp1 26920045.90777037 c_k 26980251.182985466 f_k 25361660.83642934 y_k 26397389.08684051 1e-05 0.49925923347473145
2 fine 1 d_out 4015435.2570736255 d_in 3483536.267325892 1e-09 0.521655797958374
5 fine 0 d_out 54576942.14040443 d_in 52068813.16709249 1e-09 0.4885547161102295
5 ------- seq update -------- 41.40947413444519
5 skipping!
5 ----------parallel -------- 41.40998840332031
5 fine 2 d_out 44831251.848026894 d_in 52483902.04012581 1e-09 0.10700154304504395
coarse1 1 4 c_kp1 2270013.2264053235 c_k 1162242.7875397033 f_k 1162243.2048944682 y_k 1162242.7875397033 1e-05 0.5054340362548828
2 fine 0 d_out 3483536.267325892 d_in 3082232.2523372485 1e-09 0.5120108127593994
2 ------- seq update -------- 41.671018838882446
recv...
2 recv! 7368631.184041504
3 coarse sent  7368631.184041504 (90711,)
3 ----------parallel -------- 41.67389249801636
coarse1 0 1 c_kp1 488600.4214080199 c_k 0.0 f_k 0.0 y_k 0.0 1e-05 0.46392393112182617
5 fine 1 d_out 52483902.04012581 d_in 54576942.14040443 1e-09 0.511829137802124
3 fine 4 d_out 26397389.08684051 d_in 20773023.622727815 1e-09 0.5531976222991943
5 fine 0 d_out 54576942.14040443 d_in 52068813.16709249 1e-09 0.500450849533081
5 ------- seq update -------- 42.52956819534302
5 skipping!
coarse1 1 3 c_kp1 2069755.3197362807 c_k 1064368.937222425 f_k 1064369.3919626665 y_k 1064368.937222425 1e-05 0.49550533294677734
coarse1 0 0 c_kp1 460763.2321129676 c_k 0.0 f_k 0.0 y_k 0.0 1e-05 0.46752166748046875
0 ----------parallel -------- 42.61451745033264
coarse1 2 5 c_kp1 5811026.566145637 c_k 7322815.888441515 f_k 7322817.873619071 y_k 7322814.652923557 1e-05 0.5062358379364014
3 fine 3 d_out 20773023.622727815 d_in 16101200.797584465 1e-09 0.5632100105285645
0 fine 7 d_out 823894.4980070107 d_in 758687.3225612714 1e-09 0.4917914867401123
3 fine 2 d_out 16101200.797584465 d_in 12372471.5722508 1e-09 0.5758082866668701
coarse1 1 2 c_kp1 1891547.1377858638 c_k 975992.8272989236 f_k 975993.2049285126 y_k 975992.8272989236 1e-05 0.4869804382324219
0 fine 6 d_out 758687.3225612714 d_in 699924.3406216935 1e-09 0.49121928215026855
coarse1 2 4 c_kp1 4701280.305224226 c_k 5809594.292682697 f_k 5809595.944186296 y_k 5809590.825434611 1e-05 0.5037782192230225
3 fine 1 d_out 12372471.5722508 d_in 9499165.299243633 1e-09 0.5739126205444336
0 fine 5 d_out 699924.3406216935 d_in 647134.6267202722 1e-09 0.4888036251068115
coarse1 1 1 c_kp1 1731759.8681375799 c_k 896106.0083419498 f_k 896106.3576532118 y_k 896106.0083419498 1e-05 0.48627448081970215
3 fine 0 d_out 9499165.299243633 d_in 7354401.785453372 1e-09 0.576216459274292
3 ------- seq update -------- 44.51663637161255
recv...
3 recv! 25304060.976483215
4 coarse sent  25304060.976483215 (90711,)
4 ----------parallel -------- 44.559685945510864
0 fine 4 d_out 647134.6267202722 d_in 599920.5813789503 1e-09 0.49103641510009766
coarse1 2 3 c_kp1 3915675.6198276896 c_k 4754206.968015787 f_k 4754202.764895364 y_k 4754201.467039997 1e-05 0.5009114742279053
4 fine 3 d_out 52068812.848676085 d_in 46522761.419905946 1e-09 0.592670202255249
0 fine 3 d_out 599920.5813789503 d_in 557945.2797213893 1e-09 0.5096735954284668
coarse1 1 0 c_kp1 1587906.4308643478 c_k 823894.4980070107 f_k 823894.8389710202 y_k 823894.4980070107 1e-05 0.4900074005126953
coarse1 3 4 c_kp1 19461885.29093845 c_k 20773541.25365584 f_k 20773023.622727815 y_k 20773832.317399595 1e-05 0.5199975967407227
0 fine 2 d_out 557945.2797213893 d_in 520921.4161473794 1e-09 0.5091829299926758
4 fine 2 d_out 46522761.419905946 d_in 39485560.006509155 1e-09 0.5731258392333984
coarse1 2 2 c_kp1 3352331.715787383 c_k 4015444.5184733495 f_k 4015435.2570736255 y_k 4015437.794164778 1e-05 0.49329304695129395
0 fine 1 d_out 520921.4161473794 d_in 488600.7759133903 1e-09 0.5027971267700195
4 fine 1 d_out 39485560.006509155 d_in 32172049.581343707 1e-09 0.5902199745178223
coarse1 3 3 c_kp1 14729290.565235356 c_k 16102465.727382138 f_k 16101200.797584465 y_k 16105164.953913728 1e-05 0.5187749862670898
0 fine 0 d_out 488600.7759133903 d_in 460763.61176332214 1e-09 0.5006711483001709
0 ------- seq update -------- 46.6002938747406
recv...
0 recv! 1587906.770581126
1 coarse sent  1587906.770581126 (90711,)
1 ----------parallel -------- 46.609687089920044
coarse1 2 1 c_kp1 2934984.178279951 c_k 3483549.7965864716 f_k 3483536.267325892 y_k 3483542.8367037578 1e-05 0.49376487731933594
4 fine 0 d_out 32172049.581343707 d_in 25381651.990178026 1e-09 0.5792808532714844
4 ------- seq update -------- 46.895275592803955
1 fine 6 d_out 3082239.742229812 d_in 2763271.3136790306 1e-09 0.522226095199585
coarse1 4 3 c_kp1 45244504.03770671 c_k 46846283.1145147 f_k 46522761.419905946 y_k 46500455.74362999 1e-05 0.09393620491027832
coarse1 3 2 c_kp1 11075776.091166649 c_k 12375625.861937054 f_k 12372471.5722508 y_k 12381269.580663312 1e-05 0.5189859867095947
coarse1 0 7 c_kp1 1458164.9674324205 c_k 758687.2602274652 f_k 758687.3225612714 y_k 758687.2602274652 1e-05 0.4940972328186035
coarse1 2 0 c_kp1 2611578.7118445807 c_k 3082245.5623622756 f_k 3082232.2523372485 y_k 3082239.742229812 1e-05 0.5001866817474365
1 fine 5 d_out 2763271.3136790306 d_in 2498017.2706530415 1e-09 0.523611307144165
coarse1 4 2 c_kp1 40275169.77603489 c_k 40285762.480510205 f_k 39485560.006509155 y_k 39439511.1793435 1e-05 0.09399724006652832
1 fine 4 d_out 2498017.2706530415 d_in 2270015.3248378863 1e-09 0.5174751281738281
coarse1 0 6 c_kp1 1341124.114988266 c_k 699924.2756580879 f_k 699924.3406216935 y_k 699924.2756580879 1e-05 0.48329663276672363
coarse1 3 1 c_kp1 8368776.029939028 c_k 9503949.748414015 f_k 9499165.299243633 y_k 9511788.96247436 1e-05 0.5188150405883789
1 fine 3 d_out 2270015.3248378863 d_in 2069757.8226338534 1e-09 0.5261788368225098
coarse1 4 1 c_kp1 33414254.881800365 c_k 33416748.6860146 f_k 32172049.581343707 y_k 32106253.159439933 1e-05 0.09456014633178711
1 fine 2 d_out 2069757.8226338534 d_in 1891549.2738179157 1e-09 0.5153017044067383
coarse1 4 0 c_kp1 26920035.723874114 c_k 26921427.14945081 f_k 25381651.990178026 y_k 25304060.976483215 1e-05 0.09444284439086914
coarse1 0 5 c_kp1 1235652.6756115486 c_k 647134.5136587629 f_k 647134.6267202722 y_k 647134.5136587629 1e-05 0.4779965877532959
coarse1 3 0 c_kp1 6432912.997811492 c_k 7359895.557470138 f_k 7354401.785453372 y_k 7368631.184041504 1e-05 0.5068013668060303
1 fine 1 d_out 1891549.2738179157 d_in 1731761.272340356 1e-09 0.5165202617645264
1 fine 0 d_out 1731761.272340356 d_in 1587908.0754286658 1e-09 0.5133569240570068
1 ------- seq update -------- 50.2448251247406
recv...
1 recv! 2611563.8103986834
2 coarse sent  2611563.8103986834 (90711,)
2 ----------parallel -------- 50.292935609817505
coarse1 0 4 c_kp1 1140820.9342628145 c_k 599920.378906925 f_k 599920.5813789503 y_k 599920.378906925 1e-05 0.48006510734558105
2 fine 5 d_out 7368631.184041504 d_in 5811016.491786491 1e-09 0.5290327072143555
coarse1 1 6 c_kp1 2349156.648331468 c_k 2763270.9849040657 f_k 2763271.3136790306 y_k 2763271.363590214 1e-05 0.49956560134887695
2 fine 4 d_out 5811016.491786491 d_in 4701269.55918059 1e-09 0.5388057231903076
coarse1 0 3 c_kp1 1055856.0656966153 c_k 557944.9963735286 f_k 557945.2797213893 y_k 557944.9963735286 1e-05 0.4680488109588623
2 fine 3 d_out 4701269.55918059 d_in 3915665.3760440834 1e-09 0.5237913131713867
coarse1 1 5 c_kp1 2127915.968498725 c_k 2498016.2568330304 f_k 2498017.2706530415 y_k 2498016.944306004 1e-05 0.4936697483062744
coarse1 0 2 c_kp1 980110.0273589018 c_k 520921.07586831634 f_k 520921.4161473794 y_k 520921.07586831634 1e-05 0.4763936996459961
2 fine 2 d_out 3915665.3760440834 d_in 3352322.3359720507 1e-09 0.5371854305267334
2 fine 1 d_out 3352322.3359720507 d_in 2934974.8184873695 1e-09 0.5325353145599365
coarse1 1 4 c_kp1 1936151.7540114424 c_k 2270013.65241029 f_k 2270015.3248378863 y_k 2270014.2898535137 1e-05 0.4822208881378174
coarse1 0 1 c_kp1 913036.2222432971 c_k 488600.4214080199 f_k 488600.7759133903 y_k 488600.4214080199 1e-05 0.467785120010376
2 fine 0 d_out 2934974.8184873695 d_in 2611567.2344983704 1e-09 0.528522253036499
2 ------- seq update -------- 53.48322582244873
recv...
2 recv! 6427684.149008238
3 coarse sent  6427684.149008238 (90711,)
3 ----------parallel -------- 53.485557079315186
3 fine 4 d_out 25304060.976483215 d_in 19461887.45688626 1e-09 0.5389158725738525
coarse1 1 3 c_kp1 1766904.5826773345 c_k 2069755.9183924468 f_k 2069757.8226338534 y_k 2069756.4622505985 1e-05 0.4833042621612549
coarse1 0 0 c_kp1 854168.3493481325 c_k 460763.2321129676 f_k 460763.61176332214 y_k 460763.2321129676 1e-05 0.4740109443664551
0 ----------parallel -------- 54.21021318435669
coarse1 2 5 c_kp1 5082514.754607026 c_k 5811017.6067606965 f_k 5811016.491786491 y_k 5811019.441993336 1e-05 0.5042760372161865
3 fine 3 d_out 19461887.45688626 d_in 14729013.416936975 1e-09 0.5488691329956055
0 fine 7 d_out 1587906.770581126 d_in 1458164.8902670157 1e-09 0.5128858089447021
3 fine 2 d_out 14729013.416936975 d_in 11074172.955095625 1e-09 0.5523927211761475
coarse1 1 2 c_kp1 1615877.1563215016 c_k 1891547.7098809292 f_k 1891549.2738179157 y_k 1891548.1113684378 1e-05 0.4885098934173584
0 fine 6 d_out 1458164.8902670157 d_in 1341124.109054662 1e-09 0.5000600814819336
coarse1 2 4 c_kp1 4160018.95625045 c_k 4701272.177454531 f_k 4701269.55918059 y_k 4701273.665218477 1e-05 0.5076653957366943
3 fine 1 d_out 11074172.955095625 d_in 8366393.517805027 1e-09 0.5655138492584229
0 fine 5 d_out 1341124.109054662 d_in 1235652.4638315546 1e-09 0.4964182376861572
coarse1 1 1 c_kp1 1480256.6801691814 c_k 1731759.8509656067 f_k 1731761.272340356 y_k 1731760.1729573724 1e-05 0.48349738121032715
3 fine 0 d_out 8366393.517805027 d_in 6431317.083890046 1e-09 0.5520925521850586
3 ------- seq update -------- 56.24369478225708
recv...
3 recv! 25381651.990177963
4 coarse sent  25381651.990177963 (90711,)
4 ----------parallel -------- 56.286149740219116
0 fine 4 d_out 1235652.4638315546 d_in 1140820.6804260607 1e-09 0.4898860454559326
4 fine 3 d_out 52068812.848676085 d_in 46522761.41990602 1e-09 0.09560203552246094
4 fine 2 d_out 46522761.41990602 d_in 39485560.00650906 1e-09 0.0987248420715332
coarse1 2 3 c_kp1 3521142.366561622 c_k 3915669.7271989044 f_k 3915665.3760440834 y_k 3915665.5646464606 1e-05 0.4894833564758301
4 fine 1 d_out 39485560.00650906 d_in 32172049.581343703 1e-09 0.09346652030944824
4 fine 0 d_out 32172049.581343703 d_in 25381651.990177963 1e-09 0.09455299377441406
4 ------- seq update -------- 56.668790102005005
4 skipping!
4 ----------parallel -------- 56.66922426223755
4 fine 3 d_out 52068812.848676085 d_in 46522761.41990602 1e-09 0.09445929527282715
0 fine 3 d_out 1140820.6804260607 d_in 1055855.8439799263 1e-09 0.5142202377319336
4 fine 2 d_out 46522761.41990602 d_in 39485560.00650906 1e-09 0.09463334083557129
4 fine 1 d_out 39485560.00650906 d_in 32172049.581343703 1e-09 0.09974956512451172
4 fine 0 d_out 32172049.581343703 d_in 25381651.990177963 1e-09 0.09880375862121582
4 ------- seq update -------- 57.057161808013916
4 skipping!
4 ----------parallel -------- 57.05757665634155
coarse1 1 0 c_kp1 1358072.1555258601 c_k 1587906.5004512593 f_k 1587908.0754286658 y_k 1587906.770581126 1e-05 0.4739530086517334
4 fine 3 d_out 52068812.848676085 d_in 46522761.41990602 1e-09 0.10039448738098145
4 fine 2 d_out 46522761.41990602 d_in 39485560.00650906 1e-09 0.09294962882995605
coarse1 3 4 c_kp1 19543241.345242947 c_k 19461972.791685008 f_k 19461887.45688626 y_k 19461488.612658706 1e-05 0.48066067695617676
0 fine 2 d_out 1055855.8439799263 d_in 980110.0345301111 1e-09 0.5042541027069092
4 fine 1 d_out 39485560.00650906 d_in 32172049.581343703 1e-09 0.09453439712524414
4 fine 0 d_out 32172049.581343703 d_in 25381651.990177963 1e-09 0.09415602684020996
4 ------- seq update -------- 57.43989086151123
4 skipping!
4 ----------parallel -------- 57.44033360481262
4 fine 3 d_out 52068812.848676085 d_in 46522761.41990602 1e-09 0.09350323677062988
coarse1 2 2 c_kp1 3062455.6622384065 c_k 3352329.041123138 f_k 3352322.3359720507 y_k 3352320.252549109 1e-05 0.4924013614654541
4 fine 2 d_out 46522761.41990602 d_in 39485560.00650906 1e-09 0.09544730186462402
4 fine 1 d_out 39485560.00650906 d_in 32172049.581343703 1e-09 0.09894728660583496
4 fine 0 d_out 32172049.581343703 d_in 25381651.990177963 1e-09 0.09956240653991699
4 ------- seq update -------- 57.8280725479126
4 skipping!
0 fine 1 d_out 980110.0345301111 d_in 913036.4460670189 1e-09 0.5093088150024414
coarse1 3 3 c_kp1 14805904.817915775 c_k 14729735.985456672 f_k 14729013.416936975 y_k 14728546.455409002 1e-05 0.49182605743408203
0 fine 0 d_out 913036.4460670189 d_in 854168.9138210659 1e-09 0.49823760986328125
0 ------- seq update -------- 58.236096143722534
recv...
0 recv! 1358073.7649391524
1 coarse sent  1358073.7649391524 (90711,)
1 ----------parallel -------- 58.2453248500824
coarse1 2 1 c_kp1 2715230.5550491316 c_k 2934983.0435400996 f_k 2934974.8184873695 y_k 2934970.259922494 1e-05 0.4884352684020996
1 fine 6 d_out 2611563.8103986834 d_in 2349156.0882891533 1e-09 0.5336930751800537
coarse1 3 2 c_kp1 11141851.621787844 c_k 11075798.81485691 f_k 11074172.955095625 y_k 11072883.78630341 1e-05 0.4814023971557617
coarse1 0 7 c_kp1 1247858.177127336 c_k 1458164.9040749127 f_k 1458164.8902670157 y_k 1458164.9666786122 1e-05 0.47036075592041016
1 fine 5 d_out 2349156.0882891533 d_in 2127915.54009348 1e-09 0.5229778289794922
coarse1 2 0 c_kp1 2437554.5861215563 c_k 2611576.222923498 f_k 2611567.2344983704 y_k 2611563.8103986834 1e-05 0.4765791893005371
1 fine 4 d_out 2127915.54009348 d_in 1936150.3483000894 1e-09 0.525244951248169
coarse1 0 6 c_kp1 1148463.952177765 c_k 1341124.2884252663 f_k 1341124.109054662 y_k 1341124.3541676335 1e-05 0.4707145690917969
coarse1 3 1 c_kp1 8423279.070473608 c_k 8368259.380409783 f_k 8366393.517805027 y_k 8363865.906322918 1e-05 0.4789400100708008
1 fine 3 d_out 1936150.3483000894 d_in 1766903.1438894654 1e-09 0.5133993625640869
1 fine 2 d_out 1766903.1438894654 d_in 1615876.3159452383 1e-09 0.5260007381439209
coarse1 0 5 c_kp1 1058964.4413685089 c_k 1235652.6842220605 f_k 1235652.4638315546 y_k 1235652.803018939 1e-05 0.46865153312683105
coarse1 3 0 c_kp1 6476171.402099129 c_k 6432658.324303906 f_k 6431317.083890046 y_k 6427684.149008238 1e-05 0.47855043411254883
1 fine 1 d_out 1615876.3159452383 d_in 1480255.6408342891 1e-09 0.5227084159851074
1 fine 0 d_out 1480255.6408342891 d_in 1358070.7472077573 1e-09 0.5246152877807617
1 ------- seq update -------- 61.914448261260986
recv...
1 recv! 2437545.421946757
2 coarse sent  2437545.421946757 (90711,)
2 ----------parallel -------- 61.96206212043762
coarse1 0 4 c_kp1 978595.4281841434 c_k 1140820.9014525549 f_k 1140820.6804260607 y_k 1140821.117228201 1e-05 0.4701347351074219
2 fine 5 d_out 6427684.149008238 d_in 5082514.33152748 1e-09 0.5558021068572998
coarse1 1 6 c_kp1 2205260.0895429254 c_k 2349156.4057564307 f_k 2349156.0882891533 y_k 2349156.725834092 1e-05 0.48461270332336426
coarse1 0 3 c_kp1 906720.0123547761 c_k 1055855.9815811792 f_k 1055855.8439799263 y_k 1055856.282403949 1e-05 0.46912503242492676
2 fine 4 d_out 5082514.33152748 d_in 4160292.95445734 1e-09 0.558762788772583
2 fine 3 d_out 4160292.95445734 d_in 3521555.075581285 1e-09 0.5592865943908691
coarse1 1 5 c_kp1 2004714.2013055554 c_k 2127916.2359191463 f_k 2127915.54009348 y_k 2127917.249185765 1e-05 0.4845108985900879
coarse1 0 2 c_kp1 842802.76601315 c_k 980110.0128734052 f_k 980110.0345301111 y_k 980110.3722394832 1e-05 0.47421884536743164
2 fine 2 d_out 3521555.075581285 d_in 3062925.9430636084 1e-09 0.5499086380004883
2 fine 1 d_out 3062925.9430636084 d_in 2715676.8068500827 1e-09 0.5426690578460693
coarse1 0 1 c_kp1 786389.982620728 c_k 913036.2045768375 f_k 913036.4460670189 y_k 913036.57325147 1e-05 0.4557631015777588
coarse1 1 4 c_kp1 1828066.7001202118 c_k 1936151.3209206555 f_k 1936150.3483000894 y_k 1936153.012223673 1e-05 0.48531389236450195
2 fine 0 d_out 2715676.8068500827 d_in 2437944.7478035297 1e-09 0.5503406524658203
2 ------- seq update -------- 65.27921938896179
recv...
2 recv! 6474803.457634069
3 coarse sent  6474803.457634069 (90711,)
3 ----------parallel -------- 65.28205299377441
coarse1 0 0 c_kp1 737092.8565214234 c_k 854168.4465942853 f_k 854168.9138210659 y_k 854168.8372818823 1e-05 0.458573579788208
0 ----------parallel -------- 65.73841643333435
3 fine 4 d_out 25381651.990177963 d_in 19542438.757025428 1e-09 0.5521433353424072
coarse1 1 3 c_kp1 1670588.2247268036 c_k 1766903.9410394838 f_k 1766903.1438894654 y_k 1766905.8961206174 1e-05 0.4853386878967285
coarse1 2 5 c_kp1 5119776.604784016 c_k 5082385.267725691 f_k 5082514.33152748 y_k 5082384.288527929 1e-05 0.482280969619751
0 fine 7 d_out 1358073.7649391524 d_in 1247858.1293354882 1e-09 0.49666714668273926
3 fine 3 d_out 19542438.757025428 d_in 14805104.087517308 1e-09 0.5521113872528076
0 fine 6 d_out 1247858.1293354882 d_in 1148463.8833920117 1e-09 0.5178263187408447
coarse1 1 2 c_kp1 1529224.1596020793 c_k 1615877.0106594048 f_k 1615876.3159452383 y_k 1615878.665994451 1e-05 0.48102664947509766
3 fine 2 d_out 14805104.087517308 d_in 11140825.81895338 1e-09 0.5524611473083496
coarse1 2 4 c_kp1 4188774.220373919 c_k 4159986.401035612 f_k 4160292.95445734 y_k 4159984.1554339635 1e-05 0.4803333282470703
0 fine 5 d_out 1148463.8833920117 d_in 1058964.242754954 1e-09 0.5093686580657959
3 fine 1 d_out 11140825.81895338 d_in 8421160.979400478 1e-09 0.5551731586456299
coarse1 1 1 c_kp1 1401845.2908349356 c_k 1480256.505826245 f_k 1480255.6408342891 y_k 1480258.0629805627 1e-05 0.5073890686035156
0 fine 4 d_out 1058964.242754954 d_in 978595.2410658908 1e-09 0.5113940238952637
3 fine 0 d_out 8421160.979400478 d_in 6473906.873890426 1e-09 0.5689809322357178
3 ------- seq update -------- 68.0632905960083
coarse1 2 3 c_kp1 3542927.297974874 c_k 3521119.944247201 f_k 3521555.075581285 y_k 3521116.192236031 1e-05 0.4679248332977295
0 fine 3 d_out 978595.2410658908 d_in 906719.701496043 1e-09 0.4972860813140869
coarse1 3 4 c_kp1 19543241.345242947 c_k 19542653.7141338 f_k 19542438.757025428 y_k 19542568.22168815 1e-05 0.09542536735534668
coarse1 1 0 c_kp1 1286864.181431258 c_k 1358072.0083313496 f_k 1358070.7472077573 y_k 1358073.7649391524 1e-05 0.4777820110321045
0 fine 2 d_out 906719.701496043 d_in 842802.1733411467 1e-09 0.5027964115142822
coarse1 2 2 c_kp1 3079019.024125925 c_k 3062451.347927155 f_k 3062925.9430636084 y_k 3062445.5015741508 1e-05 0.49308156967163086
coarse1 3 3 c_kp1 14805914.059519066 c_k 14805772.792894743 f_k 14805104.087517308 y_k 14805047.856218845 1e-05 0.09575819969177246
0 fine 1 d_out 842802.1733411467 d_in 786389.1756483279 1e-09 0.4946165084838867
0 fine 0 d_out 786389.1756483279 d_in 737091.6519773776 1e-09 0.4996762275695801
0 ------- seq update -------- 69.76857805252075
recv...
0 recv! 1286862.9972707545
1 coarse sent  1286862.9972707545 (90711,)
1 ----------parallel -------- 69.77779126167297
coarse1 3 2 c_kp1 11141852.29116185 c_k 11142290.84750293 f_k 11140825.81895338 y_k 11140659.469958356 1e-05 0.09601879119873047
coarse1 2 1 c_kp1 2728121.8007108793 c_k 2715229.723232238 f_k 2715676.8068500827 y_k 2715222.456189904 1e-05 0.4799344539642334
1 fine 6 d_out 2437545.421946757 d_in 2205260.1643107063 1e-09 0.5263261795043945
coarse1 3 1 c_kp1 8423279.061726272 c_k 8423222.221695812 f_k 8421160.979400478 y_k 8421350.146703217 1e-05 0.09688878059387207
coarse1 0 7 c_kp1 1183038.5298644535 c_k 1247858.1950800961 f_k 1247858.1293354882 y_k 1247858.1813279265 1e-05 0.48073315620422363
1 fine 5 d_out 2205260.1643107063 d_in 2004715.0986077026 1e-09 0.5377354621887207
coarse1 3 0 c_kp1 6476171.36571297 c_k 6476148.227558684 f_k 6473906.873890426 y_k 6474803.457634069 1e-05 0.09563660621643066
coarse1 2 0 c_kp1 2447930.3268591557 c_k 2437553.5426656785 f_k 2437944.7478035297 y_k 2437545.421946757 1e-05 0.4705355167388916
1 fine 4 d_out 2004715.0986077026 d_in 1828067.5167500959 1e-09 0.5405263900756836
coarse1 0 6 c_kp1 1089367.1898125014 c_k 1148464.0064773795 f_k 1148463.8833920117 y_k 1148463.832736756 1e-05 0.4701664447784424
1 fine 3 d_out 1828067.5167500959 d_in 1670589.6799347354 1e-09 0.5273478031158447
1 fine 2 d_out 1670589.6799347354 d_in 1529225.7656324466 1e-09 0.526892900466919
coarse1 0 5 c_kp1 1005020.4396980342 c_k 1058964.4392976142 f_k 1058964.242754954 y_k 1058964.2293084154 1e-05 0.4753267765045166
1 fine 1 d_out 1529225.7656324466 d_in 1401845.8958662439 1e-09 0.5257382392883301
1 fine 0 d_out 1401845.8958662439 d_in 1286863.9537029874 1e-09 0.5240943431854248
1 ------- seq update -------- 73.48693466186523
recv...
1 recv! 2448328.79227692
2 coarse sent  2448328.79227692 (90711,)
2 ----------parallel -------- 73.53457379341125
coarse1 0 4 c_kp1 929307.0225214949 c_k 978595.5483350558 f_k 978595.2410658908 y_k 978595.3431364542 1e-05 0.4675290584564209
2 fine 5 d_out 6474803.457634069 d_in 5119777.2013052115 1e-09 0.5473430156707764
coarse1 1 6 c_kp1 2214270.696558676 c_k 2205259.776139862 f_k 2205260.1643107063 y_k 2205259.607720335 1e-05 0.4746263027191162
coarse1 0 3 c_kp1 861645.850667102 c_k 906720.1797732052 f_k 906719.701496043 y_k 906720.0656999279 1e-05 0.4745805263519287
2 fine 4 d_out 5119777.2013052115 d_in 4188830.362890853 1e-09 0.542780876159668
2 fine 3 d_out 4188830.362890853 d_in 3543037.111021785 1e-09 0.5424847602844238
coarse1 0 2 c_kp1 801546.1713450531 c_k 842802.8635843025 f_k 842802.1733411467 y_k 842802.9164761297 1e-05 0.45917272567749023
coarse1 1 5 c_kp1 2012463.7546179653 c_k 2004714.1574438969 f_k 2004715.0986077026 y_k 2004713.712965076 1e-05 0.48034024238586426
2 fine 2 d_out 3543037.111021785 d_in 3079173.7752784765 1e-09 0.5467936992645264
2 fine 1 d_out 3079173.7752784765 d_in 2728278.541646054 1e-09 0.5446791648864746
coarse1 0 1 c_kp1 748590.4405013846 c_k 786390.148565653 f_k 786389.1756483279 y_k 786390.4275906985 1e-05 0.46784281730651855
coarse1 1 4 c_kp1 1834878.552115506 c_k 1828066.0945321831 f_k 1828067.5167500959 y_k 1828065.3631474902 1e-05 0.47287440299987793
2 fine 0 d_out 2728278.541646054 d_in 2448082.67983024 1e-09 0.5423452854156494
2 ------- seq update -------- 76.80137419700623
recv...
2 recv! 6473906.873890426
3 coarse sent  6473906.873890426 (90711,)
3 ----------parallel -------- 76.80370759963989
3 fine 4 d_out 25381651.990177963 d_in 19542438.75702545 1e-09 0.09566736221313477
3 fine 3 d_out 19542438.75702545 d_in 14805104.087517308 1e-09 0.09678363800048828
3 fine 2 d_out 14805104.087517308 d_in 11140825.818953384 1e-09 0.10168313980102539
3 fine 1 d_out 11140825.818953384 d_in 8421160.979400486 1e-09 0.0949404239654541
3 fine 0 d_out 8421160.979400486 d_in 6473906.873890426 1e-09 0.10058331489562988
3 ------- seq update -------- 77.29374599456787
3 skipping!
3 ----------parallel -------- 77.29419159889221
coarse1 0 0 c_kp1 702418.7018696355 c_k 737092.8586012986 f_k 737091.6519773776 y_k 737093.3672386163 1e-05 0.4700300693511963
0 ----------parallel -------- 77.29447555541992
3 fine 4 d_out 25381651.990177963 d_in 19542438.75702545 1e-09 0.09542346000671387
coarse1 1 3 c_kp1 1676666.3428197664 c_k 1670588.001601681 f_k 1670589.6799347354 y_k 1670587.3270011574 1e-05 0.46515965461730957
3 fine 3 d_out 19542438.75702545 d_in 14805104.087517308 1e-09 0.0968160629272461
3 fine 2 d_out 14805104.087517308 d_in 11140825.818953384 1e-09 0.09537935256958008
3 fine 1 d_out 11140825.818953384 d_in 8421160.979400486 1e-09 0.09486937522888184
3 fine 0 d_out 8421160.979400486 d_in 6473906.873890426 1e-09 0.09496545791625977
3 ------- seq update -------- 77.77199077606201
3 skipping!
3 ----------parallel -------- 77.77243852615356
coarse1 2 5 c_kp1 5118320.816457807 c_k 5119750.132269739 f_k 5119777.2013052115 y_k 5119881.3967195805 1e-05 0.4809234142303467
0 fine 7 d_out 1286862.9972707545 d_in 1183038.5423519874 1e-09 0.5017671585083008
3 fine 4 d_out 25381651.990177963 d_in 19542438.75702545 1e-09 0.0952460765838623
3 fine 3 d_out 19542438.75702545 d_in 14805104.087517308 1e-09 0.0970010757446289
3 fine 2 d_out 14805104.087517308 d_in 11140825.818953384 1e-09 0.10154914855957031
3 fine 1 d_out 11140825.818953384 d_in 8421160.979400486 1e-09 0.10070323944091797
3 fine 0 d_out 8421160.979400486 d_in 6473906.873890426 1e-09 0.09489321708679199
3 ------- seq update -------- 78.2621967792511
3 skipping!
0 fine 6 d_out 1183038.5423519874 d_in 1089367.162899433 1e-09 0.5052649974822998
coarse1 1 2 c_kp1 1534697.7220948196 c_k 1529224.5221219666 f_k 1529225.7656324466 y_k 1529223.841244684 1e-05 0.4654107093811035
coarse1 2 4 c_kp1 4187190.1912971674 c_k 4188754.244666161 f_k 4188830.362890853 y_k 4189066.6043572286 1e-05 0.4742145538330078
0 fine 5 d_out 1089367.162899433 d_in 1005020.4654074078 1e-09 0.5036609172821045
coarse1 1 1 c_kp1 1406801.1873862974 c_k 1401845.191027316 f_k 1401845.8958662439 y_k 1401844.267138022 1e-05 0.46413087844848633
0 fine 4 d_out 1005020.4654074078 d_in 929306.9438116022 1e-09 0.49200010299682617
coarse1 2 3 c_kp1 3541545.436487351 c_k 3542911.834602498 f_k 3543037.111021785 y_k 3543356.437600465 1e-05 0.4759187698364258
0 fine 3 d_out 929306.9438116022 d_in 861645.562710553 1e-09 0.4907643795013428
coarse1 1 0 c_kp1 1291366.7893353573 c_k 1286864.3662736316 f_k 1286863.9537029874 y_k 1286862.9972707545 1e-05 0.46257591247558594
0 fine 2 d_out 861645.562710553 d_in 801545.6283338252 1e-09 0.49819231033325195
coarse1 2 2 c_kp1 3077983.243673424 c_k 3079019.0847883997 f_k 3079173.7752784765 y_k 3079505.165643141 1e-05 0.4728250503540039
0 fine 1 d_out 801545.6283338252 d_in 748589.6810948785 1e-09 0.49938368797302246
0 fine 0 d_out 748589.6810948785 d_in 702417.4890899443 1e-09 0.4985058307647705
0 ------- seq update -------- 81.28455901145935
recv...
0 recv! 1291366.0534467064
1 coarse sent  1291366.0534467064 (90711,)
1 ----------parallel -------- 81.29373073577881
coarse1 2 1 c_kp1 2727391.373956706 c_k 2728114.5093873465 f_k 2728278.541646054 y_k 2728572.932175854 1e-05 0.46087169647216797
1 fine 6 d_out 2448328.79227692 d_in 2214270.9910584847 1e-09 0.5382087230682373
coarse1 0 7 c_kp1 1187137.1003808992 c_k 1183038.5104796693 f_k 1183038.5423519874 y_k 1183038.4436133846 1e-05 0.4567561149597168
1 fine 5 d_out 2214270.9910584847 d_in 2012468.4722011155 1e-09 0.5387070178985596
coarse1 2 0 c_kp1 2447440.176498027 c_k 2447927.932006722 f_k 2448082.67983024 y_k 2448328.79227692 1e-05 0.46045780181884766
1 fine 4 d_out 2012468.4722011155 d_in 1834886.4661689019 1e-09 0.5226199626922607
coarse1 0 6 c_kp1 1093101.6843373855 c_k 1089367.103647014 f_k 1089367.162899433 y_k 1089366.985525319 1e-05 0.4558897018432617
1 fine 3 d_out 1834886.4661689019 d_in 1676675.7220596853 1e-09 0.5111293792724609
1 fine 2 d_out 1676675.7220596853 d_in 1534708.042698843 1e-09 0.5234274864196777
coarse1 0 5 c_kp1 1008426.4080485606 c_k 1005020.4742407874 f_k 1005020.4654074078 y_k 1005020.2799524879 1e-05 0.45532870292663574
1 fine 1 d_out 1534708.042698843 d_in 1406811.965822053 1e-09 0.5216522216796875
1 fine 0 d_out 1406811.965822053 d_in 1291377.7080299433 1e-09 0.5230393409729004
1 ------- seq update -------- 84.97299408912659
recv...
1 recv! 2447601.1122031435
2 coarse sent  2447601.1122031435 (90711,)
2 ----------parallel -------- 85.02060508728027
coarse1 0 4 c_kp1 932415.115901994 c_k 929307.0683357295 f_k 929306.9438116022 y_k 929306.756022436 1e-05 0.44730710983276367
2 fine 5 d_out 6473906.873890426 d_in 5118311.23644892 1e-09 0.5454254150390625
coarse1 0 3 c_kp1 864482.4295055456 c_k 861645.8731519696 f_k 861645.562710553 y_k 861645.3815039899 1e-05 0.45879197120666504
coarse1 1 6 c_kp1 2213736.5338927754 c_k 2214267.7239322923 f_k 2214270.9910584847 y_k 2214268.1357876994 1e-05 0.4659731388092041
2 fine 4 d_out 5118311.23644892 d_in 4187180.0062130284 1e-09 0.5433275699615479
2 fine 3 d_out 4187180.0062130284 d_in 3541531.2242162153 1e-09 0.5403463840484619
coarse1 0 2 c_kp1 804137.1239270275 c_k 801546.1433057808 f_k 801545.6283338252 y_k 801545.4312251859 1e-05 0.4648456573486328
coarse1 1 5 c_kp1 2012069.9907107297 c_k 2012461.6048051014 f_k 2012468.4722011155 y_k 2012462.5935953665 1e-05 0.4647519588470459
2 fine 2 d_out 3541531.2242162153 d_in 3077964.5768965436 1e-09 0.5470149517059326
2 fine 1 d_out 3077964.5768965436 d_in 2727372.7790850983 1e-09 0.5306742191314697
coarse1 0 1 c_kp1 750958.4832345594 c_k 748590.5233483369 f_k 748589.6810948785 y_k 748589.5209418867 1e-05 0.4566683769226074
coarse1 1 4 c_kp1 1834576.7397714788 c_k 1834877.8131851193 f_k 1834886.4661689019 y_k 1834879.2992133594 1e-05 0.4555473327636719
2 fine 0 d_out 2727372.7790850983 d_in 2447419.181588314 1e-09 0.5392448902130127
2 ------- seq update -------- 88.26702404022217
coarse1 0 0 c_kp1 704584.5217973773 c_k 702418.7619667683 f_k 702417.4890899443 y_k 702417.5157261796 1e-05 0.45868825912475586
0 ----------parallel -------- 88.69282054901123
coarse1 1 3 c_kp1 1676427.4519701614 c_k 1676665.6261484132 f_k 1676675.7220596853 y_k 1676667.3734695902 1e-05 0.4586219787597656
coarse1 2 5 c_kp1 5118320.816457807 c_k 5118317.8676989125 f_k 5118311.23644892 y_k 5118344.877246111 1e-05 0.0941152572631836
0 fine 7 d_out 1291366.0534467064 d_in 1187137.0997038495 1e-09 0.511328935623169
coarse1 2 4 c_kp1 4187190.214629402 c_k 4187196.639336508 f_k 4187180.0062130284 y_k 4187272.558773456 1e-05 0.0989694595336914
0 fine 6 d_out 1187137.0997038495 d_in 1093102.1781426072 1e-09 0.5101168155670166
coarse1 1 2 c_kp1 1534499.9308932913 c_k 1534697.366426155 f_k 1534708.042698843 y_k 1534698.6738335704 1e-05 0.45672154426574707
coarse1 2 3 c_kp1 3541545.437034831 c_k 3541553.21145605 f_k 3541531.2242162153 y_k 3541678.0746731167 1e-05 0.09199929237365723
0 fine 5 d_out 1093102.1781426072 d_in 1008427.164505414 1e-09 0.5084545612335205
coarse1 2 2 c_kp1 3077983.228704287 c_k 3077988.1834884994 f_k 3077964.5768965436 y_k 3078142.299375106 1e-05 0.09777617454528809
coarse1 1 1 c_kp1 1406634.1998959826 c_k 1406800.9831215409 f_k 1406811.965822053 y_k 1406801.743069265 1e-05 0.4607682228088379
0 fine 4 d_out 1008427.164505414 d_in 932416.3608203882 1e-09 0.5091068744659424
coarse1 2 1 c_kp1 2727391.3799487366 c_k 2727399.116343054 f_k 2727372.7790850983 y_k 2727562.533403088 1e-05 0.0921638011932373
0 fine 3 d_out 932416.3608203882 d_in 864485.4429131948 1e-09 0.4997384548187256
coarse1 1 0 c_kp1 1291224.9242992136 c_k 1291366.4203891503 f_k 1291377.7080299433 y_k 1291366.0534467064 1e-05 0.44794535636901855
coarse1 2 0 c_kp1 2447440.176416296 c_k 2447446.9165247655 f_k 2447419.181588314 y_k 2447601.1122031435 1e-05 0.09225678443908691
0 fine 2 d_out 864485.4429131948 d_in 804141.036408821 1e-09 0.4990394115447998
0 fine 1 d_out 804141.036408821 d_in 750963.4719935551 1e-09 0.503140926361084
0 fine 0 d_out 750963.4719935551 d_in 704590.71386636 1e-09 0.5001721382141113
0 ------- seq update -------- 92.73441767692566
recv...
0 recv! 1291238.8909569774
1 coarse sent  1291238.8909569774 (90711,)
1 ----------parallel -------- 92.74359226226807
1 fine 6 d_out 2447601.1122031435 d_in 2213737.091235108 1e-09 0.5307972431182861
coarse1 0 7 c_kp1 1187031.7520141932 c_k 1187136.8398275354 f_k 1187137.0997038495 y_k 1187136.8720091775 1e-05 0.4498100280761719
1 fine 5 d_out 2213737.091235108 d_in 2012063.2999335534 1e-09 0.5406785011291504
1 fine 4 d_out 2012063.2999335534 d_in 1834565.2686997042 1e-09 0.5381653308868408
coarse1 0 6 c_kp1 1093015.6161596153 c_k 1093101.6247344087 f_k 1093102.1781426072 y_k 1093101.684631731 1e-05 0.44480037689208984
1 fine 3 d_out 1834565.2686997042 d_in 1676410.890651953 1e-09 0.5257937908172607
1 fine 2 d_out 1676410.890651953 d_in 1534483.5781735294 1e-09 0.5254001617431641
coarse1 0 5 c_kp1 1008357.5304574519 c_k 1008426.2350466482 f_k 1008427.164505414 y_k 1008426.2265597713 1e-05 0.4454045295715332
1 fine 1 d_out 1534483.5781735294 d_in 1406618.807643277 1e-09 0.5155160427093506
coarse1 0 4 c_kp1 932363.2437157427 c_k 932414.1891757082 f_k 932416.3608203882 y_k 932414.0651645898 1e-05 0.4493889808654785
1 fine 0 d_out 1406618.807643277 d_in 1291210.6329535819 1e-09 0.5147922039031982
1 ------- seq update -------- 96.4351954460144
recv...
1 recv! 2447419.181588309
2 coarse sent  2447419.181588309 (90711,)
2 ----------parallel -------- 96.48282217979431
2 fine 5 d_out 6473906.873890426 d_in 5118311.23644892 1e-09 0.09430980682373047
2 fine 4 d_out 5118311.23644892 d_in 4187180.0062130275 1e-09 0.09181785583496094
2 fine 3 d_out 4187180.0062130275 d_in 3541531.224216215 1e-09 0.09180426597595215
2 fine 2 d_out 3541531.224216215 d_in 3077964.5768965436 1e-09 0.09186100959777832
2 fine 1 d_out 3077964.5768965436 d_in 2727372.779085097 1e-09 0.09375905990600586
2 fine 0 d_out 2727372.779085097 d_in 2447419.181588309 1e-09 0.09404349327087402
2 ------- seq update -------- 97.04080605506897
2 skipping!
2 ----------parallel -------- 97.04139971733093
2 fine 5 d_out 6473906.873890426 d_in 5118311.23644892 1e-09 0.09212064743041992
2 fine 4 d_out 5118311.23644892 d_in 4187180.0062130275 1e-09 0.09749245643615723
2 fine 3 d_out 4187180.0062130275 d_in 3541531.224216215 1e-09 0.09752178192138672
coarse1 0 3 c_kp1 864449.3628198594 c_k 864482.4660918519 f_k 864485.4429131948 y_k 864482.1567330663 1e-05 0.4389317035675049
2 fine 2 d_out 3541531.224216215 d_in 3077964.5768965436 1e-09 0.09266185760498047
coarse1 1 6 c_kp1 2213574.7044956903 c_k 2213744.829027131 f_k 2213737.091235108 y_k 2213748.086438782 1e-05 0.4545266628265381
2 fine 1 d_out 3077964.5768965436 d_in 2727372.779085097 1e-09 0.09575915336608887
2 fine 0 d_out 2727372.779085097 d_in 2447419.181588309 1e-09 0.09198236465454102
2 ------- seq update -------- 97.60933542251587
2 skipping!
coarse1 0 2 c_kp1 804120.9820188552 c_k 804137.1460641244 f_k 804141.036408821 y_k 804136.6334861774 1e-05 0.43892598152160645
coarse1 1 5 c_kp1 2011922.8875568423 c_k 2012076.6817545467 f_k 2012063.2999335534 y_k 2012083.5334027284 1e-05 0.4591653347015381
coarse1 0 1 c_kp1 750960.0019611608 c_k 750958.5306377283 f_k 750963.4719935551 y_k 750957.691711045 1e-05 0.4441816806793213
coarse1 1 4 c_kp1 1834444.3072251957 c_k 1834584.0987620126 f_k 1834565.2686997042 y_k 1834592.7344200732 1e-05 0.45317554473876953
coarse1 0 0 c_kp1 704604.292435362 c_k 704584.3881349249 f_k 704590.71386636 y_k 704583.1194132343 1e-05 0.44884371757507324
0 ----------parallel -------- 100.0710244178772
coarse1 1 3 c_kp1 1676306.7592239717 c_k 1676429.4044029184 f_k 1676410.890651953 y_k 1676439.487005037 1e-05 0.4548611640930176
0 fine 7 d_out 1291238.8909569774 d_in 1187031.7686386525 1e-09 0.5006484985351562
0 fine 6 d_out 1187031.7686386525 d_in 1093017.045987838 1e-09 0.5003316402435303
coarse1 1 2 c_kp1 1534393.7636575955 c_k 1534501.2270887594 f_k 1534483.5781735294 y_k 1534511.895821635 1e-05 0.4548676013946533
0 fine 5 d_out 1093017.045987838 d_in 1008361.3081466063 1e-09 0.5156660079956055
0 fine 4 d_out 1008361.3081466063 d_in 932369.3225170282 1e-09 0.5001156330108643
coarse1 1 1 c_kp1 1406540.8567688558 c_k 1406635.4661536834 f_k 1406618.807643277 y_k 1406646.446091061 1e-05 0.4437563419342041
0 fine 3 d_out 932369.3225170282 d_in 864457.1141022703 1e-09 0.497971773147583
coarse1 1 0 c_kp1 1291146.7748489596 c_k 1291227.6029324967 f_k 1291210.6329535819 y_k 1291238.8909569774 1e-05 0.45458984375
0 fine 2 d_out 864457.1141022703 d_in 804131.5893096181 1e-09 0.5028402805328369
0 fine 1 d_out 804131.5893096181 d_in 750973.3026629713 1e-09 0.506420373916626
0 fine 0 d_out 750973.3026629713 d_in 704620.380689585 1e-09 0.5010967254638672
0 ------- seq update -------- 104.0966546535492
recv...
0 recv! 1291132.7675693855
1 coarse sent  1291132.7675693855 (90711,)
1 ----------parallel -------- 104.10590720176697
1 fine 6 d_out 2447419.181588309 d_in 2213575.437799245 1e-09 0.5311739444732666
coarse1 0 7 c_kp1 1186935.8356206638 c_k 1187030.2395889813 f_k 1187031.7686386525 y_k 1187030.500089975 1e-05 0.4497866630554199
1 fine 5 d_out 2213575.437799245 d_in 2011920.41416921 1e-09 0.523371696472168
1 fine 4 d_out 2011920.41416921 d_in 1834438.0446837414 1e-09 0.5258431434631348
coarse1 0 6 c_kp1 1092932.7581917248 c_k 1093013.2233335958 f_k 1093017.045987838 y_k 1093013.7779637545 1e-05 0.4406239986419678
1 fine 3 d_out 1834438.0446837414 d_in 1676296.4357865236 1e-09 0.5238358974456787
1 fine 2 d_out 1676296.4357865236 d_in 1534379.7570347777 1e-09 0.5150599479675293
coarse1 0 5 c_kp1 1008288.6321317089 c_k 1008355.0728387159 f_k 1008361.3081466063 y_k 1008356.0040715107 1e-05 0.43950438499450684
1 fine 1 d_out 1534379.7570347777 d_in 1406524.180974837 1e-09 0.5136609077453613
1 fine 0 d_out 1406524.180974837 d_in 1291124.2275376122 1e-09 0.5218591690063477
1 ------- seq update -------- 107.76117539405823
coarse1 0 4 c_kp1 932307.3566707065 c_k 932361.4777130898 f_k 932369.3225170282 y_k 932363.6523501137 1e-05 0.43889808654785156
coarse1 1 6 c_kp1 2213574.7044956903 c_k 2213579.086846446 f_k 2213575.437799245 y_k 2213571.351070071 1e-05 0.1000661849975586
coarse1 0 3 c_kp1 864402.5158366993 c_k 864446.6666133868 f_k 864457.1141022703 y_k 864449.6470111666 1e-05 0.44492387771606445
coarse1 1 5 c_kp1 2011922.9233405052 c_k 2011928.1492876357 f_k 2011920.41416921 y_k 2011914.7710407726 1e-05 0.09376215934753418
coarse1 1 4 c_kp1 1834444.309867316 c_k 1834449.8957536032 f_k 1834438.0446837414 y_k 1834431.0709022572 1e-05 0.09401774406433105
coarse1 0 2 c_kp1 804084.4688712689 c_k 804118.5040873754 f_k 804131.5893096181 y_k 804122.3985887379 1e-05 0.44420528411865234
coarse1 1 3 c_kp1 1676306.7659914205 c_k 1676312.0897131998 f_k 1676296.4357865236 y_k 1676293.5808706065 1e-05 0.09964203834533691
coarse1 0 1 c_kp1 750932.4117501698 c_k 750957.5836389229 f_k 750973.3026629713 y_k 750962.5297209672 1e-05 0.4394867420196533
coarse1 1 2 c_kp1 1534393.7689784255 c_k 1534398.2643053448 f_k 1534379.7570347777 y_k 1534380.6193489146 1e-05 0.0940401554107666
coarse1 1 1 c_kp1 1406540.8577778484 c_k 1406549.3134345517 f_k 1406524.180974837 y_k 1406532.6580414227 1e-05 0.09959268569946289
coarse1 0 0 c_kp1 704584.5921143626 c_k 704603.2117393478 f_k 704620.380689585 y_k 704609.5430398119 1e-05 0.440324068069458
0 ----------parallel -------- 111.44525694847107
coarse1 1 0 c_kp1 1291146.774461874 c_k 1291149.7347487856 f_k 1291124.2275376122 y_k 1291132.7675693855 1e-05 0.09390759468078613
0 fine 7 d_out 1291132.7675693855 d_in 1186935.8380922307 1e-09 0.4981064796447754
0 fine 6 d_out 1186935.8380922307 d_in 1092931.0376162094 1e-09 0.507422924041748
0 fine 5 d_out 1092931.0376162094 d_in 1008284.9298409092 1e-09 0.5092642307281494
0 fine 4 d_out 1008284.9298409092 d_in 932302.2820753339 1e-09 0.509516716003418
0 fine 3 d_out 932302.2820753339 d_in 864399.136317954 1e-09 0.5107312202453613
0 fine 2 d_out 864399.136317954 d_in 804082.4286001095 1e-09 0.5082955360412598
0 fine 1 d_out 804082.4286001095 d_in 750932.7498685342 1e-09 0.5095555782318115
0 fine 0 d_out 750932.7498685342 d_in 704588.2606032836 1e-09 0.5000338554382324
0 ------- seq update -------- 115.49869585037231
recv...
0 recv! 1291124.2275375277
1 coarse sent  1291124.2275375277 (90711,)
1 ----------parallel -------- 115.50791716575623
1 fine 6 d_out 2447419.181588309 d_in 2213575.4377991497 1e-09 0.09634590148925781
1 fine 5 d_out 2213575.4377991497 d_in 2011920.414169001 1e-09 0.10138487815856934
1 fine 4 d_out 2011920.414169001 d_in 1834438.0446835763 1e-09 0.10148262977600098
1 fine 3 d_out 1834438.0446835763 d_in 1676296.435786502 1e-09 0.09960651397705078
1 fine 2 d_out 1676296.435786502 d_in 1534379.7570347656 1e-09 0.09954977035522461
1 fine 1 d_out 1534379.7570347656 d_in 1406524.1809728616 1e-09 0.11206674575805664
1 fine 0 d_out 1406524.1809728616 d_in 1291124.2275375277 1e-09 0.09370207786560059
1 ------- seq update -------- 116.21253705024719
1 skipping!
coarse1 0 7 c_kp1 1186927.2167746648 c_k 1186937.80794989 f_k 1186935.8380922307 y_k 1186939.3371829374 1e-05 0.38420987129211426
coarse1 0 6 c_kp1 1092924.6376707165 c_k 1092935.5808039522 f_k 1092931.0376162094 y_k 1092939.403909159 1e-05 0.3982205390930176
coarse1 0 5 c_kp1 1008281.9940806386 c_k 1008291.1132070859 f_k 1008284.9298409092 y_k 1008297.3491797677 1e-05 0.3399851322174072
coarse1 0 4 c_kp1 932303.2909106214 c_k 932306.9289086466 f_k 932302.2820753339 y_k 932314.7744956273 1e-05 0.09667539596557617
coarse1 0 3 c_kp1 864402.5161163541 c_k 864402.9378481191 f_k 864399.136317954 y_k 864413.3862581651 1e-05 0.09089779853820801
coarse1 0 2 c_kp1 804084.4694522045 c_k 804084.1153954639 f_k 804082.4286001095 y_k 804097.2016755494 1e-05 0.09080219268798828
coarse1 0 1 c_kp1 750932.4117087888 c_k 750931.424360893 f_k 750932.7498685342 y_k 750947.1445390987 1e-05 0.09068536758422852
coarse1 0 0 c_kp1 704584.5922886436 c_k 704583.8079684994 f_k 704588.2606032836 y_k 704600.9781479954 1e-05 0.09076285362243652
0 ----------parallel -------- 120.85014128684998
0 fine 7 d_out 1291124.2275375277 d_in 1186927.2266750957 1e-09 0.48994922637939453
0 fine 6 d_out 1186927.2266750957 d_in 1092922.056410455 1e-09 0.5089659690856934
0 fine 5 d_out 1092922.056410455 d_in 1008275.3227730095 1e-09 0.5004768371582031
0 fine 4 d_out 1008275.3227730095 d_in 932291.8090439509 1e-09 0.49199628829956055
0 fine 3 d_out 932291.8090439509 d_in 864387.5627278686 1e-09 0.4902479648590088
0 fine 2 d_out 864387.5627278686 d_in 804069.5190357441 1e-09 0.48605871200561523
0 fine 1 d_out 804069.5190357441 d_in 750918.2660952945 1e-09 0.4895966053009033
0 fine 0 d_out 750918.2660952945 d_in 704571.9635967328 1e-09 0.4771292209625244
0 ------- seq update -------- 124.78504920005798
coarse1 0 7 c_kp1 1186927.2167746648 c_k 1186929.5951597833 f_k 1186927.2266750957 y_k 1186927.6252783644 1e-05 0.09075570106506348
coarse1 0 6 c_kp1 1092924.6376707323 c_k 1092928.4651453167 f_k 1092922.056410455 y_k 1092923.9219375127 1e-05 0.0908803939819336
coarse1 0 5 c_kp1 1008281.9940805878 c_k 1008286.7860037651 f_k 1008275.3227730095 y_k 1008280.6026464842 1e-05 0.0964040756225586
coarse1 0 4 c_kp1 932303.2909106027 c_k 932306.9289082782 f_k 932291.8090439509 y_k 932302.2820749657 1e-05 0.09654712677001953
coarse1 0 3 c_kp1 864402.5161157736 c_k 864402.937847853 f_k 864387.5627278686 y_k 864399.1363176883 1e-05 0.0965576171875
coarse1 0 2 c_kp1 804084.4694525012 c_k 804084.1153954924 f_k 804069.5190357441 y_k 804082.4286001382 1e-05 0.09082341194152832
coarse1 0 1 c_kp1 750932.411708269 c_k 750931.4243611657 f_k 750918.2660952945 y_k 750932.7498688069 1e-05 0.09074687957763672
coarse1 0 0 c_kp1 704584.5922883194 c_k 704583.8079685168 f_k 704571.9635967328 y_k 704588.2606033011 1e-05 0.0964047908782959
============
704571.9635967328
============
[7.15255737e-07 4.26140792e+01 5.42097838e+01 6.57379444e+01
 7.72940347e+01 8.86923862e+01 1.00070596e+02 1.11444790e+02
 1.20849716e+02 1.29312171e+02]
[1.00000000e+00 3.51435904e-01 2.18292500e-01 4.83446972e-02
 3.13039144e-03 3.63221715e-04 7.25518085e-05 4.93609870e-05
 4.25799173e-05 1.05374346e-09]
