2 6
3 5
4 4
5 3
6 2
7 1
0 8
1 7
7 ------- seq update -------- 8.177757263183594e-05
6 ------- seq update -------- 2.4318695068359375e-05
recv...
5 ------- seq update -------- 2.7418136596679688e-05
recv...
4 ------- seq update -------- 0.00011324882507324219
recv...
3 ------- seq update -------- 3.886222839355469e-05
recv...
2 ------- seq update -------- 0.00010991096496582031
recv...
1 ------- seq update -------- 0.00011277198791503906
recv...
0 ------- seq update -------- 0.00011038780212402344
recv...
coarse1 7 0 c_kp1 11551647.211196436 c_k 0.0 f_k 0.0 y_k 0.0 1e-05 0.5906105041503906
7 coarse sent  11551647.211196436 (21830,)
7 ----------parallel -------- 1.1900243759155273
6 recv! 11551647.211196436
7 fine 0 d_out 0.0 d_in 11551647.22655117 1e-09 0.06510710716247559
7 ------- seq update -------- 1.25520920753479
coarse1 6 1 c_kp1 23619619.350821566 c_k 0.0 f_k 0.0 y_k 0.0 1e-05 0.06453895568847656
coarse1 6 0 c_kp1 32574583.190652307 c_k 0.0 f_k 0.0 y_k 0.0 1e-05 0.06460833549499512
6 coarse sent  32574583.190652307 (21830,)
6 ----------parallel -------- 1.4589014053344727
5 recv! 32574583.190652307
6 fine 1 d_out 11551647.211196436 d_in 23609194.324050166 1e-09 0.06593585014343262
6 fine 0 d_out 23609194.324050166 d_in 33486255.81736586 1e-09 0.07229423522949219
6 ------- seq update -------- 1.5973005294799805
recv...
coarse1 5 2 c_kp1 37523189.11411803 c_k 0.0 f_k 0.0 y_k 0.0 1e-05 0.06332254409790039
coarse1 5 1 c_kp1 38369646.74255031 c_k 0.0 f_k 0.0 y_k 0.0 1e-05 0.06101393699645996
coarse1 5 0 c_kp1 35995178.20194887 c_k 0.0 f_k 0.0 y_k 0.0 1e-05 0.06078600883483887
5 coarse sent  35995178.20194887 (21830,)
5 ----------parallel -------- 1.848557710647583
4 recv! 35995178.20194887
coarse1 7 0 c_kp1 11551647.211196436 c_k 11551647.211196436 f_k 11551647.22655117 y_k 11551647.211196436 1e-05 0.023936986923217773
7 coarse sent  11551647.22655117 (21830,)
7 ----------parallel -------- 1.8828716278076172
6 recv! 11551647.22655117
7 fine 0 d_out 0.0 d_in 11551647.22655117 1e-09 0.03643035888671875
7 ------- seq update -------- 1.9193840026855469
7 skipping!
7 ----------parallel -------- 1.9195079803466797
5 fine 2 d_out 32574583.190652307 d_in 37526498.183212355 1e-09 0.06693077087402344
7 fine 0 d_out 0.0 d_in 11551647.22655117 1e-09 0.0369412899017334
7 ------- seq update -------- 1.9565227031707764
7 skipping!
7 ----------parallel -------- 1.9566600322723389
coarse1 6 1 c_kp1 23619595.11380247 c_k 23619619.350821566 f_k 23609194.324050166 y_k 23619619.350821566 1e-05 0.023701190948486328
5 fine 1 d_out 37526498.183212355 d_in 38375365.46014058 1e-09 0.06224942207336426
7 fine 0 d_out 0.0 d_in 11551647.22655117 1e-09 0.0367584228515625
7 ------- seq update -------- 1.9934897422790527
7 skipping!
7 ----------parallel -------- 1.9936180114746094
coarse1 4 3 c_kp1 31624775.749574687 c_k 0.0 f_k 0.0 y_k 0.0 1e-05 0.0603795051574707
7 fine 0 d_out 0.0 d_in 11551647.22655117 1e-09 0.03691911697387695
7 ------- seq update -------- 2.0306124687194824
7 skipping!
7 ----------parallel -------- 2.0307466983795166
5 fine 0 d_out 38375365.46014058 d_in 36001524.937859654 1e-09 0.06520414352416992
5 ------- seq update -------- 2.0431556701660156
recv...
coarse1 6 0 c_kp1 32574722.872843005 c_k 32574583.190652307 f_k 33486255.81736586 y_k 32574583.190652307 1e-05 0.02341938018798828
5 recv! 33486255.81736586
6 coarse sent  33486255.81736586 (21830,)
6 ----------parallel -------- 2.0564534664154053
7 fine 0 d_out 0.0 d_in 11551647.22655117 1e-09 0.038144588470458984
7 ------- seq update -------- 2.068967819213867
7 skipping!
7 ----------parallel -------- 2.0691192150115967
7 fine 0 d_out 0.0 d_in 11551647.22655117 1e-09 0.03684711456298828
7 ------- seq update -------- 2.106051206588745
7 skipping!
7 ----------parallel -------- 2.1061928272247314
6 fine 1 d_out 11551647.22655117 d_in 23609194.321544252 1e-09 0.05472064018249512
coarse1 4 2 c_kp1 26380551.283084787 c_k 0.0 f_k 0.0 y_k 0.0 1e-05 0.059326171875
6 fine 0 d_out 23609194.321544252 d_in 33486255.81736586 1e-09 0.023628711700439453
6 ------- seq update -------- 2.134970188140869
7 fine 0 d_out 0.0 d_in 11551647.22655117 1e-09 0.03816699981689453
7 ------- seq update -------- 2.144436836242676
7 skipping!
coarse1 5 2 c_kp1 39315035.87902105 c_k 37523189.11411803 f_k 37526498.183212355 y_k 37523189.11411803 1e-05 0.06248116493225098
coarse1 6 1 c_kp1 23619595.11380247 c_k 23619619.350821566 f_k 23609194.321544252 y_k 23609194.324050166 1e-05 0.023284912109375
coarse1 4 1 c_kp1 21094495.82119374 c_k 0.0 f_k 0.0 y_k 0.0 1e-05 0.05885028839111328
coarse1 5 1 c_kp1 40762275.47340134 c_k 38369646.74255031 f_k 38375365.46014058 y_k 38369646.74255031 1e-05 0.06070375442504883
coarse1 6 0 c_kp1 32574694.71093759 c_k 32574583.190652307 f_k 33486255.81736586 y_k 33486255.81736586 1e-05 0.023497819900512695
6 coarse sent  33486255.81736586 (21830,)
6 ----------parallel -------- 2.309735059738159
6 fine 1 d_out 11551647.22655117 d_in 23609194.321544252 1e-09 0.02755451202392578
coarse1 4 0 c_kp1 16280873.86686001 c_k 0.0 f_k 0.0 y_k 0.0 1e-05 0.058339595794677734
4 coarse sent  16280873.86686001 (21830,)
4 ----------parallel -------- 2.3393568992614746
6 fine 0 d_out 23609194.321544252 d_in 33486255.81736586 1e-09 0.023118019104003906
6 ------- seq update -------- 2.3605222702026367
6 skipping!
6 ----------parallel -------- 2.360649824142456
3 recv! 16280873.86686001
6 fine 1 d_out 11551647.22655117 d_in 23609194.321544252 1e-09 0.029015064239501953
6 fine 0 d_out 23609194.321544252 d_in 33486255.81736586 1e-09 0.022963523864746094
6 ------- seq update -------- 2.412757158279419
6 skipping!
6 ----------parallel -------- 2.4129152297973633
4 fine 3 d_out 35995178.20194887 d_in 31624466.145122427 1e-09 0.0628042221069336
coarse1 5 0 c_kp1 39057203.012591906 c_k 35995178.20194887 f_k 36001524.937859654 y_k 35995178.20194887 1e-05 0.060086965560913086
5 coarse sent  39062311.27925259 (21830,)
5 ----------parallel -------- 2.420743227005005
6 fine 1 d_out 11551647.22655117 d_in 23609194.321544252 1e-09 0.027657032012939453
6 fine 0 d_out 23609194.321544252 d_in 33486255.81736586 1e-09 0.024466514587402344
6 ------- seq update -------- 2.465174436569214
6 skipping!
6 ----------parallel -------- 2.4653139114379883
4 fine 2 d_out 31624466.145122427 d_in 26379834.88071228 1e-09 0.061315298080444336
coarse1 3 4 c_kp1 12193232.312915219 c_k 0.0 f_k 0.0 y_k 0.0 1e-05 0.05985593795776367
6 fine 1 d_out 11551647.22655117 d_in 23609194.321544252 1e-09 0.027455806732177734
5 fine 2 d_out 33486255.81736586 d_in 39515069.89184991 1e-09 0.06679153442382812
6 fine 0 d_out 23609194.321544252 d_in 33486255.81736586 1e-09 0.023361682891845703
6 ------- seq update -------- 2.5162553787231445
6 skipping!
6 ----------parallel -------- 2.5163960456848145
4 fine 1 d_out 26379834.88071228 d_in 21093021.81589125 1e-09 0.061617136001586914
6 fine 1 d_out 11551647.22655117 d_in 23609194.321544252 1e-09 0.027225017547607422
5 fine 1 d_out 39515069.89184991 d_in 41287649.00326299 1e-09 0.06821393966674805
6 fine 0 d_out 23609194.321544252 d_in 33486255.81736586 1e-09 0.02325153350830078
6 ------- seq update -------- 2.567002534866333
6 skipping!
6 ----------parallel -------- 2.567146062850952
6 fine 1 d_out 11551647.22655117 d_in 23609194.321544252 1e-09 0.02749943733215332
4 fine 0 d_out 21093021.81589125 d_in 16279923.892904747 1e-09 0.06264257431030273
4 ------- seq update -------- 2.587989330291748
recv...
4 recv! 39062311.27925259
coarse1 3 3 c_kp1 8898266.259901334 c_k 0.0 f_k 0.0 y_k 0.0 1e-05 0.05850505828857422
6 fine 0 d_out 23609194.321544252 d_in 33486255.81736586 1e-09 0.02325129508972168
6 ------- seq update -------- 2.618023157119751
6 skipping!
5 fine 0 d_out 41287649.00326299 d_in 39492011.022439815 1e-09 0.06679105758666992
5 ------- seq update -------- 2.622742176055908
recv...
5 recv! 33486255.81736586
coarse1 5 2 c_kp1 39321672.13351992 c_k 39474259.06699292 f_k 39515069.89184991 y_k 39477617.281160526 1e-05 0.024804115295410156
coarse1 4 3 c_kp1 34695722.62777268 c_k 31624775.749574687 f_k 31624466.145122427 y_k 31624775.749574687 1e-05 0.060556888580322266
coarse1 3 2 c_kp1 6349254.788581318 c_k 0.0 f_k 0.0 y_k 0.0 1e-05 0.05894136428833008
coarse1 5 1 c_kp1 40761191.732875675 c_k 41067816.47620861 f_k 41287649.00326299 y_k 41073578.92275823 1e-05 0.023822546005249023
coarse1 4 2 c_kp1 29193441.64697935 c_k 26380551.283084787 f_k 26379834.88071228 y_k 26380551.283084787 1e-05 0.05934453010559082
coarse1 3 1 c_kp1 4442422.308067308 c_k 0.0 f_k 0.0 y_k 0.0 1e-05 0.0586543083190918
coarse1 5 0 c_kp1 39057203.01400915 c_k 39055943.04297611 f_k 39492011.022439815 y_k 39062311.27925259 1e-05 0.02348041534423828
5 coarse sent  39492011.022439815 (21830,)
5 ----------parallel -------- 2.8794209957122803
5 fine 2 d_out 33486255.81736586 d_in 39515069.89184991 1e-09 0.023414134979248047
5 fine 1 d_out 39515069.89184991 d_in 41287649.00326299 1e-09 0.02353811264038086
5 fine 0 d_out 41287649.00326299 d_in 39492011.022439815 1e-09 0.023264646530151367
5 ------- seq update -------- 2.9498379230499268
coarse1 4 1 c_kp1 23509082.961718634 c_k 21094495.82119374 f_k 21093021.81589125 y_k 21094495.82119374 1e-05 0.058645009994506836
coarse1 3 0 c_kp1 3055444.5561834634 c_k 0.0 f_k 0.0 y_k 0.0 1e-05 0.0577695369720459
3 coarse sent  3055444.5561834634 (21830,)
3 ----------parallel -------- 2.9435627460479736
2 recv! 3055444.5561834634
3 fine 4 d_out 16280873.86686001 d_in 12192989.791610282 1e-09 0.061956167221069336
coarse1 5 2 c_kp1 39321672.13351992 c_k 39474259.06699292 f_k 39515069.89184991 y_k 39515069.89184991 1e-05 0.02375936508178711
coarse1 4 0 c_kp1 18256688.548107013 c_k 16280873.86686001 f_k 16279923.892904747 y_k 16280873.86686001 1e-05 0.05835270881652832
4 coarse sent  18256928.501621958 (21830,)
4 ----------parallel -------- 3.063147783279419
3 fine 3 d_out 12192989.791610282 d_in 8897888.369772824 1e-09 0.061689138412475586
coarse1 2 5 c_kp1 2070337.8662321572 c_k 0.0 f_k 0.0 y_k 0.0 1e-05 0.05943584442138672
coarse1 5 1 c_kp1 40761952.76593129 c_k 41067816.47620861 f_k 41287649.00326299 y_k 41287649.00326299 1e-05 0.023978471755981445
4 fine 3 d_out 39062311.27925259 d_in 34695170.95832928 1e-09 0.06268644332885742
3 fine 2 d_out 8897888.369772824 d_in 6348854.067501909 1e-09 0.0617218017578125
4 fine 2 d_out 34695170.95832928 d_in 29196633.54870466 1e-09 0.06275224685668945
3 fine 1 d_out 6348854.067501909 d_in 4442071.679555562 1e-09 0.060715436935424805
coarse1 5 0 c_kp1 39057203.01460511 c_k 39055943.04297611 f_k 39492011.022439815 y_k 39492011.022439815 1e-05 0.02352428436279297
coarse1 2 4 c_kp1 1384811.0412169097 c_k 0.0 f_k 0.0 y_k 0.0 1e-05 0.05820798873901367
4 fine 1 d_out 29196633.54870466 d_in 23513397.919313814 1e-09 0.06371402740478516
3 fine 0 d_out 4442071.679555562 d_in 3055180.19496417 1e-09 0.0614018440246582
3 ------- seq update -------- 3.2513670921325684
recv...
3 recv! 18256928.501621958
4 fine 0 d_out 23513397.919313814 d_in 18255834.290301424 1e-09 0.06415820121765137
4 ------- seq update -------- 3.3167059421539307
recv...
5 coarse sent  39492011.022439815 (21830,)
4 recv! 39492011.022439815
5 ----------parallel -------- 3.3229262828826904
coarse1 2 3 c_kp1 916094.1821724102 c_k 0.0 f_k 0.0 y_k 0.0 1e-05 0.057764530181884766
5 fine 2 d_out 33486255.81736586 d_in 39515069.89184991 1e-09 0.02384471893310547
5 fine 1 d_out 39515069.89184991 d_in 41287649.00326299 1e-09 0.02317500114440918
coarse1 3 4 c_kp1 13745658.193446176 c_k 12193232.312915219 f_k 12192989.791610282 y_k 12193232.312915219 1e-05 0.057608604431152344
5 fine 0 d_out 41287649.00326299 d_in 39492011.022439815 1e-09 0.023415803909301758
5 ------- seq update -------- 3.393551826477051
5 skipping!
5 ----------parallel -------- 3.393702983856201
5 fine 2 d_out 33486255.81736586 d_in 39515069.89184991 1e-09 0.023658037185668945
5 fine 1 d_out 39515069.89184991 d_in 41287649.00326299 1e-09 0.023362159729003906
coarse1 4 3 c_kp1 32933531.05937887 c_k 34693762.2413064 f_k 34695170.95832928 y_k 34693448.1078786 1e-05 0.059566497802734375
coarse1 2 2 c_kp1 600459.7690201235 c_k 0.0 f_k 0.0 y_k 0.0 1e-05 0.05809330940246582
5 fine 0 d_out 41287649.00326299 d_in 39492011.022439815 1e-09 0.023767471313476562
5 ------- seq update -------- 3.4646754264831543
5 skipping!
5 ----------parallel -------- 3.464799165725708
5 fine 2 d_out 33486255.81736586 d_in 39515069.89184991 1e-09 0.023339509963989258
coarse1 3 3 c_kp1 10078262.90062622 c_k 8898266.259901334 f_k 8897888.369772824 y_k 8898266.259901334 1e-05 0.05760335922241211
5 fine 1 d_out 39515069.89184991 d_in 41287649.00326299 1e-09 0.02370738983154297
5 fine 0 d_out 41287649.00326299 d_in 39492011.022439815 1e-09 0.023523807525634766
5 ------- seq update -------- 3.535550594329834
5 skipping!
5 ----------parallel -------- 3.5357120037078857
5 fine 2 d_out 33486255.81736586 d_in 39515069.89184991 1e-09 0.02328324317932129
coarse1 4 2 c_kp1 29916038.444723174 c_k 29193618.82487355 f_k 29196633.54870466 y_k 29192895.281293128 1e-05 0.059479713439941406
coarse1 2 1 c_kp1 390677.2086051189 c_k 0.0 f_k 0.0 y_k 0.0 1e-05 0.05813717842102051
5 fine 1 d_out 39515069.89184991 d_in 41287649.00326299 1e-09 0.025141000747680664
5 fine 0 d_out 41287649.00326299 d_in 39492011.022439815 1e-09 0.023221731185913086
5 ------- seq update -------- 3.6075446605682373
5 skipping!
5 ----------parallel -------- 3.607710361480713
coarse1 3 2 c_kp1 7221380.107962174 c_k 6349254.788581318 f_k 6348854.067501909 y_k 6349254.788581318 1e-05 0.057450294494628906
5 fine 2 d_out 33486255.81736586 d_in 39515069.89184991 1e-09 0.023781299591064453
5 fine 1 d_out 39515069.89184991 d_in 41287649.00326299 1e-09 0.026446104049682617
5 fine 0 d_out 41287649.00326299 d_in 39492011.022439815 1e-09 0.025727033615112305
5 ------- seq update -------- 3.6838910579681396
5 skipping!
coarse1 4 1 c_kp1 24262792.436359674 c_k 23512294.952362474 f_k 23513397.919313814 y_k 23510807.69101074 1e-05 0.06481814384460449
coarse1 2 0 c_kp1 252793.2413006379 c_k 0.0 f_k 0.0 y_k 0.0 1e-05 0.06571173667907715
2 coarse sent  252793.2413006379 (21830,)
2 ----------parallel -------- 3.672757625579834
1 recv! 252793.2413006379
coarse1 3 1 c_kp1 5071626.66246478 c_k 4442422.308067308 f_k 4442071.679555562 y_k 4442422.308067308 1e-05 0.05799698829650879
2 fine 5 d_out 3055444.5561834634 d_in 2070335.4392561468 1e-09 0.0638875961303711
coarse1 4 0 c_kp1 18963464.631407656 c_k 18257879.070428263 f_k 18255834.290301424 y_k 18256928.501621958 1e-05 0.057341575622558594
4 coarse sent  18967802.031194746 (21830,)
4 ----------parallel -------- 3.7990055084228516
2 fine 4 d_out 2070335.4392561468 d_in 1384810.1668365458 1e-09 0.06230473518371582
coarse1 1 6 c_kp1 163003.32289657605 c_k 0.0 f_k 0.0 y_k 0.0 1e-05 0.05756688117980957
coarse1 3 0 c_kp1 3500039.967075569 c_k 3055444.5561834634 f_k 3055180.19496417 y_k 3055444.5561834634 1e-05 0.05724596977233887
3 coarse sent  3499784.86120626 (21830,)
3 ----------parallel -------- 3.8385236263275146
4 fine 3 d_out 39492011.022439815 d_in 35308111.86791722 1e-09 0.06582045555114746
2 fine 3 d_out 1384810.1668365458 d_in 916098.6848594974 1e-09 0.06351566314697266
3 fine 4 d_out 18256928.501621958 d_in 13745831.592111008 1e-09 0.06373453140258789
4 fine 2 d_out 35308111.86791722 d_in 29920617.392298426 1e-09 0.06578230857849121
2 fine 2 d_out 916098.6848594974 d_in 600470.9493125161 1e-09 0.06336069107055664
coarse1 1 5 c_kp1 104964.57527545119 c_k 0.0 f_k 0.0 y_k 0.0 1e-05 0.05731368064880371
3 fine 3 d_out 13745831.592111008 d_in 10078401.142838031 1e-09 0.06233978271484375
4 fine 1 d_out 29920617.392298426 d_in 24268996.807623092 1e-09 0.06365656852722168
2 fine 1 d_out 600470.9493125161 d_in 390694.0225516007 1e-09 0.06383514404296875
3 fine 2 d_out 10078401.142838031 d_in 7221475.648186277 1e-09 0.061173439025878906
coarse1 1 4 c_kp1 67654.6639343309 c_k 0.0 f_k 0.0 y_k 0.0 1e-05 0.05726218223571777
4 fine 0 d_out 24268996.807623092 d_in 18977423.269912664 1e-09 0.06373453140258789
4 ------- seq update -------- 4.058253765106201
recv...
4 recv! 39492011.022439815
2 fine 0 d_out 390694.0225516007 d_in 252813.39522596073 1e-09 0.06165957450866699
2 ------- seq update -------- 4.051721811294556
recv...
2 recv! 3499784.86120626
3 fine 1 d_out 7221475.648186277 d_in 5071744.756166209 1e-09 0.06036210060119629
coarse1 4 3 c_kp1 32933444.991463743 c_k 35307103.086770125 f_k 35308111.86791722 y_k 35308525.1643315 1e-05 0.023684263229370117
3 fine 0 d_out 5071744.756166209 d_in 3500156.863133718 1e-09 0.06152677536010742
3 ------- seq update -------- 4.147994518280029
recv...
3 recv! 18967802.031194746
coarse1 1 3 c_kp1 43751.79030097735 c_k 0.0 f_k 0.0 y_k 0.0 1e-05 0.05723690986633301
coarse1 2 5 c_kp1 2378685.268242373 c_k 2070337.8662321572 f_k 2070335.4392561468 y_k 2070337.8662321572 1e-05 0.057988882064819336
coarse1 4 2 c_kp1 29916038.329162147 c_k 29917197.261050444 f_k 29920617.392298426 y_k 29920234.133976653 1e-05 0.02346205711364746
coarse1 3 4 c_kp1 14371316.08841096 c_k 13745824.636892341 f_k 13745831.592111008 y_k 13745579.116768293 1e-05 0.057250022888183594
coarse1 1 2 c_kp1 28455.342744595735 c_k 0.0 f_k 0.0 y_k 0.0 1e-05 0.05743575096130371
coarse1 2 4 c_kp1 1595466.9248685103 c_k 1384811.0412169097 f_k 1384810.1668365458 y_k 1384811.0412169097 1e-05 0.05706930160522461
coarse1 4 1 c_kp1 24262792.43960681 c_k 24263251.768783815 f_k 24268996.807623092 y_k 24264339.699527815 1e-05 0.023558378219604492
coarse1 3 3 c_kp1 10599810.554667108 c_k 10078364.046275888 f_k 10078401.142838031 y_k 10077983.113383286 1e-05 0.05681610107421875
coarse1 4 0 c_kp1 18963464.634370178 c_k 18969889.314988278 f_k 18977423.269912664 y_k 18967802.031194746 1e-05 0.02339768409729004
4 coarse sent  18977423.269912664 (21830,)
4 ----------parallel -------- 4.3881213665008545
coarse1 1 1 c_kp1 18652.793488351643 c_k 0.0 f_k 0.0 y_k 0.0 1e-05 0.05758309364318848
coarse1 2 3 c_kp1 1058078.0614418096 c_k 916094.1821724102 f_k 916098.6848594974 y_k 916094.1821724102 1e-05 0.05712485313415527
4 fine 3 d_out 39492011.022439815 d_in 35308111.86791722 1e-09 0.023702383041381836
4 fine 2 d_out 35308111.86791722 d_in 29920617.392298426 1e-09 0.023531436920166016
4 fine 1 d_out 29920617.392298426 d_in 24268996.807623092 1e-09 0.02348637580871582
4 fine 0 d_out 24268996.807623092 d_in 18977423.269912664 1e-09 0.023515701293945312
4 ------- seq update -------- 4.482583284378052
coarse1 3 2 c_kp1 7637517.1067629345 c_k 7221404.715599234 f_k 7221475.648186277 y_k 7221001.655583709 1e-05 0.05733489990234375
coarse1 1 0 c_kp1 12345.23455647459 c_k 0.0 f_k 0.0 y_k 0.0 1e-05 0.05742502212524414
coarse1 2 2 c_kp1 695049.7672608473 c_k 600459.7690201235 f_k 600470.9493125161 y_k 600459.7690201235 1e-05 0.056999921798706055
1 coarse sent  12345.23455647459 (21830,)
1 ----------parallel -------- 4.507181406021118
0 recv! 12345.23455647459
coarse1 4 3 c_kp1 32933444.991463743 c_k 35307103.086770125 f_k 35308111.86791722 y_k 35308111.86791722 1e-05 0.023877382278442383
1 fine 6 d_out 252793.2413006379 d_in 163003.41852033933 1e-09 0.061072349548339844
coarse1 3 1 c_kp1 5391905.316659726 c_k 5071649.0705994 f_k 5071744.756166209 y_k 5071296.893004831 1e-05 0.0571286678314209
coarse1 2 1 c_kp1 453074.19929591083 c_k 390677.2086051189 f_k 390694.0225516007 y_k 390677.2086051189 1e-05 0.05709958076477051
1 fine 5 d_out 163003.41852033933 d_in 104964.82863775679 1e-09 0.05958056449890137
coarse1 4 2 c_kp1 29916038.284114048 c_k 29917197.261050444 f_k 29920617.392298426 y_k 29920617.392298426 1e-05 0.025922298431396484
coarse1 0 7 c_kp1 8259.003656747022 c_k 0.0 f_k 0.0 y_k 0.0 1e-05 0.05826592445373535
1 fine 4 d_out 104964.82863775679 d_in 67655.07767558294 1e-09 0.05967426300048828
coarse1 3 0 c_kp1 3739127.9712772286 c_k 3500050.078650159 f_k 3500156.863133718 y_k 3499784.86120626 1e-05 0.05610084533691406
3 coarse sent  3739217.2327264044 (21830,)
3 ----------parallel -------- 4.723483324050903
coarse1 4 1 c_kp1 24262792.44286743 c_k 24263251.768783815 f_k 24268996.807623092 y_k 24268996.807623092 1e-05 0.024033069610595703
coarse1 2 0 c_kp1 293619.9006286305 c_k 252793.2413006379 f_k 252813.39522596073 y_k 252793.2413006379 1e-05 0.057082414627075195
2 coarse sent  293640.59995545575 (21830,)
2 ----------parallel -------- 4.743938684463501
1 fine 3 d_out 67655.07767558294 d_in 43752.31506199869 1e-09 0.05944657325744629
coarse1 0 6 c_kp1 5587.401601831765 c_k 0.0 f_k 0.0 y_k 0.0 1e-05 0.060083627700805664
3 fine 4 d_out 18967802.031194746 d_in 14371391.445180388 1e-09 0.05960512161254883
2 fine 5 d_out 3499784.86120626 d_in 2378689.408641072 1e-09 0.061533451080322266
1 fine 2 d_out 43752.31506199869 d_in 28455.90732020918 1e-09 0.059522390365600586
coarse1 4 0 c_kp1 18963464.626601253 c_k 18969889.31498828 f_k 18977423.269912664 y_k 18977423.269912664 1e-05 0.02402949333190918
4 coarse sent  18977423.269912664 (21830,)
4 ----------parallel -------- 4.8290417194366455
3 fine 3 d_out 14371391.445180388 d_in 10599850.199498285 1e-09 0.060672760009765625
4 fine 3 d_out 39492011.022439815 d_in 35308111.86791722 1e-09 0.023919105529785156
4 fine 2 d_out 35308111.86791722 d_in 29920617.392298426 1e-09 0.023919343948364258
2 fine 4 d_out 2378689.408641072 d_in 1595470.8463285728 1e-09 0.061711788177490234
1 fine 1 d_out 28455.90732020918 d_in 18653.3334679656 1e-09 0.05959153175354004
4 fine 1 d_out 29920617.392298426 d_in 24268996.807623092 1e-09 0.02426886558532715
coarse1 0 5 c_kp1 3821.3462508483212 c_k 0.0 f_k 0.0 y_k 0.0 1e-05 0.05950736999511719
3 fine 2 d_out 10599850.199498285 d_in 7637550.1425585635 1e-09 0.0605008602142334
4 fine 0 d_out 24268996.807623092 d_in 18977423.269912664 1e-09 0.02383732795715332
4 ------- seq update -------- 4.925255298614502
4 skipping!
4 ----------parallel -------- 4.925407648086548
2 fine 3 d_out 1595470.8463285728 d_in 1058074.5886643038 1e-09 0.061589956283569336
1 fine 0 d_out 18653.3334679656 d_in 12345.707513980498 1e-09 0.06085538864135742
1 ------- seq update -------- 4.927373170852661
recv...
1 recv! 293640.59995545575
4 fine 3 d_out 39492011.022439815 d_in 35308111.86791722 1e-09 0.02387833595275879
3 fine 1 d_out 7637550.1425585635 d_in 5391938.13608361 1e-09 0.059673309326171875
4 fine 2 d_out 35308111.86791722 d_in 29920617.392298426 1e-09 0.024002790451049805
4 fine 1 d_out 29920617.392298426 d_in 24268996.807623092 1e-09 0.02524280548095703
2 fine 2 d_out 1058074.5886643038 d_in 695041.9981185632 1e-09 0.061734914779663086
4 fine 0 d_out 24268996.807623092 d_in 18977423.269912664 1e-09 0.024300575256347656
4 ------- seq update -------- 5.023083209991455
4 skipping!
coarse1 0 4 c_kp1 2639.772952955999 c_k 0.0 f_k 0.0 y_k 0.0 1e-05 0.05829763412475586
4 ----------parallel -------- 5.023224115371704
3 fine 0 d_out 5391938.13608361 d_in 3739152.534192712 1e-09 0.06096291542053223
3 ------- seq update -------- 5.025224208831787
recv...
3 recv! 18977423.269912664
4 fine 3 d_out 39492011.022439815 d_in 35308111.86791722 1e-09 0.023813962936401367
coarse1 1 6 c_kp1 189566.77856028994 c_k 163003.32289657605 f_k 163003.41852033933 y_k 163003.32289657605 1e-05 0.05652761459350586
2 fine 1 d_out 695041.9981185632 d_in 453064.6701583265 1e-09 0.06165337562561035
4 fine 2 d_out 35308111.86791722 d_in 29920617.392298426 1e-09 0.02379775047302246
4 fine 1 d_out 29920617.392298426 d_in 24268996.807623092 1e-09 0.023957252502441406
4 fine 0 d_out 24268996.807623092 d_in 18977423.269912664 1e-09 0.023863554000854492
4 ------- seq update -------- 5.11890983581543
4 skipping!
4 ----------parallel -------- 5.1190783977508545
2 fine 0 d_out 453064.6701583265 d_in 293610.30825237953 1e-09 0.061604976654052734
2 ------- seq update -------- 5.11415958404541
recv...
2 recv! 3739217.2327264044
coarse1 0 3 c_kp1 1839.5877381534615 c_k 0.0 f_k 0.0 y_k 0.0 1e-05 0.05794477462768555
4 fine 3 d_out 39492011.022439815 d_in 35308111.86791722 1e-09 0.024140357971191406
coarse1 3 4 c_kp1 14387434.021659272 c_k 14371385.626096819 f_k 14371391.445180388 y_k 14371392.725018494 1e-05 0.0573880672454834
4 fine 2 d_out 35308111.86791722 d_in 29920617.392298426 1e-09 0.023964405059814453
coarse1 1 5 c_kp1 122160.75589931927 c_k 104964.57527545119 f_k 104964.82863775679 y_k 104964.57527545119 1e-05 0.05631136894226074
4 fine 1 d_out 29920617.392298426 d_in 24268996.807623092 1e-09 0.023717641830444336
4 fine 0 d_out 24268996.807623092 d_in 18977423.269912664 1e-09 0.024021625518798828
4 ------- seq update -------- 5.215158462524414
4 skipping!
coarse1 2 5 c_kp1 2552814.562735771 c_k 2378688.6854697485 f_k 2378689.408641072 y_k 2378686.23547177 1e-05 0.057085275650024414
coarse1 0 2 c_kp1 1291.4371745974702 c_k 0.0 f_k 0.0 y_k 0.0 1e-05 0.058159828186035156
coarse1 3 3 c_kp1 10615174.08351421 c_k 10599834.97534338 f_k 10599850.199498285 y_k 10599872.537125338 1e-05 0.057372331619262695
coarse1 1 4 c_kp1 78757.3653113395 c_k 67654.6639343309 f_k 67655.07767558294 y_k 67654.6639343309 1e-05 0.05613112449645996
coarse1 2 4 c_kp1 1719235.599794506 c_k 1595473.9192416945 f_k 1595470.8463285728 y_k 1595473.035522727 1e-05 0.056706905364990234
coarse1 0 1 c_kp1 912.0748405319085 c_k 0.0 f_k 0.0 y_k 0.0 1e-05 0.057274818420410156
coarse1 3 2 c_kp1 7652685.183730107 c_k 7637526.194143868 f_k 7637550.1425585635 y_k 7637597.827453892 1e-05 0.05640721321105957
coarse1 1 3 c_kp1 50915.94741953192 c_k 43751.79030097735 f_k 43752.31506199869 y_k 43751.79030097735 1e-05 0.05620455741882324
coarse1 2 3 c_kp1 1144320.6559676565 c_k 1058081.5267192393 f_k 1058074.5886643038 y_k 1058086.062777227 1e-05 0.05669736862182617
coarse1 3 1 c_kp1 5405881.023816608 c_k 5391909.555904431 f_k 5391938.13608361 y_k 5392006.017999268 1e-05 0.05524301528930664
coarse1 0 0 c_kp1 647.2263600851254 c_k 0.0 f_k 0.0 y_k 0.0 1e-05 0.05728340148925781
0 ----------parallel -------- 5.470367431640625
coarse1 1 2 c_kp1 33085.53082076523 c_k 28455.342744595735 f_k 28455.90732020918 y_k 28455.342744595735 1e-05 0.05599832534790039
0 fine 7 d_out 12345.23455647459 d_in 8259.006804519659 1e-09 0.05833768844604492
coarse1 2 2 c_kp1 754113.7714625527 c_k 695051.4077307185 f_k 695041.9981185632 y_k 695062.6729582789 1e-05 0.05657649040222168
coarse1 3 0 c_kp1 3751050.5130658043 c_k 3739109.72037025 f_k 3739152.534192712 y_k 3739217.2327264044 1e-05 0.05519461631774902
3 coarse sent  3751089.6114612273 (21830,)
3 ----------parallel -------- 5.596999883651733
0 fine 6 d_out 8259.006804519659 d_in 5587.4099869115935 1e-09 0.057964324951171875
coarse1 1 1 c_kp1 21657.015590547893 c_k 18652.793488351643 f_k 18653.3334679656 y_k 18652.793488351643 1e-05 0.05602884292602539
3 fine 4 d_out 18977423.269912664 d_in 14384775.152861895 1e-09 0.05969643592834473
0 fine 5 d_out 5587.4099869115935 d_in 3821.3594561108716 1e-09 0.05820465087890625
coarse1 2 1 c_kp1 492919.62571449473 c_k 453074.98212403245 f_k 453064.6701583265 y_k 453091.9274836986 1e-05 0.0568842887878418
3 fine 3 d_out 14384775.152861895 d_in 10615082.949729413 1e-09 0.059393882751464844
0 fine 4 d_out 3821.3594561108716 d_in 2639.7891863811187 1e-09 0.05811119079589844
coarse1 1 0 c_kp1 14306.604275398244 c_k 12345.23455647459 f_k 12345.707513980498 y_k 12345.23455647459 1e-05 0.056149959564208984
1 coarse sent  14307.10053883146 (21830,)
1 ----------parallel -------- 5.720724582672119
3 fine 2 d_out 10615082.949729413 d_in 7652834.362015899 1e-09 0.06076383590698242
0 fine 3 d_out 2639.7891863811187 d_in 1839.6050287267578 1e-09 0.058593034744262695
1 fine 6 d_out 293640.59995545575 d_in 189566.93707792088 1e-09 0.06095242500305176
coarse1 2 0 c_kp1 320151.1077034154 c_k 293620.2790721908 f_k 293610.30825237953 y_k 293640.59995545575 1e-05 0.05657386779785156
2 coarse sent  320141.0741327245 (21830,)
2 ----------parallel -------- 5.802713871002197
0 fine 2 d_out 1839.6050287267578 d_in 1291.4539838345095 1e-09 0.058127403259277344
3 fine 1 d_out 7652834.362015899 d_in 5405976.908779394 1e-09 0.061810970306396484
1 fine 5 d_out 189566.93707792088 d_in 122160.79738393948 1e-09 0.05960392951965332
2 fine 5 d_out 3739217.2327264044 d_in 2552808.871572672 1e-09 0.0599977970123291
0 fine 1 d_out 1291.4539838345095 d_in 912.0901995348694 1e-09 0.0582575798034668
3 fine 0 d_out 5405976.908779394 d_in 3751219.3255910208 1e-09 0.060643911361694336
3 ------- seq update -------- 5.899636745452881
recv...
3 recv! 18977423.269912664
1 fine 4 d_out 122160.79738393948 d_in 78757.3061863097 1e-09 0.06063961982727051
2 fine 4 d_out 2552808.871572672 d_in 1719249.6983557653 1e-09 0.05995440483093262
0 fine 0 d_out 912.0901995348694 d_in 647.2397815208898 1e-09 0.058266401290893555
0 ------- seq update -------- 5.936741828918457
recv...
0 recv! 14307.10053883146
1 fine 3 d_out 78757.3061863097 d_in 50915.80814080189 1e-09 0.0621638298034668
coarse1 3 4 c_kp1 14387433.499860885 c_k 14384755.776912311 f_k 14384775.152861895 y_k 14384761.604982704 1e-05 0.023266077041625977
2 fine 3 d_out 1719249.6983557653 d_in 1144345.167053098 1e-09 0.061164140701293945
1 fine 2 d_out 50915.80814080189 d_in 33085.3438070555 1e-09 0.06096982955932617
2 fine 2 d_out 1144345.167053098 d_in 754142.3296356932 1e-09 0.06103682518005371
coarse1 3 3 c_kp1 10615174.071100522 c_k 10615043.520601701 f_k 10615082.949729413 y_k 10615058.764196577 1e-05 0.023190975189208984
coarse1 0 7 c_kp1 9550.558610610735 c_k 8259.003656747022 f_k 8259.006804519659 y_k 8259.003656747022 1e-05 0.056949615478515625
1 fine 1 d_out 33085.3438070555 d_in 21656.813868901565 1e-09 0.0594630241394043
2 fine 1 d_out 754142.3296356932 d_in 492947.48400873854 1e-09 0.06115150451660156
coarse1 3 2 c_kp1 7652684.9883919675 c_k 7652774.979557482 f_k 7652834.362015899 y_k 7652798.954847784 1e-05 0.02315497398376465
1 fine 0 d_out 21656.813868901565 d_in 14306.412544785042 1e-09 0.059172630310058594
1 ------- seq update -------- 6.14411735534668
recv...
1 recv! 320141.0741327245
2 fine 0 d_out 492947.48400873854 d_in 320175.5611873196 1e-09 0.06128501892089844
2 ------- seq update -------- 6.167678356170654
recv...
2 recv! 3751089.6114612273
coarse1 0 6 c_kp1 6446.1069221481175 c_k 5587.401601831765 f_k 5587.4099869115935 y_k 5587.401601831765 1e-05 0.056098222732543945
coarse1 3 1 c_kp1 5405881.023808899 c_k 5405860.055776186 f_k 5405976.908779394 y_k 5405888.663712147 1e-05 0.022948741912841797
coarse1 1 6 c_kp1 207005.8506766679 c_k 189566.91748542438 f_k 189566.93707792088 y_k 189567.01487946205 1e-05 0.05633044242858887
coarse1 2 5 c_kp1 2562431.0378247607 c_k 2552800.622354979 f_k 2552808.871572672 y_k 2552801.3456719243 1e-05 0.05578303337097168
coarse1 0 5 c_kp1 4398.472523114005 c_k 3821.3462508483212 f_k 3821.3594561108716 y_k 3821.3462508483212 1e-05 0.0576474666595459
coarse1 3 0 c_kp1 3751050.5012103403 c_k 3751046.7576435558 f_k 3751219.3255910208 y_k 3751089.6114612273 1e-05 0.023186683654785156
3 coarse sent  3751219.3255910547 (21830,)
3 ----------parallel -------- 6.3035972118377686
3 fine 4 d_out 18977423.269912664 d_in 14384775.152861923 1e-09 0.02278590202331543
3 fine 3 d_out 14384775.152861923 d_in 10615082.949729413 1e-09 0.022496938705444336
3 fine 2 d_out 10615082.949729413 d_in 7652834.362015929 1e-09 0.022451400756835938
coarse1 1 5 c_kp1 133528.60727226475 c_k 122160.81298127612 f_k 122160.79738393948 y_k 122161.07147873765 1e-05 0.05699443817138672
3 fine 1 d_out 7652834.362015929 d_in 5405976.9087794125 1e-09 0.0223233699798584
coarse1 2 4 c_kp1 1726707.091860799 c_k 1719230.9192887472 f_k 1719249.6983557653 y_k 1719227.7864025182 1e-05 0.0558009147644043
coarse1 0 4 c_kp1 3031.9458818707553 c_k 2639.772952955999 f_k 2639.7891863811187 y_k 2639.772952955999 1e-05 0.056040048599243164
3 fine 0 d_out 5405976.9087794125 d_in 3751219.3255910547 1e-09 0.025984764099121094
3 ------- seq update -------- 6.4199371337890625
coarse1 1 4 c_kp1 86111.32386722091 c_k 78757.393083346 f_k 78757.3061863097 y_k 78757.81575836439 1e-05 0.05505800247192383
coarse1 3 4 c_kp1 14387433.499860885 c_k 14384755.77691234 f_k 14384775.152861923 y_k 14384775.152861923 1e-05 0.023021221160888672
coarse1 2 3 c_kp1 1149922.5221598484 c_k 1144319.0796047612 f_k 1144345.167053098 y_k 1144312.024102194 1e-05 0.05580282211303711
coarse1 0 3 c_kp1 2108.8955500518077 c_k 1839.5877381534615 f_k 1839.6050287267578 y_k 1839.5877381534615 1e-05 0.056345224380493164
coarse1 3 3 c_kp1 10615174.072203508 c_k 10615043.520601703 f_k 10615082.949729413 y_k 10615082.949729413 1e-05 0.02313375473022461
coarse1 1 3 c_kp1 55646.8229705137 c_k 50915.9642109737 f_k 50915.80814080189 y_k 50916.50117432503 1e-05 0.05519914627075195
coarse1 2 2 c_kp1 758191.2157057936 c_k 754113.4786587581 f_k 754142.3296356932 y_k 754103.9159174698 1e-05 0.05707120895385742
coarse1 0 2 c_kp1 1478.1376497851497 c_k 1291.4371745974702 f_k 1291.4539838345095 y_k 1291.4371745974702 1e-05 0.05632448196411133
coarse1 3 2 c_kp1 7652684.990812394 c_k 7652774.979557511 f_k 7652834.362015929 y_k 7652834.362015929 1e-05 0.024623870849609375
coarse1 1 2 c_kp1 36118.92338548608 c_k 33085.543148223194 f_k 33085.3438070555 y_k 33086.122064590105 1e-05 0.05523347854614258
coarse1 3 1 c_kp1 5405881.023576953 c_k 5405860.055776204 f_k 5405976.9087794125 y_k 5405976.9087794125 1e-05 0.02327704429626465
coarse1 2 1 c_kp1 495813.1599668022 c_k 492919.68570312567 f_k 492947.48400873854 y_k 492909.2059583948 1e-05 0.054891109466552734
coarse1 0 1 c_kp1 1042.5722041984468 c_k 912.0748405319085 f_k 912.0901995348694 y_k 912.0748405319085 1e-05 0.057370662689208984
coarse1 3 0 c_kp1 3751050.50437052 c_k 3751046.7576435897 f_k 3751219.3255910547 y_k 3751219.3255910547 1e-05 0.02309584617614746
3 coarse sent  3751219.3255910543 (21830,)
3 ----------parallel -------- 6.824518203735352
coarse1 1 1 c_kp1 23600.591900629566 c_k 21657.02584651594 f_k 21656.813868901565 y_k 21657.58090779792 1e-05 0.05491828918457031
3 fine 4 d_out 18977423.269912664 d_in 14384775.152861923 1e-09 0.022858619689941406
coarse1 2 0 c_kp1 322160.60915961664 c_k 320151.21249190095 f_k 320175.5611873196 y_k 320141.0741327245 1e-05 0.05454421043395996
2 coarse sent  322185.69176234584 (21830,)
2 ----------parallel -------- 6.849883794784546
3 fine 3 d_out 14384775.152861923 d_in 10615082.949729413 1e-09 0.022275209426879883
coarse1 0 0 c_kp1 739.0632569694551 c_k 647.2263600851254 f_k 647.2397815208898 y_k 647.2263600851254 1e-05 0.06214642524719238
0 ----------parallel -------- 6.8556969165802
3 fine 2 d_out 10615082.949729413 d_in 7652834.362015929 1e-09 0.022386550903320312
3 fine 1 d_out 7652834.362015929 d_in 5405976.908779412 1e-09 0.022541046142578125
2 fine 5 d_out 3751089.6114612273 d_in 2562427.901721861 1e-09 0.06679797172546387
0 fine 7 d_out 14307.10053883146 d_in 9550.561539685677 1e-09 0.05951714515686035
3 fine 0 d_out 5405976.908779412 d_in 3751219.3255910543 1e-09 0.023927927017211914
3 ------- seq update -------- 6.93878960609436
3 skipping!
3 ----------parallel -------- 6.938921213150024
coarse1 1 0 c_kp1 15554.560658692186 c_k 14306.613117390614 f_k 14306.412544785042 y_k 14307.10053883146 1e-05 0.055641889572143555
1 coarse sent  15554.328417382667 (21830,)
1 ----------parallel -------- 6.941760540008545
3 fine 4 d_out 18977423.269912664 d_in 14384775.152861923 1e-09 0.02250385284423828
3 fine 3 d_out 14384775.152861923 d_in 10615082.949729413 1e-09 0.022414207458496094
2 fine 4 d_out 2562427.901721861 d_in 1726709.0898075635 1e-09 0.062317848205566406
0 fine 6 d_out 9550.561539685677 d_in 6446.103791937719 1e-09 0.06049609184265137
3 fine 2 d_out 10615082.949729413 d_in 7652834.362015929 1e-09 0.023833036422729492
1 fine 6 d_out 320141.0741327245 d_in 207005.94962573092 1e-09 0.060637474060058594
3 fine 1 d_out 7652834.362015929 d_in 5405976.908779412 1e-09 0.022475004196166992
2 fine 3 d_out 1726709.0898075635 d_in 1149924.0531145486 1e-09 0.06350922584533691
0 fine 5 d_out 6446.103791937719 d_in 4398.465109666923 1e-09 0.060356855392456055
3 fine 0 d_out 5405976.908779412 d_in 3751219.3255910543 1e-09 0.023901700973510742
3 ------- seq update -------- 7.054324388504028
3 skipping!
3 ----------parallel -------- 7.054463148117065
1 fine 5 d_out 207005.94962573092 d_in 133528.73733517926 1e-09 0.06168794631958008
3 fine 4 d_out 18977423.269912664 d_in 14384775.152861923 1e-09 0.023825645446777344
3 fine 3 d_out 14384775.152861923 d_in 10615082.949729413 1e-09 0.025367021560668945
2 fine 2 d_out 1149924.0531145486 d_in 758189.4365132846 1e-09 0.06333661079406738
0 fine 4 d_out 4398.465109666923 d_in 3031.9366868630723 1e-09 0.060529232025146484
3 fine 2 d_out 10615082.949729413 d_in 7652834.362015929 1e-09 0.024460554122924805
1 fine 4 d_out 133528.73733517926 d_in 86111.9436536455 1e-09 0.061667680740356445
3 fine 1 d_out 7652834.362015929 d_in 5405976.908779412 1e-09 0.024592161178588867
2 fine 1 d_out 758189.4365132846 d_in 495807.9393225178 1e-09 0.06224799156188965
0 fine 3 d_out 3031.9366868630723 d_in 2108.886660382642 1e-09 0.060300350189208984
3 fine 0 d_out 5405976.908779412 d_in 3751219.3255910543 1e-09 0.02601456642150879
3 ------- seq update -------- 7.179057359695435
3 skipping!
1 fine 3 d_out 86111.9436536455 d_in 55647.87326123235 1e-09 0.06148576736450195
0 fine 2 d_out 2108.886660382642 d_in 1478.1303454230153 1e-09 0.06049752235412598
2 fine 0 d_out 495807.9393225178 d_in 322152.4562171309 1e-09 0.06356525421142578
2 ------- seq update -------- 7.232059478759766
recv...
2 recv! 3751219.3255910547
1 fine 2 d_out 55647.87326123235 d_in 36120.21668845213 1e-09 0.06123924255371094
0 fine 1 d_out 1478.1303454230153 d_in 1042.5669860377188 1e-09 0.060552120208740234
1 fine 1 d_out 36120.21668845213 d_in 23601.926722897795 1e-09 0.061495304107666016
coarse1 2 5 c_kp1 2562588.580187342 c_k 2562425.004722655 f_k 2562427.901721861 y_k 2562433.2649592776 1e-05 0.05637502670288086
0 fine 0 d_out 1042.5669860377188 d_in 739.0600707744054 1e-09 0.05856633186340332
0 ------- seq update -------- 7.337022542953491
recv...
0 recv! 15554.328417382667
1 fine 0 d_out 23601.926722897795 d_in 15555.785645633863 1e-09 0.059337615966796875
1 ------- seq update -------- 7.369734287261963
recv...
1 recv! 322185.69176234584
coarse1 2 4 c_kp1 1726900.0828136494 c_k 1726706.054418184 f_k 1726709.0898075635 y_k 1726724.8589819798 1e-05 0.05492901802062988
coarse1 0 7 c_kp1 10355.396944456152 c_k 9550.565811120572 f_k 9550.561539685677 y_k 9550.569027256206 1e-05 0.05514049530029297
coarse1 1 6 c_kp1 208403.9368192897 c_k 207005.876064239 f_k 207005.94962573092 y_k 207005.89265232516 1e-05 0.053946495056152344
coarse1 2 3 c_kp1 1150121.1837044335 c_k 1149923.475746365 f_k 1149924.0531145486 y_k 1149949.5954215163 1e-05 0.05483055114746094
coarse1 0 6 c_kp1 6969.611181685825 c_k 6446.112698869177 f_k 6446.103791937719 y_k 6446.121248245985 1e-05 0.05508685111999512
coarse1 1 5 c_kp1 134468.73423446517 c_k 133528.3946787071 f_k 133528.73733517926 y_k 133528.37343426357 1e-05 0.053998708724975586
coarse1 2 2 c_kp1 758375.2719403469 c_k 758192.4104952754 f_k 758189.4365132846 y_k 758221.2935827896 1e-05 0.05499744415283203
coarse1 0 5 c_kp1 4742.513105825459 c_k 4398.476748566038 f_k 4398.465109666923 y_k 4398.490195566363 1e-05 0.056114912033081055
coarse1 1 4 c_kp1 86734.72531099453 c_k 86111.1715059026 f_k 86111.9436536455 y_k 86111.07741491492 1e-05 0.05397748947143555
coarse1 2 1 c_kp1 495970.3667472064 c_k 495814.37979284 f_k 495807.9393225178 y_k 495842.2065075517 1e-05 0.05489206314086914
coarse1 0 4 c_kp1 3260.734594634944 c_k 3031.9487320737057 f_k 3031.9366868630723 y_k 3031.9652400787086 1e-05 0.05503201484680176
coarse1 1 3 c_kp1 56055.23408110666 c_k 55646.71945408486 f_k 55647.87326123235 y_k 55646.55561366417 1e-05 0.05374550819396973
coarse1 2 0 c_kp1 322286.21267176745 c_k 322161.31947912404 f_k 322152.4562171309 y_k 322185.69176234584 1e-05 0.05499386787414551
coarse1 0 3 c_kp1 2262.932940822196 c_k 2108.897334600205 f_k 2108.886660382642 y_k 2108.914887869122 1e-05 0.055139780044555664
2 coarse sent  322277.64736732043 (21830,)
2 ----------parallel -------- 7.910773277282715
coarse1 1 2 c_kp1 36383.828704566804 c_k 36118.855450549 f_k 36120.21668845213 y_k 36118.64844815426 1e-05 0.05371594429016113
2 fine 5 d_out 3751219.3255910547 d_in 2562592.688943473 1e-09 0.06010079383850098
coarse1 0 2 c_kp1 1583.0957572698317 c_k 1478.1386978582475 f_k 1478.1303454230153 y_k 1478.1557286703685 1e-05 0.054952144622802734
2 fine 4 d_out 2562592.688943473 d_in 1726892.983329123 1e-09 0.0604548454284668
coarse1 1 1 c_kp1 23771.097587779284 c_k 23600.54908355324 f_k 23601.926722897795 y_k 23600.330016412925 1e-05 0.0538487434387207
2 fine 3 d_out 1726892.983329123 d_in 1150108.4571815068 1e-09 0.0600740909576416
coarse1 0 1 c_kp1 1114.871927609017 c_k 1042.572785384171 f_k 1042.5669860377188 y_k 1042.5883138231427 1e-05 0.05463147163391113
2 fine 2 d_out 1150108.4571815068 d_in 758359.4772730018 1e-09 0.06001710891723633
coarse1 1 0 c_kp1 15663.749825631472 c_k 15554.535208935473 f_k 15555.785645633863 y_k 15554.328417382667 1e-05 0.0555882453918457
1 coarse sent  15665.007692162477 (21830,)
1 ----------parallel -------- 8.1519775390625
2 fine 1 d_out 758359.4772730018 d_in 495954.6072805222 1e-09 0.06004500389099121
1 fine 6 d_out 322185.69176234584 d_in 208404.10023479292 1e-09 0.0595550537109375
coarse1 0 0 c_kp1 789.338144751091 c_k 739.0635604616597 f_k 739.0600707744054 y_k 739.0771015287372 1e-05 0.0543828010559082
0 ----------parallel -------- 8.23348879814148
2 fine 0 d_out 495954.6072805222 d_in 322272.2489483711 1e-09 0.06120419502258301
2 ------- seq update -------- 8.273017883300781
recv...
2 recv! 3751219.3255910543
1 fine 5 d_out 208404.10023479292 d_in 134468.67173831328 1e-09 0.059549570083618164
0 fine 7 d_out 15554.328417382667 d_in 10355.399841217559 1e-09 0.05771136283874512
1 fine 4 d_out 134468.67173831328 d_in 86734.42287599006 1e-09 0.06067085266113281
coarse1 2 5 c_kp1 2562588.582689299 c_k 2562592.74569125 f_k 2562592.688943473 y_k 2562595.6428540335 1e-05 0.023290634155273438
0 fine 6 d_out 10355.399841217559 d_in 6969.635992979639 1e-09 0.057785749435424805
1 fine 3 d_out 86734.42287599006 d_in 56054.785448702605 1e-09 0.06198310852050781
0 fine 5 d_out 6969.635992979639 d_in 4742.547358905735 1e-09 0.059500932693481445
coarse1 2 4 c_kp1 1726900.084926844 c_k 1726900.1397110824 f_k 1726892.983329123 y_k 1726903.1748583422 1e-05 0.024839401245117188
1 fine 2 d_out 56054.785448702605 d_in 36383.33546990568 1e-09 0.06068086624145508
0 fine 4 d_out 4742.547358905735 d_in 3260.767837465199 1e-09 0.059248924255371094
coarse1 2 3 c_kp1 1150121.1828538603 c_k 1150122.797839752 f_k 1150108.4571815068 y_k 1150123.3740609286 1e-05 0.023034095764160156
1 fine 1 d_out 36383.33546990568 d_in 23770.638993293203 1e-09 0.061643123626708984
0 fine 3 d_out 3260.767837465199 d_in 2262.9593373000066 1e-09 0.058892250061035156
1 fine 0 d_out 23770.638993293203 d_in 15663.372501845553 1e-09 0.06090545654296875
1 ------- seq update -------- 8.577378988265991
recv...
1 recv! 322277.64736732043
0 fine 2 d_out 2262.9593373000066 d_in 1583.11363644305 1e-09 0.05890536308288574
coarse1 2 2 c_kp1 758375.2683192925 c_k 758376.47442134 f_k 758359.4772730018 y_k 758373.4983284506 1e-05 0.0232546329498291
0 fine 1 d_out 1583.11363644305 d_in 1114.8822168239428 1e-09 0.05923962593078613
coarse1 2 1 c_kp1 495970.3716067243 c_k 495971.07113598956 f_k 495954.6072805222 y_k 495964.62778491474 1e-05 0.02340984344482422
coarse1 1 6 c_kp1 208469.99569281164 c_k 208404.14009899466 f_k 208404.10023479292 y_k 208404.21356428633 1e-05 0.05412864685058594
0 fine 0 d_out 1114.8822168239428 d_in 789.3428620018227 1e-09 0.059287309646606445
0 ------- seq update -------- 8.704563856124878
recv...
0 recv! 15665.007692162477
coarse1 2 0 c_kp1 322286.2145114415 c_k 322286.51397557213 f_k 322272.2489483711 y_k 322277.64736732043 1e-05 0.023111581802368164
2 coarse sent  322272.2489483751 (21830,)
2 ----------parallel -------- 8.762973070144653
2 fine 5 d_out 3751219.3255910543 d_in 2562592.688948524 1e-09 0.02717733383178711
coarse1 1 5 c_kp1 134514.24948887745 c_k 134468.8861272368 f_k 134468.67173831328 y_k 134469.2292592772 1e-05 0.054193973541259766
2 fine 4 d_out 2562592.688948524 d_in 1726892.983329408 1e-09 0.023438692092895508
coarse1 0 7 c_kp1 10426.384077709425 c_k 10355.382780412358 f_k 10355.399841217559 y_k 10355.37848369789 1e-05 0.05387139320373535
2 fine 3 d_out 1726892.983329408 d_in 1150108.4571815121 1e-09 0.023433923721313477
2 fine 2 d_out 1150108.4571815121 d_in 758359.4772730041 1e-09 0.02321910858154297
2 fine 1 d_out 758359.4772730041 d_in 495954.6072805237 1e-09 0.0248260498046875
2 fine 0 d_out 495954.6072805237 d_in 322272.2489483751 1e-09 0.024853944778442383
2 ------- seq update -------- 8.910236835479736
coarse1 1 4 c_kp1 86764.99798882232 c_k 86734.80549276576 f_k 86734.42287599006 y_k 86735.57888317601 1e-05 0.05460500717163086
coarse1 0 6 c_kp1 7015.1890965084895 c_k 6969.604411789507 f_k 6969.635992979639 y_k 6969.59542126283 1e-05 0.054144859313964844
coarse1 2 5 c_kp1 2562588.582689299 c_k 2562592.745696301 f_k 2562592.688948524 y_k 2562592.688948524 1e-05 0.023384571075439453
coarse1 1 3 c_kp1 56074.78042745607 c_k 56055.27267753073 f_k 56054.785448702605 y_k 56056.428487924044 1e-05 0.05321550369262695
coarse1 0 5 c_kp1 4771.896387692163 c_k 4742.51061412614 f_k 4742.547358905735 y_k 4742.49883375409 1e-05 0.05417323112487793
coarse1 2 4 c_kp1 1726900.0848992446 c_k 1726900.1397113681 f_k 1726892.983329408 y_k 1726892.983329408 1e-05 0.023392677307128906
coarse1 1 2 c_kp1 36396.06714685654 c_k 36383.84656830967 f_k 36383.33546990568 y_k 36385.21045004894 1e-05 0.05298972129821777
coarse1 2 3 c_kp1 1150121.1836839141 c_k 1150122.7978397573 f_k 1150108.4571815121 y_k 1150108.4571815121 1e-05 0.02474665641784668
coarse1 0 4 c_kp1 3279.8118815471485 c_k 3260.7343217658654 f_k 3260.767837465199 y_k 3260.722102224958 1e-05 0.053412437438964844
coarse1 2 2 c_kp1 758375.269204997 c_k 758376.4744213424 f_k 758359.4772730041 y_k 758359.4772730041 1e-05 0.02333235740661621
coarse1 1 1 c_kp1 23778.564876752414 c_k 23771.105824477807 f_k 23770.638993293203 y_k 23772.486532164883 1e-05 0.05281710624694824
coarse1 0 3 c_kp1 2275.4366685945724 c_k 2262.933616679718 f_k 2262.9593373000066 y_k 2262.9227654037836 1e-05 0.05388665199279785
coarse1 2 1 c_kp1 495970.3721684634 c_k 495971.071135991 f_k 495954.6072805237 y_k 495954.6072805237 1e-05 0.02331995964050293
coarse1 1 0 c_kp1 15668.220247279864 c_k 15663.754042930965 f_k 15663.372501845553 y_k 15665.007692162477 1e-05 0.05321621894836426
1 coarse sent  15667.778467080096 (21830,)
1 ----------parallel -------- 9.352869033813477
coarse1 0 2 c_kp1 1591.3814335245368 c_k 1583.0966735066345 f_k 1583.11363644305 y_k 1583.0881640060443 1e-05 0.05385136604309082
coarse1 2 0 c_kp1 322286.215124196 c_k 322286.5139755761 f_k 322272.2489483751 y_k 322272.2489483751 1e-05 0.023393869400024414
1 fine 6 d_out 322277.64736732043 d_in 208470.15317893284 1e-09 0.059218406677246094
1 fine 5 d_out 208470.15317893284 d_in 134514.41338771756 1e-09 0.05912280082702637
coarse1 0 1 c_kp1 1120.4263310447304 c_k 1114.8727479515587 f_k 1114.8822168239428 y_k 1114.866822389542 1e-05 0.05357193946838379
1 fine 4 d_out 134514.41338771756 d_in 86765.17946031441 1e-09 0.058997392654418945
1 fine 3 d_out 86765.17946031441 d_in 56074.98600379889 1e-09 0.0592195987701416
coarse1 0 0 c_kp1 793.1041005559528 c_k 789.3387500201792 f_k 789.3428620018227 y_k 789.3351660346285 1e-05 0.053626298904418945
0 ----------parallel -------- 9.59000849723816
1 fine 2 d_out 56074.98600379889 d_in 36396.361359535535 1e-09 0.05953097343444824
0 fine 7 d_out 15665.007692162477 d_in 10426.38729739921 1e-09 0.059126853942871094
1 fine 1 d_out 36396.361359535535 d_in 23778.92388659998 1e-09 0.060706377029418945
0 fine 6 d_out 10426.38729739921 d_in 7015.197556910472 1e-09 0.058954715728759766
1 fine 0 d_out 23778.92388659998 d_in 15668.593699157118 1e-09 0.06049656867980957
1 ------- seq update -------- 9.77057695388794
recv...
2 coarse sent  322272.2489483751 (21830,)
1 recv! 322272.2489483751
2 ----------parallel -------- 9.776903629302979
0 fine 5 d_out 7015.197556910472 d_in 4771.907807464807 1e-09 0.05889463424682617
2 fine 5 d_out 3751219.3255910543 d_in 2562592.6889485233 1e-09 0.025420188903808594
2 fine 4 d_out 2562592.6889485233 d_in 1726892.983329408 1e-09 0.02433156967163086
0 fine 4 d_out 4771.907807464807 d_in 3279.8244817758277 1e-09 0.06049990653991699
2 fine 3 d_out 1726892.983329408 d_in 1150108.4571815121 1e-09 0.02337479591369629
2 fine 2 d_out 1150108.4571815121 d_in 758359.4772730041 1e-09 0.023187875747680664
coarse1 1 6 c_kp1 208468.01435875808 c_k 208470.01253929897 f_k 208470.15317893284 y_k 208469.97263296507 1e-05 0.053434133529663086
2 fine 1 d_out 758359.4772730041 d_in 495954.6072805237 1e-09 0.023191213607788086
0 fine 3 d_out 3279.8244817758277 d_in 2275.449178736763 1e-09 0.059171199798583984
2 fine 0 d_out 495954.6072805237 d_in 322272.2489483751 1e-09 0.023545026779174805
2 ------- seq update -------- 9.920273542404175
2 skipping!
2 ----------parallel -------- 9.920394897460938
2 fine 5 d_out 3751219.3255910543 d_in 2562592.6889485233 1e-09 0.024807214736938477
0 fine 2 d_out 2275.449178736763 d_in 1591.3929999331597 1e-09 0.0594789981842041
2 fine 4 d_out 2562592.6889485233 d_in 1726892.983329408 1e-09 0.023333072662353516
2 fine 3 d_out 1726892.983329408 d_in 1150108.4571815121 1e-09 0.02327585220336914
coarse1 1 5 c_kp1 134513.97825787586 c_k 134514.20151935038 f_k 134514.41338771756 y_k 134513.98703635082 1e-05 0.053369760513305664
2 fine 2 d_out 1150108.4571815121 d_in 758359.4772730041 1e-09 0.02338242530822754
0 fine 1 d_out 1591.3929999331597 d_in 1120.436434733351 1e-09 0.059295654296875
2 fine 1 d_out 758359.4772730041 d_in 495954.6072805237 1e-09 0.023525476455688477
2 fine 0 d_out 495954.6072805237 d_in 322272.2489483751 1e-09 0.023174047470092773
2 ------- seq update -------- 10.062209367752075
2 skipping!
0 fine 0 d_out 1120.436434733351 d_in 793.1124921838443 1e-09 0.05953717231750488
0 ------- seq update -------- 10.065440654754639
recv...
0 recv! 15667.778467080096
coarse1 1 4 c_kp1 86765.62513126252 c_k 86764.89726855836 f_k 86765.17946031441 y_k 86764.5145151652 1e-05 0.05297350883483887
coarse1 0 7 c_kp1 10427.71919053627 c_k 10426.382543676038 f_k 10426.38729739921 y_k 10426.399670694851 1e-05 0.052411794662475586
coarse1 1 3 c_kp1 56075.53363595191 c_k 56074.64388638225 f_k 56074.98600379889 y_k 56074.15649855651 1e-05 0.05274677276611328
coarse1 0 6 c_kp1 7015.78102193785 c_k 7015.188928378965 f_k 7015.197556910472 y_k 7015.220657361998 1e-05 0.05249214172363281
coarse1 1 2 c_kp1 36396.83491571288 c_k 36395.94693054437 f_k 36396.361359535535 y_k 36395.4356687249 1e-05 0.053021907806396484
coarse1 0 5 c_kp1 4772.150930774522 c_k 4771.896702364573 f_k 4771.907807464807 y_k 4771.933654475475 1e-05 0.05237388610839844
coarse1 1 1 c_kp1 23779.28827667173 c_k 23778.47477930341 f_k 23778.92388659998 y_k 23778.00779578665 1e-05 0.05287647247314453
coarse1 0 4 c_kp1 3279.926530643209 c_k 3279.8122850135546 f_k 3279.8244817758277 y_k 3279.846028421227 1e-05 0.052352190017700195
coarse1 1 0 c_kp1 15668.848143153877 c_k 15668.16013731199 f_k 15668.593699157118 y_k 15667.778467080096 1e-05 0.05289340019226074
1 coarse sent  15669.255399471574 (21830,)
1 ----------parallel -------- 10.54267692565918
1 fine 6 d_out 322272.2489483751 d_in 208468.15827644966 1e-09 0.05908989906311035
coarse1 0 3 c_kp1 2275.498230995429 c_k 2275.43702955109 f_k 2275.449178736763 y_k 2275.462962605682 1e-05 0.05226016044616699
1 fine 5 d_out 208468.15827644966 d_in 134514.54584428555 1e-09 0.059270381927490234
1 fine 4 d_out 134514.54584428555 d_in 86766.36070967659 1e-09 0.06086325645446777
coarse1 0 2 c_kp1 1591.423725612376 c_k 1591.3817304992494 f_k 1591.3929999331597 y_k 1591.3988691646232 1e-05 0.05242419242858887
1 fine 3 d_out 86766.36070967659 d_in 56076.480188293055 1e-09 0.05974006652832031
coarse1 0 1 c_kp1 1120.4605182897647 c_k 1120.4265744715456 f_k 1120.436434733351 y_k 1120.4361757753761 1e-05 0.05283474922180176
1 fine 2 d_out 56076.480188293055 d_in 36397.75586359735 1e-09 0.05926251411437988
1 fine 1 d_out 36397.75586359735 d_in 23780.04303976266 1e-09 0.05923867225646973
coarse1 0 0 c_kp1 793.1330236685321 c_k 793.1043008029559 f_k 793.1124921838443 y_k 793.108505423776 1e-05 0.052393436431884766
0 ----------parallel -------- 10.93674612045288
1 fine 0 d_out 23780.04303976266 d_in 15669.406074127986 1e-09 0.0592343807220459
1 ------- seq update -------- 10.959786415100098
recv...
1 recv! 322272.2489483751
0 fine 7 d_out 15667.778467080096 d_in 10427.721993992933 1e-09 0.05887269973754883
coarse1 1 6 c_kp1 208468.0148221216 c_k 208467.65302738408 f_k 208468.15827644966 y_k 208467.79366454118 1e-05 0.02340531349182129
0 fine 6 d_out 10427.721993992933 d_in 7015.819807328354 1e-09 0.0589909553527832
0 fine 5 d_out 7015.819807328354 d_in 4772.201037252427 1e-09 0.058632612228393555
coarse1 1 5 c_kp1 134513.97858693433 c_k 134513.74649359708 f_k 134514.54584428555 y_k 134513.95835786656 1e-05 0.02345561981201172
0 fine 4 d_out 4772.201037252427 d_in 3279.97574710056 1e-09 0.059064388275146484
coarse1 1 4 c_kp1 86765.62493844781 c_k 86765.15478440453 f_k 86766.36070967659 y_k 86765.43697266463 1e-05 0.02362370491027832
0 fine 3 d_out 3279.97574710056 d_in 2275.5418153589253 1e-09 0.05889582633972168
coarse1 1 3 c_kp1 56075.533830980414 c_k 56075.21690909044 f_k 56076.480188293055 y_k 56075.55902828042 1e-05 0.023449420928955078
0 fine 2 d_out 2275.5418153589253 d_in 1591.460428760165 1e-09 0.05883359909057617
0 fine 1 d_out 1591.460428760165 d_in 1120.4904889434292 1e-09 0.058827877044677734
coarse1 1 2 c_kp1 36396.834983914705 c_k 36396.67695093811 f_k 36397.75586359735 y_k 36397.09138336186 1e-05 0.02340102195739746
0 fine 0 d_out 1120.4904889434292 d_in 793.1568837547965 1e-09 0.05872797966003418
0 ------- seq update -------- 11.40807843208313
recv...
0 recv! 15669.255399471574
coarse1 1 1 c_kp1 23779.28823621626 c_k 23779.2270645007 f_k 23780.04303976266 y_k 23779.67617450986 1e-05 0.024844646453857422
coarse1 0 7 c_kp1 10428.843202627926 c_k 10427.673738464737 f_k 10427.721993992933 y_k 10427.67849276169 1e-05 0.052451133728027344
coarse1 1 0 c_kp1 15668.848143193925 c_k 15668.821835565032 f_k 15669.406074127986 y_k 15669.255399471574 1e-05 0.023455381393432617
1 coarse sent  15669.406074129967 (21830,)
1 ----------parallel -------- 11.524843215942383
1 fine 6 d_out 322272.2489483751 d_in 208468.1582764644 1e-09 0.024324893951416016
1 fine 5 d_out 208468.1582764644 d_in 134514.54584431948 1e-09 0.024121522903442383
1 fine 4 d_out 134514.54584431948 d_in 86766.36070987905 1e-09 0.026912689208984375
coarse1 0 6 c_kp1 7016.597816246492 c_k 7015.753960923782 f_k 7015.819807328354 y_k 7015.762591382708 1e-05 0.05259561538696289
1 fine 3 d_out 86766.36070987905 d_in 56076.48018917295 1e-09 0.032814979553222656
1 fine 2 d_out 56076.48018917295 d_in 36397.75586366068 1e-09 0.024975299835205078
1 fine 1 d_out 36397.75586366068 d_in 23780.04303976627 1e-09 0.023631572723388672
1 fine 0 d_out 23780.04303976627 d_in 15669.406074129967 1e-09 0.023331165313720703
1 ------- seq update -------- 11.705341577529907
coarse1 0 5 c_kp1 4772.71462181375 c_k 4772.13479754628 f_k 4772.201037252427 y_k 4772.1459058622295 1e-05 0.05253028869628906
coarse1 1 6 c_kp1 208468.0148221216 c_k 208467.65302739883 f_k 208468.1582764644 y_k 208468.1582764644 1e-05 0.023382186889648438
coarse1 0 4 c_kp1 3280.3014575011284 c_k 3279.9164917783974 f_k 3279.97574710056 y_k 3279.928692547608 1e-05 0.052527666091918945
coarse1 1 5 c_kp1 134513.97858735576 c_k 134513.746493631 f_k 134514.54584431948 y_k 134514.54584431948 1e-05 0.023467302322387695
coarse1 1 4 c_kp1 86765.62491525793 c_k 86765.15478460699 f_k 86766.36070987905 y_k 86766.36070987905 1e-05 0.023462533950805664
coarse1 0 3 c_kp1 2275.742042998171 c_k 2275.4916626028053 f_k 2275.5418153589253 y_k 2275.50381598524 1e-05 0.05230069160461426
coarse1 1 3 c_kp1 56075.53383916984 c_k 56075.21690997032 f_k 56076.48018917295 y_k 56076.48018917295 1e-05 0.02660989761352539
coarse1 0 2 c_kp1 1591.5807034013585 c_k 1591.419268892508 f_k 1591.460428760165 y_k 1591.4305422206905 1e-05 0.05309486389160156
coarse1 1 2 c_kp1 36396.83498411056 c_k 36396.67695100144 f_k 36397.75586366068 y_k 36397.75586366068 1e-05 0.02364659309387207
coarse1 0 1 c_kp1 1120.561627484527 c_k 1120.4574725751452 f_k 1120.4904889434292 y_k 1120.467336134828 1e-05 0.05266070365905762
coarse1 1 1 c_kp1 23779.28823660062 c_k 23779.227064504306 f_k 23780.04303976627 y_k 23780.04303976627 1e-05 0.023584842681884766
coarse1 1 0 c_kp1 15668.848144692729 c_k 15668.821835567012 f_k 15669.406074129967 y_k 15669.406074129967 1e-05 0.023705482482910156
1 coarse sent  15669.406074129967 (21830,)
1 ----------parallel -------- 12.277541399002075
coarse1 0 0 c_kp1 793.1986487330212 c_k 793.1309891587969 f_k 793.1568837547965 y_k 793.1391831376261 1e-05 0.052454471588134766
0 ----------parallel -------- 12.29215693473816
1 fine 6 d_out 322272.2489483751 d_in 208468.1582764644 1e-09 0.025575876235961914
1 fine 5 d_out 208468.1582764644 d_in 134514.54584431948 1e-09 0.025805950164794922
1 fine 4 d_out 134514.54584431948 d_in 86766.36070987902 1e-09 0.027031421661376953
0 fine 7 d_out 15669.255399471574 d_in 10428.846370729865 1e-09 0.0597834587097168
1 fine 3 d_out 86766.36070987902 d_in 56076.480189172966 1e-09 0.02552652359008789
1 fine 2 d_out 56076.480189172966 d_in 36397.75586366066 1e-09 0.02583932876586914
0 fine 6 d_out 10428.846370729865 d_in 7016.617260340418 1e-09 0.059661149978637695
1 fine 1 d_out 36397.75586366066 d_in 23780.043039766268 1e-09 0.023359298706054688
1 fine 0 d_out 23780.043039766268 d_in 15669.406074129967 1e-09 0.023841142654418945
1 ------- seq update -------- 12.4548978805542
1 skipping!
0 fine 5 d_out 7016.617260340418 d_in 4772.739697222936 1e-09 0.06104254722595215
0 fine 4 d_out 4772.739697222936 d_in 3280.3275567215933 1e-09 0.060822486877441406
0 fine 3 d_out 3280.3275567215933 d_in 2275.7665984807054 1e-09 0.05989265441894531
0 fine 2 d_out 2275.7665984807054 d_in 1591.6022803798896 1e-09 0.058829545974731445
0 fine 1 d_out 1591.6022803798896 d_in 1120.5795952058427 1e-09 0.05919361114501953
0 fine 0 d_out 1120.5795952058427 d_in 793.2129382946464 1e-09 0.05886054039001465
0 ------- seq update -------- 12.770755052566528
recv...
0 recv! 15669.406074129967
coarse1 0 7 c_kp1 10428.890221220268 c_k 10428.818929055444 f_k 10428.846370729865 y_k 10428.867183004428 1e-05 0.048822641372680664
coarse1 0 6 c_kp1 7016.611237028899 c_k 7016.58311135782 f_k 7016.617260340418 y_k 7016.648954303888 1e-05 0.04868745803833008
coarse1 0 5 c_kp1 4772.714235421752 c_k 4772.704682009038 f_k 4772.739697222936 y_k 4772.770917107159 1e-05 0.04890894889831543
coarse1 0 4 c_kp1 3280.2979749320216 c_k 3280.294471017128 f_k 3280.3275567215933 y_k 3280.353721419734 1e-05 0.04690361022949219
coarse1 0 3 c_kp1 2275.7396006951767 c_k 2275.7371892217234 f_k 2275.7665984807054 y_k 2275.7873374338674 1e-05 0.04603433609008789
coarse1 0 2 c_kp1 1591.580046293926 c_k 1591.577485242038 f_k 1591.6022803798896 y_k 1591.6186413756043 1e-05 0.04672098159790039
coarse1 0 1 c_kp1 1120.5622191571024 c_k 1120.5596552736056 f_k 1120.5795952058427 y_k 1120.592668874886 1e-05 0.049216270446777344
coarse1 0 0 c_kp1 793.1998172429804 c_k 793.1975610349723 f_k 793.2129382946464 y_k 793.223453768688 1e-05 0.04684901237487793
0 ----------parallel -------- 13.607488632202148
0 fine 7 d_out 15669.406074129967 d_in 10428.893281703515 1e-09 0.057738304138183594
0 fine 6 d_out 10428.893281703515 d_in 7016.612552155172 1e-09 0.05904364585876465
0 fine 5 d_out 7016.612552155172 d_in 4772.711345479698 1e-09 0.06027030944824219
0 fine 4 d_out 4772.711345479698 d_in 3280.290853789024 1e-09 0.05874967575073242
0 fine 3 d_out 3280.290853789024 d_in 2275.7297245965656 1e-09 0.05886530876159668
0 fine 2 d_out 2275.7297245965656 d_in 1591.5692263946155 1e-09 0.05890488624572754
0 fine 1 d_out 1591.5692263946155 d_in 1120.5518827329765 1e-09 0.05899834632873535
0 fine 0 d_out 1120.5518827329765 d_in 793.190710941122 1e-09 0.05898261070251465
0 ------- seq update -------- 14.079511880874634
recv...
0 recv! 15669.406074129967
coarse1 0 7 c_kp1 10428.890223082872 c_k 10428.895999487306 f_k 10428.893281703515 y_k 10428.92344155798 1e-05 0.02315354347229004
coarse1 0 6 c_kp1 7016.611237028804 c_k 7016.617663765869 f_k 7016.612552155172 y_k 7016.651812935435 1e-05 0.02319622039794922
coarse1 0 5 c_kp1 4772.7142354215375 c_k 4772.719353545234 f_k 4772.711345479698 y_k 4772.754368830377 1e-05 0.02319169044494629
coarse1 0 4 c_kp1 3280.297974932187 c_k 3280.3012408006407 f_k 3280.290853789024 y_k 3280.3343265800236 1e-05 0.02321791648864746
coarse1 0 3 c_kp1 2275.7396006951444 c_k 2275.741314988801 f_k 2275.7297245965656 y_k 2275.7707243577006 1e-05 0.023230314254760742
coarse1 0 2 c_kp1 1591.5800462939299 c_k 1591.5807220473348 f_k 1591.5692263946155 y_k 1591.60551731463 1e-05 0.02333378791809082
coarse1 0 1 c_kp1 1120.5622191570997 c_k 1120.5624594073101 f_k 1120.5518827329765 y_k 1120.5823994721027 1e-05 0.0232541561126709
coarse1 0 0 c_kp1 793.1998172429853 c_k 793.199631043256 f_k 793.190710941122 y_k 793.2150084130791 1e-05 0.023138761520385742
0 ----------parallel -------- 14.71838092803955
0 fine 7 d_out 15669.406074129967 d_in 10428.893281703145 1e-09 0.05080819129943848
0 fine 6 d_out 10428.893281703145 d_in 7016.612552154743 1e-09 0.05061769485473633
0 fine 5 d_out 7016.612552154743 d_in 4772.711345479446 1e-09 0.05077338218688965
0 fine 4 d_out 4772.711345479446 d_in 3280.2908537889493 1e-09 0.05052757263183594
0 fine 3 d_out 3280.2908537889493 d_in 2275.729724596567 1e-09 0.05066871643066406
0 fine 2 d_out 2275.729724596567 d_in 1591.5692263946135 1e-09 0.05037856101989746
0 fine 1 d_out 1591.5692263946135 d_in 1120.5518827329822 1e-09 0.050540924072265625
0 fine 0 d_out 1120.5518827329822 d_in 793.1907109411372 1e-09 0.05027031898498535
0 ------- seq update -------- 15.123435497283936
coarse1 0 7 c_kp1 10428.890223082872 c_k 10428.895999486936 f_k 10428.893281703145 y_k 10428.893281703145 1e-05 0.023144960403442383
coarse1 0 6 c_kp1 7016.61123702879 c_k 7016.61766376544 f_k 7016.612552154743 y_k 7016.612552154743 1e-05 0.023149728775024414
coarse1 0 5 c_kp1 4772.714235421619 c_k 4772.719353544982 f_k 4772.711345479446 y_k 4772.711345479446 1e-05 0.02313518524169922
coarse1 0 4 c_kp1 3280.2979749376727 c_k 3280.301240800566 f_k 3280.2908537889493 y_k 3280.2908537889493 1e-05 0.02313995361328125
coarse1 0 3 c_kp1 2275.7396006951903 c_k 2275.7413149888025 f_k 2275.729724596567 y_k 2275.729724596567 1e-05 0.023157119750976562
coarse1 0 2 c_kp1 1591.5800462939253 c_k 1591.5807220473328 f_k 1591.5692263946135 y_k 1591.5692263946135 1e-05 0.023148775100708008
coarse1 0 1 c_kp1 1120.5622191571013 c_k 1120.5624594073156 f_k 1120.5518827329822 y_k 1120.5518827329822 1e-05 0.02313089370727539
coarse1 0 0 c_kp1 793.1998172429933 c_k 793.1996310432713 f_k 793.1907109411372 y_k 793.1907109411372 1e-05 0.02312326431274414
============
793.1907109411352
============
[2.38418579e-07 5.47024322e+00 6.85559416e+00 8.23338342e+00
 9.58990526e+00 1.09366441e+01 1.22920542e+01 1.36073864e+01
 1.47182956e+01 1.57619851e+01]
[1.00000000e+00 1.87992409e-01 7.13664587e-02 5.72928410e-03
 2.10034980e-04 2.25482021e-04 9.65926044e-05 5.08425658e-05
 6.00990287e-06 4.11840146e-07]
