0 24
1 12
1 ------- seq update -------- 0.0013511180877685547
0 ------- seq update -------- 0.0014252662658691406
recv...
coarse1 1 11 c_kp1 30881546.033883177 c_k 0.0 f_k 0.0 y_k 0.0 1e-05 17.419054985046387
coarse1 1 10 c_kp1 195825920.11208287 c_k 0.0 f_k 0.0 y_k 0.0 1e-05 3.7269623279571533
coarse1 1 9 c_kp1 2989234177.263108 c_k 0.0 f_k 0.0 y_k 0.0 1e-05 3.5523788928985596
coarse1 1 8 c_kp1 47365834606.34128 c_k 0.0 f_k 0.0 y_k 0.0 1e-05 8.480643272399902
coarse1 1 7 c_kp1 779390143874.4572 c_k 0.0 f_k 0.0 y_k 0.0 1e-05 13.723986625671387
coarse1 1 6 c_kp1 12507952464182.992 c_k 0.0 f_k 0.0 y_k 0.0 1e-05 2.89676833152771
coarse1 1 5 c_kp1 210281975275376.34 c_k 0.0 f_k 0.0 y_k 0.0 1e-05 2.6857614517211914
coarse1 1 4 c_kp1 3435440160893656.5 c_k 0.0 f_k 0.0 y_k 0.0 1e-05 2.4843924045562744
coarse1 1 3 c_kp1 5.949143536538684e+16 c_k 0.0 f_k 0.0 y_k 0.0 1e-05 2.39628005027771
coarse1 1 2 c_kp1 9.991220839045148e+17 c_k 0.0 f_k 0.0 y_k 0.0 1e-05 2.3688368797302246
coarse1 1 1 c_kp1 1.7887087627674444e+19 c_k 0.0 f_k 0.0 y_k 0.0 1e-05 2.3436384201049805
coarse1 1 0 c_kp1 3.105159600881526e+20 c_k 0.0 f_k 0.0 y_k 0.0 1e-05 2.3025150299072266
1 coarse sent  3.105159600881526e+20 (342711,)
0 recv! 3.105159600881526e+20
1 ----------parallel -------- 129.2605061531067
coarse1 0 23 c_kp1 5.723032547666086e+21 c_k 0.0 f_k 0.0 y_k 0.0 1e-05 2.473698616027832
coarse1 0 22 c_kp1 1.0245354666883205e+23 c_k 0.0 f_k 0.0 y_k 0.0 1e-05 2.4708120822906494
1 fine 11 d_out 0.0 d_in 30881539.93751242 1e-09 11.512208938598633
coarse1 0 21 c_kp1 1.9256526343867497e+24 c_k 0.0 f_k 0.0 y_k 0.0 1e-05 2.526564359664917
1 fine 10 d_out 30881539.93751242 d_in 195825536.054069 1e-09 4.132236957550049
coarse1 0 20 c_kp1 3.5280222904276637e+25 c_k 0.0 f_k 0.0 y_k 0.0 1e-05 2.4807417392730713
coarse1 0 19 c_kp1 6.70080580631026e+26 c_k 0.0 f_k 0.0 y_k 0.0 1e-05 2.476163864135742
coarse1 0 18 c_kp1 1.2464297175974342e+28 c_k 0.0 f_k 0.0 y_k 0.0 1e-05 2.478691816329956
1 fine 9 d_out 195825536.054069 d_in 2993471213.2798705 1e-09 14.780059814453125
coarse1 0 17 c_kp1 2.377970771225375e+29 c_k 0.0 f_k 0.0 y_k 0.0 1e-05 2.472447395324707
coarse1 0 16 c_kp1 4.4644324459670824e+30 c_k 0.0 f_k 0.0 y_k 0.0 1e-05 2.487633466720581
1 fine 8 d_out 2993471213.2798705 d_in 47420505970.172134 1e-09 14.297885656356812
coarse1 0 15 c_kp1 8.528960316506222e+31 c_k 0.0 f_k 0.0 y_k 0.0 1e-05 2.486778974533081
coarse1 0 14 c_kp1 1.6100865150561712e+33 c_k 0.0 f_k 0.0 y_k 0.0 1e-05 2.530291795730591
coarse1 0 13 c_kp1 3.075964062728645e+34 c_k 0.0 f_k 0.0 y_k 0.0 1e-05 2.4988996982574463
coarse1 0 12 c_kp1 5.82592775816404e+35 c_k 0.0 f_k 0.0 y_k 0.0 1e-05 2.4527459144592285
1 fine 7 d_out 47420505970.172134 d_in 780285696126.1682 1e-09 15.778587341308594
1 fine 6 d_out 780285696126.1682 d_in 12522146639593.465 1e-09 3.860534429550171
coarse1 0 11 c_kp1 1.112482015554067e+37 c_k 0.0 f_k 0.0 y_k 0.0 1e-05 2.453652858734131
1 fine 5 d_out 12522146639593.465 d_in 210515281475256.56 1e-09 3.811699628829956
coarse1 0 10 c_kp1 2.1112863705069572e+38 c_k 0.0 f_k 0.0 y_k 0.0 1e-05 2.404510498046875
1 fine 4 d_out 210515281475256.56 d_in 3439173433644027.0 1e-09 3.6345293521881104
coarse1 0 9 c_kp1 4.029330276122922e+39 c_k 0.0 f_k 0.0 y_k 0.0 1e-05 2.4315388202667236
coarse1 0 8 c_kp1 7.656474336152743e+40 c_k 0.0 f_k 0.0 y_k 0.0 1e-05 2.508870840072632
coarse1 0 7 c_kp1 1.4604875882524624e+42 c_k 0.0 f_k 0.0 y_k 0.0 1e-05 2.436427354812622
1 fine 3 d_out 3439173433644027.0 d_in 5.955414420603604e+16 1e-09 15.806039094924927
coarse1 0 6 c_kp1 2.7774038244803466e+43 c_k 0.0 f_k 0.0 y_k 0.0 1e-05 2.45371675491333
1 fine 2 d_out 5.955414420603604e+16 d_in 1.0001438287412937e+18 1e-09 3.586181402206421
coarse1 0 5 c_kp1 5.295830603907984e+44 c_k 0.0 f_k 0.0 y_k 0.0 1e-05 2.4527463912963867
coarse1 0 4 c_kp1 1.00762671663122e+46 c_k 0.0 f_k 0.0 y_k 0.0 1e-05 2.4793143272399902
coarse1 0 3 c_kp1 1.9207136867284087e+47 c_k 0.0 f_k 0.0 y_k 0.0 1e-05 2.4563193321228027
1 fine 1 d_out 1.0001438287412937e+18 d_in 1.7904798181845148e+19 1e-09 15.591655015945435
coarse1 0 2 c_kp1 3.65575054807876e+48 c_k 0.0 f_k 0.0 y_k 0.0 1e-05 2.3972606658935547
coarse1 0 1 c_kp1 6.966946372424561e+49 c_k 0.0 f_k 0.0 y_k 0.0 1e-05 2.4179861545562744
coarse1 0 0 c_kp1 1.3263430184230278e+51 c_k 0.0 f_k 0.0 y_k 0.0 1e-05 2.47070574760437
0 ----------parallel -------- 247.19593214988708
1 fine 0 d_out 1.7904798181845148e+19 d_in 3.108130845283423e+20 1e-09 14.975446939468384
1 ------- seq update -------- 251.02868676185608
0 fine 23 d_out 3.105159600881526e+20 d_in 5.723030985048493e+21 1e-09 3.678192377090454
0 fine 22 d_out 5.723030985048493e+21 d_in 1.0245349318591008e+23 1e-09 3.4415993690490723
0 fine 21 d_out 1.0245349318591008e+23 d_in 1.9256509851960377e+24 1e-09 3.7038204669952393
0 fine 20 d_out 1.9256509851960377e+24 d_in 3.5280182520359183e+25 1e-09 3.4710726737976074
0 fine 19 d_out 3.5280182520359183e+25 d_in 6.700796387739981e+26 1e-09 3.61916184425354
coarse1 1 11 c_kp1 30881546.033883177 c_k 30881546.033883177 f_k 30881539.93751242 y_k 30881546.033883177 1e-05 0.3627796173095703
0 fine 18 d_out 6.700796387739981e+26 d_in 1.2464276152223417e+28 1e-09 3.3714616298675537
0 fine 17 d_out 1.2464276152223417e+28 d_in 2.377966214392084e+29 1e-09 3.4722938537597656
coarse1 1 10 c_kp1 195825924.7681308 c_k 195825920.11208287 f_k 195825536.054069 y_k 195825920.11208287 1e-05 0.36465883255004883
0 fine 16 d_out 2.377966214392084e+29 d_in 4.4644226776612594e+30 1e-09 3.5589919090270996
coarse1 1 9 c_kp1 2989232036.516135 c_k 2989234177.263108 f_k 2993471213.2798705 y_k 2989234177.263108 1e-05 0.3640761375427246
0 fine 15 d_out 4.4644226776612594e+30 d_in 8.52893941114465e+31 1e-09 3.415954351425171
0 fine 14 d_out 8.52893941114465e+31 d_in 1.6100822579117546e+33 1e-09 3.6259217262268066
0 fine 13 d_out 1.6100822579117546e+33 d_in 3.075955123027731e+34 1e-09 3.508183479309082
coarse1 1 8 c_kp1 47365835137.10408 c_k 47365834606.34128 f_k 47420505970.172134 y_k 47365834606.34128 1e-05 0.36409616470336914
0 fine 12 d_out 3.075955123027731e+34 d_in 5.825908279952472e+35 1e-09 3.3621833324432373
0 fine 11 d_out 5.825908279952472e+35 d_in 1.112478246909989e+37 1e-09 3.4678215980529785
0 fine 10 d_out 1.112478246909989e+37 d_in 2.1112786570398203e+38 1e-09 3.3111965656280518
0 fine 9 d_out 2.1112786570398203e+38 d_in 4.0293150292227404e+39 1e-09 3.3798863887786865
coarse1 1 7 c_kp1 779390435057.797 c_k 779390143874.4572 f_k 780285696126.1682 y_k 779390143874.4572 1e-05 0.3601388931274414
0 fine 8 d_out 4.0293150292227404e+39 d_in 7.656443261462332e+40 1e-09 3.273521900177002
coarse1 1 6 c_kp1 12507952464507.04 c_k 12507952464182.992 f_k 12522146639593.465 y_k 12507952464182.992 1e-05 0.3622250556945801
0 fine 7 d_out 7.656443261462332e+40 d_in 1.4604811369637465e+42 1e-09 3.2763113975524902
coarse1 1 5 c_kp1 210281975277806.12 c_k 210281975275376.34 f_k 210515281475256.56 y_k 210281975275376.34 1e-05 0.36021852493286133
0 fine 6 d_out 1.4604811369637465e+42 d_in 2.77739044674951e+43 1e-09 3.2753801345825195
coarse1 1 4 c_kp1 3435440160757968.5 c_k 3435440160893656.5 f_k 3439173433644027.0 y_k 3435440160893656.5 1e-05 0.361133337020874
0 fine 5 d_out 2.77739044674951e+43 d_in 5.2958038630541296e+44 1e-09 3.2197682857513428
coarse1 1 3 c_kp1 5.949143536535255e+16 c_k 5.949143536538684e+16 f_k 5.955414420603604e+16 y_k 5.949143536538684e+16 1e-05 0.36243295669555664
0 fine 4 d_out 5.2958038630541296e+44 d_in 1.0076211832082261e+46 1e-09 3.2340879440307617
coarse1 1 2 c_kp1 9.991220839038922e+17 c_k 9.991220839045148e+17 f_k 1.0001438287412937e+18 y_k 9.991220839045148e+17 1e-05 0.3599386215209961
0 fine 3 d_out 1.0076211832082261e+46 d_in 1.9207029547948538e+47 1e-09 3.268583059310913
coarse1 1 1 c_kp1 1.7887087627674436e+19 c_k 1.7887087627674444e+19 f_k 1.7904798181845148e+19 y_k 1.7887087627674444e+19 1e-05 0.36458873748779297
0 fine 2 d_out 1.9207029547948538e+47 d_in 3.6557291210450744e+48 1e-09 3.257495880126953
coarse1 1 0 c_kp1 3.1051596010095595e+20 c_k 3.105159600881526e+20 f_k 3.108130845283423e+20 y_k 3.105159600881526e+20 1e-05 0.3855307102203369
0 fine 1 d_out 3.6557291210450744e+48 d_in 6.966903672532566e+49 1e-09 3.049342393875122
0 fine 0 d_out 6.966903672532566e+49 d_in 1.3263345046365899e+51 1e-09 3.1047587394714355
0 ------- seq update -------- 328.5449900627136
recv...
0 recv! 3.108130845283423e+20
1 coarse sent  3.108130845283423e+20 (342711,)
1 ----------parallel -------- 329.70835542678833
1 fine 11 d_out 0.0 d_in 30881539.93751242 1e-09 1.3091485500335693
1 fine 10 d_out 30881539.93751242 d_in 195825536.054069 1e-09 0.8392536640167236
1 fine 9 d_out 195825536.054069 d_in 2993471213.2798705 1e-09 0.4202389717102051
1 fine 8 d_out 2993471213.2798705 d_in 47420505970.172134 1e-09 0.36937379837036133
1 fine 7 d_out 47420505970.172134 d_in 780285696126.1682 1e-09 0.388547420501709
1 fine 6 d_out 780285696126.1682 d_in 12522146639593.465 1e-09 1.3974151611328125
coarse1 0 23 c_kp1 5.728365243391017e+21 c_k 5.723032547666086e+21 f_k 5.723030985048493e+21 y_k 5.723032547666086e+21 1e-05 2.8652281761169434
1 fine 5 d_out 12522146639593.465 d_in 210515281475256.56 1e-09 0.3779752254486084
1 fine 4 d_out 210515281475256.56 d_in 3439173433644027.0 1e-09 0.36916255950927734
1 fine 3 d_out 3439173433644027.0 d_in 5.955414420603604e+16 1e-09 0.3590278625488281
1 fine 2 d_out 5.955414420603604e+16 d_in 1.0001438287412937e+18 1e-09 0.35858798027038574
1 fine 1 d_out 1.0001438287412937e+18 d_in 1.7904798181845146e+19 1e-09 0.4720323085784912
1 fine 0 d_out 1.7904798181845146e+19 d_in 3.108130845283423e+20 1e-09 0.38167762756347656
1 ------- seq update -------- 336.75180983543396
1 skipping!
coarse1 0 22 c_kp1 1.0254618872181283e+23 c_k 1.0245354666883205e+23 f_k 1.0245349318591008e+23 y_k 1.0245354666883205e+23 1e-05 2.6254186630249023
coarse1 0 21 c_kp1 1.927364831008465e+24 c_k 1.9256526343867497e+24 f_k 1.9256509851960377e+24 y_k 1.9256526343867497e+24 1e-05 2.579613447189331
coarse1 0 20 c_kp1 3.5310914866239446e+25 c_k 3.5280222904276637e+25 f_k 3.5280182520359183e+25 y_k 3.5280222904276637e+25 1e-05 2.602044105529785
coarse1 0 19 c_kp1 6.706584225640762e+26 c_k 6.70080580631026e+26 f_k 6.700796387739981e+26 y_k 6.70080580631026e+26 1e-05 2.6017720699310303
coarse1 0 18 c_kp1 1.2474893992687186e+28 c_k 1.2464297175974342e+28 f_k 1.2464276152223417e+28 y_k 1.2464297175974342e+28 1e-05 2.5762031078338623
coarse1 0 17 c_kp1 2.3799851175710728e+29 c_k 2.377970771225375e+29 f_k 2.377966214392084e+29 y_k 2.377970771225375e+29 1e-05 2.581007242202759
coarse1 0 16 c_kp1 4.468179991430023e+30 c_k 4.4644324459670824e+30 f_k 4.4644226776612594e+30 y_k 4.4644324459670824e+30 1e-05 2.5764827728271484
coarse1 0 15 c_kp1 8.536112962017308e+31 c_k 8.528960316506222e+31 f_k 8.52893941114465e+31 y_k 8.528960316506222e+31 1e-05 2.5785088539123535
coarse1 0 14 c_kp1 1.6114294140209743e+33 c_k 1.6100865150561712e+33 f_k 1.6100822579117546e+33 y_k 1.6100865150561712e+33 1e-05 2.578803300857544
coarse1 0 13 c_kp1 3.0785296750755095e+34 c_k 3.075964062728645e+34 f_k 3.075955123027731e+34 y_k 3.075964062728645e+34 1e-05 2.5791075229644775
coarse1 0 12 c_kp1 5.830768736197103e+35 c_k 5.82592775816404e+35 f_k 5.825908279952472e+35 y_k 5.82592775816404e+35 1e-05 2.5855817794799805
coarse1 0 11 c_kp1 1.1134070582128121e+37 c_k 1.112482015554067e+37 f_k 1.112478246909989e+37 y_k 1.112482015554067e+37 1e-05 2.580259084701538
coarse1 0 10 c_kp1 2.1130374744605523e+38 c_k 2.1112863705069572e+38 f_k 2.1112786570398203e+38 y_k 2.1112863705069572e+38 1e-05 2.5269956588745117
coarse1 0 9 c_kp1 4.0326737543142903e+39 c_k 4.029330276122922e+39 f_k 4.0293150292227404e+39 y_k 4.029330276122922e+39 1e-05 2.581606388092041
coarse1 0 8 c_kp1 7.662815919707906e+40 c_k 7.656474336152743e+40 f_k 7.656443261462332e+40 y_k 7.656474336152743e+40 1e-05 2.5316858291625977
coarse1 0 7 c_kp1 1.461696934906145e+42 c_k 1.4604875882524624e+42 f_k 1.4604811369637465e+42 y_k 1.4604875882524624e+42 1e-05 2.580901622772217
coarse1 0 6 c_kp1 2.7797000685606613e+43 c_k 2.7774038244803466e+43 f_k 2.77739044674951e+43 y_k 2.7774038244803466e+43 1e-05 2.607121229171753
coarse1 0 5 c_kp1 5.30020986785267e+44 c_k 5.295830603907984e+44 f_k 5.2958038630541296e+44 y_k 5.295830603907984e+44 1e-05 2.5520713329315186
coarse1 0 4 c_kp1 1.0084590918719001e+46 c_k 1.00762671663122e+46 f_k 1.0076211832082261e+46 y_k 1.00762671663122e+46 1e-05 2.530722141265869
coarse1 0 3 c_kp1 1.922299818099632e+47 c_k 1.9207136867284087e+47 f_k 1.9207029547948538e+47 y_k 1.9207136867284087e+47 1e-05 2.59476900100708
coarse1 0 2 c_kp1 3.658767826767955e+48 c_k 3.65575054807876e+48 f_k 3.6557291210450744e+48 y_k 3.65575054807876e+48 1e-05 2.5336661338806152
coarse1 0 1 c_kp1 6.972695230158745e+49 c_k 6.966946372424561e+49 f_k 6.966903672532566e+49 y_k 6.966946372424561e+49 1e-05 2.5344741344451904
coarse1 0 0 c_kp1 1.3274366713975104e+51 c_k 1.3263430184230278e+51 f_k 1.3263345046365899e+51 y_k 1.3263430184230278e+51 1e-05 2.5843212604522705
0 ----------parallel -------- 440.32372426986694
0 fine 23 d_out 3.108130845283423e+20 d_in 5.728365789347654e+21 1e-09 3.3211581707000732
0 fine 22 d_out 5.728365789347654e+21 d_in 1.0254619686729998e+23 1e-09 3.271703004837036
0 fine 21 d_out 1.0254619686729998e+23 d_in 1.9273653184316273e+24 1e-09 6.3259947299957275
0 fine 20 d_out 1.9273653184316273e+24 d_in 3.5310925350408955e+25 1e-09 3.277198553085327
0 fine 19 d_out 3.5310925350408955e+25 d_in 6.706589209950231e+26 1e-09 3.2653751373291016
0 fine 18 d_out 6.706589209950231e+26 d_in 1.24749045922932e+28 1e-09 3.267258644104004
0 fine 17 d_out 1.24749045922932e+28 d_in 2.379987926605035e+29 1e-09 3.322829008102417
0 fine 16 d_out 2.379987926605035e+29 d_in 4.4681867712369537e+30 1e-09 3.270935297012329
0 fine 15 d_out 4.4681867712369537e+30 d_in 8.536126357880572e+31 1e-09 3.3056747913360596
0 fine 14 d_out 8.536126357880572e+31 d_in 1.6114322446933605e+33 1e-09 3.2707343101501465
0 fine 13 d_out 1.6114322446933605e+33 d_in 3.078535186271801e+34 1e-09 3.2737390995025635
0 fine 12 d_out 3.078535186271801e+34 d_in 5.830780229573608e+35 1e-09 3.2685916423797607
0 fine 11 d_out 5.830780229573608e+35 d_in 1.1134091760493884e+37 1e-09 3.270526885986328
0 fine 10 d_out 1.1134091760493884e+37 d_in 2.1130421015834997e+38 1e-09 3.2182021141052246
0 fine 9 d_out 2.1130421015834997e+38 d_in 4.0326826876390973e+39 1e-09 3.2361044883728027
0 fine 8 d_out 4.0326826876390973e+39 d_in 7.662834919263751e+40 1e-09 3.2207393646240234
0 fine 7 d_out 7.662834919263751e+40 d_in 1.4617010159420814e+42 1e-09 3.1608808040618896
0 fine 6 d_out 1.4617010159420814e+42 d_in 2.7797085283067475e+43 1e-09 3.162698268890381
0 fine 5 d_out 2.7797085283067475e+43 d_in 5.30022572746651e+44 1e-09 3.1634678840637207
0 fine 4 d_out 5.30022572746651e+44 d_in 1.008462103360849e+46 1e-09 3.165287494659424
0 fine 3 d_out 1.008462103360849e+46 d_in 1.9223063960385443e+47 1e-09 3.1809487342834473
0 fine 2 d_out 1.9223063960385443e+47 d_in 3.6587799851574147e+48 1e-09 3.159895658493042
0 fine 1 d_out 3.6587799851574147e+48 d_in 6.972719172793812e+49 1e-09 3.156947135925293
0 fine 0 d_out 6.972719172793812e+49 d_in 1.327441391580282e+51 1e-09 3.1635642051696777
0 ------- seq update -------- 521.0260384082794
coarse1 0 23 c_kp1 5.728365243391017e+21 c_k 5.728365777494997e+21 f_k 5.728365789347654e+21 y_k 5.728364214934555e+21 1e-05 0.3620457649230957
coarse1 0 22 c_kp1 1.0254618872181276e+23 c_k 1.0254618474982315e+23 f_k 1.0254619686729998e+23 y_k 1.0254613127205597e+23 1e-05 0.38947582244873047
coarse1 0 21 c_kp1 1.927364831008464e+24 c_k 1.927364915745646e+24 f_k 1.9273653184316273e+24 y_k 1.9273632666326708e+24 1e-05 0.3611290454864502
coarse1 0 20 c_kp1 3.5310914866239485e+25 c_k 3.531091021926019e+25 f_k 3.5310925350408955e+25 y_k 3.531086983742491e+25 1e-05 0.36205601692199707
coarse1 0 19 c_kp1 6.70658422564074e+26 c_k 6.706584503234895e+26 f_k 6.706589209950231e+26 y_k 6.706575084947922e+26 1e-05 0.36079859733581543
coarse1 0 18 c_kp1 1.2474893992687206e+28 c_k 1.2474892535813395e+28 f_k 1.24749045922932e+28 y_k 1.2474871512660586e+28 1e-05 0.3611299991607666
coarse1 0 17 c_kp1 2.379985117571107e+29 c_k 2.3799848387818153e+29 f_k 2.379987926605035e+29 y_k 2.3799802820256438e+29 1e-05 0.36108946800231934
coarse1 0 16 c_kp1 4.4681799914300225e+30 c_k 4.468180594267118e+30 f_k 4.4681867712369537e+30 y_k 4.4681708261163913e+30 1e-05 0.38378334045410156
coarse1 0 15 c_kp1 8.536112962017292e+31 c_k 8.53611208589619e+31 f_k 8.536126357880572e+31 y_k 8.536091180731482e+31 1e-05 0.36132383346557617
coarse1 0 14 c_kp1 1.6114294140209752e+33 c_k 1.6114296066285632e+33 f_k 1.6114322446933605e+33 y_k 1.6114253495173343e+33 1e-05 0.3610367774963379
coarse1 0 13 c_kp1 3.078529675075511e+34 c_k 3.0785297918019976e+34 f_k 3.078535186271801e+34 y_k 3.0785208521399254e+34 1e-05 0.36210203170776367
coarse1 0 12 c_kp1 5.830768736197104e+35 c_k 5.8307696623555824e+35 f_k 5.830780229573608e+35 y_k 5.8307501842672384e+35 1e-05 0.3619039058685303
coarse1 0 11 c_kp1 1.113407058212812e+37 c_k 1.1134069243651044e+37 f_k 1.1134091760493884e+37 y_k 1.1134031557347927e+37 1e-05 0.38321995735168457
coarse1 0 10 c_kp1 2.1130374744605526e+38 c_k 2.1130378171784383e+38 f_k 2.1130421015834997e+38 y_k 2.113030103745314e+38 1e-05 0.36247920989990234
coarse1 0 9 c_kp1 4.0326737543141525e+39 c_k 4.032673292027529e+39 f_k 4.0326826876390973e+39 y_k 4.032658045170245e+39 1e-05 0.36194348335266113
coarse1 0 8 c_kp1 7.662815919707888e+40 c_k 7.662814764233119e+40 f_k 7.662834919263751e+40 y_k 7.662783689633951e+40 1e-05 0.3616507053375244
coarse1 0 7 c_kp1 1.461696934906045e+42 c_k 1.4616968133715682e+42 f_k 1.4617010159420814e+42 y_k 1.461690362096803e+42 1e-05 0.3607900142669678
coarse1 0 6 c_kp1 2.7797000685606613e+43 c_k 2.7797006925226945e+43 f_k 2.7797085283067475e+43 y_k 2.7796873148168367e+43 1e-05 0.3615729808807373
coarse1 0 5 c_kp1 5.300209867852864e+44 c_k 5.300209788937242e+44 f_k 5.30022572746651e+44 y_k 5.300183048120108e+44 1e-05 0.3613250255584717
coarse1 0 4 c_kp1 1.0084590918719002e+46 c_k 1.008458993979904e+46 f_k 1.008462103360849e+46 y_k 1.0084534605666605e+46 1e-05 0.36110782623291016
coarse1 0 3 c_kp1 1.9222998181019726e+47 c_k 1.922300163516647e+47 f_k 1.9223063960385443e+47 y_k 1.9222894315907225e+47 1e-05 0.36252713203430176
coarse1 0 2 c_kp1 3.6587678267678724e+48 c_k 3.6587682721071545e+48 f_k 3.6587799851574147e+48 y_k 3.6587468451024384e+48 1e-05 0.36106109619140625
coarse1 0 1 c_kp1 6.972695230158243e+49 c_k 6.972695210498508e+49 f_k 6.972719172793812e+49 y_k 6.972652510644308e+49 1e-05 0.3622293472290039
coarse1 0 0 c_kp1 1.3274366713974786e+51 c_k 1.3274370159331419e+51 f_k 1.327441391580282e+51 y_k 1.3274285021524495e+51 1e-05 0.3610363006591797
============
1.327441391580282e+51
============
[4.76837158e-07 2.47194484e+02 4.40322346e+02 5.79197027e+02]
[1.00000000e+00 8.27973817e-04 1.48115770e-05 7.51197664e-10]
