6 1
7 1
8 1
9 0
10 1
11 1
12 1
13 1
14 1
15 1
16 1
17 1
1 1
3 1
5 1
0 1
2 1
4 1
4 ------- seq update -------- 0.00047516822814941406
recv...
8 ------- seq update -------- 0.0004780292510986328
recv...
0 ------- seq update -------- 0.00046944618225097656
recv...
12 ------- seq update -------- 0.00048613548278808594
recv...
16 ------- seq update -------- 0.0004870891571044922
recv...
11 ------- seq update -------- 0.00048732757568359375
recv...
1 ------- seq update -------- 0.0004868507385253906
recv...
3 ------- seq update -------- 0.00047659873962402344
recv...
14 ------- seq update -------- 0.0004775524139404297
recv...
17 ------- seq update -------- 0.0004990100860595703
7 ------- seq update -------- 0.0004794597625732422
recv...
15 ------- seq update -------- 0.0004837512969970703
recv...
13 ------- seq update -------- 0.0004725456237792969
recv...
2 ------- seq update -------- 0.00048613548278808594
recv...
10 ------- seq update -------- 0.00047707557678222656
recv...
6 ------- seq update -------- 0.00047969818115234375
recv...
5 ------- seq update -------- 0.0004825592041015625
recv...
coarse1 17 0 c_kp1 15963197.09502591 c_k 0.0 f_k 0.0 y_k 0.0 1e-05 3.6286394596099854
17 coarse sent  15963197.09502591 (90711,)
16 recv! 15963197.09502591
17 ----------parallel -------- 7.347193479537964
coarse1 16 0 c_kp1 32124565.65527738 c_k 0.0 f_k 0.0 y_k 0.0 1e-05 0.5563023090362549
16 coarse sent  32124565.65527738 (90711,)
15 recv! 32124565.65527738
16 ----------parallel -------- 8.493725538253784
16 fine 0 d_out 15963197.09502591 d_in 32019340.11323924 1e-09 0.6086199283599854
16 ------- seq update -------- 9.102476835250854
recv...
coarse1 15 0 c_kp1 40744742.89202578 c_k 0.0 f_k 0.0 y_k 0.0 1e-05 0.5591626167297363
15 coarse sent  40744742.89202578 (90711,)
14 recv! 40744742.89202578
15 ----------parallel -------- 9.623447179794312
coarse1 14 0 c_kp1 43662716.86472721 c_k 0.0 f_k 0.0 y_k 0.0 1e-05 0.5425662994384766
14 coarse sent  43662716.86472721 (90711,)
13 recv! 43662716.86472721
14 ----------parallel -------- 10.717159986495972
17 fine 0 d_out 0.0 d_in 15963224.88827652 1e-09 3.690739870071411
17 ------- seq update -------- 11.03805923461914
14 fine 0 d_out 40744742.89202578 d_in 43662750.20083622 1e-09 0.5234689712524414
14 ------- seq update -------- 11.24071216583252
recv...
coarse1 13 0 c_kp1 41740590.59584331 c_k 0.0 f_k 0.0 y_k 0.0 1e-05 0.5643153190612793
13 coarse sent  41740590.59584331 (90711,)
12 recv! 41740590.59584331
13 ----------parallel -------- 11.852693796157837
13 fine 0 d_out 43662716.86472721 d_in 41740696.12343733 1e-09 0.553436279296875
13 ------- seq update -------- 12.406225681304932
recv...
coarse1 12 0 c_kp1 36742586.24770227 c_k 0.0 f_k 0.0 y_k 0.0 1e-05 0.5091862678527832
12 coarse sent  36742586.24770227 (90711,)
11 recv! 36742586.24770227
12 ----------parallel -------- 12.922019243240356
15 fine 0 d_out 32124565.65527738 d_in 45046426.64321746 1e-09 3.768913507461548
15 ------- seq update -------- 13.392457008361816
recv...
12 fine 0 d_out 41740590.59584331 d_in 36743010.2887625 1e-09 0.5527336597442627
12 ------- seq update -------- 13.47484016418457
recv...
coarse1 11 0 c_kp1 30412052.150787238 c_k 0.0 f_k 0.0 y_k 0.0 1e-05 0.554877758026123
11 coarse sent  30412052.150787238 (90711,)
10 recv! 30412052.150787238
11 ----------parallel -------- 14.017651796340942
11 fine 0 d_out 36742586.24770227 d_in 30412727.101057302 1e-09 0.5478603839874268
11 ------- seq update -------- 14.565596103668213
recv...
coarse1 17 0 c_kp1 15963197.09502591 c_k 15963197.09502591 f_k 15963224.88827652 y_k 15963197.09502591 1e-05 0.09426236152648926
17 coarse sent  15963224.88827652 (90711,)
16 recv! 15963224.88827652
17 ----------parallel -------- 14.70672607421875
17 fine 0 d_out 0.0 d_in 15963224.88827652 1e-09 0.3234696388244629
17 ------- seq update -------- 15.030288457870483
17 skipping!
17 ----------parallel -------- 15.030810832977295
coarse1 10 0 c_kp1 24016364.39424929 c_k 0.0 f_k 0.0 y_k 0.0 1e-05 0.5474991798400879
17 fine 0 d_out 0.0 d_in 15963224.88827652 1e-09 0.32451772689819336
17 ------- seq update -------- 15.355412244796753
17 skipping!
17 ----------parallel -------- 15.355947017669678
coarse1 16 0 c_kp1 32124659.76613119 c_k 32124565.65527738 f_k 32019340.11323924 y_k 32124565.65527738 1e-05 0.09214568138122559
16 coarse sent  32019340.11323924 (90711,)
15 recv! 32019340.11323924
16 ----------parallel -------- 15.381171703338623
17 fine 0 d_out 0.0 d_in 15963224.88827652 1e-09 0.32706117630004883
17 ------- seq update -------- 15.683093786239624
17 skipping!
17 ----------parallel -------- 15.683633089065552
16 fine 0 d_out 15963224.88827652 d_in 32019036.46087821 1e-09 0.5630252361297607
16 ------- seq update -------- 15.944284439086914
17 fine 0 d_out 0.0 d_in 15963224.88827652 1e-09 0.3244743347167969
17 ------- seq update -------- 16.008190870285034
17 skipping!
17 ----------parallel -------- 16.008713245391846
17 fine 0 d_out 0.0 d_in 15963224.88827652 1e-09 0.32579827308654785
17 ------- seq update -------- 16.334599494934082
17 skipping!
17 ----------parallel -------- 16.335190534591675
coarse1 15 0 c_kp1 44965588.14722164 c_k 40744742.89202578 f_k 45046426.64321746 y_k 40744742.89202578 1e-05 0.5161862373352051
15 coarse sent  45285944.48770265 (90711,)
14 recv! 45285944.48770265
15 ----------parallel -------- 16.431408405303955
coarse1 16 0 c_kp1 32124659.76613119 c_k 32124565.65527738 f_k 32019036.46087821 y_k 32019340.11323924 1e-05 0.0921330451965332
17 fine 0 d_out 0.0 d_in 15963224.88827652 1e-09 0.3482198715209961
17 ------- seq update -------- 16.68352460861206
17 skipping!
17 ----------parallel -------- 16.684303998947144
17 fine 0 d_out 0.0 d_in 15963224.88827652 1e-09 0.32511138916015625
17 ------- seq update -------- 17.009488344192505
17 skipping!
17 ----------parallel -------- 17.010005950927734
17 fine 0 d_out 0.0 d_in 15963224.88827652 1e-09 0.3248558044433594
17 ------- seq update -------- 17.334932327270508
17 skipping!
17 ----------parallel -------- 17.33545231819153
coarse1 14 0 c_kp1 53153484.33401883 c_k 43662716.86472721 f_k 43662750.20083622 y_k 43662716.86472721 1e-05 0.5466423034667969
14 coarse sent  54394808.609767474 (90711,)
13 recv! 54394808.609767474
14 ----------parallel -------- 17.530962228775024
17 fine 0 d_out 0.0 d_in 15963224.88827652 1e-09 0.33422088623046875
17 ------- seq update -------- 17.66975426673889
17 skipping!
17 ----------parallel -------- 17.670353174209595
17 fine 0 d_out 0.0 d_in 15963224.88827652 1e-09 0.33980417251586914
17 ------- seq update -------- 18.010236024856567
17 skipping!
17 ----------parallel -------- 18.0108425617218
14 fine 0 d_out 45285944.48770265 d_in 53448409.174833335 1e-09 0.6271109580993652
14 ------- seq update -------- 18.158156633377075
recv...
17 fine 0 d_out 0.0 d_in 15963224.88827652 1e-09 0.33319997787475586
17 ------- seq update -------- 18.34412455558777
17 skipping!
17 ----------parallel -------- 18.34464955329895
coarse1 13 0 c_kp1 58847674.71074615 c_k 41740590.59584331 f_k 41740696.12343733 y_k 41740590.59584331 1e-05 0.5710787773132324
13 coarse sent  58447486.1065092 (90711,)
12 recv! 58447486.1065092
13 ----------parallel -------- 18.667155504226685
17 fine 0 d_out 0.0 d_in 15963224.88827652 1e-09 0.33628392219543457
17 ------- seq update -------- 18.68102192878723
17 skipping!
17 ----------parallel -------- 18.681610822677612
17 fine 0 d_out 0.0 d_in 15963224.88827652 1e-09 0.33754968643188477
17 ------- seq update -------- 19.01927375793457
17 skipping!
17 ----------parallel -------- 19.01987624168396
17 fine 0 d_out 0.0 d_in 15963224.88827652 1e-09 0.33711814880371094
17 ------- seq update -------- 19.35708522796631
17 skipping!
17 ----------parallel -------- 19.357624769210815
13 fine 0 d_out 54394808.609767474 d_in 58061447.33745776 1e-09 0.7709300518035889
13 ------- seq update -------- 19.43819284439087
recv...
15 fine 0 d_out 32019340.11323924 d_in 44832216.910622604 1e-09 3.2390570640563965
15 ------- seq update -------- 19.670557737350464
recv...
15 recv! 32019036.46087821
16 coarse sent  32019036.46087821 (90711,)
16 ----------parallel -------- 19.688151597976685
17 fine 0 d_out 0.0 d_in 15963224.88827652 1e-09 0.32370519638061523
17 ------- seq update -------- 19.68141484260559
17 skipping!
17 ----------parallel -------- 19.681971311569214
coarse1 12 0 c_kp1 58227757.373139 c_k 36742586.24770227 f_k 36743010.2887625 y_k 36742586.24770227 1e-05 0.5365965366363525
11 recv! 58307271.679881066
12 coarse sent  58307271.679881066 (90711,)
12 ----------parallel -------- 19.76758050918579
16 fine 0 d_out 15963224.88827652 d_in 32019036.46087821 1e-09 0.10798168182373047
16 ------- seq update -------- 19.796226739883423
16 skipping!
16 ----------parallel -------- 19.796759843826294
16 fine 0 d_out 15963224.88827652 d_in 32019036.46087821 1e-09 0.1090080738067627
16 ------- seq update -------- 19.90585422515869
16 skipping!
16 ----------parallel -------- 19.906400680541992
16 fine 0 d_out 15963224.88827652 d_in 32019036.46087821 1e-09 0.1075596809387207
16 ------- seq update -------- 20.014052629470825
16 skipping!
16 ----------parallel -------- 20.014649868011475
17 fine 0 d_out 0.0 d_in 15963224.88827652 1e-09 0.3246610164642334
17 ------- seq update -------- 20.006714820861816
17 skipping!
17 ----------parallel -------- 20.007267713546753
16 fine 0 d_out 15963224.88827652 d_in 32019036.46087821 1e-09 0.10892963409423828
16 ------- seq update -------- 20.123669147491455
16 skipping!
16 ----------parallel -------- 20.124194622039795
16 fine 0 d_out 15963224.88827652 d_in 32019036.46087821 1e-09 0.10795283317565918
16 ------- seq update -------- 20.23223376274109
16 skipping!
16 ----------parallel -------- 20.232781887054443
16 fine 0 d_out 15963224.88827652 d_in 32019036.46087821 1e-09 0.1097114086151123
16 ------- seq update -------- 20.342586040496826
16 skipping!
16 ----------parallel -------- 20.343185901641846
17 fine 0 d_out 0.0 d_in 15963224.88827652 1e-09 0.32163524627685547
17 ------- seq update -------- 20.328972101211548
17 skipping!
12 fine 0 d_out 58447486.1065092 d_in 57680518.642797835 1e-09 0.6422040462493896
12 ------- seq update -------- 20.40987777709961
recv...
16 fine 0 d_out 15963224.88827652 d_in 32019036.46087821 1e-09 0.10693693161010742
16 ------- seq update -------- 20.450201272964478
16 skipping!
16 ----------parallel -------- 20.450798988342285
16 fine 0 d_out 15963224.88827652 d_in 32019036.46087821 1e-09 0.10381579399108887
16 ------- seq update -------- 20.554698944091797
16 skipping!
16 ----------parallel -------- 20.555306673049927
16 fine 0 d_out 15963224.88827652 d_in 32019036.46087821 1e-09 0.1095438003540039
16 ------- seq update -------- 20.664929389953613
16 skipping!
16 ----------parallel -------- 20.665468454360962
coarse1 15 0 c_kp1 44965497.68200645 c_k 40972459.262009 f_k 44832216.910622604 y_k 45285944.48770265 1e-05 0.49629855155944824
15 coarse sent  44832413.71883079 (90711,)
14 recv! 44832413.71883079
15 ----------parallel -------- 20.733442306518555
16 fine 0 d_out 15963224.88827652 d_in 32019036.46087821 1e-09 0.10400056838989258
16 ------- seq update -------- 20.769556522369385
16 skipping!
16 ----------parallel -------- 20.770131826400757
coarse1 11 0 c_kp1 54707899.51218294 c_k 30412052.150787238 f_k 30412727.101057302 y_k 30412052.150787238 1e-05 0.5570676326751709
16 fine 0 d_out 15963224.88827652 d_in 32019036.46087821 1e-09 0.11130857467651367
16 ------- seq update -------- 20.881526708602905
16 skipping!
16 ----------parallel -------- 20.882097244262695
16 fine 0 d_out 15963224.88827652 d_in 32019036.46087821 1e-09 0.10386395454406738
16 ------- seq update -------- 20.986045122146606
16 skipping!
16 ----------parallel -------- 20.98656129837036
16 fine 0 d_out 15963224.88827652 d_in 32019036.46087821 1e-09 0.10386991500854492
16 ------- seq update -------- 21.09050941467285
16 skipping!
16 ----------parallel -------- 21.091017723083496
16 fine 0 d_out 15963224.88827652 d_in 32019036.46087821 1e-09 0.10389447212219238
16 ------- seq update -------- 21.194995880126953
16 skipping!
16 ----------parallel -------- 21.195541858673096
15 fine 0 d_out 32019036.46087821 d_in 44831199.43550226 1e-09 0.5465176105499268
15 ------- seq update -------- 21.280060052871704
16 fine 0 d_out 15963224.88827652 d_in 32019036.46087821 1e-09 0.10966825485229492
16 ------- seq update -------- 21.305293560028076
16 skipping!
16 ----------parallel -------- 21.30589985847473
16 fine 0 d_out 15963224.88827652 d_in 32019036.46087821 1e-09 0.10641002655029297
16 ------- seq update -------- 21.412387132644653
16 skipping!
coarse1 14 0 c_kp1 52305664.769859195 c_k 54394772.84117547 f_k 53448409.174833335 y_k 54394808.609767474 1e-05 0.5136511325836182
13 recv! 58294395.27111062
14 coarse sent  58294395.27111062 (90711,)
14 ----------parallel -------- 21.79723811149597
coarse1 15 0 c_kp1 44965497.68200645 c_k 40972640.63129016 f_k 44831199.43550226 y_k 44832413.71883079 1e-05 0.09479498863220215
coarse1 13 0 c_kp1 69222807.60837582 c_k 58447367.149334386 f_k 58061447.33745776 y_k 58447486.1065092 1e-05 0.5456399917602539
13 coarse sent  65909793.006491266 (90711,)
12 recv! 65909793.006491266
13 ----------parallel -------- 22.90071940422058
coarse1 12 0 c_kp1 67491527.9529123 c_k 58306770.39577497 f_k 57680518.642797835 y_k 58307271.679881066 1e-05 0.5322809219360352
13 fine 0 d_out 58294395.27111062 d_in 67434524.30536222 1e-09 3.0828819274902344
13 ------- seq update -------- 25.983688831329346
recv...
14 fine 0 d_out 44832413.71883079 d_in 52487864.340540625 1e-09 6.3316614627838135
14 ------- seq update -------- 28.129026651382446
recv...
14 recv! 44831199.43550226
15 coarse sent  44831199.43550226 (90711,)
15 ----------parallel -------- 28.127836227416992
15 fine 0 d_out 32019036.46087821 d_in 44831199.43550226 1e-09 0.0987248420715332
15 ------- seq update -------- 28.2266628742218
15 skipping!
15 ----------parallel -------- 28.227229833602905
15 fine 0 d_out 32019036.46087821 d_in 44831199.43550226 1e-09 0.10026335716247559
15 ------- seq update -------- 28.327576398849487
15 skipping!
15 ----------parallel -------- 28.32808232307434
15 fine 0 d_out 32019036.46087821 d_in 44831199.43550226 1e-09 0.0940251350402832
15 ------- seq update -------- 28.42220687866211
15 skipping!
15 ----------parallel -------- 28.422821760177612
15 fine 0 d_out 32019036.46087821 d_in 44831199.43550226 1e-09 0.0942075252532959
15 ------- seq update -------- 28.517130374908447
15 skipping!
15 ----------parallel -------- 28.517738103866577
15 fine 0 d_out 32019036.46087821 d_in 44831199.43550226 1e-09 0.09401655197143555
15 ------- seq update -------- 28.611836910247803
15 skipping!
15 ----------parallel -------- 28.612362384796143
15 fine 0 d_out 32019036.46087821 d_in 44831199.43550226 1e-09 0.0941917896270752
15 ------- seq update -------- 28.706636428833008
15 skipping!
15 ----------parallel -------- 28.707139492034912
15 fine 0 d_out 32019036.46087821 d_in 44831199.43550226 1e-09 0.09420466423034668
15 ------- seq update -------- 28.80142831802368
15 skipping!
15 ----------parallel -------- 28.801994562149048
15 fine 0 d_out 32019036.46087821 d_in 44831199.43550226 1e-09 0.09984660148620605
15 ------- seq update -------- 28.90193247795105
15 skipping!
15 ----------parallel -------- 28.90253448486328
15 fine 0 d_out 32019036.46087821 d_in 44831199.43550226 1e-09 0.09411978721618652
15 ------- seq update -------- 28.99674153327942
15 skipping!
15 ----------parallel -------- 28.99729871749878
15 fine 0 d_out 32019036.46087821 d_in 44831199.43550226 1e-09 0.09415578842163086
15 ------- seq update -------- 29.091551065444946
15 skipping!
15 ----------parallel -------- 29.09209966659546
coarse1 14 0 c_kp1 51750834.78915423 c_k 59284333.39594468 f_k 52487864.340540625 y_k 58294395.27111062 1e-05 0.47237277030944824
13 recv! 52488563.886883415
14 coarse sent  52488563.886883415 (90711,)
14 ----------parallel -------- 29.1482994556427
15 fine 0 d_out 32019036.46087821 d_in 44831199.43550226 1e-09 0.10032415390014648
15 ------- seq update -------- 29.19251799583435
15 skipping!
15 ----------parallel -------- 29.193091869354248
15 fine 0 d_out 32019036.46087821 d_in 44831199.43550226 1e-09 0.09467744827270508
15 ------- seq update -------- 29.287845373153687
15 skipping!
15 ----------parallel -------- 29.28836464881897
15 fine 0 d_out 32019036.46087821 d_in 44831199.43550226 1e-09 0.0996394157409668
15 ------- seq update -------- 29.388087511062622
15 skipping!
15 ----------parallel -------- 29.38860297203064
15 fine 0 d_out 32019036.46087821 d_in 44831199.43550226 1e-09 0.09402704238891602
15 ------- seq update -------- 29.48271656036377
15 skipping!
15 ----------parallel -------- 29.483243942260742
15 fine 0 d_out 32019036.46087821 d_in 44831199.43550226 1e-09 0.09412837028503418
15 ------- seq update -------- 29.57746124267578
15 skipping!
14 fine 0 d_out 44831199.43550226 d_in 52483900.02682318 1e-09 0.5732150077819824
14 ------- seq update -------- 29.721591472625732
coarse1 13 0 c_kp1 52847173.52765106 c_k 66313953.49628265 f_k 67434524.30536222 y_k 65909793.006491266 1e-05 0.5535485744476318
coarse1 14 0 c_kp1 51750834.78915423 c_k 59285150.14679948 f_k 52483900.02682318 y_k 52488563.886883415 1e-05 0.09178972244262695
