0 24
1 12
1 ------- seq update -------- 3.504753112792969e-05
0 ------- seq update -------- 3.337860107421875e-05
recv...
coarse1 1 11 c_kp1 11551647.211196436 c_k 0.0 f_k 0.0 y_k 0.0 1e-05 0.5921132564544678
coarse1 1 10 c_kp1 23619619.350821566 c_k 0.0 f_k 0.0 y_k 0.0 1e-05 0.06403613090515137
coarse1 1 9 c_kp1 32574583.190652307 c_k 0.0 f_k 0.0 y_k 0.0 1e-05 0.061994314193725586
coarse1 1 8 c_kp1 37523189.11411803 c_k 0.0 f_k 0.0 y_k 0.0 1e-05 0.06805109977722168
coarse1 1 7 c_kp1 38369646.74255031 c_k 0.0 f_k 0.0 y_k 0.0 1e-05 0.06187558174133301
coarse1 1 6 c_kp1 35995178.20194887 c_k 0.0 f_k 0.0 y_k 0.0 1e-05 0.06058239936828613
coarse1 1 5 c_kp1 31624775.749574687 c_k 0.0 f_k 0.0 y_k 0.0 1e-05 0.05993795394897461
coarse1 1 4 c_kp1 26380551.283084787 c_k 0.0 f_k 0.0 y_k 0.0 1e-05 0.05910849571228027
coarse1 1 3 c_kp1 21094495.82119374 c_k 0.0 f_k 0.0 y_k 0.0 1e-05 0.05922269821166992
coarse1 1 2 c_kp1 16280873.86686001 c_k 0.0 f_k 0.0 y_k 0.0 1e-05 0.05798840522766113
coarse1 1 1 c_kp1 12193232.312915219 c_k 0.0 f_k 0.0 y_k 0.0 1e-05 0.058016300201416016
coarse1 1 0 c_kp1 8898266.259901334 c_k 0.0 f_k 0.0 y_k 0.0 1e-05 0.0586552619934082
1 coarse sent  8898266.259901334 (21830,)
1 ----------parallel -------- 2.5432658195495605
0 recv! 8898266.259901334
1 fine 11 d_out 0.0 d_in 11551647.22655117 1e-09 0.0733027458190918
coarse1 0 23 c_kp1 6349254.788581318 c_k 0.0 f_k 0.0 y_k 0.0 1e-05 0.06345129013061523
1 fine 10 d_out 11551647.22655117 d_in 23609194.35556985 1e-09 0.07056355476379395
1 fine 9 d_out 23609194.35556985 d_in 33486255.779717248 1e-09 0.07448267936706543
coarse1 0 22 c_kp1 4442422.308067308 c_k 0.0 f_k 0.0 y_k 0.0 1e-05 0.0628197193145752
1 fine 8 d_out 33486255.779717248 d_in 39515463.50493475 1e-09 0.07191824913024902
coarse1 0 21 c_kp1 3055444.5561834634 c_k 0.0 f_k 0.0 y_k 0.0 1e-05 0.05997967720031738
1 fine 7 d_out 39515463.50493475 d_in 41288857.02986601 1e-09 0.15196514129638672
coarse1 0 20 c_kp1 2070337.8662321572 c_k 0.0 f_k 0.0 y_k 0.0 1e-05 0.06170821189880371
coarse1 0 19 c_kp1 1384811.0412169097 c_k 0.0 f_k 0.0 y_k 0.0 1e-05 0.05897688865661621
coarse1 0 18 c_kp1 916094.1821724102 c_k 0.0 f_k 0.0 y_k 0.0 1e-05 0.05883049964904785
coarse1 0 17 c_kp1 600459.7690201235 c_k 0.0 f_k 0.0 y_k 0.0 1e-05 0.05923151969909668
1 fine 6 d_out 41288857.02986601 d_in 39494388.90555545 1e-09 0.5033204555511475
coarse1 0 16 c_kp1 390677.2086051189 c_k 0.0 f_k 0.0 y_k 0.0 1e-05 0.06033515930175781
coarse1 0 15 c_kp1 252793.2413006379 c_k 0.0 f_k 0.0 y_k 0.0 1e-05 0.05931234359741211
coarse1 0 14 c_kp1 163003.32289657605 c_k 0.0 f_k 0.0 y_k 0.0 1e-05 0.06018996238708496
coarse1 0 13 c_kp1 104964.57527545119 c_k 0.0 f_k 0.0 y_k 0.0 1e-05 0.05994534492492676
1 fine 5 d_out 39494388.90555545 d_in 35311764.838998705 1e-09 0.5268402099609375
coarse1 0 12 c_kp1 67654.6639343309 c_k 0.0 f_k 0.0 y_k 0.0 1e-05 0.06037545204162598
coarse1 0 11 c_kp1 43751.79030097735 c_k 0.0 f_k 0.0 y_k 0.0 1e-05 0.05926775932312012
coarse1 0 10 c_kp1 28455.342744595735 c_k 0.0 f_k 0.0 y_k 0.0 1e-05 0.05868387222290039
coarse1 0 9 c_kp1 18652.793488351643 c_k 0.0 f_k 0.0 y_k 0.0 1e-05 0.05897331237792969
coarse1 0 8 c_kp1 12345.23455647459 c_k 0.0 f_k 0.0 y_k 0.0 1e-05 0.05989646911621094
1 fine 4 d_out 35311764.838998705 d_in 29925444.72507541 1e-09 0.5103938579559326
coarse1 0 7 c_kp1 8259.003656747022 c_k 0.0 f_k 0.0 y_k 0.0 1e-05 0.05970430374145508
coarse1 0 6 c_kp1 5587.401601831765 c_k 0.0 f_k 0.0 y_k 0.0 1e-05 0.058904170989990234
coarse1 0 5 c_kp1 3821.3462508483212 c_k 0.0 f_k 0.0 y_k 0.0 1e-05 0.05895638465881348
coarse1 0 4 c_kp1 2639.772952955999 c_k 0.0 f_k 0.0 y_k 0.0 1e-05 0.05880236625671387
1 fine 3 d_out 29925444.72507541 d_in 24274980.616931606 1e-09 0.5094122886657715
coarse1 0 3 c_kp1 1839.5877381534615 c_k 0.0 f_k 0.0 y_k 0.0 1e-05 0.06108880043029785
coarse1 0 2 c_kp1 1291.4371745974702 c_k 0.0 f_k 0.0 y_k 0.0 1e-05 0.05928540229797363
coarse1 0 1 c_kp1 912.0748405319085 c_k 0.0 f_k 0.0 y_k 0.0 1e-05 0.05871987342834473
coarse1 0 0 c_kp1 647.2263600851254 c_k 0.0 f_k 0.0 y_k 0.0 1e-05 0.05836844444274902
0 ----------parallel -------- 5.3946287631988525
0 fine 23 d_out 8898266.259901334 d_in 6349242.166614553 1e-09 0.0676124095916748
1 fine 2 d_out 24274980.616931606 d_in 18984421.97880126 1e-09 0.5051805973052979
0 fine 22 d_out 6349242.166614553 d_in 4442390.131308073 1e-09 0.06829214096069336
0 fine 21 d_out 4442390.131308073 d_in 3055399.3380349716 1e-09 0.06560659408569336
0 fine 20 d_out 3055399.3380349716 d_in 2070294.0959740847 1e-09 0.06490945816040039
0 fine 19 d_out 2070294.0959740847 d_in 1384781.0391363723 1e-09 0.06476759910583496
0 fine 18 d_out 1384781.0391363723 d_in 916083.2585065297 1e-09 0.0643014907836914
0 fine 17 d_out 916083.2585065297 d_in 600466.841788177 1e-09 0.06449413299560547
0 fine 16 d_out 600466.841788177 d_in 390697.5029868323 1e-09 0.0643165111541748
1 fine 1 d_out 18984421.97880126 d_in 14392490.119310945 1e-09 0.5130541324615479
0 fine 15 d_out 390697.5029868323 d_in 252820.92475389093 1e-09 0.06427669525146484
0 fine 14 d_out 252820.92475389093 d_in 163033.22682464743 1e-09 0.06535053253173828
0 fine 13 d_out 163033.22682464743 d_in 104992.96848685139 1e-09 0.06265687942504883
0 fine 12 d_out 104992.96848685139 d_in 67679.35749099453 1e-09 0.06362318992614746
0 fine 11 d_out 67679.35749099453 d_in 43771.882248740854 1e-09 0.062157392501831055
0 fine 10 d_out 43771.882248740854 d_in 28470.833718724127 1e-09 0.06208086013793945
0 fine 9 d_out 28470.833718724127 d_in 18664.21237843647 1e-09 0.0636742115020752
0 fine 8 d_out 18664.21237843647 d_in 12353.340362828818 1e-09 0.06197166442871094
0 fine 7 d_out 12353.340362828818 d_in 8264.582291032162 1e-09 0.06586551666259766
1 fine 0 d_out 14392490.119310945 d_in 10623195.5170246 1e-09 0.5128419399261475
1 ------- seq update -------- 6.567272186279297
0 fine 6 d_out 8264.582291032162 d_in 5591.149881833102 1e-09 0.06643295288085938
0 fine 5 d_out 5591.149881833102 d_in 3823.823178108458 1e-09 0.06269645690917969
0 fine 4 d_out 3823.823178108458 d_in 2641.3952237956696 1e-09 0.06393647193908691
0 fine 3 d_out 2641.3952237956696 d_in 1840.6489037326464 1e-09 0.06212878227233887
0 fine 2 d_out 1840.6489037326464 d_in 1292.1352634201355 1e-09 0.06630420684814453
0 fine 1 d_out 1292.1352634201355 d_in 912.5392765694786 1e-09 0.0631110668182373
0 fine 0 d_out 912.5392765694786 d_in 647.5399950911209 1e-09 0.06310319900512695
0 ------- seq update -------- 6.939718246459961
recv...
coarse1 1 11 c_kp1 11551647.211196436 c_k 11551647.211196436 f_k 11551647.22655117 y_k 11551647.211196436 1e-05 0.02400517463684082
coarse1 1 10 c_kp1 23619606.138217088 c_k 23619619.350821566 f_k 23609194.35556985 y_k 23619619.350821566 1e-05 0.024648666381835938
coarse1 1 9 c_kp1 32574688.050750133 c_k 32574583.190652307 f_k 33486255.779717248 y_k 32574583.190652307 1e-05 0.02336883544921875
coarse1 1 8 c_kp1 37523190.5177612 c_k 37523189.11411803 f_k 39515463.50493475 y_k 37523189.11411803 1e-05 0.02352452278137207
coarse1 1 7 c_kp1 38369646.75373756 c_k 38369646.74255031 f_k 41288857.02986601 y_k 38369646.74255031 1e-05 0.02353358268737793
coarse1 1 6 c_kp1 35995178.2079392 c_k 35995178.20194887 f_k 39494388.90555545 y_k 35995178.20194887 1e-05 0.02344989776611328
coarse1 1 5 c_kp1 31624775.750170205 c_k 31624775.749574687 f_k 35311764.838998705 y_k 31624775.749574687 1e-05 0.024812936782836914
coarse1 1 4 c_kp1 26380551.28286697 c_k 26380551.283084787 f_k 29925444.72507541 y_k 26380551.283084787 1e-05 0.023413658142089844
coarse1 1 3 c_kp1 21094495.82222319 c_k 21094495.82119374 f_k 24274980.616931606 y_k 21094495.82119374 1e-05 0.023500919342041016
coarse1 1 2 c_kp1 16280873.867183574 c_k 16280873.86686001 f_k 18984421.97880126 y_k 16280873.86686001 1e-05 0.023384809494018555
coarse1 1 1 c_kp1 12193232.31253865 c_k 12193232.312915219 f_k 14392490.119310945 y_k 12193232.312915219 1e-05 0.023534059524536133
coarse1 1 0 c_kp1 8898266.260057729 c_k 8898266.259901334 f_k 10623195.5170246 y_k 8898266.259901334 1e-05 0.023459434509277344
1 coarse sent  10623195.5170246 (21830,)
0 recv! 10623195.5170246
1 ----------parallel -------- 8.179260492324829
1 fine 11 d_out 0.0 d_in 11551647.22655117 1e-09 0.038773298263549805
1 fine 10 d_out 11551647.22655117 d_in 23609194.35556985 1e-09 0.02462172508239746
1 fine 9 d_out 23609194.35556985 d_in 33486255.779717248 1e-09 0.023618459701538086
1 fine 8 d_out 33486255.779717248 d_in 39515463.50493475 1e-09 0.03006887435913086
coarse1 0 23 c_kp1 7660950.780768391 c_k 6349254.788581318 f_k 6349242.166614553 y_k 6349254.788581318 1e-05 0.059808969497680664
1 fine 7 d_out 39515463.50493475 d_in 41288857.02986601 1e-09 0.023693561553955078
1 fine 6 d_out 41288857.02986601 d_in 39494388.90555545 1e-09 0.02337932586669922
1 fine 5 d_out 39494388.90555545 d_in 35311764.838998705 1e-09 0.02358102798461914
1 fine 4 d_out 35311764.838998705 d_in 29925444.72507541 1e-09 0.023737192153930664
1 fine 3 d_out 29925444.72507541 d_in 24274980.616931606 1e-09 0.023548126220703125
coarse1 0 22 c_kp1 5413683.466543512 c_k 4442422.308067308 f_k 4442390.131308073 y_k 4442422.308067308 1e-05 0.05875396728515625
1 fine 2 d_out 24274980.616931606 d_in 18984421.97880126 1e-09 0.02365851402282715
1 fine 1 d_out 18984421.97880126 d_in 14392490.119310947 1e-09 0.023375749588012695
1 fine 0 d_out 14392490.119310947 d_in 10623195.5170246 1e-09 0.024938583374023438
1 ------- seq update -------- 8.486948490142822
1 skipping!
coarse1 0 21 c_kp1 3758191.556375978 c_k 3055444.5561834634 f_k 3055399.3380349716 y_k 3055444.5561834634 1e-05 0.05945992469787598
coarse1 0 20 c_kp1 2568638.680934319 c_k 2070337.8662321572 f_k 2070294.0959740847 y_k 2070337.8662321572 1e-05 0.05765271186828613
coarse1 0 19 c_kp1 1731914.404884823 c_k 1384811.0412169097 f_k 1384781.0391363723 y_k 1384811.0412169097 1e-05 0.056645870208740234
coarse1 0 18 c_kp1 1154137.4686615274 c_k 916094.1821724102 f_k 916083.2585065297 y_k 916094.1821724102 1e-05 0.056739091873168945
coarse1 0 17 c_kp1 761489.5067518927 c_k 600459.7690201235 f_k 600466.841788177 y_k 600459.7690201235 1e-05 0.05677294731140137
coarse1 0 16 c_kp1 498316.0445069576 c_k 390677.2086051189 f_k 390697.5029868323 y_k 390677.2086051189 1e-05 0.056754112243652344
coarse1 0 15 c_kp1 324007.62416284264 c_k 252793.2413006379 f_k 252820.92475389093 y_k 252793.2413006379 1e-05 0.05820107460021973
coarse1 0 14 c_kp1 209713.51857545407 c_k 163003.32289657605 f_k 163033.22682464743 y_k 163003.32289657605 1e-05 0.056786537170410156
coarse1 0 13 c_kp1 135389.11624989318 c_k 104964.57527545119 f_k 104992.96848685139 y_k 104964.57527545119 1e-05 0.05623340606689453
coarse1 0 12 c_kp1 87368.48585533079 c_k 67654.6639343309 f_k 67679.35749099453 y_k 67654.6639343309 1e-05 0.05681467056274414
coarse1 0 11 c_kp1 56483.584075099825 c_k 43751.79030097735 f_k 43771.882248740854 y_k 43751.79030097735 1e-05 0.056947946548461914
coarse1 0 10 c_kp1 36668.5236413562 c_k 28455.342744595735 f_k 28470.833718724127 y_k 28455.342744595735 1e-05 0.05815434455871582
coarse1 0 9 c_kp1 23957.54871352509 c_k 18652.793488351643 f_k 18664.21237843647 y_k 18652.793488351643 1e-05 0.057007551193237305
coarse1 0 8 c_kp1 15784.381244248498 c_k 12345.23455647459 f_k 12353.340362828818 y_k 12345.23455647459 1e-05 0.056436777114868164
coarse1 0 7 c_kp1 10502.701815551003 c_k 8259.003656747022 f_k 8264.582291032162 y_k 8259.003656747022 1e-05 0.05782651901245117
coarse1 0 6 c_kp1 7063.748446859594 c_k 5587.401601831765 f_k 5591.149881833102 y_k 5587.401601831765 1e-05 0.05695199966430664
coarse1 0 5 c_kp1 4802.785306882032 c_k 3821.3462508483212 f_k 3823.823178108458 y_k 3821.3462508483212 1e-05 0.05682110786437988
coarse1 0 4 c_kp1 3299.54466035084 c_k 2639.772952955999 f_k 2641.3952237956696 y_k 2639.772952955999 1e-05 0.05684256553649902
coarse1 0 3 c_kp1 2288.1471462692343 c_k 1839.5877381534615 f_k 1840.6489037326464 y_k 1839.5877381534615 1e-05 0.05677914619445801
coarse1 0 2 c_kp1 1599.6606667859512 c_k 1291.4371745974702 f_k 1292.1352634201355 y_k 1291.4371745974702 1e-05 0.056798458099365234
coarse1 0 1 c_kp1 1125.8882918720874 c_k 912.0748405319085 f_k 912.5392765694786 y_k 912.0748405319085 1e-05 0.05647015571594238
coarse1 0 0 c_kp1 796.7544033903569 c_k 647.2263600851254 f_k 647.5399950911209 y_k 647.2263600851254 1e-05 0.0564882755279541
0 ----------parallel -------- 10.909883499145508
0 fine 23 d_out 10623195.5170246 d_in 7660951.59716673 1e-09 0.062371015548706055
0 fine 22 d_out 7660951.59716673 d_in 5413698.250849554 1e-09 0.06105971336364746
0 fine 21 d_out 5413698.250849554 d_in 3758216.143683203 1e-09 0.061174631118774414
0 fine 20 d_out 3758216.143683203 d_in 2568655.2341841212 1e-09 0.06109213829040527
0 fine 19 d_out 2568655.2341841212 d_in 1731937.3809718997 1e-09 0.06097984313964844
0 fine 18 d_out 1731937.3809718997 d_in 1154155.8073854656 1e-09 0.06187033653259277
0 fine 17 d_out 1154155.8073854656 d_in 761502.7538693581 1e-09 0.06202387809753418
0 fine 16 d_out 761502.7538693581 d_in 498325.36772235134 1e-09 0.060858726501464844
0 fine 15 d_out 498325.36772235134 d_in 324013.7751990786 1e-09 0.06084585189819336
0 fine 14 d_out 324013.7751990786 d_in 209717.19067872295 1e-09 0.06092691421508789
0 fine 13 d_out 209717.19067872295 d_in 135391.0060692292 1e-09 0.06230425834655762
0 fine 12 d_out 135391.0060692292 d_in 87369.21037012947 1e-09 0.06083250045776367
0 fine 11 d_out 87369.21037012947 d_in 56483.6290995296 1e-09 0.06106972694396973
0 fine 10 d_out 56483.6290995296 d_in 36668.23564372774 1e-09 0.060852766036987305
0 fine 9 d_out 36668.23564372774 d_in 23957.1505808559 1e-09 0.06240344047546387
0 fine 8 d_out 23957.1505808559 d_in 15783.998227485032 1e-09 0.06085681915283203
0 fine 7 d_out 15783.998227485032 d_in 10502.390056101076 1e-09 0.0680382251739502
0 fine 6 d_out 10502.390056101076 d_in 7063.521187316632 1e-09 0.06341266632080078
0 fine 5 d_out 7063.521187316632 d_in 4802.6336259557 1e-09 0.06318497657775879
0 fine 4 d_out 4802.6336259557 d_in 3299.451490605001 1e-09 0.06287550926208496
0 fine 3 d_out 3299.451490605001 d_in 2288.0951705957964 1e-09 0.06313109397888184
0 fine 2 d_out 2288.0951705957964 d_in 1599.6357495954296 1e-09 0.06316709518432617
0 fine 1 d_out 1599.6357495954296 d_in 1125.8801810677317 1e-09 0.06293606758117676
0 fine 0 d_out 1125.8801810677317 d_in 796.7561976983424 1e-09 0.06278133392333984
0 ------- seq update -------- 12.402311325073242
coarse1 0 23 c_kp1 7660950.780768391 c_k 7660948.2234731065 f_k 7660951.59716673 y_k 7660935.135360383 1e-05 0.02353382110595703
coarse1 0 22 c_kp1 5413683.466531353 c_k 5413686.447778846 f_k 5413698.250849554 y_k 5413653.309059404 1e-05 0.023523569107055664
coarse1 0 21 c_kp1 3758191.5563658974 c_k 3758199.0937502384 f_k 3758216.143683203 y_k 3758152.8068383993 1e-05 0.023470640182495117
coarse1 0 20 c_kp1 2568638.680992817 c_k 2568634.008125298 f_k 2568655.2341841212 y_k 2568589.4049578095 1e-05 0.023678064346313477
coarse1 0 19 c_kp1 1731914.404794947 c_k 1731917.077067745 f_k 1731937.3809718997 y_k 1731886.6221598245 1e-05 0.023652315139770508
coarse1 0 18 c_kp1 1154137.4686427717 c_k 1154138.606084326 f_k 1154155.8073854656 y_k 1154127.6096751648 1e-05 0.023472309112548828
coarse1 0 17 c_kp1 761489.5067524118 c_k 761489.3711322242 f_k 761502.7538693581 y_k 761496.6806167449 1e-05 0.023427248001098633
coarse1 0 16 c_kp1 498316.0445039278 c_k 498315.7731736238 f_k 498325.36772235134 y_k 498336.5255271778 1e-05 0.023565053939819336
coarse1 0 15 c_kp1 324007.62416070205 c_k 324007.46530824684 f_k 324013.7751990786 y_k 324035.749104548 1e-05 0.024862289428710938
coarse1 0 14 c_kp1 209713.5185714121 c_k 209713.4442148941 f_k 209717.19067872295 y_k 209744.02796178448 1e-05 0.023644208908081055
coarse1 0 13 c_kp1 135389.11624993652 c_k 135389.08600533387 f_k 135391.0060692292 y_k 135418.18913707652 1e-05 0.023415088653564453
coarse1 0 12 c_kp1 87368.48585428743 c_k 87368.47780306122 f_k 87369.21037012947 y_k 87393.87149208931 1e-05 0.023496627807617188
coarse1 0 11 c_kp1 56483.58407660414 c_k 56483.58716914242 f_k 56483.6290995296 y_k 56504.336546658764 1e-05 0.023509502410888672
coarse1 0 10 c_kp1 36668.52364150241 c_k 36668.53189771572 f_k 36668.23564372774 y_k 36684.61135272129 1e-05 0.023535490036010742
coarse1 0 9 c_kp1 23957.54871346371 c_k 23957.558792588166 f_k 23957.1505808559 y_k 23969.47894344374 1e-05 0.02351236343383789
coarse1 0 8 c_kp1 15784.381244158034 c_k 15784.391244437023 f_k 15783.998227485032 y_k 15792.902375678706 1e-05 0.024973392486572266
coarse1 0 7 c_kp1 10502.70181553307 c_k 10502.710639311965 f_k 10502.390056101076 y_k 10508.599918495474 1e-05 0.023439884185791016
coarse1 0 6 c_kp1 7063.748446839123 c_k 7063.75554871985 f_k 7063.521187316632 y_k 7067.729493416673 1e-05 0.02335047721862793
coarse1 0 5 c_kp1 4802.785306886645 c_k 4802.790591503188 f_k 4802.6336259557 y_k 4805.423196912367 1e-05 0.023359298706054688
coarse1 0 4 c_kp1 3299.5446603184955 c_k 3299.548334141241 f_k 3299.451490605001 y_k 3301.272955669723 1e-05 0.023375749588012695
coarse1 0 3 c_kp1 2288.147146288822 c_k 2288.149528241851 f_k 2288.0951705957964 y_k 2289.275119972245 1e-05 0.023442983627319336
coarse1 0 2 c_kp1 1599.6606667891547 c_k 1599.6621081767148 f_k 1599.6357495954296 y_k 1600.3992223922749 1e-05 0.023407459259033203
coarse1 0 1 c_kp1 1125.8882918692304 c_k 1125.8890948370815 f_k 1125.8801810677317 y_k 1126.3763919495475 1e-05 0.023318767547607422
coarse1 0 0 c_kp1 796.7544033900683 c_k 796.7548080764044 f_k 796.7561976983424 y_k 797.0814512115252 1e-05 0.024838685989379883
============
796.7561976983424
============
[2.38418579e-07 5.39450765e+00 1.09097848e+01 1.43829780e+01]
[1.00000000e+00 1.92262143e-01 1.04420343e-03 4.78828347e-10]
