0 36
0 ------- seq update -------- 0.00018405914306640625
coarse1 0 35 c_kp1 15963197.09502591 c_k 0.0 f_k 0.0 y_k 0.0 1e-05 3.671297550201416
coarse1 0 34 c_kp1 32124565.65527738 c_k 0.0 f_k 0.0 y_k 0.0 1e-05 0.5542237758636475
coarse1 0 33 c_kp1 40744742.89202578 c_k 0.0 f_k 0.0 y_k 0.0 1e-05 0.5503838062286377
coarse1 0 32 c_kp1 43662716.86472721 c_k 0.0 f_k 0.0 y_k 0.0 1e-05 0.5363144874572754
coarse1 0 31 c_kp1 41740590.59584331 c_k 0.0 f_k 0.0 y_k 0.0 1e-05 0.5320084095001221
coarse1 0 30 c_kp1 36742586.24770227 c_k 0.0 f_k 0.0 y_k 0.0 1e-05 0.5275585651397705
coarse1 0 29 c_kp1 30412052.150787238 c_k 0.0 f_k 0.0 y_k 0.0 1e-05 0.5266208648681641
coarse1 0 28 c_kp1 24016364.39424929 c_k 0.0 f_k 0.0 y_k 0.0 1e-05 0.5230088233947754
coarse1 0 27 c_kp1 18300811.03951462 c_k 0.0 f_k 0.0 y_k 0.0 1e-05 0.5192646980285645
coarse1 0 26 c_kp1 13594186.34821568 c_k 0.0 f_k 0.0 y_k 0.0 1e-05 0.5153577327728271
coarse1 0 25 c_kp1 9952958.716692094 c_k 0.0 f_k 0.0 y_k 0.0 1e-05 0.5188534259796143
coarse1 0 24 c_kp1 7278592.450017702 c_k 0.0 f_k 0.0 y_k 0.0 1e-05 0.5445578098297119
coarse1 0 23 c_kp1 5401755.322511803 c_k 0.0 f_k 0.0 y_k 0.0 1e-05 0.5156545639038086
coarse1 0 22 c_kp1 4133993.746006039 c_k 0.0 f_k 0.0 y_k 0.0 1e-05 0.513080358505249
coarse1 0 21 c_kp1 3297453.2644561143 c_k 0.0 f_k 0.0 y_k 0.0 1e-05 0.5138332843780518
coarse1 0 20 c_kp1 2743390.6742660343 c_k 0.0 f_k 0.0 y_k 0.0 1e-05 0.5116074085235596
coarse1 0 19 c_kp1 2362254.075550263 c_k 0.0 f_k 0.0 y_k 0.0 1e-05 0.5051209926605225
coarse1 0 18 c_kp1 2083051.5720038784 c_k 0.0 f_k 0.0 y_k 0.0 1e-05 0.500765323638916
coarse1 0 17 c_kp1 1864355.4650012776 c_k 0.0 f_k 0.0 y_k 0.0 1e-05 0.5001058578491211
coarse1 0 16 c_kp1 1683500.2582966809 c_k 0.0 f_k 0.0 y_k 0.0 1e-05 0.5024471282958984
coarse1 0 15 c_kp1 1528314.7674547955 c_k 0.0 f_k 0.0 y_k 0.0 1e-05 0.48827409744262695
coarse1 0 14 c_kp1 1392093.740447403 c_k 0.0 f_k 0.0 y_k 0.0 1e-05 0.5041799545288086
coarse1 0 13 c_kp1 1270905.1440624294 c_k 0.0 f_k 0.0 y_k 0.0 1e-05 0.488147497177124
coarse1 0 12 c_kp1 1162242.7875397033 c_k 0.0 f_k 0.0 y_k 0.0 1e-05 0.4910464286804199
coarse1 0 11 c_kp1 1064368.937222425 c_k 0.0 f_k 0.0 y_k 0.0 1e-05 0.4753537178039551
coarse1 0 10 c_kp1 975992.8272989236 c_k 0.0 f_k 0.0 y_k 0.0 1e-05 0.49317359924316406
coarse1 0 9 c_kp1 896106.0083419498 c_k 0.0 f_k 0.0 y_k 0.0 1e-05 0.48122072219848633
coarse1 0 8 c_kp1 823894.4980070107 c_k 0.0 f_k 0.0 y_k 0.0 1e-05 0.4802114963531494
coarse1 0 7 c_kp1 758687.2602274652 c_k 0.0 f_k 0.0 y_k 0.0 1e-05 0.46602559089660645
coarse1 0 6 c_kp1 699924.2756580879 c_k 0.0 f_k 0.0 y_k 0.0 1e-05 0.4775393009185791
coarse1 0 5 c_kp1 647134.5136587629 c_k 0.0 f_k 0.0 y_k 0.0 1e-05 0.464740514755249
coarse1 0 4 c_kp1 599920.378906925 c_k 0.0 f_k 0.0 y_k 0.0 1e-05 0.4705667495727539
coarse1 0 3 c_kp1 557944.9963735286 c_k 0.0 f_k 0.0 y_k 0.0 1e-05 0.46814966201782227
coarse1 0 2 c_kp1 520921.07586831634 c_k 0.0 f_k 0.0 y_k 0.0 1e-05 0.48221445083618164
coarse1 0 1 c_kp1 488600.4214080199 c_k 0.0 f_k 0.0 y_k 0.0 1e-05 0.46442341804504395
coarse1 0 0 c_kp1 460763.2321129676 c_k 0.0 f_k 0.0 y_k 0.0 1e-05 0.4798095226287842
0 ----------parallel -------- 42.85835337638855
0 fine 35 d_out 0.0 d_in 15963224.88827652 1e-09 3.596670627593994
0 fine 34 d_out 15963224.88827652 d_in 32019395.732946046 1e-09 0.594641923904419
0 fine 33 d_out 32019395.732946046 d_in 44831984.405521564 1e-09 3.1927664279937744
0 fine 32 d_out 44831984.405521564 d_in 52485170.65288479 1e-09 0.6440219879150391
0 fine 31 d_out 52485170.65288479 d_in 54579061.594706014 1e-09 11.842057704925537
0 fine 30 d_out 54579061.594706014 d_in 52072118.615718976 1e-09 3.477778196334839
0 fine 29 d_out 52072118.615718976 d_in 46526770.026261 1e-09 11.90541958808899
0 fine 28 d_out 46526770.026261 d_in 39489596.770735614 1e-09 3.4120466709136963
0 fine 27 d_out 39489596.770735614 d_in 32175615.66910405 1e-09 3.442939519882202
0 fine 26 d_out 32175615.66910405 d_in 25384503.93881585 1e-09 3.3488824367523193
0 fine 25 d_out 25384503.93881585 d_in 19544544.423539635 1e-09 3.417947292327881
0 fine 24 d_out 19544544.423539635 d_in 14806559.69323508 1e-09 3.3474061489105225
0 fine 23 d_out 14806559.69323508 d_in 11141782.194711767 1e-09 3.365391254425049
0 fine 22 d_out 11141782.194711767 d_in 8421773.493363377 1e-09 3.3951528072357178
0 fine 21 d_out 8421773.493363377 d_in 6474307.098708634 1e-09 3.3549904823303223
0 fine 20 d_out 6474307.098708634 d_in 5118594.942798205 1e-09 3.3648476600646973
0 fine 19 d_out 5118594.942798205 d_in 4187406.4603306614 1e-09 3.3816721439361572
0 fine 18 d_out 4187406.4603306614 d_in 3541730.4825455896 1e-09 3.3880834579467773
0 fine 17 d_out 3541730.4825455896 d_in 3078148.358671684 1e-09 3.3527302742004395
0 fine 16 d_out 3078148.358671684 d_in 2727544.0020682653 1e-09 3.2958109378814697
0 fine 15 d_out 2727544.0020682653 d_in 2447577.7609110572 1e-09 3.331420421600342
0 fine 14 d_out 2447577.7609110572 d_in 2213720.842570711 1e-09 3.287499189376831
0 fine 13 d_out 2213720.842570711 d_in 2012052.4209375477 1e-09 3.3431155681610107
0 fine 12 d_out 2012052.4209375477 d_in 1834556.7693086327 1e-09 3.3222248554229736
0 fine 11 d_out 1834556.7693086327 d_in 1676402.1787051847 1e-09 3.265265941619873
0 fine 10 d_out 1676402.1787051847 d_in 1534472.8556484198 1e-09 3.3476905822753906
0 fine 9 d_out 1534472.8556484198 d_in 1406604.9134362277 1e-09 3.3507494926452637
0 fine 8 d_out 1406604.9134362277 d_in 1291192.7559601297 1e-09 3.339857816696167
0 fine 7 d_out 1291192.7559601297 d_in 1186983.569260681 1e-09 3.317145586013794
0 fine 6 d_out 1186983.569260681 d_in 1092966.0749292788 1e-09 3.3559746742248535
0 fine 5 d_out 1092966.0749292788 d_in 1008306.7176248479 1e-09 3.3712189197540283
0 fine 4 d_out 1008306.7176248479 d_in 932310.1212427549 1e-09 3.3514649868011475
0 fine 3 d_out 932310.1212427549 d_in 864392.181429107 1e-09 3.3224198818206787
0 fine 2 d_out 864392.181429107 d_in 804059.6985496576 1e-09 3.3680970668792725
0 fine 1 d_out 804059.6985496576 d_in 750893.153297546 1e-09 3.3219656944274902
0 fine 0 d_out 750893.153297546 d_in 704530.6373299105 1e-09 3.3713741302490234
0 ------- seq update -------- 175.34954404830933
coarse1 0 35 c_kp1 15963197.09502591 c_k 15963197.09502591 f_k 15963224.88827652 y_k 15963197.09502591 1e-05 0.09200859069824219
coarse1 0 34 c_kp1 32124489.11429269 c_k 32124565.65527738 f_k 32019395.732946046 y_k 32124565.65527738 1e-05 0.09181952476501465
coarse1 0 33 c_kp1 40744747.1708558 c_k 40744742.89202578 f_k 44831984.405521564 y_k 40744742.89202578 1e-05 0.0917518138885498
coarse1 0 32 c_kp1 43662716.76042952 c_k 43662716.86472721 f_k 52485170.65288479 y_k 43662716.86472721 1e-05 0.09185433387756348
coarse1 0 31 c_kp1 41740590.59880766 c_k 41740590.59584331 f_k 54579061.594706014 y_k 41740590.59584331 1e-05 0.09166383743286133
coarse1 0 30 c_kp1 36742586.19825442 c_k 36742586.24770227 f_k 52072118.615718976 y_k 36742586.24770227 1e-05 0.09204554557800293
coarse1 0 29 c_kp1 30412052.148829855 c_k 30412052.150787238 f_k 46526770.026261 y_k 30412052.150787238 1e-05 0.0974738597869873
coarse1 0 28 c_kp1 24016364.392411884 c_k 24016364.39424929 f_k 39489596.770735614 y_k 24016364.39424929 1e-05 0.0918283462524414
coarse1 0 27 c_kp1 18300811.037090864 c_k 18300811.03951462 f_k 32175615.66910405 y_k 18300811.03951462 1e-05 0.09758305549621582
coarse1 0 26 c_kp1 13594186.35038381 c_k 13594186.34821568 f_k 25384503.93881585 y_k 13594186.34821568 1e-05 0.0917661190032959
coarse1 0 25 c_kp1 9952958.717589326 c_k 9952958.716692094 f_k 19544544.423539635 y_k 9952958.716692094 1e-05 0.09753131866455078
coarse1 0 24 c_kp1 7278592.450305054 c_k 7278592.450017702 f_k 14806559.69323508 y_k 7278592.450017702 1e-05 0.09187078475952148
coarse1 0 23 c_kp1 5401755.323168253 c_k 5401755.322511803 f_k 11141782.194711767 y_k 5401755.322511803 1e-05 0.09184670448303223
coarse1 0 22 c_kp1 4133993.745901912 c_k 4133993.746006039 f_k 8421773.493363377 y_k 4133993.746006039 1e-05 0.09179520606994629
coarse1 0 21 c_kp1 3297453.264539684 c_k 3297453.2644561143 f_k 6474307.098708634 y_k 3297453.2644561143 1e-05 0.09200215339660645
coarse1 0 20 c_kp1 2743390.6742461477 c_k 2743390.6742660343 f_k 5118594.942798205 y_k 2743390.6742660343 1e-05 0.09176993370056152
coarse1 0 19 c_kp1 2362254.075454704 c_k 2362254.075550263 f_k 4187406.4603306614 y_k 2362254.075550263 1e-05 0.09165263175964355
coarse1 0 18 c_kp1 2083051.5719810035 c_k 2083051.5720038784 f_k 3541730.4825455896 y_k 2083051.5720038784 1e-05 0.09193944931030273
coarse1 0 17 c_kp1 1864355.464991667 c_k 1864355.4650012776 f_k 3078148.358671684 y_k 1864355.4650012776 1e-05 0.09726595878601074
coarse1 0 16 c_kp1 1683500.2582943412 c_k 1683500.2582966809 f_k 2727544.0020682653 y_k 1683500.2582966809 1e-05 0.09159588813781738
coarse1 0 15 c_kp1 1528314.7674592882 c_k 1528314.7674547955 f_k 2447577.7609110572 y_k 1528314.7674547955 1e-05 0.09181451797485352
coarse1 0 14 c_kp1 1392093.7404444518 c_k 1392093.740447403 f_k 2213720.842570711 y_k 1392093.740447403 1e-05 0.09188389778137207
coarse1 0 13 c_kp1 1270905.144060694 c_k 1270905.1440624294 f_k 2012052.4209375477 y_k 1270905.1440624294 1e-05 0.09175992012023926
coarse1 0 12 c_kp1 1162242.7875394532 c_k 1162242.7875397033 f_k 1834556.7693086327 y_k 1162242.7875397033 1e-05 0.09190726280212402
coarse1 0 11 c_kp1 1064368.9372255546 c_k 1064368.937222425 f_k 1676402.1787051847 y_k 1064368.937222425 1e-05 0.09754037857055664
coarse1 0 10 c_kp1 975992.8272993752 c_k 975992.8272989236 f_k 1534472.8556484198 y_k 975992.8272989236 1e-05 0.09164547920227051
coarse1 0 9 c_kp1 896106.0083414898 c_k 896106.0083419498 f_k 1406604.9134362277 y_k 896106.0083419498 1e-05 0.09754562377929688
coarse1 0 8 c_kp1 823894.498006798 c_k 823894.4980070107 f_k 1291192.7559601297 y_k 823894.4980070107 1e-05 0.09185099601745605
coarse1 0 7 c_kp1 758687.2602271748 c_k 758687.2602274652 f_k 1186983.569260681 y_k 758687.2602274652 1e-05 0.09174132347106934
coarse1 0 6 c_kp1 699924.2756582927 c_k 699924.2756580879 f_k 1092966.0749292788 y_k 699924.2756580879 1e-05 0.0917515754699707
coarse1 0 5 c_kp1 647134.5136584535 c_k 647134.5136587629 f_k 1008306.7176248479 y_k 647134.5136587629 1e-05 0.09142541885375977
coarse1 0 4 c_kp1 599920.3789069942 c_k 599920.378906925 f_k 932310.1212427549 y_k 599920.378906925 1e-05 0.09157037734985352
coarse1 0 3 c_kp1 557944.996373591 c_k 557944.9963735286 f_k 864392.181429107 y_k 557944.9963735286 1e-05 0.0975182056427002
coarse1 0 2 c_kp1 520921.0758681634 c_k 520921.07586831634 f_k 804059.6985496576 y_k 520921.07586831634 1e-05 0.09761428833007812
coarse1 0 1 c_kp1 488600.4214077499 c_k 488600.4214080199 f_k 750893.153297546 y_k 488600.4214080199 1e-05 0.09154200553894043
coarse1 0 0 c_kp1 460763.23211301933 c_k 460763.2321129676 f_k 704530.6373299105 y_k 460763.2321129676 1e-05 0.09158110618591309
============
704530.6373299105
============
[2.38418579e-07 4.28579011e+01 1.99955521e+02]
[1.00000000e+00 3.51436333e-01 2.00339297e-10]
