0 18
0 ------- seq update -------- 0.00018358230590820312
coarse1 0 17 c_kp1 15963197.09502591 c_k 0.0 f_k 0.0 y_k 0.0 1e-05 3.6242387294769287
coarse1 0 16 c_kp1 32124565.65527738 c_k 0.0 f_k 0.0 y_k 0.0 1e-05 0.5607693195343018
coarse1 0 15 c_kp1 40744742.89202578 c_k 0.0 f_k 0.0 y_k 0.0 1e-05 0.5495154857635498
coarse1 0 14 c_kp1 43662716.86472721 c_k 0.0 f_k 0.0 y_k 0.0 1e-05 0.5603823661804199
coarse1 0 13 c_kp1 41740590.59584331 c_k 0.0 f_k 0.0 y_k 0.0 1e-05 0.5395166873931885
coarse1 0 12 c_kp1 36742586.24770227 c_k 0.0 f_k 0.0 y_k 0.0 1e-05 0.529552698135376
coarse1 0 11 c_kp1 30412052.150787238 c_k 0.0 f_k 0.0 y_k 0.0 1e-05 0.5325744152069092
coarse1 0 10 c_kp1 24016364.39424929 c_k 0.0 f_k 0.0 y_k 0.0 1e-05 0.516465425491333
coarse1 0 9 c_kp1 18300811.03951462 c_k 0.0 f_k 0.0 y_k 0.0 1e-05 0.524287223815918
coarse1 0 8 c_kp1 13594186.34821568 c_k 0.0 f_k 0.0 y_k 0.0 1e-05 0.5365827083587646
coarse1 0 7 c_kp1 9952958.716692094 c_k 0.0 f_k 0.0 y_k 0.0 1e-05 0.5070638656616211
coarse1 0 6 c_kp1 7278592.450017702 c_k 0.0 f_k 0.0 y_k 0.0 1e-05 0.5168211460113525
coarse1 0 5 c_kp1 5401755.322511803 c_k 0.0 f_k 0.0 y_k 0.0 1e-05 0.5188577175140381
coarse1 0 4 c_kp1 4133993.746006039 c_k 0.0 f_k 0.0 y_k 0.0 1e-05 0.5226545333862305
coarse1 0 3 c_kp1 3297453.2644561143 c_k 0.0 f_k 0.0 y_k 0.0 1e-05 0.5186364650726318
coarse1 0 2 c_kp1 2743390.6742660343 c_k 0.0 f_k 0.0 y_k 0.0 1e-05 0.4970693588256836
coarse1 0 1 c_kp1 2362254.075550263 c_k 0.0 f_k 0.0 y_k 0.0 1e-05 0.5120816230773926
coarse1 0 0 c_kp1 2083051.5720038784 c_k 0.0 f_k 0.0 y_k 0.0 1e-05 0.5027775764465332
0 ----------parallel -------- 25.249616384506226
0 fine 17 d_out 0.0 d_in 15963224.88827652 1e-09 3.621581554412842
0 fine 16 d_out 15963224.88827652 d_in 32019395.732946046 1e-09 0.5939152240753174
0 fine 15 d_out 32019395.732946046 d_in 44831984.405521564 1e-09 3.164490222930908
0 fine 14 d_out 44831984.405521564 d_in 52485170.65288479 1e-09 0.6380360126495361
0 fine 13 d_out 52485170.65288479 d_in 54579061.594706014 1e-09 11.715043306350708
0 fine 12 d_out 54579061.594706014 d_in 52072118.615718976 1e-09 3.4292595386505127
0 fine 11 d_out 52072118.615718976 d_in 46526770.026261 1e-09 11.70884084701538
0 fine 10 d_out 46526770.026261 d_in 39489596.770735614 1e-09 3.4057788848876953
0 fine 9 d_out 39489596.770735614 d_in 32175615.66910405 1e-09 3.4252827167510986
0 fine 8 d_out 32175615.66910405 d_in 25384503.93881585 1e-09 3.402473211288452
0 fine 7 d_out 25384503.93881585 d_in 19544544.423539635 1e-09 3.4419538974761963
0 fine 6 d_out 19544544.423539635 d_in 14806559.69323508 1e-09 3.41021466255188
0 fine 5 d_out 14806559.69323508 d_in 11141782.194711767 1e-09 3.396676778793335
0 fine 4 d_out 11141782.194711767 d_in 8421773.493363377 1e-09 3.4113900661468506
0 fine 3 d_out 8421773.493363377 d_in 6474307.098708634 1e-09 3.427158832550049
0 fine 2 d_out 6474307.098708634 d_in 5118594.942798205 1e-09 3.411027669906616
0 fine 1 d_out 5118594.942798205 d_in 4187406.4603306614 1e-09 3.4311342239379883
0 fine 0 d_out 4187406.4603306614 d_in 3541730.4825455896 1e-09 3.421973943710327
0 ------- seq update -------- 97.70710706710815
coarse1 0 17 c_kp1 15963197.09502591 c_k 15963197.09502591 f_k 15963224.88827652 y_k 15963197.09502591 1e-05 0.09243583679199219
coarse1 0 16 c_kp1 32124489.11429269 c_k 32124565.65527738 f_k 32019395.732946046 y_k 32124565.65527738 1e-05 0.09255671501159668
coarse1 0 15 c_kp1 40744747.1708558 c_k 40744742.89202578 f_k 44831984.405521564 y_k 40744742.89202578 1e-05 0.09228014945983887
coarse1 0 14 c_kp1 43662716.76042952 c_k 43662716.86472721 f_k 52485170.65288479 y_k 43662716.86472721 1e-05 0.09816288948059082
coarse1 0 13 c_kp1 41740590.59880766 c_k 41740590.59584331 f_k 54579061.594706014 y_k 41740590.59584331 1e-05 0.09245753288269043
coarse1 0 12 c_kp1 36742586.19825442 c_k 36742586.24770227 f_k 52072118.615718976 y_k 36742586.24770227 1e-05 0.09233546257019043
coarse1 0 11 c_kp1 30412052.148829855 c_k 30412052.150787238 f_k 46526770.026261 y_k 30412052.150787238 1e-05 0.09258317947387695
coarse1 0 10 c_kp1 24016364.392411884 c_k 24016364.39424929 f_k 39489596.770735614 y_k 24016364.39424929 1e-05 0.09252119064331055
coarse1 0 9 c_kp1 18300811.037090864 c_k 18300811.03951462 f_k 32175615.66910405 y_k 18300811.03951462 1e-05 0.09231233596801758
coarse1 0 8 c_kp1 13594186.35038381 c_k 13594186.34821568 f_k 25384503.93881585 y_k 13594186.34821568 1e-05 0.09234309196472168
coarse1 0 7 c_kp1 9952958.717589326 c_k 9952958.716692094 f_k 19544544.423539635 y_k 9952958.716692094 1e-05 0.09227275848388672
coarse1 0 6 c_kp1 7278592.450305054 c_k 7278592.450017702 f_k 14806559.69323508 y_k 7278592.450017702 1e-05 0.09269309043884277
coarse1 0 5 c_kp1 5401755.323168253 c_k 5401755.322511803 f_k 11141782.194711767 y_k 5401755.322511803 1e-05 0.09265351295471191
coarse1 0 4 c_kp1 4133993.745901912 c_k 4133993.746006039 f_k 8421773.493363377 y_k 4133993.746006039 1e-05 0.09808468818664551
coarse1 0 3 c_kp1 3297453.264539684 c_k 3297453.2644561143 f_k 6474307.098708634 y_k 3297453.2644561143 1e-05 0.09200334548950195
coarse1 0 2 c_kp1 2743390.6742461477 c_k 2743390.6742660343 f_k 5118594.942798205 y_k 2743390.6742660343 1e-05 0.09221577644348145
coarse1 0 1 c_kp1 2362254.075454704 c_k 2362254.075550263 f_k 4187406.4603306614 y_k 2362254.075550263 1e-05 0.09234261512756348
coarse1 0 0 c_kp1 2083051.5719810035 c_k 2083051.5720038784 f_k 3541730.4825455896 y_k 2083051.5720038784 1e-05 0.09212851524353027
============
3541730.4825455896
============
[2.38418579e-07 2.52492487e+01 1.11863287e+02]
[1.00000000e+00 4.73287008e-01 3.80928986e-10]
