0 36
0 ------- seq update -------- 2.765655517578125e-05
coarse1 0 35 c_kp1 11551647.211196436 c_k 0.0 f_k 0.0 y_k 0.0 1e-05 0.6151940822601318
coarse1 0 34 c_kp1 23619619.350821566 c_k 0.0 f_k 0.0 y_k 0.0 1e-05 0.06469607353210449
coarse1 0 33 c_kp1 32574583.190652307 c_k 0.0 f_k 0.0 y_k 0.0 1e-05 0.06447386741638184
coarse1 0 32 c_kp1 37523189.11411803 c_k 0.0 f_k 0.0 y_k 0.0 1e-05 0.06356620788574219
coarse1 0 31 c_kp1 38369646.74255031 c_k 0.0 f_k 0.0 y_k 0.0 1e-05 0.061052560806274414
coarse1 0 30 c_kp1 35995178.20194887 c_k 0.0 f_k 0.0 y_k 0.0 1e-05 0.060953378677368164
coarse1 0 29 c_kp1 31624775.749574687 c_k 0.0 f_k 0.0 y_k 0.0 1e-05 0.061852455139160156
coarse1 0 28 c_kp1 26380551.283084787 c_k 0.0 f_k 0.0 y_k 0.0 1e-05 0.05961012840270996
coarse1 0 27 c_kp1 21094495.82119374 c_k 0.0 f_k 0.0 y_k 0.0 1e-05 0.05954718589782715
coarse1 0 26 c_kp1 16280873.86686001 c_k 0.0 f_k 0.0 y_k 0.0 1e-05 0.06618213653564453
coarse1 0 25 c_kp1 12193232.312915219 c_k 0.0 f_k 0.0 y_k 0.0 1e-05 0.05853724479675293
coarse1 0 24 c_kp1 8898266.259901334 c_k 0.0 f_k 0.0 y_k 0.0 1e-05 0.0586237907409668
coarse1 0 23 c_kp1 6349254.788581318 c_k 0.0 f_k 0.0 y_k 0.0 1e-05 0.05850577354431152
coarse1 0 22 c_kp1 4442422.308067308 c_k 0.0 f_k 0.0 y_k 0.0 1e-05 0.05909585952758789
coarse1 0 21 c_kp1 3055444.5561834634 c_k 0.0 f_k 0.0 y_k 0.0 1e-05 0.05836319923400879
coarse1 0 20 c_kp1 2070337.8662321572 c_k 0.0 f_k 0.0 y_k 0.0 1e-05 0.059197425842285156
coarse1 0 19 c_kp1 1384811.0412169097 c_k 0.0 f_k 0.0 y_k 0.0 1e-05 0.05770111083984375
coarse1 0 18 c_kp1 916094.1821724102 c_k 0.0 f_k 0.0 y_k 0.0 1e-05 0.05932354927062988
coarse1 0 17 c_kp1 600459.7690201235 c_k 0.0 f_k 0.0 y_k 0.0 1e-05 0.057729244232177734
coarse1 0 16 c_kp1 390677.2086051189 c_k 0.0 f_k 0.0 y_k 0.0 1e-05 0.05804705619812012
coarse1 0 15 c_kp1 252793.2413006379 c_k 0.0 f_k 0.0 y_k 0.0 1e-05 0.05741763114929199
coarse1 0 14 c_kp1 163003.32289657605 c_k 0.0 f_k 0.0 y_k 0.0 1e-05 0.0580902099609375
coarse1 0 13 c_kp1 104964.57527545119 c_k 0.0 f_k 0.0 y_k 0.0 1e-05 0.0575413703918457
coarse1 0 12 c_kp1 67654.6639343309 c_k 0.0 f_k 0.0 y_k 0.0 1e-05 0.05727267265319824
coarse1 0 11 c_kp1 43751.79030097735 c_k 0.0 f_k 0.0 y_k 0.0 1e-05 0.05822610855102539
coarse1 0 10 c_kp1 28455.342744595735 c_k 0.0 f_k 0.0 y_k 0.0 1e-05 0.05713200569152832
coarse1 0 9 c_kp1 18652.793488351643 c_k 0.0 f_k 0.0 y_k 0.0 1e-05 0.057453155517578125
coarse1 0 8 c_kp1 12345.23455647459 c_k 0.0 f_k 0.0 y_k 0.0 1e-05 0.05733132362365723
coarse1 0 7 c_kp1 8259.003656747022 c_k 0.0 f_k 0.0 y_k 0.0 1e-05 0.05768299102783203
coarse1 0 6 c_kp1 5587.401601831765 c_k 0.0 f_k 0.0 y_k 0.0 1e-05 0.05800008773803711
coarse1 0 5 c_kp1 3821.3462508483212 c_k 0.0 f_k 0.0 y_k 0.0 1e-05 0.05736207962036133
coarse1 0 4 c_kp1 2639.772952955999 c_k 0.0 f_k 0.0 y_k 0.0 1e-05 0.05736112594604492
coarse1 0 3 c_kp1 1839.5877381534615 c_k 0.0 f_k 0.0 y_k 0.0 1e-05 0.057503700256347656
coarse1 0 2 c_kp1 1291.4371745974702 c_k 0.0 f_k 0.0 y_k 0.0 1e-05 0.058083534240722656
coarse1 0 1 c_kp1 912.0748405319085 c_k 0.0 f_k 0.0 y_k 0.0 1e-05 0.05828380584716797
coarse1 0 0 c_kp1 647.2263600851254 c_k 0.0 f_k 0.0 y_k 0.0 1e-05 0.057265520095825195
0 ----------parallel -------- 5.512024879455566
0 fine 35 d_out 0.0 d_in 11551647.22655117 1e-09 0.0691525936126709
0 fine 34 d_out 11551647.22655117 d_in 23609194.35556985 1e-09 0.06820297241210938
0 fine 33 d_out 23609194.35556985 d_in 33486255.779717248 1e-09 0.07221722602844238
0 fine 32 d_out 33486255.779717248 d_in 39515463.50493475 1e-09 0.07280993461608887
0 fine 31 d_out 39515463.50493475 d_in 41288857.02986601 1e-09 0.1439802646636963
0 fine 30 d_out 41288857.02986601 d_in 39494388.90555545 1e-09 0.4870288372039795
0 fine 29 d_out 39494388.90555545 d_in 35311764.838998705 1e-09 0.4737870693206787
0 fine 28 d_out 35311764.838998705 d_in 29925444.72507541 1e-09 0.47138476371765137
0 fine 27 d_out 29925444.72507541 d_in 24274980.616931606 1e-09 0.46848225593566895
0 fine 26 d_out 24274980.616931606 d_in 18984421.97880126 1e-09 0.4655144214630127
0 fine 25 d_out 18984421.97880126 d_in 14392490.119310945 1e-09 0.47454214096069336
0 fine 24 d_out 14392490.119310945 d_in 10623195.5170246 1e-09 0.4721553325653076
0 fine 23 d_out 10623195.5170246 d_in 7661020.702135207 1e-09 0.49062085151672363
0 fine 22 d_out 7661020.702135207 d_in 5413924.185600666 1e-09 0.4548473358154297
0 fine 21 d_out 5413924.185600666 d_in 3758678.871341795 1e-09 0.46860194206237793
0 fine 20 d_out 3758678.871341795 d_in 2569375.2465120647 1e-09 0.4726369380950928
0 fine 19 d_out 2569375.2465120647 d_in 1732878.61889716 1e-09 0.4719057083129883
0 fine 18 d_out 1732878.61889716 d_in 1155242.4090684645 1e-09 0.4554450511932373
0 fine 17 d_out 1155242.4090684645 d_in 762646.6269973746 1e-09 0.47078680992126465
0 fine 16 d_out 762646.6269973746 d_in 499443.3200673314 1e-09 0.4577507972717285
0 fine 15 d_out 499443.3200673314 d_in 325040.07143595954 1e-09 0.45838475227355957
0 fine 14 d_out 325040.07143595954 d_in 210609.64339135238 1e-09 0.455272912979126
0 fine 13 d_out 210609.64339135238 d_in 136130.89053404436 1e-09 0.46407461166381836
0 fine 12 d_out 136130.89053404436 d_in 87956.99636442526 1e-09 0.45412707328796387
0 fine 11 d_out 87956.99636442526 d_in 56932.92723864771 1e-09 0.47719788551330566
0 fine 10 d_out 56932.92723864771 d_in 36999.83266622472 1e-09 0.467357873916626
0 fine 9 d_out 36999.83266622472 d_in 24194.18463743547 1e-09 0.46561336517333984
0 fine 8 d_out 24194.18463743547 d_in 15948.630152798392 1e-09 0.4646146297454834
0 fine 7 d_out 15948.630152798392 d_in 10613.886186275542 1e-09 0.4640974998474121
0 fine 6 d_out 10613.886186275542 d_in 7137.456904550186 1e-09 0.4645659923553467
0 fine 5 d_out 7137.456904550186 d_in 4850.873605682642 1e-09 0.4658849239349365
0 fine 4 d_out 4850.873605682642 d_in 3330.588348800419 1e-09 0.47368383407592773
0 fine 3 d_out 3330.588348800419 d_in 2308.089850151698 1e-09 0.4742906093597412
0 fine 2 d_out 2308.089850151698 d_in 1612.479075809061 1e-09 0.4678826332092285
0 fine 1 d_out 1612.479075809061 d_in 1134.1708944492757 1e-09 0.4568970203399658
0 fine 0 d_out 1134.1708944492757 d_in 802.1536366594496 1e-09 0.46509504318237305
0 ------- seq update -------- 20.43507719039917
coarse1 0 35 c_kp1 11551647.211196436 c_k 11551647.211196436 f_k 11551647.22655117 y_k 11551647.211196436 1e-05 0.02346944808959961
coarse1 0 34 c_kp1 23619606.138217088 c_k 23619619.350821566 f_k 23609194.35556985 y_k 23619619.350821566 1e-05 0.023387670516967773
coarse1 0 33 c_kp1 32574688.050750133 c_k 32574583.190652307 f_k 33486255.779717248 y_k 32574583.190652307 1e-05 0.023395061492919922
coarse1 0 32 c_kp1 37523190.5177612 c_k 37523189.11411803 f_k 39515463.50493475 y_k 37523189.11411803 1e-05 0.023386478424072266
coarse1 0 31 c_kp1 38369646.75373756 c_k 38369646.74255031 f_k 41288857.02986601 y_k 38369646.74255031 1e-05 0.023391008377075195
coarse1 0 30 c_kp1 35995178.2079392 c_k 35995178.20194887 f_k 39494388.90555545 y_k 35995178.20194887 1e-05 0.02365398406982422
coarse1 0 29 c_kp1 31624775.750170205 c_k 31624775.749574687 f_k 35311764.838998705 y_k 31624775.749574687 1e-05 0.023403167724609375
coarse1 0 28 c_kp1 26380551.28286697 c_k 26380551.283084787 f_k 29925444.72507541 y_k 26380551.283084787 1e-05 0.02334761619567871
coarse1 0 27 c_kp1 21094495.82222319 c_k 21094495.82119374 f_k 24274980.616931606 y_k 21094495.82119374 1e-05 0.02331852912902832
coarse1 0 26 c_kp1 16280873.867183574 c_k 16280873.86686001 f_k 18984421.97880126 y_k 16280873.86686001 1e-05 0.02335333824157715
coarse1 0 25 c_kp1 12193232.31253865 c_k 12193232.312915219 f_k 14392490.119310945 y_k 12193232.312915219 1e-05 0.023334741592407227
coarse1 0 24 c_kp1 8898266.260057729 c_k 8898266.259901334 f_k 10623195.5170246 y_k 8898266.259901334 1e-05 0.023407459259033203
coarse1 0 23 c_kp1 6349254.788416206 c_k 6349254.788581318 f_k 7661020.702135207 y_k 6349254.788581318 1e-05 0.023498058319091797
coarse1 0 22 c_kp1 4442422.30806892 c_k 4442422.308067308 f_k 5413924.185600666 y_k 4442422.308067308 1e-05 0.024738311767578125
coarse1 0 21 c_kp1 3055444.5561114363 c_k 3055444.5561834634 f_k 3758678.871341795 y_k 3055444.5561834634 1e-05 0.023314476013183594
coarse1 0 20 c_kp1 2070337.8662190698 c_k 2070337.8662321572 f_k 2569375.2465120647 y_k 2070337.8662321572 1e-05 0.02329087257385254
coarse1 0 19 c_kp1 1384811.0412466966 c_k 1384811.0412169097 f_k 1732878.61889716 y_k 1384811.0412169097 1e-05 0.023275136947631836
coarse1 0 18 c_kp1 916094.1821596603 c_k 916094.1821724102 f_k 1155242.4090684645 y_k 916094.1821724102 1e-05 0.023444652557373047
coarse1 0 17 c_kp1 600459.7690177434 c_k 600459.7690201235 f_k 762646.6269973746 y_k 600459.7690201235 1e-05 0.02350020408630371
coarse1 0 16 c_kp1 390677.2085977357 c_k 390677.2086051189 f_k 499443.3200673314 y_k 390677.2086051189 1e-05 0.02332472801208496
coarse1 0 15 c_kp1 252793.24129909786 c_k 252793.2413006379 f_k 325040.07143595954 y_k 252793.2413006379 1e-05 0.023243188858032227
coarse1 0 14 c_kp1 163003.32288954043 c_k 163003.32289657605 f_k 210609.64339135238 y_k 163003.32289657605 1e-05 0.0247495174407959
coarse1 0 13 c_kp1 104964.57527305941 c_k 104964.57527545119 f_k 136130.89053404436 y_k 104964.57527545119 1e-05 0.0246884822845459
coarse1 0 12 c_kp1 67654.66393207901 c_k 67654.6639343309 f_k 87956.99636442526 y_k 67654.6639343309 1e-05 0.023397445678710938
coarse1 0 11 c_kp1 43751.79030835571 c_k 43751.79030097735 f_k 56932.92723864771 y_k 43751.79030097735 1e-05 0.023324012756347656
coarse1 0 10 c_kp1 28455.342744352653 c_k 28455.342744595735 f_k 36999.83266622472 y_k 28455.342744595735 1e-05 0.02317047119140625
coarse1 0 9 c_kp1 18652.793488406536 c_k 18652.793488351643 f_k 24194.18463743547 y_k 18652.793488351643 1e-05 0.02322673797607422
coarse1 0 8 c_kp1 12345.234556651998 c_k 12345.23455647459 f_k 15948.630152798392 y_k 12345.23455647459 1e-05 0.023197174072265625
coarse1 0 7 c_kp1 8259.003656708255 c_k 8259.003656747022 f_k 10613.886186275542 y_k 8259.003656747022 1e-05 0.024737119674682617
coarse1 0 6 c_kp1 5587.401601788259 c_k 5587.401601831765 f_k 7137.456904550186 y_k 5587.401601831765 1e-05 0.023223876953125
coarse1 0 5 c_kp1 3821.346250871734 c_k 3821.3462508483212 f_k 4850.873605682642 y_k 3821.3462508483212 1e-05 0.0232236385345459
coarse1 0 4 c_kp1 2639.7729529598073 c_k 2639.772952955999 f_k 3330.588348800419 y_k 2639.772952955999 1e-05 0.02324986457824707
coarse1 0 3 c_kp1 1839.5877381456926 c_k 1839.5877381534615 f_k 2308.089850151698 y_k 1839.5877381534615 1e-05 0.024676799774169922
coarse1 0 2 c_kp1 1291.437174600238 c_k 1291.4371745974702 f_k 1612.479075809061 y_k 1291.4371745974702 1e-05 0.0246884822845459
coarse1 0 1 c_kp1 912.0748405355646 c_k 912.0748405319085 f_k 1134.1708944492757 y_k 912.0748405319085 1e-05 0.02338886260986328
coarse1 0 0 c_kp1 647.226360082662 c_k 647.2263600851254 f_k 802.1536366594496 y_k 647.2263600851254 1e-05 0.023270368576049805
============
802.1536366594496
============
[4.76837158e-07 5.51187778e+00 2.39752266e+01]
[1.00000000e+00 1.99744777e-01 1.39467057e-10]
