2 3
3 2
4 2
5 1
6 1
7 1
0 4
1 3
5 ------- seq update -------- 0.00048065185546875
recv...
6 ------- seq update -------- 0.00046563148498535156
recv...
7 ------- seq update -------- 0.00048661231994628906
4 ------- seq update -------- 0.00020885467529296875
recv...
3 ------- seq update -------- 0.000194549560546875
recv...
1 ------- seq update -------- 0.0004897117614746094
recv...
2 ------- seq update -------- 0.00047707557678222656
recv...
0 ------- seq update -------- 0.00017142295837402344
recv...
coarse1 7 0 c_kp1 15963197.09502591 c_k 0.0 f_k 0.0 y_k 0.0 1e-05 3.662341594696045
7 coarse sent  15963197.09502591 (90711,)
6 recv! 15963197.09502591
7 ----------parallel -------- 7.284297704696655
coarse1 6 0 c_kp1 32124565.65527738 c_k 0.0 f_k 0.0 y_k 0.0 1e-05 0.5606598854064941
6 coarse sent  32124565.65527738 (90711,)
5 recv! 32124565.65527738
6 ----------parallel -------- 8.428261041641235
6 fine 0 d_out 15963197.09502591 d_in 32019340.11323924 1e-09 0.5979640483856201
6 ------- seq update -------- 9.026315450668335
recv...
coarse1 5 0 c_kp1 40744742.89202578 c_k 0.0 f_k 0.0 y_k 0.0 1e-05 0.5434460639953613
5 coarse sent  40744742.89202578 (90711,)
4 recv! 40744742.89202578
5 ----------parallel -------- 9.539716958999634
coarse1 4 1 c_kp1 43662716.86472721 c_k 0.0 f_k 0.0 y_k 0.0 1e-05 0.5393762588500977
7 fine 0 d_out 0.0 d_in 15963224.88827652 1e-09 3.5681333541870117
7 ------- seq update -------- 10.852555274963379
coarse1 4 0 c_kp1 41740590.59584331 c_k 0.0 f_k 0.0 y_k 0.0 1e-05 0.5402669906616211
4 coarse sent  41740590.59584331 (90711,)
3 recv! 41740590.59584331
4 ----------parallel -------- 11.695923805236816
4 fine 1 d_out 40744742.89202578 d_in 43662750.20083622 1e-09 0.5389351844787598
4 fine 0 d_out 43662750.20083622 d_in 41740753.526187405 1e-09 0.5487194061279297
4 ------- seq update -------- 12.783790111541748
recv...
coarse1 3 1 c_kp1 36742586.24770227 c_k 0.0 f_k 0.0 y_k 0.0 1e-05 0.545527458190918
5 fine 0 d_out 32124565.65527738 d_in 45046426.64321746 1e-09 3.7831993103027344
5 ------- seq update -------- 13.323031187057495
recv...
coarse1 3 0 c_kp1 30412052.150787238 c_k 0.0 f_k 0.0 y_k 0.0 1e-05 0.5444703102111816
3 coarse sent  30412052.150787238 (90711,)
2 recv! 30412052.150787238
3 ----------parallel -------- 13.890469789505005
3 fine 1 d_out 41740590.59584331 d_in 36743010.2887625 1e-09 0.5657131671905518
coarse1 7 0 c_kp1 15963197.09502591 c_k 15963197.09502591 f_k 15963224.88827652 y_k 15963197.09502591 1e-05 0.09688639640808105
7 coarse sent  15963224.88827652 (90711,)
6 recv! 15963224.88827652
7 ----------parallel -------- 14.524248361587524
7 fine 0 d_out 0.0 d_in 15963224.88827652 1e-09 0.33632683753967285
7 ------- seq update -------- 14.860673189163208
7 skipping!
7 ----------parallel -------- 14.861276865005493
coarse1 2 2 c_kp1 24016364.39424929 c_k 0.0 f_k 0.0 y_k 0.0 1e-05 0.5424327850341797
3 fine 0 d_out 36743010.2887625 d_in 30413553.110613137 1e-09 0.5627913475036621
3 ------- seq update -------- 15.019139051437378
recv...
7 fine 0 d_out 0.0 d_in 15963224.88827652 1e-09 0.31511354446411133
7 ------- seq update -------- 15.176471710205078
7 skipping!
7 ----------parallel -------- 15.177010297775269
coarse1 6 0 c_kp1 32124659.76613119 c_k 32124565.65527738 f_k 32019340.11323924 y_k 32124565.65527738 1e-05 0.09502577781677246
5 recv! 32019340.11323924
6 coarse sent  32019340.11323924 (90711,)
6 ----------parallel -------- 15.210530996322632
7 fine 0 d_out 0.0 d_in 15963224.88827652 1e-09 0.3241000175476074
7 ------- seq update -------- 15.501194715499878
7 skipping!
7 ----------parallel -------- 15.501739025115967
6 fine 0 d_out 15963224.88827652 d_in 32019036.46087821 1e-09 0.5754175186157227
6 ------- seq update -------- 15.786041975021362
7 fine 0 d_out 0.0 d_in 15963224.88827652 1e-09 0.32250475883483887
7 ------- seq update -------- 15.824336290359497
7 skipping!
7 ----------parallel -------- 15.824855327606201
coarse1 2 1 c_kp1 18300811.03951462 c_k 0.0 f_k 0.0 y_k 0.0 1e-05 0.5339972972869873
7 fine 0 d_out 0.0 d_in 15963224.88827652 1e-09 0.32149291038513184
7 ------- seq update -------- 16.146448135375977
7 skipping!
7 ----------parallel -------- 16.147066354751587
coarse1 5 0 c_kp1 44965588.14722164 c_k 40744742.89202578 f_k 45046426.64321746 y_k 40744742.89202578 1e-05 0.5149455070495605
5 coarse sent  45285944.48770265 (90711,)
4 recv! 45285944.48770265
5 ----------parallel -------- 16.283549308776855
coarse1 6 0 c_kp1 32124659.76613119 c_k 32124565.65527738 f_k 32019036.46087821 y_k 32019340.11323924 1e-05 0.09419131278991699
7 fine 0 d_out 0.0 d_in 15963224.88827652 1e-09 0.32261109352111816
7 ------- seq update -------- 16.469767570495605
7 skipping!
7 ----------parallel -------- 16.470306873321533
7 fine 0 d_out 0.0 d_in 15963224.88827652 1e-09 0.3221449851989746
7 ------- seq update -------- 16.79258966445923
7 skipping!
coarse1 2 0 c_kp1 13594186.34821568 c_k 0.0 f_k 0.0 y_k 0.0 1e-05 0.5166075229644775
2 coarse sent  13594186.34821568 (90711,)
1 recv! 13594186.34821568
2 ----------parallel -------- 17.05003523826599
coarse1 4 1 c_kp1 53153484.33401883 c_k 43662716.86472721 f_k 43662750.20083622 y_k 43662716.86472721 1e-05 0.5529956817626953
2 fine 2 d_out 30412052.150787238 d_in 24016914.10999172 1e-09 0.5495126247406006
coarse1 1 2 c_kp1 9952958.716692094 c_k 0.0 f_k 0.0 y_k 0.0 1e-05 0.5473666191101074
2 fine 1 d_out 24016914.10999172 d_in 18301305.173393745 1e-09 0.5456140041351318
coarse1 4 0 c_kp1 64533929.40106911 c_k 41740590.59584331 f_k 41740753.526187405 y_k 41740590.59584331 1e-05 0.5559024810791016
3 recv! 58603750.69707577
4 coarse sent  58603750.69707577 (90711,)
4 ----------parallel -------- 18.463488340377808
2 fine 0 d_out 18301305.173393745 d_in 13595338.76896699 1e-09 0.5594501495361328
2 ------- seq update -------- 18.704824447631836
recv...
4 fine 1 d_out 45285944.48770265 d_in 53448409.174833335 1e-09 0.6373913288116455
coarse1 1 1 c_kp1 7278592.450017702 c_k 0.0 f_k 0.0 y_k 0.0 1e-05 0.5334489345550537
coarse1 3 1 c_kp1 57732452.17112832 c_k 36742586.24770227 f_k 36743010.2887625 y_k 36742586.24770227 1e-05 0.5366895198822021
5 fine 0 d_out 32019340.11323924 d_in 44832216.910622604 1e-09 3.2609047889709473
5 ------- seq update -------- 19.544538259506226
recv...
5 recv! 32019036.46087821
6 coarse sent  32019036.46087821 (90711,)
6 ----------parallel -------- 19.53398823738098
6 fine 0 d_out 15963224.88827652 d_in 32019036.46087821 1e-09 0.11238288879394531
6 ------- seq update -------- 19.646469354629517
6 skipping!
6 ----------parallel -------- 19.647058963775635
4 fine 0 d_out 53448409.174833335 d_in 55967276.65655996 1e-09 0.6286954879760742
4 ------- seq update -------- 19.72973108291626
recv...
6 fine 0 d_out 15963224.88827652 d_in 32019036.46087821 1e-09 0.10485148429870605
6 ------- seq update -------- 19.75200128555298
6 skipping!
6 ----------parallel -------- 19.752568006515503
6 fine 0 d_out 15963224.88827652 d_in 32019036.46087821 1e-09 0.11091732978820801
6 ------- seq update -------- 19.863569021224976
6 skipping!
6 ----------parallel -------- 19.86408829689026
6 fine 0 d_out 15963224.88827652 d_in 32019036.46087821 1e-09 0.10590934753417969
6 ------- seq update -------- 19.970082998275757
6 skipping!
6 ----------parallel -------- 19.970614671707153
6 fine 0 d_out 15963224.88827652 d_in 32019036.46087821 1e-09 0.10471892356872559
6 ------- seq update -------- 20.075413942337036
6 skipping!
6 ----------parallel -------- 20.075915336608887
6 fine 0 d_out 15963224.88827652 d_in 32019036.46087821 1e-09 0.10647964477539062
6 ------- seq update -------- 20.182480812072754
6 skipping!
coarse1 1 0 c_kp1 5401755.322511803 c_k 0.0 f_k 0.0 y_k 0.0 1e-05 0.5575289726257324
1 coarse sent  5401755.322511803 (90711,)
0 recv! 5401755.322511803
1 ----------parallel -------- 20.34483504295349
coarse1 5 0 c_kp1 44965497.68200645 c_k 40972459.262009 f_k 44832216.910622604 y_k 45285944.48770265 1e-05 0.5144810676574707
5 coarse sent  44832413.71883079 (90711,)
4 recv! 44832413.71883079
5 ----------parallel -------- 20.62379002571106
coarse1 3 0 c_kp1 55458471.90870887 c_k 30412052.150787238 f_k 30413553.110613137 y_k 30412052.150787238 1e-05 0.5708613395690918
2 recv! 55524740.8455364
3 coarse sent  55524740.8455364 (90711,)
3 ----------parallel -------- 20.614919185638428
1 fine 2 d_out 13594186.34821568 d_in 9952947.00044258 1e-09 0.562171220779419
5 fine 0 d_out 32019036.46087821 d_in 44831199.43550226 1e-09 0.574009895324707
5 ------- seq update -------- 21.19789481163025
3 fine 1 d_out 58603750.69707577 d_in 58037443.62789621 1e-09 0.6209228038787842
coarse1 0 3 c_kp1 4133993.746006039 c_k 0.0 f_k 0.0 y_k 0.0 1e-05 0.5258612632751465
1 fine 1 d_out 9952947.00044258 d_in 7278561.992839624 1e-09 0.5662858486175537
coarse1 2 2 c_kp1 49902820.19206986 c_k 24016364.39424929 f_k 24016914.10999172 y_k 24016364.39424929 1e-05 0.5385136604309082
coarse1 4 1 c_kp1 52305664.769859195 c_k 54394772.84117547 f_k 53448409.174833335 y_k 54394808.609767474 1e-05 0.5495288372039795
coarse1 5 0 c_kp1 44965497.68200645 c_k 40972640.63129016 f_k 44831199.43550226 y_k 44832413.71883079 1e-05 0.09810972213745117
3 fine 0 d_out 58037443.62789621 d_in 53790450.53035738 1e-09 0.6110889911651611
3 ------- seq update -------- 21.84711003303528
recv...
1 fine 0 d_out 7278561.992839624 d_in 5401708.953386004 1e-09 0.5584540367126465
1 ------- seq update -------- 22.031994819641113
recv...
coarse1 0 2 c_kp1 3297453.2644561143 c_k 0.0 f_k 0.0 y_k 0.0 1e-05 0.5305273532867432
coarse1 2 1 c_kp1 42885280.51810467 c_k 18300811.03951462 f_k 18301305.173393745 y_k 18300811.03951462 1e-05 0.5625944137573242
coarse1 4 0 c_kp1 71732015.12458527 c_k 58603571.20522136 f_k 55967276.65655996 y_k 58603750.69707577 1e-05 0.5701775550842285
3 recv! 64215513.95850099
4 coarse sent  64215513.95850099 (90711,)
4 ----------parallel -------- 22.853327989578247
coarse1 0 1 c_kp1 2743390.6742660343 c_k 0.0 f_k 0.0 y_k 0.0 1e-05 0.523026704788208
coarse1 2 0 c_kp1 35551011.46328742 c_k 13594186.34821568 f_k 13595338.76896699 y_k 13594186.34821568 1e-05 0.532677173614502
1 recv! 35572273.25000989
2 coarse sent  35572273.25000989 (90711,)
2 ----------parallel -------- 23.768263578414917
coarse1 3 1 c_kp1 63664239.27620288 c_k 58756018.074814476 f_k 58037443.62789621 y_k 58756522.066422224 1e-05 0.536827802658081
2 fine 2 d_out 55524740.8455364 d_in 49921107.48532269 1e-09 0.6053328514099121
coarse1 0 0 c_kp1 2362254.075550263 c_k 0.0 f_k 0.0 y_k 0.0 1e-05 0.5238587856292725
0 ----------parallel -------- 24.5416579246521
coarse1 1 2 c_kp1 28603534.616347115 c_k 9952958.716692094 f_k 9952947.00044258 y_k 9952958.716692094 1e-05 0.5262680053710938
coarse1 3 0 c_kp1 58328241.12717373 c_k 55522976.579869255 f_k 53790450.53035738 y_k 55524740.8455364 1e-05 0.5233352184295654
2 fine 1 d_out 49921107.48532269 d_in 43018286.04919351 1e-09 0.5897142887115479
0 fine 3 d_out 5401755.322511803 d_in 4133991.8554865806 1e-09 0.5339715480804443
2 fine 0 d_out 43018286.04919351 d_in 35756631.24591879 1e-09 0.5817346572875977
2 ------- seq update -------- 25.545262336730957
recv...
2 recv! 56646272.38334329
3 coarse sent  56646272.38334329 (90711,)
3 ----------parallel -------- 25.574959993362427
0 fine 2 d_out 4133991.8554865806 d_in 3297450.1511159004 1e-09 0.5376813411712646
coarse1 1 1 c_kp1 22452013.721999217 c_k 7278592.450017702 f_k 7278561.992839624 y_k 7278592.450017702 1e-05 0.5259435176849365
0 fine 1 d_out 3297450.1511159004 d_in 2743386.5852469215 1e-09 0.539618730545044
coarse1 2 2 c_kp1 47700158.70944778 c_k 49875546.43968644 f_k 49921107.48532269 y_k 49876245.38988896 1e-05 0.5341486930847168
0 fine 0 d_out 2743386.5852469215 d_in 2362249.4706259975 1e-09 0.5410661697387695
0 ------- seq update -------- 26.69433307647705
recv...
coarse1 1 0 c_kp1 17311123.744929377 c_k 5401755.322511803 f_k 5401708.953386004 y_k 5401755.322511803 1e-05 0.5254757404327393
0 recv! 17310516.301578656
1 coarse sent  17310516.301578656 (90711,)
1 ----------parallel -------- 26.926454544067383
1 fine 2 d_out 35572273.25000989 d_in 28606427.609501146 1e-09 0.5528819561004639
coarse1 2 1 c_kp1 38184681.545173265 c_k 42902144.08883761 f_k 43018286.04919351 y_k 42902662.09032873 1e-05 0.5113217830657959
coarse1 0 3 c_kp1 13223767.467485826 c_k 4133993.746006039 f_k 4133991.8554865806 y_k 4133993.746006039 1e-05 0.5279054641723633
1 fine 1 d_out 28606427.609501146 d_in 22452776.968814127 1e-09 0.5772192478179932
1 fine 0 d_out 22452776.968814127 d_in 17319500.57399261 1e-09 0.5718965530395508
1 ------- seq update -------- 28.628684997558594
recv...
coarse1 2 0 c_kp1 29435441.28027676 c_k 35570840.25612286 f_k 35756631.24591879 y_k 35572273.25000989 1e-05 0.5230863094329834
3 fine 1 d_out 64215513.95850099 d_in 63664340.88004462 1e-09 3.127014636993408
1 recv! 29607517.843736786
2 coarse sent  29607517.843736786 (90711,)
2 ----------parallel -------- 28.674581289291382
coarse1 0 2 c_kp1 10108025.687160283 c_k 3297453.2644561143 f_k 3297450.1511159004 y_k 3297453.2644561143 1e-05 0.5187187194824219
2 fine 2 d_out 56646272.38334329 d_in 47700447.22641564 1e-09 0.5903587341308594
4 fine 1 d_out 44832413.71883079 d_in 52487864.340540625 1e-09 6.461388826370239
3 fine 0 d_out 63664340.88004462 d_in 58324679.94456775 1e-09 0.6179888248443604
3 ------- seq update -------- 29.32010793685913
recv...
coarse1 1 2 c_kp1 22266523.649214465 c_k 28607254.977621183 f_k 28606427.609501146 y_k 28607238.93268048 1e-05 0.5268347263336182
2 fine 1 d_out 47700447.22641564 d_in 38146284.16347131 1e-09 0.5911779403686523
4 fine 0 d_out 52487864.340540625 d_in 54584252.670466185 1e-09 0.6530516147613525
4 ------- seq update -------- 29.96793246269226
recv...
4 recv! 44831199.43550226
5 coarse sent  44831199.43550226 (90711,)
5 ----------parallel -------- 29.996413707733154
5 fine 0 d_out 32019036.46087821 d_in 44831199.43550226 1e-09 0.09829521179199219
5 ------- seq update -------- 30.094807863235474
5 skipping!
5 ----------parallel -------- 30.095321655273438
coarse1 0 1 c_kp1 7819907.744219939 c_k 2743390.6742660343 f_k 2743386.5852469215 y_k 2743390.6742660343 1e-05 0.5162019729614258
5 fine 0 d_out 32019036.46087821 d_in 44831199.43550226 1e-09 0.10366034507751465
5 ------- seq update -------- 30.199077367782593
5 skipping!
5 ----------parallel -------- 30.199675798416138
5 fine 0 d_out 32019036.46087821 d_in 44831199.43550226 1e-09 0.0958716869354248
5 ------- seq update -------- 30.295639753341675
5 skipping!
5 ----------parallel -------- 30.296186447143555
5 fine 0 d_out 32019036.46087821 d_in 44831199.43550226 1e-09 0.09830141067504883
5 ------- seq update -------- 30.39458417892456
5 skipping!
5 ----------parallel -------- 30.395123720169067
5 fine 0 d_out 32019036.46087821 d_in 44831199.43550226 1e-09 0.09601950645446777
5 ------- seq update -------- 30.491233348846436
5 skipping!
2 fine 0 d_out 38146284.16347131 d_in 29312164.270017155 1e-09 0.5881943702697754
2 ------- seq update -------- 30.444517850875854
recv...
coarse1 1 1 c_kp1 16490129.313164122 c_k 22449610.61626881 f_k 22452776.968814127 y_k 22449569.780428495 1e-05 0.529365062713623
coarse1 4 1 c_kp1 51750834.78915423 c_k 59284333.39594468 f_k 52487864.340540625 y_k 58294395.27111062 1e-05 0.4887874126434326
coarse1 0 0 c_kp1 6190339.851322287 c_k 2362254.075550263 f_k 2362249.4706259975 y_k 2362254.075550263 1e-05 0.5199952125549316
0 ----------parallel -------- 31.078664541244507
0 fine 3 d_out 17310516.301578656 d_in 13223729.582347598 1e-09 0.5412025451660156
coarse1 1 0 c_kp1 12158915.910642087 c_k 17310579.400308706 f_k 17319500.57399261 y_k 17310516.301578656 1e-05 0.516033411026001
coarse1 4 0 c_kp1 71737067.98586611 c_k 66927665.773863845 f_k 54584252.670466185 y_k 64215513.95850099 1e-05 0.46474337577819824
3 recv! 54584179.33864195
4 coarse sent  54584179.33864195 (90711,)
4 ----------parallel -------- 32.04217982292175
0 fine 2 d_out 13223729.582347598 d_in 10108173.487799115 1e-09 0.5297544002532959
4 fine 1 d_out 44831199.43550226 d_in 52483900.02682318 1e-09 0.583716869354248
0 fine 1 d_out 10108173.487799115 d_in 7820102.334549935 1e-09 0.5466046333312988
coarse1 3 1 c_kp1 52486645.32538246 c_k 63665895.42743383 f_k 63664340.88004462 y_k 62956685.57571997 1e-05 0.5353138446807861
4 fine 0 d_out 52483900.02682318 d_in 54577459.94058278 1e-09 0.5651416778564453
4 ------- seq update -------- 33.19118928909302
0 fine 0 d_out 7820102.334549935 d_in 6190563.703975535 1e-09 0.5307161808013916
0 ------- seq update -------- 33.22723722457886
recv...
0 recv! 12166457.537022393
1 coarse sent  12166457.537022393 (90711,)
1 ----------parallel -------- 33.2522234916687
coarse1 4 1 c_kp1 51750834.78915423 c_k 59285150.14679948 f_k 52483900.02682318 y_k 52488563.886883415 1e-05 0.09537649154663086
1 fine 2 d_out 29607517.843736786 d_in 22266521.37328048 1e-09 0.6078100204467773
coarse1 3 0 c_kp1 46602014.79782038 c_k 58331968.26043666 f_k 58324679.94456775 y_k 56646272.38334329 1e-05 0.5253250598907471
3 coarse sent  46525354.63815597 (90711,)
2 recv! 46525354.63815597
3 ----------parallel -------- 34.180086612701416
coarse1 0 3 c_kp1 9072313.993840521 c_k 13223694.535956444 f_k 13223729.582347598 y_k 13223692.136311203 1e-05 0.527909517288208
1 fine 1 d_out 22266521.37328048 d_in 16472159.188530331 1e-09 0.5746500492095947
coarse1 4 0 c_kp1 71737606.14700282 c_k 66927562.39744112 f_k 54577459.94058278 y_k 54584179.33864195 1e-05 0.09506726264953613
3 fine 1 d_out 54584179.33864195 d_in 52077547.90205699 1e-09 0.5515789985656738
1 fine 0 d_out 16472159.188530331 d_in 12135589.980478829 1e-09 0.5796232223510742
1 ------- seq update -------- 35.01458382606506
recv...
coarse1 2 2 c_kp1 39483110.97974385 c_k 47716154.822266884 f_k 47700447.22641564 y_k 47756871.39246028 1e-05 0.5259420871734619
3 fine 0 d_out 52077547.90205699 d_in 46531303.8075385 1e-09 0.5557177066802979
3 ------- seq update -------- 35.287553548812866
recv...
3 recv! 54577459.94100369
4 coarse sent  54577459.94100369 (90711,)
4 ----------parallel -------- 35.302226543426514
coarse1 0 2 c_kp1 6939925.062027862 c_k 10108055.921292461 f_k 10108173.487799115 y_k 10108051.724125959 1e-05 0.5095109939575195
4 fine 1 d_out 44831199.43550226 d_in 52483900.02682314 1e-09 0.09501242637634277
4 fine 0 d_out 52483900.02682314 d_in 54577461.18423646 1e-09 0.5103559494018555
4 ------- seq update -------- 35.90775394439697
4 skipping!
4 ----------parallel -------- 35.90816020965576
4 fine 1 d_out 44831199.43550226 d_in 52483900.02682314 1e-09 0.09440422058105469
coarse1 2 1 c_kp1 32157343.919933524 c_k 38210096.10569156 f_k 38146284.16347131 y_k 38315256.00315865 1e-05 0.5150172710418701
coarse1 3 1 c_kp1 50735466.65228431 c_k 52077604.35522724 f_k 52077547.90205699 y_k 52076115.559175804 1e-05 0.4734032154083252
coarse1 0 1 c_kp1 5506850.2831139285 c_k 7819910.547603926 f_k 7820102.334549935 y_k 7819905.8075964 1e-05 0.5090460777282715
4 fine 0 d_out 52483900.02682314 d_in 54577461.18423646 1e-09 0.503777027130127
4 ------- seq update -------- 36.50649571418762
4 skipping!
4 ----------parallel -------- 36.50691890716553
4 fine 1 d_out 44831199.43550226 d_in 52483900.02682314 1e-09 0.09923624992370605
4 fine 0 d_out 52483900.02682314 d_in 54577461.18423646 1e-09 0.5077214241027832
4 ------- seq update -------- 37.11402416229248
4 skipping!
4 ----------parallel -------- 37.114457845687866
4 fine 1 d_out 44831199.43550226 d_in 52483900.02682314 1e-09 0.09368085861206055
coarse1 2 0 c_kp1 25365093.36857695 c_k 29438262.93307421 f_k 29312164.270017155 y_k 29607517.843736786 1e-05 0.5124211311340332
1 recv! 25236041.57818587
2 coarse sent  25236041.57818587 (90711,)
2 ----------parallel -------- 37.262277364730835
coarse1 3 0 c_kp1 46782700.76723698 c_k 46532441.20134378 f_k 46531303.8075385 y_k 46525354.63815597 1e-05 0.46462130546569824
coarse1 0 0 c_kp1 4546898.365456577 c_k 6190339.140835578 f_k 6190563.703975535 y_k 6190333.249984696 1e-05 0.5100018978118896
0 ----------parallel -------- 37.383934020996094
4 fine 0 d_out 52483900.02682314 d_in 54577461.18423646 1e-09 0.5022857189178467
4 ------- seq update -------- 37.71058678627014
4 skipping!
2 fine 2 d_out 46525354.63815597 d_in 39480961.579555824 1e-09 0.5735132694244385
0 fine 3 d_out 12166457.537022393 d_in 9072314.222348673 1e-09 0.5256824493408203
coarse1 1 2 c_kp1 19341912.5269441 c_k 22274346.66992556 f_k 22266521.37328048 y_k 22273659.394063212 1e-05 0.5137543678283691
2 fine 1 d_out 39480961.579555824 d_in 32160479.995310754 1e-09 0.5797264575958252
0 fine 2 d_out 9072314.222348673 d_in 6939896.494051468 1e-09 0.5403265953063965
0 fine 1 d_out 6939896.494051468 d_in 5506797.628957668 1e-09 0.540179967880249
2 fine 0 d_out 32160479.995310754 d_in 25365075.379201036 1e-09 0.5830051898956299
2 ------- seq update -------- 38.99872446060181
recv...
2 recv! 46522717.53474553
3 coarse sent  46522717.53474553 (90711,)
3 ----------parallel -------- 39.02840304374695
coarse1 1 1 c_kp1 14569728.054673858 c_k 16489073.417907273 f_k 16472159.188530331 y_k 16491570.845761074 1e-05 0.5108749866485596
0 fine 0 d_out 5506797.628957668 d_in 4546817.297353283 1e-09 0.5410575866699219
0 ------- seq update -------- 39.531489610672
recv...
3 fine 1 d_out 54577459.94100369 d_in 52070226.80862998 1e-09 0.5433619022369385
coarse1 2 2 c_kp1 39481362.34596592 c_k 39481705.59439921 f_k 39480961.579555824 y_k 39465674.934768185 1e-05 0.4918525218963623
3 fine 0 d_out 52070226.80862998 d_in 46524660.599569276 1e-09 0.5473458766937256
3 ------- seq update -------- 40.119261741638184
coarse1 1 0 c_kp1 10901394.578989882 c_k 12159126.93978284 f_k 12135589.980478829 y_k 12166457.537022393 1e-05 0.5092697143554688
1 coarse sent  10877026.381988293 (90711,)
0 recv! 10877026.381988293
1 ----------parallel -------- 40.369690895080566
coarse1 3 1 c_kp1 50735466.65228431 c_k 52070128.427341715 f_k 52070226.80862998 y_k 52070071.97554939 1e-05 0.09472417831420898
1 fine 2 d_out 25236041.57818587 d_in 19338800.628557205 1e-09 0.5733890533447266
coarse1 2 1 c_kp1 32164786.812079765 c_k 32161864.0323407 f_k 32160479.995310754 y_k 32095975.78864356 1e-05 0.47400689125061035
coarse1 3 0 c_kp1 46780011.49279632 c_k 46523854.85653706 f_k 46524660.599569276 y_k 46522717.53474553 1e-05 0.09494304656982422
coarse1 0 3 c_kp1 8175242.557393291 c_k 9072327.19431157 f_k 9072314.222348673 y_k 9072353.276847875 1e-05 0.4959602355957031
1 fine 1 d_out 19338800.628557205 d_in 14569254.287174404 1e-09 0.5735623836517334
coarse1 2 0 c_kp1 25373017.36171991 c_k 25366783.667164512 f_k 25365075.379201036 y_k 25236041.57818587 1e-05 0.4637272357940674
1 fine 0 d_out 14569254.287174404 d_in 10901524.287686614 1e-09 0.5767471790313721
1 ------- seq update -------- 42.093610763549805
recv...
1 recv! 25372397.42127679
2 coarse sent  25372397.42127679 (90711,)
2 ----------parallel -------- 42.07401919364929
coarse1 0 2 c_kp1 6264619.739839471 c_k 6939932.085180692 f_k 6939896.494051468 y_k 6940020.243312886 1e-05 0.49692463874816895
2 fine 2 d_out 46522717.53474553 d_in 39483945.29663163 1e-09 0.5481767654418945
coarse1 1 2 c_kp1 19531117.25789699 c_k 19338799.832334008 f_k 19338800.628557205 y_k 19330560.478129633 1e-05 0.5082168579101562
2 fine 1 d_out 39483945.29663163 d_in 32169254.126493655 1e-09 0.554387092590332
coarse1 0 1 c_kp1 4953345.189110966 c_k 5506863.579817965 f_k 5506797.628957668 y_k 5507002.579254998 1e-05 0.49581360816955566
2 fine 0 d_out 32169254.126493655 d_in 25378256.1313802 1e-09 0.5485765933990479
2 ------- seq update -------- 43.72538495063782
recv...
2 recv! 46524660.59953828
3 coarse sent  46524660.59953828 (90711,)
3 ----------parallel -------- 43.7550733089447
3 fine 1 d_out 54577459.94100369 d_in 52070226.807106525 1e-09 0.15565133094787598
3 fine 0 d_out 52070226.807106525 d_in 46524660.59953828 1e-09 0.09621858596801758
3 ------- seq update -------- 44.007110595703125
3 skipping!
3 ----------parallel -------- 44.00759196281433
coarse1 1 1 c_kp1 14792260.752470834 c_k 14569255.496877186 f_k 14569254.287174404 y_k 14551621.185528055 1e-05 0.5050690174102783
3 fine 1 d_out 54577459.94100369 d_in 52070226.807106525 1e-09 0.1607062816619873
3 fine 0 d_out 52070226.807106525 d_in 46524660.59953828 1e-09 0.10176348686218262
3 ------- seq update -------- 44.27023935317993
3 skipping!
3 ----------parallel -------- 44.270732164382935
coarse1 0 0 c_kp1 4064243.315632633 c_k 4546901.105988057 f_k 4546817.297353283 y_k 4547056.8066577865 1e-05 0.4993419647216797
0 ----------parallel -------- 44.37302589416504
3 fine 1 d_out 54577459.94100369 d_in 52070226.807106525 1e-09 0.15510010719299316
3 fine 0 d_out 52070226.807106525 d_in 46524660.59953828 1e-09 0.09585237503051758
3 ------- seq update -------- 44.52184438705444
3 skipping!
coarse1 2 2 c_kp1 38919722.296734214 c_k 39482889.91014738 f_k 39483945.29663163 y_k 39482145.76822706 1e-05 0.4850342273712158
0 fine 3 d_out 10877026.381988293 d_in 8175122.203658929 1e-09 0.5329470634460449
coarse1 1 0 c_kp1 11127270.136233421 c_k 10901529.55167949 f_k 10901524.287686614 y_k 10877026.381988293 1e-05 0.506251335144043
0 fine 2 d_out 8175122.203658929 d_in 6264566.333640342 1e-09 0.5298199653625488
coarse1 2 1 c_kp1 32167264.76591593 c_k 32166833.32436562 f_k 32169254.126493655 y_k 32165449.06892539 1e-05 0.4649033546447754
0 fine 1 d_out 6264566.333640342 d_in 4953328.2785118185 1e-09 0.528653621673584
0 fine 0 d_out 4953328.2785118185 d_in 4064242.571523867 1e-09 0.5319693088531494
0 ------- seq update -------- 46.49668741226196
recv...
0 recv! 11127219.755170919
1 coarse sent  11127219.755170919 (90711,)
1 ----------parallel -------- 46.52162456512451
coarse1 2 0 c_kp1 25380908.153670803 c_k 25374105.94178219 f_k 25378256.1313802 y_k 25372397.42127679 1e-05 0.484935998916626
1 fine 2 d_out 25372397.42127679 d_in 19531612.77058066 1e-09 0.5733270645141602
coarse1 0 3 c_kp1 8407657.920895824 c_k 8175121.046911048 f_k 8175122.203658929 y_k 8175107.240125704 1e-05 0.4899451732635498
1 fine 1 d_out 19531612.77058066 d_in 14793906.571305778 1e-09 0.5671677589416504
1 fine 0 d_out 14793906.571305778 d_in 11130305.290861852 1e-09 0.5601263046264648
1 ------- seq update -------- 48.22244834899902
recv...
1 recv! 25386302.409290798
2 coarse sent  25386302.409290798 (90711,)
2 ----------parallel -------- 48.202858686447144
coarse1 0 2 c_kp1 6460625.849365196 c_k 6264564.553528447 f_k 6264566.333640342 y_k 6264526.779444252 1e-05 0.4946599006652832
2 fine 2 d_out 46524660.59953828 d_in 39487392.111092485 1e-09 0.5499603748321533
coarse1 1 2 c_kp1 19548097.173319083 c_k 19531193.37742872 f_k 19531612.77058066 y_k 19531194.139794867 1e-05 0.46895885467529297
2 fine 1 d_out 39487392.111092485 d_in 32173458.80209314 1e-09 0.5474438667297363
coarse1 0 1 c_kp1 5106650.250743014 c_k 4953325.490354683 f_k 4953328.2785118185 y_k 4953255.620031633 1e-05 0.4886927604675293
2 fine 0 d_out 32173458.80209314 d_in 25382516.299578384 1e-09 0.5632128715515137
2 ------- seq update -------- 49.86373710632324
coarse1 1 1 c_kp1 14811565.658471009 c_k 14792371.836768249 f_k 14793906.571305778 y_k 14792370.569971144 1e-05 0.48610925674438477
coarse1 0 0 c_kp1 4177638.7752450686 c_k 4064240.335471753 f_k 4064242.571523867 y_k 4064151.447875936 1e-05 0.49300336837768555
0 ----------parallel -------- 50.46681022644043
coarse1 2 2 c_kp1 38919722.296734214 c_k 39487162.22108555 f_k 39487392.111092485 y_k 39488217.74486155 1e-05 0.09897756576538086
0 fine 3 d_out 11127219.755170919 d_in 8407704.069454696 1e-09 0.55324387550354
coarse1 2 1 c_kp1 32167264.800658975 c_k 32173145.35017617 f_k 32173458.80209314 y_k 32175566.45781778 1e-05 0.09438586235046387
coarse1 1 0 c_kp1 11146180.148086311 c_k 11127225.032724185 f_k 11130305.290861852 y_k 11127219.755170919 1e-05 0.47833991050720215
0 fine 2 d_out 8407704.069454696 d_in 6461666.108099576 1e-09 0.5455448627471924
coarse1 2 0 c_kp1 25380908.188073933 c_k 25382151.46836398 f_k 25382516.299578384 y_k 25386302.409290798 1e-05 0.09930586814880371
0 fine 1 d_out 6461666.108099576 d_in 5108032.385707145 1e-09 0.5525474548339844
0 fine 0 d_out 5108032.385707145 d_in 4179099.2681702175 1e-09 0.5570101737976074
0 ------- seq update -------- 52.675434589385986
recv...
0 recv! 11149155.997692911
1 coarse sent  11149155.997692911 (90711,)
1 ----------parallel -------- 52.70037531852722
1 fine 2 d_out 25386302.409290798 d_in 19547986.351921607 1e-09 0.5508105754852295
coarse1 0 3 c_kp1 8429141.620802568 c_k 8407253.086069558 f_k 8407704.069454696 y_k 8407254.219509136 1e-05 0.47657179832458496
1 fine 1 d_out 19547986.351921607 d_in 14811037.399591582 1e-09 0.5526907444000244
1 fine 0 d_out 14811037.399591582 d_in 11146577.323534368 1e-09 0.5534694194793701
1 ------- seq update -------- 54.35755753517151
recv...
1 recv! 25382516.299578406
2 coarse sent  25382516.299578406 (90711,)
2 ----------parallel -------- 54.33802151679993
2 fine 2 d_out 46524660.59953828 d_in 39487392.111092485 1e-09 0.09428596496582031
2 fine 1 d_out 39487392.111092485 d_in 32173458.80209315 1e-09 0.0940699577331543
coarse1 0 2 c_kp1 6480396.7442308385 c_k 6460653.601656057 f_k 6461666.108099576 y_k 6460655.3274476165 1e-05 0.4660162925720215
2 fine 0 d_out 32173458.80209315 d_in 25382516.299578406 1e-09 0.09803986549377441
2 ------- seq update -------- 54.6246395111084
2 skipping!
2 ----------parallel -------- 54.62524127960205
2 fine 2 d_out 46524660.59953828 d_in 39487392.111092485 1e-09 0.09388113021850586
2 fine 1 d_out 39487392.111092485 d_in 32173458.80209315 1e-09 0.09403681755065918
2 fine 0 d_out 32173458.80209315 d_in 25382516.299578406 1e-09 0.09271836280822754
2 ------- seq update -------- 54.90608334541321
2 skipping!
coarse1 1 2 c_kp1 19533098.462234195 c_k 19548427.403771933 f_k 19547986.351921607 y_k 19548847.212481093 1e-05 0.49275803565979004
coarse1 0 1 c_kp1 5122894.853454756 c_k 5106649.036459134 f_k 5108032.385707145 y_k 5106651.852129774 1e-05 0.4777398109436035
coarse1 1 1 c_kp1 14805106.114033641 c_k 14811364.495064093 f_k 14811037.399591582 y_k 14812901.101016892 1e-05 0.483351469039917
coarse1 0 0 c_kp1 4190196.5403657556 c_k 4177635.7741326615 f_k 4179099.2681702175 y_k 4177638.085308774 1e-05 0.48266077041625977
0 ----------parallel -------- 56.56599712371826
0 fine 3 d_out 11149155.997692911 d_in 8429104.002766317 1e-09 0.5491981506347656
coarse1 1 0 c_kp1 11140567.985138163 c_k 11146071.356945843 f_k 11146577.323534368 y_k 11149155.997692911 1e-05 0.4781811237335205
0 fine 2 d_out 8429104.002766317 d_in 6480780.980429763 1e-09 0.5335867404937744
0 fine 1 d_out 6480780.980429763 d_in 5123794.461526089 1e-09 0.5285317897796631
0 fine 0 d_out 5123794.461526089 d_in 4191292.8872928787 1e-09 0.5282795429229736
0 ------- seq update -------- 58.70586156845093
recv...
0 recv! 11141136.844463723
1 coarse sent  11141136.844463723 (90711,)
1 ----------parallel -------- 58.730910301208496
1 fine 2 d_out 25382516.299578406 d_in 19542805.813132737 1e-09 0.5669610500335693
coarse1 0 3 c_kp1 8422403.147965215 c_k 8428938.355864381 f_k 8429104.002766317 y_k 8429391.311823057 1e-05 0.46552419662475586
1 fine 1 d_out 19542805.813132737 d_in 14805105.720199872 1e-09 0.5565252304077148
1 fine 0 d_out 14805105.720199872 d_in 11140612.215467956 1e-09 0.5501091480255127
1 ------- seq update -------- 60.40472149848938
coarse1 0 2 c_kp1 6475839.729435068 c_k 6480227.110835992 f_k 6480780.980429763 y_k 6481244.34625815 1e-05 0.4738497734069824
coarse1 1 2 c_kp1 19533098.462234195 c_k 19542745.29490265 f_k 19542805.813132737 y_k 19542304.48145813 1e-05 0.09353756904602051
coarse1 1 1 c_kp1 14805106.470971655 c_k 14805073.602467256 f_k 14805105.720199872 y_k 14804746.550140707 1e-05 0.09365630149841309
coarse1 0 1 c_kp1 5120475.010315613 c_k 5122872.370436414 f_k 5123794.461526089 y_k 5124263.39798504 1e-05 0.47324275970458984
coarse1 1 0 c_kp1 11140567.984287972 c_k 11140631.050939383 f_k 11140612.215467956 y_k 11141136.844463723 1e-05 0.09391593933105469
coarse1 0 0 c_kp1 4189189.5616308064 c_k 4190192.2402604176 f_k 4191292.8872928787 y_k 4191665.5142533 1e-05 0.4739375114440918
0 ----------parallel -------- 62.576899766922
0 fine 3 d_out 11141136.844463723 d_in 8422396.91460708 1e-09 0.5377473831176758
0 fine 2 d_out 8422396.91460708 d_in 6475831.214651335 1e-09 0.555680513381958
0 fine 1 d_out 6475831.214651335 d_in 5120479.95437663 1e-09 0.5562386512756348
0 fine 0 d_out 5120479.95437663 d_in 4189207.6083786367 1e-09 0.5424275398254395
0 ------- seq update -------- 64.76925826072693
recv...
0 recv! 11140612.215467954
1 coarse sent  11140612.215467954 (90711,)
1 ----------parallel -------- 64.79422974586487
1 fine 2 d_out 25382516.299578406 d_in 19542805.813132737 1e-09 0.0940849781036377
1 fine 1 d_out 19542805.813132737 d_in 14805105.720199872 1e-09 0.09344792366027832
1 fine 0 d_out 14805105.720199872 d_in 11140612.215467954 1e-09 0.10381746292114258
1 ------- seq update -------- 65.08580088615417
1 skipping!
coarse1 0 3 c_kp1 8420952.117770748 c_k 8422410.171493415 f_k 8422396.91460708 y_k 8422575.732081773 1e-05 0.47843456268310547
coarse1 0 2 c_kp1 6473504.387827454 c_k 6475846.3168735085 f_k 6475831.214651335 y_k 6476400.105635149 1e-05 0.4694359302520752
coarse1 0 1 c_kp1 5117988.157632464 c_k 5120484.259995462 f_k 5120479.95437663 y_k 5121406.502131256 1e-05 0.4914884567260742
coarse1 0 0 c_kp1 4186938.7917123404 c_k 4189197.4932635827 f_k 4189207.6083786367 y_k 4190298.772913219 1e-05 0.4691932201385498
0 ----------parallel -------- 68.67408061027527
0 fine 3 d_out 11140612.215467954 d_in 8420861.35544106 1e-09 0.5388882160186768
0 fine 2 d_out 8420861.35544106 d_in 6473612.069650554 1e-09 0.5397238731384277
0 fine 1 d_out 6473612.069650554 d_in 5118070.582219151 1e-09 0.5299537181854248
0 fine 0 d_out 5118070.582219151 d_in 4187007.860594079 1e-09 0.5303781032562256
0 ------- seq update -------- 70.81329345703125
coarse1 0 3 c_kp1 8420952.117770748 c_k 8420814.389893103 f_k 8420861.35544106 y_k 8420801.120347757 1e-05 0.09615540504455566
coarse1 0 2 c_kp1 6473503.2203013385 c_k 6473545.192327402 f_k 6473612.069650554 y_k 6473530.033552127 1e-05 0.0963280200958252
coarse1 0 1 c_kp1 5117989.071304292 c_k 5117994.368001959 f_k 5118070.582219151 y_k 5117989.929416031 1e-05 0.09051752090454102
coarse1 0 0 c_kp1 4186938.74489919 c_k 4186946.165887613 f_k 4187007.860594079 y_k 4186956.0583853214 1e-05 0.09627628326416016
============
4187007.8605940784
============
[2.38418579e-07 2.45413291e+01 3.10782859e+01 3.73835557e+01
 4.43726764e+01 5.04664538e+01 5.65656571e+01 6.25765283e+01
 6.86737473e+01 7.31859488e+01]
[1.00000000e+00 5.03833850e-01 5.70117727e-01 1.07456395e-01
 4.61444744e-02 3.37591851e-03 1.77535298e-03 1.23961401e-03
 2.14424978e-05 9.73707962e-10]
