0 24
1 12
1 ------- seq update -------- 0.0004143714904785156
0 ------- seq update -------- 0.0001914501190185547
recv...
coarse1 1 11 c_kp1 15963197.09502591 c_k 0.0 f_k 0.0 y_k 0.0 1e-05 3.4874536991119385
coarse1 1 10 c_kp1 32124565.65527738 c_k 0.0 f_k 0.0 y_k 0.0 1e-05 0.555783748626709
coarse1 1 9 c_kp1 40744742.89202578 c_k 0.0 f_k 0.0 y_k 0.0 1e-05 0.5412867069244385
coarse1 1 8 c_kp1 43662716.86472721 c_k 0.0 f_k 0.0 y_k 0.0 1e-05 0.5285770893096924
coarse1 1 7 c_kp1 41740590.59584331 c_k 0.0 f_k 0.0 y_k 0.0 1e-05 0.528418779373169
coarse1 1 6 c_kp1 36742586.24770227 c_k 0.0 f_k 0.0 y_k 0.0 1e-05 0.5185494422912598
coarse1 1 5 c_kp1 30412052.150787238 c_k 0.0 f_k 0.0 y_k 0.0 1e-05 0.5128364562988281
coarse1 1 4 c_kp1 24016364.39424929 c_k 0.0 f_k 0.0 y_k 0.0 1e-05 0.5368087291717529
coarse1 1 3 c_kp1 18300811.03951462 c_k 0.0 f_k 0.0 y_k 0.0 1e-05 0.506462574005127
coarse1 1 2 c_kp1 13594186.34821568 c_k 0.0 f_k 0.0 y_k 0.0 1e-05 0.514634370803833
coarse1 1 1 c_kp1 9952958.716692094 c_k 0.0 f_k 0.0 y_k 0.0 1e-05 0.5078539848327637
coarse1 1 0 c_kp1 7278592.450017702 c_k 0.0 f_k 0.0 y_k 0.0 1e-05 0.5164921283721924
1 coarse sent  7278592.450017702 (90711,)
0 recv! 7278592.450017702
1 ----------parallel -------- 18.706138610839844
coarse1 0 23 c_kp1 5401755.322511803 c_k 0.0 f_k 0.0 y_k 0.0 1e-05 0.5304219722747803
coarse1 0 22 c_kp1 4133993.746006039 c_k 0.0 f_k 0.0 y_k 0.0 1e-05 0.5249013900756836
coarse1 0 21 c_kp1 3297453.2644561143 c_k 0.0 f_k 0.0 y_k 0.0 1e-05 0.5256378650665283
1 fine 11 d_out 0.0 d_in 15963224.88827652 1e-09 3.5808699131011963
1 fine 10 d_out 15963224.88827652 d_in 32019395.732946046 1e-09 0.6082816123962402
coarse1 0 20 c_kp1 2743390.6742660343 c_k 0.0 f_k 0.0 y_k 0.0 1e-05 0.512131929397583
coarse1 0 19 c_kp1 2362254.075550263 c_k 0.0 f_k 0.0 y_k 0.0 1e-05 0.5109853744506836
coarse1 0 18 c_kp1 2083051.5720038784 c_k 0.0 f_k 0.0 y_k 0.0 1e-05 0.5111446380615234
coarse1 0 17 c_kp1 1864355.4650012776 c_k 0.0 f_k 0.0 y_k 0.0 1e-05 0.5004310607910156
1 fine 9 d_out 32019395.732946046 d_in 44831984.405521564 1e-09 3.312594175338745
1 fine 8 d_out 44831984.405521564 d_in 52485170.65288479 1e-09 0.6559600830078125
coarse1 0 16 c_kp1 1683500.2582966809 c_k 0.0 f_k 0.0 y_k 0.0 1e-05 0.5018923282623291
coarse1 0 15 c_kp1 1528314.7674547955 c_k 0.0 f_k 0.0 y_k 0.0 1e-05 0.4991145133972168
coarse1 0 14 c_kp1 1392093.740447403 c_k 0.0 f_k 0.0 y_k 0.0 1e-05 0.5094504356384277
coarse1 0 13 c_kp1 1270905.1440624294 c_k 0.0 f_k 0.0 y_k 0.0 1e-05 0.5050406455993652
coarse1 0 12 c_kp1 1162242.7875397033 c_k 0.0 f_k 0.0 y_k 0.0 1e-05 0.49307942390441895
coarse1 0 11 c_kp1 1064368.937222425 c_k 0.0 f_k 0.0 y_k 0.0 1e-05 0.49436378479003906
coarse1 0 10 c_kp1 975992.8272989236 c_k 0.0 f_k 0.0 y_k 0.0 1e-05 0.49269747734069824
coarse1 0 9 c_kp1 896106.0083419498 c_k 0.0 f_k 0.0 y_k 0.0 1e-05 0.4932558536529541
coarse1 0 8 c_kp1 823894.4980070107 c_k 0.0 f_k 0.0 y_k 0.0 1e-05 0.48019981384277344
coarse1 0 7 c_kp1 758687.2602274652 c_k 0.0 f_k 0.0 y_k 0.0 1e-05 0.48082613945007324
coarse1 0 6 c_kp1 699924.2756580879 c_k 0.0 f_k 0.0 y_k 0.0 1e-05 0.48870134353637695
coarse1 0 5 c_kp1 647134.5136587629 c_k 0.0 f_k 0.0 y_k 0.0 1e-05 0.4806225299835205
1 fine 7 d_out 52485170.65288479 d_in 54579061.594706014 1e-09 11.810607433319092
coarse1 0 4 c_kp1 599920.378906925 c_k 0.0 f_k 0.0 y_k 0.0 1e-05 0.4778144359588623
coarse1 0 3 c_kp1 557944.9963735286 c_k 0.0 f_k 0.0 y_k 0.0 1e-05 0.48003220558166504
coarse1 0 2 c_kp1 520921.07586831634 c_k 0.0 f_k 0.0 y_k 0.0 1e-05 0.4913215637207031
coarse1 0 1 c_kp1 488600.4214080199 c_k 0.0 f_k 0.0 y_k 0.0 1e-05 0.4748711585998535
1 fine 6 d_out 54579061.594706014 d_in 52072118.615718976 1e-09 3.5573179721832275
coarse1 0 0 c_kp1 460763.2321129676 c_k 0.0 f_k 0.0 y_k 0.0 1e-05 0.495668888092041
0 ----------parallel -------- 42.494160652160645
0 fine 23 d_out 7278592.450017702 d_in 5401752.4308121195 1e-09 0.5640583038330078
0 fine 22 d_out 5401752.4308121195 d_in 4133987.181928711 1e-09 0.5431663990020752
0 fine 21 d_out 4133987.181928711 d_in 3297444.985603749 1e-09 0.5322940349578857
0 fine 20 d_out 3297444.985603749 d_in 2743381.9039656045 1e-09 0.5499565601348877
0 fine 19 d_out 2743381.9039656045 d_in 2362245.7156911446 1e-09 0.5459804534912109
0 fine 18 d_out 2362245.7156911446 d_in 2083043.8626439723 1e-09 0.5494720935821533
0 fine 17 d_out 2083043.8626439723 d_in 1864348.6148352232 1e-09 0.543231725692749
0 fine 16 d_out 1864348.6148352232 d_in 1683494.54215435 1e-09 0.5449585914611816
0 fine 15 d_out 1683494.54215435 d_in 1528310.6832284536 1e-09 0.5410244464874268
0 fine 14 d_out 1528310.6832284536 d_in 1392091.6369669153 1e-09 0.5382487773895264
0 fine 13 d_out 1392091.6369669153 d_in 1270905.2981917497 1e-09 0.5300066471099854
0 fine 12 d_out 1270905.2981917497 d_in 1162245.382847096 1e-09 0.5296649932861328
0 fine 11 d_out 1162245.382847096 d_in 1064374.49759239 1e-09 0.5303816795349121
0 fine 10 d_out 1064374.49759239 d_in 976001.7738111923 1e-09 0.5305490493774414
0 fine 9 d_out 976001.7738111923 d_in 896118.9864199145 1e-09 0.528264045715332
0 fine 8 d_out 896118.9864199145 d_in 823912.1931211572 1e-09 0.5290071964263916
0 fine 7 d_out 823912.1931211572 d_in 758710.478652896 1e-09 0.5186669826507568
0 fine 6 d_out 758710.478652896 d_in 699953.8383979062 1e-09 0.5295705795288086
0 fine 5 d_out 699953.8383979062 d_in 647171.4588129302 1e-09 0.5275781154632568
0 fine 4 d_out 647171.4588129302 d_in 599965.8388270317 1e-09 0.5209436416625977
0 fine 3 d_out 599965.8388270317 d_in 558000.1384711359 1e-09 0.5205502510070801
1 fine 5 d_out 52072118.615718976 d_in 46526770.026261 1e-09 11.900635480880737
0 fine 2 d_out 558000.1384711359 d_in 520987.11703476746 1e-09 0.5189390182495117
0 fine 1 d_out 520987.11703476746 d_in 488678.5939225124 1e-09 0.5242311954498291
0 fine 0 d_out 488678.5939225124 d_in 460854.81299280917 1e-09 0.5257706642150879
0 ------- seq update -------- 55.31238102912903
recv...
1 fine 4 d_out 46526770.026261 d_in 39489596.770735614 1e-09 3.373223304748535
1 fine 3 d_out 39489596.770735614 d_in 32175615.66910405 1e-09 3.411484956741333
1 fine 2 d_out 32175615.66910405 d_in 25384503.93881585 1e-09 3.3842239379882812
1 fine 1 d_out 25384503.93881585 d_in 19544544.423539635 1e-09 3.4425435066223145
1 fine 0 d_out 19544544.423539635 d_in 14806559.69323508 1e-09 3.3958609104156494
1 ------- seq update -------- 71.1406569480896
coarse1 1 11 c_kp1 15963197.09502591 c_k 15963197.09502591 f_k 15963224.88827652 y_k 15963197.09502591 1e-05 0.09201860427856445
coarse1 1 10 c_kp1 32124489.11429269 c_k 32124565.65527738 f_k 32019395.732946046 y_k 32124565.65527738 1e-05 0.09206199645996094
coarse1 1 9 c_kp1 40744747.1708558 c_k 40744742.89202578 f_k 44831984.405521564 y_k 40744742.89202578 1e-05 0.09776139259338379
coarse1 1 8 c_kp1 43662716.76042952 c_k 43662716.86472721 f_k 52485170.65288479 y_k 43662716.86472721 1e-05 0.09195780754089355
coarse1 1 7 c_kp1 41740590.59880766 c_k 41740590.59584331 f_k 54579061.594706014 y_k 41740590.59584331 1e-05 0.0919029712677002
coarse1 1 6 c_kp1 36742586.19825442 c_k 36742586.24770227 f_k 52072118.615718976 y_k 36742586.24770227 1e-05 0.09763026237487793
coarse1 1 5 c_kp1 30412052.148829855 c_k 30412052.150787238 f_k 46526770.026261 y_k 30412052.150787238 1e-05 0.09191322326660156
coarse1 1 4 c_kp1 24016364.392411884 c_k 24016364.39424929 f_k 39489596.770735614 y_k 24016364.39424929 1e-05 0.09205317497253418
coarse1 1 3 c_kp1 18300811.037090864 c_k 18300811.03951462 f_k 32175615.66910405 y_k 18300811.03951462 1e-05 0.0917658805847168
coarse1 1 2 c_kp1 13594186.35038381 c_k 13594186.34821568 f_k 25384503.93881585 y_k 13594186.34821568 1e-05 0.09781575202941895
coarse1 1 1 c_kp1 9952958.717589326 c_k 9952958.716692094 f_k 19544544.423539635 y_k 9952958.716692094 1e-05 0.09766626358032227
coarse1 1 0 c_kp1 7278592.450305054 c_k 7278592.450017702 f_k 14806559.69323508 y_k 7278592.450017702 1e-05 0.09148168563842773
1 coarse sent  14806559.69323508 (90711,)
0 recv! 14806559.69323508
1 ----------parallel -------- 81.70400524139404
1 fine 11 d_out 0.0 d_in 15963224.88827652 1e-09 0.34015846252441406
1 fine 10 d_out 15963224.88827652 d_in 32019395.732946046 1e-09 0.11661458015441895
1 fine 9 d_out 32019395.732946046 d_in 44831984.405521564 1e-09 0.10130572319030762
1 fine 8 d_out 44831984.405521564 d_in 52485170.65288479 1e-09 0.2932424545288086
1 fine 7 d_out 52485170.65288479 d_in 54579061.594706014 1e-09 0.09559249877929688
coarse1 0 23 c_kp1 11142087.83113734 c_k 5401755.322511803 f_k 5401752.4308121195 y_k 5401755.322511803 1e-05 0.5108671188354492
1 fine 6 d_out 54579061.594706014 d_in 52072118.615718976 1e-09 0.21427154541015625
1 fine 5 d_out 52072118.615718976 d_in 46526770.026261 1e-09 0.09583449363708496
1 fine 4 d_out 46526770.026261 d_in 39489596.770735614 1e-09 0.14751148223876953
1 fine 3 d_out 39489596.770735614 d_in 32175615.669104055 1e-09 0.09413623809814453
1 fine 2 d_out 32175615.669104055 d_in 25384503.93881585 1e-09 0.09372711181640625
1 fine 1 d_out 25384503.93881585 d_in 19544544.423539635 1e-09 0.09810328483581543
1 fine 0 d_out 19544544.423539635 d_in 14806559.69323508 1e-09 0.09255671501159668
1 ------- seq update -------- 83.48786783218384
1 skipping!
coarse1 0 22 c_kp1 8421364.166122006 c_k 4133993.746006039 f_k 4133987.181928711 y_k 4133993.746006039 1e-05 0.5146753787994385
coarse1 0 21 c_kp1 6473769.709463469 c_k 3297453.2644561143 f_k 3297444.985603749 y_k 3297453.2644561143 1e-05 0.49141597747802734
coarse1 0 20 c_kp1 5117978.210895765 c_k 2743390.6742660343 f_k 2743381.9039656045 y_k 2743390.6742660343 1e-05 0.49033045768737793
coarse1 0 19 c_kp1 4186837.232243122 c_k 2362254.075550263 f_k 2362245.7156911446 y_k 2362254.075550263 1e-05 0.48106908798217773
coarse1 0 18 c_kp1 3541244.731172563 c_k 2083051.5720038784 f_k 2083043.8626439723 y_k 2083051.5720038784 1e-05 0.4827151298522949
coarse1 0 17 c_kp1 3077764.435107281 c_k 1864355.4650012776 f_k 1864348.6148352232 y_k 1864355.4650012776 1e-05 0.4819655418395996
coarse1 0 16 c_kp1 2727243.5675279866 c_k 1683500.2582966809 f_k 1683494.54215435 y_k 1683500.2582966809 1e-05 0.4891810417175293
coarse1 0 15 c_kp1 2447340.096373965 c_k 1528314.7674547955 f_k 1528310.6832284536 y_k 1528314.7674547955 1e-05 0.4827737808227539
coarse1 0 14 c_kp1 2213524.842150211 c_k 1392093.740447403 f_k 1392091.6369669153 y_k 1392093.740447403 1e-05 0.4833106994628906
coarse1 0 13 c_kp1 2011883.7830444789 c_k 1270905.1440624294 f_k 1270905.2981917497 y_k 1270905.1440624294 1e-05 0.4816462993621826
coarse1 0 12 c_kp1 1834405.6145133192 c_k 1162242.7875397033 f_k 1162245.382847096 y_k 1162242.7875397033 1e-05 0.47804832458496094
coarse1 0 11 c_kp1 1676263.0831388163 c_k 1064368.937222425 f_k 1064374.49759239 y_k 1064368.937222425 1e-05 0.47176265716552734
coarse1 0 10 c_kp1 1534341.3414763068 c_k 975992.8272989236 f_k 976001.7738111923 y_k 975992.8272989236 1e-05 0.47185707092285156
coarse1 0 9 c_kp1 1406477.1578447395 c_k 896106.0083419498 f_k 896118.9864199145 y_k 896106.0083419498 1e-05 0.4615936279296875
coarse1 0 8 c_kp1 1291066.372165494 c_k 823894.4980070107 f_k 823912.1931211572 y_k 823894.4980070107 1e-05 0.4774436950683594
coarse1 0 7 c_kp1 1186855.59912542 c_k 758687.2602274652 f_k 758710.478652896 y_k 758687.2602274652 1e-05 0.4724268913269043
coarse1 0 6 c_kp1 1092834.1346431337 c_k 699924.2756580879 f_k 699953.8383979062 y_k 699924.2756580879 1e-05 0.462432861328125
coarse1 0 5 c_kp1 1008168.2545707484 c_k 647134.5136587629 f_k 647171.4588129302 y_k 647134.5136587629 1e-05 0.46204566955566406
coarse1 0 4 c_kp1 932162.1613519209 c_k 599920.378906925 f_k 599965.8388270317 y_k 599920.378906925 1e-05 0.46282243728637695
coarse1 0 3 c_kp1 864231.8402786825 c_k 557944.9963735286 f_k 558000.1384711359 y_k 557944.9963735286 1e-05 0.4636726379394531
coarse1 0 2 c_kp1 803883.9260254031 c_k 520921.07586831634 f_k 520987.11703476746 y_k 520921.07586831634 1e-05 0.4627234935760498
coarse1 0 1 c_kp1 750698.6936411363 c_k 488600.4214080199 f_k 488678.5939225124 y_k 488600.4214080199 1e-05 0.46282196044921875
coarse1 0 0 c_kp1 704314.5005405118 c_k 460763.2321129676 f_k 460854.81299280917 y_k 460763.2321129676 1e-05 0.46278977394104004
0 ----------parallel -------- 104.37295937538147
0 fine 23 d_out 14806559.69323508 d_in 11141782.224913916 1e-09 0.5369818210601807
0 fine 22 d_out 11141782.224913916 d_in 8421773.490707593 1e-09 0.5336856842041016
0 fine 21 d_out 8421773.490707593 d_in 6474307.069424903 1e-09 0.5377843379974365
0 fine 20 d_out 6474307.069424903 d_in 5118594.918222362 1e-09 0.5268328189849854
0 fine 19 d_out 5118594.918222362 d_in 4187406.4604508756 1e-09 0.5362875461578369
0 fine 18 d_out 4187406.4604508756 d_in 3541730.5115902796 1e-09 0.5275585651397705
0 fine 17 d_out 3541730.5115902796 d_in 3078148.406793143 1e-09 0.5365142822265625
0 fine 16 d_out 3078148.406793143 d_in 2727544.0570480735 1e-09 0.5329818725585938
0 fine 15 d_out 2727544.0570480735 d_in 2447577.815469095 1e-09 0.5229887962341309
0 fine 14 d_out 2447577.815469095 d_in 2213720.893265433 1e-09 0.5242466926574707
0 fine 13 d_out 2213720.893265433 d_in 2012052.4674815927 1e-09 0.54144287109375
0 fine 12 d_out 2012052.4674815927 d_in 1834556.8115127666 1e-09 0.5108320713043213
0 fine 11 d_out 1834556.8115127666 d_in 1676402.2168295293 1e-09 0.5028865337371826
0 fine 10 d_out 1676402.2168295293 d_in 1534472.8902829941 1e-09 0.5003929138183594
0 fine 9 d_out 1534472.8902829941 d_in 1406604.9448032377 1e-09 0.5030078887939453
0 fine 8 d_out 1406604.9448032377 d_in 1291192.784155257 1e-09 0.5000255107879639
0 fine 7 d_out 1291192.784155257 d_in 1186983.594298775 1e-09 0.5027616024017334
0 fine 6 d_out 1186983.594298775 d_in 1092966.0968726182 1e-09 0.5006248950958252
0 fine 5 d_out 1092966.0968726182 d_in 1008306.7364980753 1e-09 0.5023410320281982
0 fine 4 d_out 1008306.7364980753 d_in 932310.1371661113 1e-09 0.4899764060974121
0 fine 3 d_out 932310.1371661113 d_in 864392.1942249105 1e-09 0.49993085861206055
0 fine 2 d_out 864392.1942249105 d_in 804059.7082412663 1e-09 0.49832677841186523
0 fine 1 d_out 804059.7082412663 d_in 750893.1598156289 1e-09 0.4961729049682617
0 fine 0 d_out 750893.1598156289 d_in 704530.640775891 1e-09 0.4949760437011719
0 ------- seq update -------- 116.73407435417175
coarse1 0 23 c_kp1 11142087.83113734 c_k 11141615.096115576 f_k 11141782.224913916 y_k 11141611.591749996 1e-05 0.09151005744934082
coarse1 0 22 c_kp1 8421364.166165102 c_k 8421391.334674265 f_k 8421773.490707593 y_k 8421383.202251544 1e-05 0.09148263931274414
coarse1 0 21 c_kp1 6473769.709558423 c_k 6473756.524881237 f_k 6474307.069424903 y_k 6473745.787356805 1e-05 0.09146714210510254
coarse1 0 20 c_kp1 5117978.210991823 c_k 5117981.952043389 f_k 5118594.918222362 y_k 5117970.73660194 1e-05 0.09138083457946777
coarse1 0 19 c_kp1 4186837.2322733337 c_k 4186830.5064840275 f_k 4187406.4604508756 y_k 4186819.457260135 1e-05 0.09151864051818848
coarse1 0 18 c_kp1 3541244.7311369795 c_k 3541245.417073203 f_k 3541730.5115902796 y_k 3541234.8552443767 1e-05 0.09156465530395508
coarse1 0 17 c_kp1 3077764.4351137904 c_k 3077763.841275435 f_k 3078148.406793143 y_k 3077754.11369896 1e-05 0.09143304824829102
coarse1 0 16 c_kp1 2727243.5675377767 c_k 2727244.5938919014 f_k 2727544.0570480735 y_k 2727236.127708107 1e-05 0.09144854545593262
coarse1 0 15 c_kp1 2447340.0963781327 c_k 2447340.4953548857 f_k 2447577.815469095 y_k 2447334.095716125 1e-05 0.09155678749084473
coarse1 0 14 c_kp1 2213524.8421486914 c_k 2213525.4937697556 f_k 2213720.893265433 y_k 2213521.4271767433 1e-05 0.09150004386901855
coarse1 0 13 c_kp1 2011883.7830438295 c_k 2011884.2110367364 f_k 2012052.4674815927 y_k 2011882.5217204473 1e-05 0.09142851829528809
coarse1 0 12 c_kp1 1834405.6145145237 c_k 1834406.5373824614 f_k 1834556.8115127666 y_k 1834407.170398922 1e-05 0.0914313793182373
coarse1 0 11 c_kp1 1676263.0831412193 c_k 1676263.501195108 f_k 1676402.2168295293 y_k 1676266.8124371828 1e-05 0.09143495559692383
coarse1 0 10 c_kp1 1534341.3414786526 c_k 1534341.3445054295 f_k 1534472.8902829941 y_k 1534347.6953586284 1e-05 0.09146261215209961
coarse1 0 9 c_kp1 1406477.1578455993 c_k 1406477.325331941 f_k 1406604.9448032377 y_k 1406487.291723813 1e-05 0.09134817123413086
coarse1 0 8 c_kp1 1291066.3721645046 c_k 1291066.2721467586 f_k 1291192.784155257 y_k 1291080.4729741763 1e-05 0.09166789054870605
coarse1 0 7 c_kp1 1186855.59912495 c_k 1186855.6336002436 f_k 1186983.594298775 y_k 1186874.8116279077 1e-05 0.0914158821105957
coarse1 0 6 c_kp1 1092834.1346443938 c_k 1092834.2199719928 f_k 1092966.0968726182 y_k 1092859.124499244 1e-05 0.09180140495300293
coarse1 0 5 c_kp1 1008168.2545707446 c_k 1008168.1960307945 f_k 1008306.7364980753 y_k 1008199.7984306515 1e-05 0.09141755104064941
coarse1 0 4 c_kp1 932162.1613517965 c_k 932162.1266206293 f_k 932310.1371661113 y_k 932201.498694022 1e-05 0.09165453910827637
coarse1 0 3 c_kp1 864231.840278572 c_k 864231.7984172651 f_k 864392.1942249105 y_k 864280.0575463488 1e-05 0.09154248237609863
coarse1 0 2 c_kp1 803883.9260254361 c_k 803883.8945303649 f_k 804059.7082412663 y_k 803942.2304883304 1e-05 0.09716582298278809
coarse1 0 1 c_kp1 750698.6936411817 c_k 750698.7946809994 f_k 750893.1598156289 y_k 750768.4430833661 1e-05 0.091522216796875
coarse1 0 0 c_kp1 704314.5005404922 c_k 704314.5685033123 f_k 704530.640775891 y_k 704396.858545927 1e-05 0.09203100204467773
============
704530.640775891
============
[7.15255737e-07 4.24937742e+01 1.04372602e+02 1.30326548e+02]
[1.00000000e+00 3.51436342e-01 2.89840897e-04 7.09836740e-08]
