0 7
1 5
2 3
3 2
3 ------- seq update -------- 0.0001983642578125
2 ------- seq update -------- 0.0001900196075439453
recv...
1 ------- seq update -------- 0.0001685619354248047
recv...
0 ------- seq update -------- 0.00041294097900390625
recv...
coarse1 3 1 c_kp1 15963197.09502591 c_k 0.0 f_k 0.0 y_k 0.0 1e-05 3.6699535846710205
coarse1 3 0 c_kp1 32124565.65527738 c_k 0.0 f_k 0.0 y_k 0.0 1e-05 0.5603480339050293
3 coarse sent  32124565.65527738 (90711,)
2 recv! 32124565.65527738
3 ----------parallel -------- 8.463552474975586
coarse1 2 2 c_kp1 40744742.89202578 c_k 0.0 f_k 0.0 y_k 0.0 1e-05 0.550316572189331
coarse1 2 1 c_kp1 43662716.86472721 c_k 0.0 f_k 0.0 y_k 0.0 1e-05 0.5414133071899414
coarse1 2 0 c_kp1 41740590.59584331 c_k 0.0 f_k 0.0 y_k 0.0 1e-05 0.5461108684539795
2 coarse sent  41740590.59584331 (90711,)
1 recv! 41740590.59584331
2 ----------parallel -------- 11.721137046813965
3 fine 1 d_out 0.0 d_in 15963224.88827652 1e-09 3.628159761428833
3 fine 0 d_out 15963224.88827652 d_in 32019395.732946046 1e-09 0.6021778583526611
3 ------- seq update -------- 12.694114208221436
coarse1 1 4 c_kp1 36742586.24770227 c_k 0.0 f_k 0.0 y_k 0.0 1e-05 0.5273647308349609
coarse1 1 3 c_kp1 30412052.150787238 c_k 0.0 f_k 0.0 y_k 0.0 1e-05 0.5274741649627686
coarse1 1 2 c_kp1 24016364.39424929 c_k 0.0 f_k 0.0 y_k 0.0 1e-05 0.5257101058959961
2 fine 2 d_out 32124565.65527738 d_in 45046426.64321746 1e-09 3.8262948989868164
coarse1 1 1 c_kp1 18300811.03951462 c_k 0.0 f_k 0.0 y_k 0.0 1e-05 0.5182826519012451
2 fine 1 d_out 45046426.64321746 d_in 52788301.99781193 1e-09 0.6381580829620361
coarse1 3 1 c_kp1 15963197.09502591 c_k 15963197.09502591 f_k 15963224.88827652 y_k 15963197.09502591 1e-05 0.09717822074890137
coarse1 3 0 c_kp1 32124489.11429269 c_k 32124565.65527738 f_k 32019395.732946046 y_k 32124565.65527738 1e-05 0.09857010841369629
coarse1 1 0 c_kp1 13594186.34821568 c_k 0.0 f_k 0.0 y_k 0.0 1e-05 0.5150613784790039
1 coarse sent  13594186.34821568 (90711,)
0 recv! 13594186.34821568
1 ----------parallel -------- 16.95249056816101
1 fine 4 d_out 41740590.59584331 d_in 36743010.2887625 1e-09 0.5549118518829346
coarse1 0 6 c_kp1 9952958.716692094 c_k 0.0 f_k 0.0 y_k 0.0 1e-05 0.515244722366333
1 fine 3 d_out 36743010.2887625 d_in 30413553.110613137 1e-09 0.5478694438934326
1 fine 2 d_out 30413553.110613137 d_in 24019339.71807293 1e-09 0.5580134391784668
coarse1 0 5 c_kp1 7278592.450017702 c_k 0.0 f_k 0.0 y_k 0.0 1e-05 0.513477087020874
1 fine 1 d_out 24019339.71807293 d_in 18304225.0790406 1e-09 0.5484509468078613
1 fine 0 d_out 18304225.0790406 d_in 13598314.597396974 1e-09 0.56217360496521
1 ------- seq update -------- 19.724278211593628
recv...
coarse1 0 4 c_kp1 5401755.322511803 c_k 0.0 f_k 0.0 y_k 0.0 1e-05 0.5088660717010498
coarse1 0 3 c_kp1 4133993.746006039 c_k 0.0 f_k 0.0 y_k 0.0 1e-05 0.511040449142456
coarse1 0 2 c_kp1 3297453.2644561143 c_k 0.0 f_k 0.0 y_k 0.0 1e-05 0.5132694244384766
coarse1 0 1 c_kp1 2743390.6742660343 c_k 0.0 f_k 0.0 y_k 0.0 1e-05 0.5069189071655273
coarse1 0 0 c_kp1 2362254.075550263 c_k 0.0 f_k 0.0 y_k 0.0 1e-05 0.5074000358581543
0 ----------parallel -------- 24.13042116165161
0 fine 6 d_out 13594186.34821568 d_in 9952947.00044258 1e-09 0.5419983863830566
0 fine 5 d_out 9952947.00044258 d_in 7278561.992839624 1e-09 0.5401277542114258
2 fine 0 d_out 52788301.99781193 d_in 54935909.68981399 1e-09 9.217888593673706
2 ------- seq update -------- 25.40375018119812
recv...
2 recv! 32019395.732946046
3 coarse sent  32019395.732946046 (90711,)
3 ----------parallel -------- 25.428804397583008
3 fine 1 d_out 0.0 d_in 15963224.88827652 1e-09 0.32650160789489746
0 fine 4 d_out 7278561.992839624 d_in 5401708.953386004 1e-09 0.5400590896606445
3 fine 0 d_out 15963224.88827652 d_in 32019395.732946046 1e-09 0.1147298812866211
3 ------- seq update -------- 25.870219469070435
3 skipping!
3 ----------parallel -------- 25.870704174041748
3 fine 1 d_out 0.0 d_in 15963224.88827652 1e-09 0.32997632026672363
3 fine 0 d_out 15963224.88827652 d_in 32019395.732946046 1e-09 0.11467981338500977
3 ------- seq update -------- 26.315526723861694
3 skipping!
3 ----------parallel -------- 26.31595730781555
0 fine 3 d_out 5401708.953386004 d_in 4133940.961820703 1e-09 0.5325145721435547
coarse1 2 2 c_kp1 44965653.62654835 c_k 40744742.89202578 f_k 45046426.64321746 y_k 40744742.89202578 1e-05 0.516467809677124
3 fine 1 d_out 0.0 d_in 15963224.88827652 1e-09 0.32236361503601074
3 fine 0 d_out 15963224.88827652 d_in 32019395.732946046 1e-09 0.11473298072814941
3 ------- seq update -------- 26.753214120864868
3 skipping!
0 fine 2 d_out 4133940.961820703 d_in 3297404.490594577 1e-09 0.5306680202484131
0 fine 1 d_out 3297404.490594577 d_in 2743350.9151762975 1e-09 0.528916597366333
coarse1 2 1 c_kp1 44294033.05176899 c_k 43662716.86472721 f_k 52788301.99781193 y_k 43662716.86472721 1e-05 0.531383752822876
0 fine 0 d_out 2743350.9151762975 d_in 2362224.0486734775 1e-09 0.534574031829834
0 ------- seq update -------- 27.87973380088806
recv...
coarse1 2 0 c_kp1 42687478.34834933 c_k 41740590.59584331 f_k 54935909.68981399 y_k 41740590.59584331 1e-05 0.5415346622467041
2 coarse sent  55897343.46507073 (90711,)
1 recv! 55897343.46507073
2 ----------parallel -------- 28.62165117263794
coarse1 1 4 c_kp1 53513009.869789526 c_k 36742586.24770227 f_k 36743010.2887625 y_k 36742586.24770227 1e-05 0.5384745597839355
coarse1 1 3 c_kp1 48424529.59504703 c_k 30412052.150787238 f_k 30413553.110613137 y_k 30412052.150787238 1e-05 0.5380802154541016
coarse1 1 2 c_kp1 41681014.7352725 c_k 24016364.39424929 f_k 24019339.71807293 y_k 24016364.39424929 1e-05 0.5262794494628906
2 fine 2 d_out 32019395.732946046 d_in 44832291.85156552 1e-09 3.207932710647583
2 fine 1 d_out 44832291.85156552 d_in 52485586.58419691 1e-09 0.6168169975280762
coarse1 1 1 c_kp1 34570671.82971863 c_k 18300811.03951462 f_k 18304225.0790406 y_k 18300811.03951462 1e-05 0.5166487693786621
coarse1 1 0 c_kp1 27747323.599043835 c_k 13594186.34821568 f_k 13598314.597396974 y_k 13594186.34821568 1e-05 0.5163514614105225
1 coarse sent  27750442.697579123 (90711,)
0 recv! 27750442.697579123
1 ----------parallel -------- 33.83199596405029
1 fine 4 d_out 55897343.46507073 d_in 53600686.01139457 1e-09 0.5954344272613525
coarse1 0 6 c_kp1 21748974.35835101 c_k 9952958.716692094 f_k 9952947.00044258 y_k 9952958.716692094 1e-05 0.5104403495788574
1 fine 3 d_out 53600686.01139457 d_in 48095492.806483716 1e-09 0.604964017868042
1 fine 2 d_out 48095492.806483716 d_in 40965737.86748699 1e-09 0.606703519821167
2 fine 0 d_out 52485586.58419691 d_in 54579529.58845166 1e-09 3.319502115249634
2 ------- seq update -------- 35.76610827445984
coarse1 0 5 c_kp1 16752564.486017058 c_k 7278592.450017702 f_k 7278561.992839624 y_k 7278592.450017702 1e-05 0.5093445777893066
1 fine 1 d_out 40965737.86748699 d_in 33476862.67936129 1e-09 0.6133100986480713
coarse1 2 2 c_kp1 44965653.62654835 c_k 40972259.12708692 f_k 44832291.85156552 y_k 45285735.22239033 1e-05 0.09408283233642578
coarse1 0 4 c_kp1 12780739.49860808 c_k 5401755.322511803 f_k 5401708.953386004 y_k 5401755.322511803 1e-05 0.5099737644195557
coarse1 2 1 c_kp1 44294029.54547323 c_k 44272409.59158281 f_k 52485586.58419691 y_k 53425471.61950865 1e-05 0.09992146492004395
coarse1 2 0 c_kp1 42687481.129137814 c_k 42668780.206111304 f_k 54579529.58845166 y_k 55897343.46507073 1e-05 0.09234309196472168
coarse1 0 3 c_kp1 9744644.478555327 c_k 4133993.746006039 f_k 4133940.961820703 y_k 4133993.746006039 1e-05 0.5105922222137451
1 fine 0 d_out 33476862.67936129 d_in 26474672.776604455 1e-09 1.7411623001098633
1 ------- seq update -------- 37.99393582344055
recv...
1 recv! 54579529.58845166
2 coarse sent  54579529.58845166 (90711,)
2 ----------parallel -------- 38.043936014175415
2 fine 2 d_out 32019395.732946046 d_in 44832291.85156552 1e-09 0.10000801086425781
2 fine 1 d_out 44832291.85156552 d_in 52485586.58419692 1e-09 0.0921018123626709
2 fine 0 d_out 52485586.58419692 d_in 54579529.58845166 1e-09 0.09204554557800293
2 ------- seq update -------- 38.32831573486328
2 skipping!
2 ----------parallel -------- 38.32880163192749
2 fine 2 d_out 32019395.732946046 d_in 44832291.85156552 1e-09 0.09212136268615723
2 fine 1 d_out 44832291.85156552 d_in 52485586.58419692 1e-09 0.09275102615356445
2 fine 0 d_out 52485586.58419692 d_in 54579529.58845166 1e-09 0.09322810173034668
2 ------- seq update -------- 38.60710597038269
2 skipping!
coarse1 0 2 c_kp1 7503264.821545886 c_k 3297453.2644561143 f_k 3297404.490594577 y_k 3297453.2644561143 1e-05 0.5164525508880615
coarse1 1 4 c_kp1 49857521.35452354 c_k 53739616.37755087 f_k 53600686.01139457 y_k 53740096.70201847 1e-05 0.5116665363311768
coarse1 0 1 c_kp1 5896700.024849187 c_k 2743390.6742660343 f_k 2743350.9151762975 y_k 2743390.6742660343 1e-05 0.5059711933135986
coarse1 1 3 c_kp1 46609249.41931283 c_k 48513146.41899465 f_k 48095492.806483716 y_k 48514829.44154824 1e-05 0.5163195133209229
coarse1 0 0 c_kp1 4768048.163428684 c_k 2362254.075550263 f_k 2362224.0486734775 y_k 2362254.075550263 1e-05 0.5057718753814697
0 ----------parallel -------- 40.937018632888794
coarse1 1 2 c_kp1 39726198.71239333 c_k 41742374.57870295 f_k 40965737.86748699 y_k 41745688.340894185 1e-05 0.5095076560974121
0 fine 6 d_out 27750442.697579123 d_in 21749025.214991175 1e-09 0.5931527614593506
0 fine 5 d_out 21749025.214991175 d_in 16752501.917400265 1e-09 0.5614974498748779
coarse1 1 1 c_kp1 32507753.61575069 c_k 34561369.78688576 f_k 33476862.67936129 y_k 34565051.25648261 1e-05 0.5254957675933838
0 fine 4 d_out 16752501.917400265 d_in 12778689.923579862 1e-09 0.562462568283081
coarse1 1 0 c_kp1 25747999.669680428 c_k 27745862.624071646 f_k 26474672.776604455 y_k 27750442.697579123 1e-05 0.525031328201294
0 fine 3 d_out 12778689.923579862 d_in 9740660.68154126 1e-09 0.56766676902771
0 fine 2 d_out 9740660.68154126 d_in 7498028.297004265 1e-09 0.5667932033538818
0 fine 1 d_out 7498028.297004265 d_in 5891145.7645195 1e-09 0.5533723831176758
0 fine 0 d_out 5891145.7645195 d_in 4762977.813417089 1e-09 0.5596551895141602
0 ------- seq update -------- 44.90213990211487
recv...
0 recv! 24484553.728891123
1 coarse sent  24484553.728891123 (90711,)
1 ----------parallel -------- 44.941253423690796
coarse1 0 6 c_kp1 18586166.468232516 c_k 21748766.69933544 f_k 21749025.214991175 y_k 21748751.621552203 1e-05 0.5299413204193115
coarse1 0 5 c_kp1 13829391.195930976 c_k 16753048.228594594 f_k 16752501.917400265 y_k 16753009.415148437 1e-05 0.5170714855194092
1 fine 4 d_out 54579529.58845166 d_in 52072430.563141234 1e-09 3.105515480041504
coarse1 0 4 c_kp1 10232526.180341529 c_k 12780932.138236778 f_k 12778689.923579862 y_k 12780871.946844397 1e-05 0.5244596004486084
1 fine 3 d_out 52072430.563141234 d_in 46526654.92847256 1e-09 0.6060874462127686
coarse1 0 3 c_kp1 7639925.570503004 c_k 9744704.13520679 f_k 9740660.68154126 y_k 9744632.289465336 1e-05 0.5201542377471924
1 fine 2 d_out 46526654.92847256 d_in 39488825.68448452 1e-09 0.6045143604278564
1 fine 1 d_out 39488825.68448452 d_in 32174084.741132095 1e-09 0.6070058345794678
coarse1 0 2 c_kp1 5846942.189951242 c_k 7503274.178658789 f_k 7498028.297004265 y_k 7503202.814985757 1e-05 0.5196454524993896
coarse1 0 1 c_kp1 4642418.813125298 c_k 5896693.507634203 f_k 5891145.7645195 y_k 5896631.472031456 1e-05 0.5259597301483154
1 fine 0 d_out 32174084.741132095 d_in 25382327.32193894 1e-09 1.4699435234069824
1 ------- seq update -------- 51.33465552330017
coarse1 1 4 c_kp1 49857521.35452354 c_k 52126148.84197348 f_k 52072430.563141234 y_k 51988328.201608226 1e-05 0.09391927719116211
coarse1 0 0 c_kp1 3839197.8989530946 c_k 4768046.822210771 f_k 4762977.813417089 y_k 4767996.950386992 1e-05 0.5173230171203613
0 ----------parallel -------- 52.18278193473816
coarse1 1 3 c_kp1 46609249.41890703 c_k 46670993.95810946 f_k 46526654.92847256 y_k 46257152.25089514 1e-05 0.09363555908203125
0 fine 6 d_out 24484553.728891123 d_in 18582297.51042118 1e-09 0.5942161083221436
coarse1 1 2 c_kp1 39726196.299050085 c_k 39735948.657183334 f_k 39488825.68448452 y_k 38967947.448945194 1e-05 0.09388208389282227
0 fine 5 d_out 18582297.51042118 d_in 13868477.045360174 1e-09 0.5806117057800293
coarse1 1 1 c_kp1 32507753.62444326 c_k 32500021.493701864 f_k 32174084.741132095 y_k 31428651.718288206 1e-05 0.09966754913330078
0 fine 4 d_out 13868477.045360174 d_in 10295163.025194168 1e-09 0.5822536945343018
coarse1 1 0 c_kp1 25747999.410837796 c_k 25738605.123085525 f_k 25382327.32193894 y_k 24484553.728891123 1e-05 0.09948134422302246
0 fine 3 d_out 10295163.025194168 d_in 7708113.981036276 1e-09 0.5809359550476074
0 fine 2 d_out 7708113.981036276 d_in 5908457.280264073 1e-09 0.5837681293487549
0 fine 1 d_out 5908457.280264073 d_in 4692019.7649402 1e-09 0.5824356079101562
0 fine 0 d_out 4692019.7649402 d_in 3875596.697010469 1e-09 0.5716023445129395
0 ------- seq update -------- 56.25906944274902
recv...
0 recv! 25382327.32193894
1 coarse sent  25382327.32193894 (90711,)
1 ----------parallel -------- 56.298250913619995
1 fine 4 d_out 54579529.58845166 d_in 52072430.563141234 1e-09 0.09386825561523438
1 fine 3 d_out 52072430.563141234 d_in 46526654.92847256 1e-09 0.09330272674560547
1 fine 2 d_out 46526654.92847256 d_in 39488825.68448452 1e-09 0.09331798553466797
1 fine 1 d_out 39488825.68448452 d_in 32174084.7411321 1e-09 0.09340143203735352
1 fine 0 d_out 32174084.7411321 d_in 25382327.32193894 1e-09 0.0935354232788086
1 ------- seq update -------- 56.76602292060852
1 skipping!
coarse1 0 6 c_kp1 19549616.108603504 c_k 18566816.80316948 f_k 18582297.51042118 y_k 18567049.90085416 1e-05 0.516859769821167
coarse1 0 5 c_kp1 14813731.9589687 c_k 13827654.696802704 f_k 13868477.045360174 y_k 13827197.211847495 1e-05 0.5178036689758301
coarse1 0 4 c_kp1 11162581.227013625 c_k 10234678.471953036 f_k 10295163.025194168 y_k 10232747.85140762 1e-05 0.5066204071044922
coarse1 0 3 c_kp1 8459698.516203469 c_k 7641178.789911891 f_k 7708113.981036276 y_k 7637740.427541629 1e-05 0.49622488021850586
coarse1 0 2 c_kp1 6527564.531011658 c_k 5846907.161253361 f_k 5908457.280264073 y_k 5842584.262555105 1e-05 0.49720096588134766
coarse1 0 1 c_kp1 5176760.218040213 c_k 4642508.656178593 f_k 4692019.7649402 y_k 4638136.073393593 1e-05 0.5023839473724365
coarse1 0 0 c_kp1 4241394.986561323 c_k 3839198.7017765148 f_k 3875596.697010469 y_k 3835387.498939722 1e-05 0.5045590400695801
0 ----------parallel -------- 63.414528608322144
0 fine 6 d_out 25382327.32193894 d_in 19541950.15454583 1e-09 0.6135952472686768
0 fine 5 d_out 19541950.15454583 d_in 14803898.767768374 1e-09 0.5861148834228516
0 fine 4 d_out 14803898.767768374 d_in 11139396.846447978 1e-09 0.5833895206451416
0 fine 3 d_out 11139396.846447978 d_in 8419866.467990017 1e-09 0.5932872295379639
0 fine 2 d_out 8419866.467990017 d_in 6472922.810652485 1e-09 3.3607072830200195
0 fine 1 d_out 6472922.810652485 d_in 5117661.64346604 1e-09 3.3567402362823486
0 fine 0 d_out 5117661.64346604 d_in 4186800.09078127 1e-09 1.14896821975708
0 ------- seq update -------- 73.65777134895325
coarse1 0 6 c_kp1 19549616.108603504 c_k 19545577.365127567 f_k 19541950.15454583 y_k 19561873.40472283 1e-05 0.09148216247558594
coarse1 0 5 c_kp1 14813731.96083881 c_k 14816641.595404658 f_k 14803898.767768374 y_k 14859780.764843445 1e-05 0.0913534164428711
coarse1 0 4 c_kp1 11162581.226896148 c_k 11166310.118620938 f_k 11139396.846447978 y_k 11230627.530245556 1e-05 0.09154272079467773
coarse1 0 3 c_kp1 8459698.515750611 c_k 8463176.643028894 f_k 8419866.467990017 y_k 8535310.487449944 1e-05 0.09257197380065918
coarse1 0 2 c_kp1 6527564.531570491 c_k 6528380.425486857 f_k 6472922.810652485 y_k 6596212.313299233 1e-05 0.09210729598999023
coarse1 0 1 c_kp1 5176760.218171562 c_k 5176748.253009703 f_k 5117661.64346604 y_k 5232931.048674095 1e-05 0.09715056419372559
coarse1 0 0 c_kp1 4241394.986563889 c_k 4241206.607093961 f_k 4186800.09078127 y_k 4283727.467830489 1e-05 0.09185910224914551
============
4186800.09078127
============
[4.76837158e-07 2.41299725e+01 4.09365995e+01 5.21823568e+01
 6.34140589e+01 7.79378297e+01]
[1.00000000e+00 5.03775384e-01 1.74969815e-01 1.28545701e-01
 3.65155947e-02 2.23230949e-10]
