0 14
1 10
2 7
3 4
3 ------- seq update -------- 2.4557113647460938e-05
2 ------- seq update -------- 4.76837158203125e-05
recv...
1 ------- seq update -------- 3.170967102050781e-05
recv...
0 ------- seq update -------- 3.0517578125e-05
recv...
coarse1 3 3 c_kp1 11551647.211196436 c_k 0.0 f_k 0.0 y_k 0.0 1e-05 0.5904879570007324
coarse1 3 2 c_kp1 23619619.350821566 c_k 0.0 f_k 0.0 y_k 0.0 1e-05 0.06471490859985352
coarse1 3 1 c_kp1 32574583.190652307 c_k 0.0 f_k 0.0 y_k 0.0 1e-05 0.06249833106994629
coarse1 3 0 c_kp1 37523189.11411803 c_k 0.0 f_k 0.0 y_k 0.0 1e-05 0.06098508834838867
3 coarse sent  37523189.11411803 (21830,)
3 ----------parallel -------- 1.5666816234588623
2 recv! 37523189.11411803
3 fine 3 d_out 0.0 d_in 11551647.22655117 1e-09 0.0719606876373291
3 fine 2 d_out 11551647.22655117 d_in 23609194.35556985 1e-09 0.06727719306945801
coarse1 2 6 c_kp1 38369646.74255031 c_k 0.0 f_k 0.0 y_k 0.0 1e-05 0.06258726119995117
3 fine 1 d_out 23609194.35556985 d_in 33486255.779717248 1e-09 0.07211470603942871
coarse1 2 5 c_kp1 35995178.20194887 c_k 0.0 f_k 0.0 y_k 0.0 1e-05 0.06075572967529297
3 fine 0 d_out 33486255.779717248 d_in 39515463.50493475 1e-09 0.07192111015319824
3 ------- seq update -------- 1.8502779006958008
coarse1 2 4 c_kp1 31624775.749574687 c_k 0.0 f_k 0.0 y_k 0.0 1e-05 0.0621488094329834
coarse1 2 3 c_kp1 26380551.283084787 c_k 0.0 f_k 0.0 y_k 0.0 1e-05 0.059386253356933594
coarse1 2 2 c_kp1 21094495.82119374 c_k 0.0 f_k 0.0 y_k 0.0 1e-05 0.05945873260498047
coarse1 2 1 c_kp1 16280873.86686001 c_k 0.0 f_k 0.0 y_k 0.0 1e-05 0.058116912841796875
coarse1 2 0 c_kp1 12193232.312915219 c_k 0.0 f_k 0.0 y_k 0.0 1e-05 0.05833148956298828
2 coarse sent  12193232.312915219 (21830,)
2 ----------parallel -------- 2.4207375049591064
1 recv! 12193232.312915219
coarse1 3 3 c_kp1 11551647.211196436 c_k 11551647.211196436 f_k 11551647.22655117 y_k 11551647.211196436 1e-05 0.023329973220825195
2 fine 6 d_out 37523189.11411803 d_in 38367803.77229312 1e-09 0.0632011890411377
coarse1 3 2 c_kp1 23619606.138217088 c_k 23619619.350821566 f_k 23609194.35556985 y_k 23619619.350821566 1e-05 0.022893905639648438
2 fine 5 d_out 38367803.77229312 d_in 35990182.3512384 1e-09 0.06290149688720703
coarse1 1 9 c_kp1 8898266.259901334 c_k 0.0 f_k 0.0 y_k 0.0 1e-05 0.05856919288635254
2 fine 4 d_out 35990182.3512384 d_in 31616328.931880623 1e-09 0.0628364086151123
coarse1 3 1 c_kp1 32574688.050750133 c_k 32574583.190652307 f_k 33486255.779717248 y_k 32574583.190652307 1e-05 0.022753238677978516
2 fine 3 d_out 31616328.931880623 d_in 26369434.57868392 1e-09 0.06328964233398438
coarse1 1 8 c_kp1 6349254.788581318 c_k 0.0 f_k 0.0 y_k 0.0 1e-05 0.058681488037109375
coarse1 3 0 c_kp1 37523190.5177612 c_k 37523189.11411803 f_k 39515463.50493475 y_k 37523189.11411803 1e-05 0.022896528244018555
3 coarse sent  39515463.50493475 (21830,)
3 ----------parallel -------- 2.7193775177001953
2 fine 2 d_out 26369434.57868392 d_in 21081571.440649994 1e-09 0.06179094314575195
3 fine 3 d_out 0.0 d_in 11551647.22655117 1e-09 0.036690711975097656
3 fine 2 d_out 11551647.22655117 d_in 23609194.35556985 1e-09 0.023168563842773438
3 fine 1 d_out 23609194.35556985 d_in 33486255.779717248 1e-09 0.022212505340576172
coarse1 1 7 c_kp1 4442422.308067308 c_k 0.0 f_k 0.0 y_k 0.0 1e-05 0.06014585494995117
2 fine 1 d_out 21081571.440649994 d_in 16268552.96084916 1e-09 0.06289362907409668
3 fine 0 d_out 33486255.779717248 d_in 39515463.50493475 1e-09 0.028660058975219727
3 ------- seq update -------- 2.83034348487854
3 skipping!
3 ----------parallel -------- 2.830483913421631
3 fine 3 d_out 0.0 d_in 11551647.22655117 1e-09 0.03761005401611328
2 fine 0 d_out 16268552.96084916 d_in 12182782.813403487 1e-09 0.061959028244018555
2 ------- seq update -------- 2.8600728511810303
recv...
2 recv! 39515463.50493475
3 fine 2 d_out 11551647.22655117 d_in 23609194.35556985 1e-09 0.023044824600219727
3 fine 1 d_out 23609194.35556985 d_in 33486255.779717248 1e-09 0.02232646942138672
coarse1 1 6 c_kp1 3055444.5561834634 c_k 0.0 f_k 0.0 y_k 0.0 1e-05 0.0590977668762207
3 fine 0 d_out 33486255.779717248 d_in 39515463.50493475 1e-09 0.028548479080200195
3 ------- seq update -------- 2.942239284515381
3 skipping!
3 ----------parallel -------- 2.9423725605010986
3 fine 3 d_out 0.0 d_in 11551647.22655117 1e-09 0.036449432373046875
3 fine 2 d_out 11551647.22655117 d_in 23609194.35556985 1e-09 0.022961854934692383
coarse1 2 6 c_kp1 41155753.79694982 c_k 38369646.74255031 f_k 38367803.77229312 y_k 38369646.74255031 1e-05 0.062041521072387695
3 fine 1 d_out 23609194.35556985 d_in 33486255.779717248 1e-09 0.022649526596069336
coarse1 1 5 c_kp1 2070337.8662321572 c_k 0.0 f_k 0.0 y_k 0.0 1e-05 0.05740189552307129
3 fine 0 d_out 33486255.779717248 d_in 39515463.50493475 1e-09 0.028530359268188477
3 ------- seq update -------- 3.0531957149505615
3 skipping!
coarse1 2 5 c_kp1 38939741.1256617 c_k 35995178.20194887 f_k 35990182.3512384 y_k 35995178.20194887 1e-05 0.06083250045776367
coarse1 1 4 c_kp1 1384811.0412169097 c_k 0.0 f_k 0.0 y_k 0.0 1e-05 0.05718040466308594
coarse1 2 4 c_kp1 35332725.082860924 c_k 31624775.749574687 f_k 31616328.931880623 y_k 31624775.749574687 1e-05 0.059575557708740234
coarse1 1 3 c_kp1 916094.1821724102 c_k 0.0 f_k 0.0 y_k 0.0 1e-05 0.05681943893432617
coarse1 2 3 c_kp1 29913106.595617883 c_k 26380551.283084787 f_k 26369434.57868392 y_k 26380551.283084787 1e-05 0.059372663497924805
coarse1 1 2 c_kp1 600459.7690201235 c_k 0.0 f_k 0.0 y_k 0.0 1e-05 0.05707406997680664
coarse1 2 2 c_kp1 24231788.256684177 c_k 21094495.82119374 f_k 21081571.440649994 y_k 21094495.82119374 1e-05 0.059561729431152344
coarse1 1 1 c_kp1 390677.2086051189 c_k 0.0 f_k 0.0 y_k 0.0 1e-05 0.0569155216217041
coarse1 2 1 c_kp1 18919533.171865605 c_k 16280873.86686001 f_k 16268552.96084916 y_k 16280873.86686001 1e-05 0.05722951889038086
coarse1 1 0 c_kp1 252793.2413006379 c_k 0.0 f_k 0.0 y_k 0.0 1e-05 0.05718493461608887
1 coarse sent  252793.2413006379 (21830,)
1 ----------parallel -------- 3.596630096435547
0 recv! 252793.2413006379
1 fine 9 d_out 12193232.312915219 d_in 8898456.95134234 1e-09 0.06866264343261719
coarse1 2 0 c_kp1 14318057.531471483 c_k 12193232.312915219 f_k 12182782.813403487 y_k 12193232.312915219 1e-05 0.05855727195739746
2 coarse sent  14308451.825161673 (21830,)
2 ----------parallel -------- 3.705087661743164
1 fine 8 d_out 8898456.95134234 d_in 6349697.672461062 1e-09 0.06389999389648438
coarse1 0 13 c_kp1 163003.32289657605 c_k 0.0 f_k 0.0 y_k 0.0 1e-05 0.058367252349853516
2 fine 6 d_out 39515463.50493475 d_in 41288820.83878882 1e-09 0.0691072940826416
1 fine 7 d_out 6349697.672461062 d_in 4443073.826115672 1e-09 0.06366229057312012
2 fine 5 d_out 41288820.83878882 d_in 39494234.129246704 1e-09 0.06875276565551758
coarse1 0 12 c_kp1 104964.57527545119 c_k 0.0 f_k 0.0 y_k 0.0 1e-05 0.058008432388305664
1 fine 6 d_out 4443073.826115672 d_in 3056217.9781177617 1e-09 0.06389236450195312
2 fine 4 d_out 39494234.129246704 d_in 35311281.35752557 1e-09 0.06722354888916016
1 fine 5 d_out 3056217.9781177617 d_in 2071146.5773904799 1e-09 0.06358623504638672
2 fine 3 d_out 35311281.35752557 d_in 29924400.162549343 1e-09 0.06730771064758301
coarse1 0 11 c_kp1 67654.6639343309 c_k 0.0 f_k 0.0 y_k 0.0 1e-05 0.056864023208618164
1 fine 4 d_out 2071146.5773904799 d_in 1385586.5568588104 1e-09 0.06357216835021973
2 fine 2 d_out 29924400.162549343 d_in 24272990.328652486 1e-09 0.06517577171325684
1 fine 3 d_out 1385586.5568588104 d_in 916791.005326602 1e-09 0.06357121467590332
coarse1 0 10 c_kp1 43751.79030097735 c_k 0.0 f_k 0.0 y_k 0.0 1e-05 0.05718636512756348
2 fine 1 d_out 24272990.328652486 d_in 18981277.13785914 1e-09 0.06648087501525879
1 fine 2 d_out 916791.005326602 d_in 601054.1112420801 1e-09 0.06362080574035645
2 fine 0 d_out 18981277.13785914 d_in 14388246.522191156 1e-09 0.06458663940429688
2 ------- seq update -------- 4.174148082733154
1 fine 1 d_out 601054.1112420801 d_in 391162.5897214728 1e-09 0.06247425079345703
coarse1 0 9 c_kp1 28455.342744595735 c_k 0.0 f_k 0.0 y_k 0.0 1e-05 0.056931257247924805
1 fine 0 d_out 391162.5897214728 d_in 253175.10697896854 1e-09 0.06252384185791016
1 ------- seq update -------- 4.236716985702515
recv...
1 recv! 14308451.825161673
coarse1 2 6 c_kp1 41155753.79694982 c_k 41325873.21470908 f_k 41288820.83878882 y_k 41323992.19955713 1e-05 0.02282118797302246
coarse1 0 8 c_kp1 18652.793488351643 c_k 0.0 f_k 0.0 y_k 0.0 1e-05 0.056870460510253906
coarse1 2 5 c_kp1 38939739.58635986 c_k 39535110.74928492 f_k 39494234.129246704 y_k 39530036.512169614 1e-05 0.024428367614746094
coarse1 1 9 c_kp1 10541023.295148605 c_k 8898266.259901334 f_k 8898456.95134234 y_k 8898266.259901334 1e-05 0.05762219429016113
coarse1 2 4 c_kp1 35332725.08312816 c_k 35331347.175627366 f_k 35311281.35752557 y_k 35322794.76068204 1e-05 0.022832393646240234
coarse1 0 7 c_kp1 12345.23455647459 c_k 0.0 f_k 0.0 y_k 0.0 1e-05 0.057050466537475586
coarse1 1 8 c_kp1 7586950.725225875 c_k 6349254.788581318 f_k 6349697.672461062 y_k 6349254.788581318 1e-05 0.05906343460083008
coarse1 2 3 c_kp1 29913106.596964575 c_k 29912959.338585068 f_k 29924400.162549343 y_k 29901728.59830661 1e-05 0.0230252742767334
coarse1 0 6 c_kp1 8259.003656747022 c_k 0.0 f_k 0.0 y_k 0.0 1e-05 0.05789518356323242
coarse1 2 2 c_kp1 24231788.25696196 c_k 24231996.5803189 f_k 24272990.328652486 y_k 24218954.782181457 1e-05 0.023055076599121094
coarse1 1 7 c_kp1 5350879.534029357 c_k 4442422.308067308 f_k 4443073.826115672 y_k 4442422.308067308 1e-05 0.0572509765625
coarse1 2 1 c_kp1 18919533.171497986 c_k 18920544.24612242 f_k 18981277.13785914 y_k 18908144.093041547 1e-05 0.023067235946655273
coarse1 0 5 c_kp1 5587.401601831765 c_k 0.0 f_k 0.0 y_k 0.0 1e-05 0.05660748481750488
coarse1 1 6 c_kp1 3707329.8227328854 c_k 3055444.5561834634 f_k 3056217.9781177617 y_k 3055444.5561834634 1e-05 0.05778956413269043
coarse1 2 0 c_kp1 14318057.53161766 c_k 14318948.215692736 f_k 14388246.522191156 y_k 14308451.825161673 1e-05 0.023076295852661133
2 coarse sent  14388246.522191154 (21830,)
2 ----------parallel -------- 4.763971328735352
2 fine 6 d_out 39515463.50493475 d_in 41288820.83878882 1e-09 0.022931337356567383
coarse1 0 4 c_kp1 3821.3462508483212 c_k 0.0 f_k 0.0 y_k 0.0 1e-05 0.057465553283691406
2 fine 5 d_out 41288820.83878882 d_in 39494234.129246704 1e-09 0.023385286331176758
coarse1 1 5 c_kp1 2528969.978788948 c_k 2070337.8662321572 f_k 2071146.5773904799 y_k 2070337.8662321572 1e-05 0.05872035026550293
2 fine 4 d_out 39494234.129246704 d_in 35311281.35752557 1e-09 0.023204326629638672
2 fine 3 d_out 35311281.35752557 d_in 29924400.162549343 1e-09 0.023025035858154297
2 fine 2 d_out 29924400.162549343 d_in 24272990.328652486 1e-09 0.023324966430664062
2 fine 1 d_out 24272990.328652486 d_in 18981277.13785914 1e-09 0.02274489402770996
coarse1 0 3 c_kp1 2639.772952955999 c_k 0.0 f_k 0.0 y_k 0.0 1e-05 0.05741739273071289
2 fine 0 d_out 18981277.13785914 d_in 14388246.522191154 1e-09 0.022957801818847656
2 ------- seq update -------- 4.925931692123413
2 skipping!
2 ----------parallel -------- 4.926052808761597
coarse1 1 4 c_kp1 1701956.8320657292 c_k 1384811.0412169097 f_k 1385586.5568588104 y_k 1384811.0412169097 1e-05 0.056343793869018555
2 fine 6 d_out 39515463.50493475 d_in 41288820.83878882 1e-09 0.02298736572265625
2 fine 5 d_out 41288820.83878882 d_in 39494234.129246704 1e-09 0.02350783348083496
2 fine 4 d_out 39494234.129246704 d_in 35311281.35752557 1e-09 0.023436784744262695
2 fine 3 d_out 35311281.35752557 d_in 29924400.162549343 1e-09 0.022868633270263672
coarse1 0 2 c_kp1 1839.5877381534615 c_k 0.0 f_k 0.0 y_k 0.0 1e-05 0.05702829360961914
2 fine 2 d_out 29924400.162549343 d_in 24272990.328652486 1e-09 0.024700403213500977
coarse1 1 3 c_kp1 1132121.7423048941 c_k 916094.1821724102 f_k 916791.005326602 y_k 916094.1821724102 1e-05 0.056472063064575195
2 fine 1 d_out 24272990.328652486 d_in 18981277.13785914 1e-09 0.022879838943481445
2 fine 0 d_out 18981277.13785914 d_in 14388246.522191154 1e-09 0.023024559020996094
2 ------- seq update -------- 5.0898356437683105
2 skipping!
coarse1 0 1 c_kp1 1291.4371745974702 c_k 0.0 f_k 0.0 y_k 0.0 1e-05 0.05671358108520508
coarse1 1 2 c_kp1 745688.0381633065 c_k 600459.7690201235 f_k 601054.1112420801 y_k 600459.7690201235 1e-05 0.05576777458190918
coarse1 0 0 c_kp1 912.0748405319085 c_k 0.0 f_k 0.0 y_k 0.0 1e-05 0.05647468566894531
0 ----------parallel -------- 5.2259039878845215
coarse1 1 1 c_kp1 487208.0676728705 c_k 390677.2086051189 f_k 391162.5897214728 y_k 390677.2086051189 1e-05 0.057149410247802734
0 fine 13 d_out 252793.2413006379 d_in 163003.41852033933 1e-09 0.05898261070251465
0 fine 12 d_out 163003.41852033933 d_in 104964.82863775679 1e-09 0.05922198295593262
coarse1 1 0 c_kp1 316341.16981743765 c_k 252793.2413006379 f_k 253175.10697896854 y_k 252793.2413006379 1e-05 0.05590367317199707
1 coarse sent  316727.966704969 (21830,)
1 ----------parallel -------- 5.386837720870972
0 fine 11 d_out 104964.82863775679 d_in 67655.07767558294 1e-09 0.05882692337036133
1 fine 9 d_out 14308451.825161673 d_in 10541098.116208669 1e-09 0.0643310546875
0 fine 10 d_out 67655.07767558294 d_in 43752.31506199869 1e-09 0.05901312828063965
1 fine 8 d_out 10541098.116208669 d_in 7586983.7617991995 1e-09 0.061409950256347656
0 fine 9 d_out 43752.31506199869 d_in 28455.90732020918 1e-09 0.05879712104797363
1 fine 7 d_out 7586983.7617991995 d_in 5350918.704768268 1e-09 0.06161093711853027
0 fine 8 d_out 28455.90732020918 d_in 18653.3334679656 1e-09 0.058875083923339844
1 fine 6 d_out 5350918.704768268 d_in 3707365.5165294237 1e-09 0.061490535736083984
0 fine 7 d_out 18653.3334679656 d_in 12345.707513980498 1e-09 0.05875277519226074
1 fine 5 d_out 3707365.5165294237 d_in 2529003.8464888744 1e-09 0.061432838439941406
0 fine 6 d_out 12345.707513980498 d_in 8259.391199434345 1e-09 0.05873870849609375
1 fine 4 d_out 2529003.8464888744 d_in 1701986.8032452206 1e-09 0.06152081489562988
0 fine 5 d_out 8259.391199434345 d_in 5587.703784372703 1e-09 0.059406280517578125
1 fine 3 d_out 1701986.8032452206 d_in 1132138.7571528614 1e-09 0.061472177505493164
0 fine 4 d_out 5587.703784372703 d_in 3821.573814584457 1e-09 0.05898404121398926
1 fine 2 d_out 1132138.7571528614 d_in 745694.2530970352 1e-09 0.06138348579406738
0 fine 3 d_out 3821.573814584457 d_in 2639.9406950891594 1e-09 0.05891680717468262
1 fine 1 d_out 745694.2530970352 d_in 487206.613210235 1e-09 0.061499834060668945
0 fine 2 d_out 2639.9406950891594 d_in 1839.7102111281308 1e-09 0.058893680572509766
1 fine 0 d_out 487206.613210235 d_in 316335.0754430878 1e-09 0.06152153015136719
1 ------- seq update -------- 6.0051164627075195
recv...
1 recv! 14388246.522191154
0 fine 1 d_out 1839.7102111281308 d_in 1291.5265975944765 1e-09 0.05909252166748047
0 fine 0 d_out 1291.5265975944765 d_in 912.1405521830528 1e-09 0.05898427963256836
0 ------- seq update -------- 6.052218437194824
recv...
0 recv! 316727.966704969
coarse1 1 9 c_kp1 10617663.590345135 c_k 10541099.6752816 f_k 10541098.116208669 y_k 10541294.894641446 1e-05 0.056958675384521484
coarse1 0 13 c_kp1 204802.4582270119 c_k 163003.32289657605 f_k 163003.41852033933 y_k 163003.32289657605 1e-05 0.056035757064819336
coarse1 1 8 c_kp1 7655144.918005309 c_k 7586975.882597985 f_k 7586983.7617991995 y_k 7587426.80992021 1e-05 0.057227134704589844
coarse1 0 12 c_kp1 132123.28420265458 c_k 104964.57527545119 f_k 104964.82863775679 y_k 104964.57527545119 1e-05 0.055649757385253906
coarse1 1 7 c_kp1 5407844.293753658 c_k 5350898.310147475 f_k 5350918.704768268 y_k 5351559.509106765 1e-05 0.05595803260803223
coarse1 0 11 c_kp1 85223.69648375978 c_k 67654.6639343309 f_k 67655.07767558294 y_k 67654.6639343309 1e-05 0.05577731132507324
coarse1 1 6 c_kp1 3752648.2464355063 c_k 3707337.031084856 f_k 3707365.5165294237 y_k 3708120.357842391 1e-05 0.05594801902770996
coarse1 0 10 c_kp1 55089.90800438164 c_k 43751.79030097735 f_k 43752.31506199869 y_k 43751.79030097735 1e-05 0.05580019950866699
coarse1 1 5 c_kp1 2563642.7564311246 c_k 2528973.1892815945 f_k 2529003.8464888744 y_k 2529791.2086964305 1e-05 0.05475616455078125
coarse1 0 9 c_kp1 35770.64720535385 c_k 28455.342744595735 f_k 28455.90732020918 y_k 28455.342744595735 1e-05 0.055812835693359375
coarse1 1 4 c_kp1 1727642.958471379 c_k 1701963.366012051 f_k 1701986.8032452206 y_k 1702747.214705299 1e-05 0.05485415458679199
coarse1 0 8 c_kp1 23382.664613280493 c_k 18652.793488351643 f_k 18653.3334679656 y_k 18652.793488351643 1e-05 0.057531118392944336
coarse1 1 3 c_kp1 1150623.1528684017 c_k 1132125.1367156166 f_k 1132138.7571528614 y_k 1132829.2219165498 1e-05 0.054830312728881836
coarse1 0 7 c_kp1 15417.544798130211 c_k 12345.23455647459 f_k 12345.707513980498 y_k 12345.23455647459 1e-05 0.062024831771850586
coarse1 1 2 c_kp1 758701.3445014578 c_k 745689.6905145702 f_k 745694.2530970352 y_k 746290.275719753 1e-05 0.055620431900024414
coarse1 0 6 c_kp1 10268.65439330792 c_k 8259.003656747022 f_k 8259.391199434345 y_k 8259.003656747022 1e-05 0.0558016300201416
coarse1 1 1 c_kp1 496174.5045313807 c_k 487208.8658899007 f_k 487206.613210235 y_k 487699.5816811767 1e-05 0.055042266845703125
coarse1 0 5 c_kp1 6913.915625361557 c_k 5587.401601831765 f_k 5587.703784372703 y_k 5587.401601831765 1e-05 0.055887699127197266
coarse1 1 0 c_kp1 322409.1521458335 c_k 316341.5545049739 f_k 316335.0754430878 y_k 316727.966704969 1e-05 0.05510115623474121
1 coarse sent  322402.649626859 (21830,)
1 ----------parallel -------- 7.143290281295776
1 fine 9 d_out 14388246.522191154 d_in 10618042.811879244 1e-09 0.0625448226928711
coarse1 0 4 c_kp1 4706.205197616137 c_k 3821.3462508483212 f_k 3821.573814584457 y_k 3821.3462508483212 1e-05 0.0557405948638916
1 fine 8 d_out 10618042.811879244 d_in 7655247.159656331 1e-09 0.06265020370483398
1 fine 7 d_out 7655247.159656331 d_in 5407871.120905491 1e-09 0.0624699592590332
coarse1 0 3 c_kp1 3236.6763862911466 c_k 2639.772952955999 f_k 2639.9406950891594 y_k 2639.772952955999 1e-05 0.05602741241455078
1 fine 6 d_out 5407871.120905491 d_in 3752659.5386210806 1e-09 0.06266975402832031
coarse1 0 2 c_kp1 2246.73482600847 c_k 1839.5877381534615 f_k 1839.7102111281308 y_k 1839.5877381534615 1e-05 0.057478904724121094
1 fine 5 d_out 3752659.5386210806 d_in 2563657.8987345295 1e-09 0.062462568283081055
1 fine 4 d_out 2563657.8987345295 d_in 1727662.1332577704 1e-09 0.06244039535522461
coarse1 0 1 c_kp1 1572.0301857144123 c_k 1291.4371745974702 f_k 1291.5265975944765 y_k 1291.4371745974702 1e-05 0.05587196350097656
1 fine 3 d_out 1727662.1332577704 d_in 1150652.269104352 1e-09 0.06246447563171387
1 fine 2 d_out 1150652.269104352 d_in 758736.9177854743 1e-09 0.061692237854003906
coarse1 0 0 c_kp1 1107.2180410815567 c_k 912.0748405319085 f_k 912.1405521830528 y_k 912.0748405319085 1e-05 0.05587482452392578
0 ----------parallel -------- 7.656335115432739
1 fine 1 d_out 758736.9177854743 d_in 496212.3386632995 1e-09 0.06180286407470703
0 fine 13 d_out 316727.966704969 d_in 204802.60278942753 1e-09 0.05977892875671387
1 fine 0 d_out 496212.3386632995 d_in 322445.7326531832 1e-09 0.06034493446350098
1 ------- seq update -------- 7.765429496765137
0 fine 12 d_out 204802.60278942753 d_in 132123.31353889033 1e-09 0.0610198974609375
coarse1 1 9 c_kp1 10617663.590345135 c_k 10618044.279221518 f_k 10618042.811879244 y_k 10618042.735169284 1e-05 0.022881031036376953
0 fine 11 d_out 132123.31353889033 d_in 85223.59828818774 1e-09 0.06221127510070801
coarse1 1 8 c_kp1 7655144.884133216 c_k 7655249.283536878 f_k 7655247.159656331 y_k 7655257.208032037 1e-05 0.02285480499267578
0 fine 10 d_out 85223.59828818774 d_in 55089.69400277201 1e-09 0.06367731094360352
0 fine 9 d_out 55089.69400277201 d_in 35770.35635330105 1e-09 0.06116223335266113
coarse1 1 7 c_kp1 5407844.270532384 c_k 5407873.400327234 f_k 5407871.120905491 y_k 5407893.860700757 1e-05 0.022925376892089844
0 fine 8 d_out 35770.35635330105 d_in 23382.343672115825 1e-09 0.06131458282470703
coarse1 1 6 c_kp1 3752648.2490054043 c_k 3752656.179935817 f_k 3752659.5386210806 y_k 3752684.7297956026 1e-05 0.022867679595947266
0 fine 7 d_out 23382.343672115825 d_in 15417.232863751973 1e-09 0.05918765068054199
coarse1 1 5 c_kp1 2563642.753197072 c_k 2563648.828458151 f_k 2563657.8987345295 y_k 2563679.5336026424 1e-05 0.02294778823852539
0 fine 6 d_out 15417.232863751973 d_in 10268.376609938654 1e-09 0.060483455657958984
0 fine 5 d_out 10268.376609938654 d_in 6913.683631054462 1e-09 0.05908966064453125
coarse1 1 4 c_kp1 1727642.9581307233 c_k 1727643.0331577759 f_k 1727662.1332577704 y_k 1727666.4802492675 1e-05 0.02292466163635254
0 fine 4 d_out 6913.683631054462 d_in 4706.02071424172 1e-09 0.0590975284576416
coarse1 1 3 c_kp1 1150623.1559795365 c_k 1150623.5023622185 f_k 1150652.269104352 y_k 1150637.0945803132 1e-05 0.02288055419921875
0 fine 3 d_out 4706.02071424172 d_in 3236.535287356581 1e-09 0.05912280082702637
coarse1 1 2 c_kp1 758701.3447848923 c_k 758701.6819018988 f_k 758736.9177854743 y_k 758706.1885778141 1e-05 0.022815942764282227
0 fine 2 d_out 3236.535287356581 d_in 2246.6303673194357 1e-09 0.0589601993560791
0 fine 1 d_out 2246.6303673194357 d_in 1571.9551036516586 1e-09 0.05918717384338379
coarse1 1 1 c_kp1 496174.504602613 c_k 496174.68419618096 f_k 496212.3386632995 y_k 496172.3597882016 1e-05 0.022918701171875
0 fine 0 d_out 1571.9551036516586 d_in 1107.165628004512 1e-09 0.05948019027709961
0 ------- seq update -------- 8.500958442687988
recv...
0 recv! 322402.649626859
coarse1 1 0 c_kp1 322409.15227349015 c_k 322409.2067237003 f_k 322445.7326531832 y_k 322402.649626859 1e-05 0.024305343627929688
1 coarse sent  322445.73265318334 (21830,)
1 ----------parallel -------- 8.557998895645142
1 fine 9 d_out 14388246.522191154 d_in 10618042.811879244 1e-09 0.022337675094604492
1 fine 8 d_out 10618042.811879244 d_in 7655247.159656338 1e-09 0.02225041389465332
1 fine 7 d_out 7655247.159656338 d_in 5407871.1209054915 1e-09 0.0234072208404541
coarse1 0 13 c_kp1 208542.0871484985 c_k 204802.57412428415 f_k 204802.60278942753 y_k 204802.67343711827 1e-05 0.05476045608520508
1 fine 6 d_out 5407871.1209054915 d_in 3752659.5386210806 1e-09 0.022084474563598633
1 fine 5 d_out 3752659.5386210806 d_in 2563657.89873453 1e-09 0.02213144302368164
1 fine 4 d_out 2563657.89873453 d_in 1727662.1332577707 1e-09 0.02208852767944336
1 fine 3 d_out 1727662.1332577707 d_in 1150652.269104352 1e-09 0.02214980125427246
1 fine 2 d_out 1150652.269104352 d_in 758736.9177854743 1e-09 0.023433923721313477
coarse1 0 12 c_kp1 134553.68174959082 c_k 132123.3345412364 f_k 132123.31353889033 y_k 132123.59858159488 1e-05 0.0549008846282959
1 fine 1 d_out 758736.9177854743 d_in 496212.33866329957 1e-09 0.02210235595703125
1 fine 0 d_out 496212.33866329957 d_in 322445.73265318334 1e-09 0.022057056427001953
1 ------- seq update -------- 8.782581090927124
1 skipping!
coarse1 0 11 c_kp1 86785.22761107927 c_k 85223.72402464658 f_k 85223.59828818774 y_k 85224.15621609587 1e-05 0.05496835708618164
coarse1 0 10 c_kp1 56084.30487857631 c_k 55089.926620952516 f_k 55089.69400277201 y_k 55090.47640907459 1e-05 0.05502128601074219
coarse1 0 9 c_kp1 36400.07632283918 c_k 35770.66185597478 f_k 35770.35635330105 y_k 35771.25567863903 1e-05 0.05497264862060547
coarse1 0 8 c_kp1 23779.967471795353 c_k 23382.677100464538 f_k 23382.343672115825 y_k 23383.247711307056 1e-05 0.05502581596374512
coarse1 0 7 c_kp1 15668.535259370825 c_k 15417.555556766572 f_k 15417.232863751973 y_k 15418.057810320917 1e-05 0.054865360260009766
coarse1 0 6 c_kp1 10427.955463425002 c_k 10268.663336381513 f_k 10268.376609938654 y_k 10269.076731242674 1e-05 0.05623769760131836
coarse1 0 5 c_kp1 7015.871338901702 c_k 6913.922623515102 f_k 6913.683631054462 y_k 6914.246006440965 1e-05 0.054822683334350586
coarse1 0 4 c_kp1 4772.210803144336 c_k 4706.210314705432 f_k 4706.02071424172 y_k 4706.454138192974 1e-05 0.05496668815612793
coarse1 0 3 c_kp1 3279.9901970742485 c_k 3236.6798891529634 f_k 3236.535287356581 y_k 3236.8593692088584 1e-05 0.054880380630493164
coarse1 0 2 c_kp1 2275.5691471700043 c_k 2246.7370587164887 f_k 2246.6303673194357 y_k 2246.8675598089803 1e-05 0.05488133430480957
coarse1 0 1 c_kp1 1591.4965274204417 c_k 1572.031511636917 f_k 1571.9551036516586 y_k 1572.1261700470397 1e-05 0.05481910705566406
coarse1 0 0 c_kp1 1120.5294641667992 c_k 1107.2187676263075 f_k 1107.165628004512 y_k 1107.287753775373 1e-05 0.05481147766113281
0 ----------parallel -------- 10.067425727844238
0 fine 13 d_out 322402.649626859 d_in 208542.18903199685 1e-09 0.05933499336242676
0 fine 12 d_out 208542.18903199685 d_in 134554.06810621623 1e-09 0.05940580368041992
0 fine 11 d_out 134554.06810621623 d_in 86785.92072536779 1e-09 0.06063389778137207
0 fine 10 d_out 86785.92072536779 d_in 56085.20858747407 1e-09 0.05900454521179199
0 fine 9 d_out 56085.20858747407 d_in 36401.0518071043 1e-09 0.059476375579833984
0 fine 8 d_out 36401.0518071043 d_in 23780.894823267165 1e-09 0.059157609939575195
0 fine 7 d_out 23780.894823267165 d_in 15669.339588368617 1e-09 0.05906796455383301
0 fine 6 d_out 15669.339588368617 d_in 10428.60600767254 1e-09 0.0591275691986084
0 fine 5 d_out 10428.60600767254 d_in 7016.369908017968 1e-09 0.05922412872314453
0 fine 4 d_out 7016.369908017968 d_in 4772.577374042849 1e-09 0.059172868728637695
0 fine 3 d_out 4772.577374042849 d_in 3280.251412847375 1e-09 0.06075549125671387
0 fine 2 d_out 3280.251412847375 d_in 2275.7510645049797 1e-09 0.05910515785217285
0 fine 1 d_out 2275.7510645049797 d_in 1591.6211894621283 1e-09 0.05987691879272461
0 fine 0 d_out 1591.6211894621283 d_in 1120.6139791745975 1e-09 0.05907773971557617
0 ------- seq update -------- 10.900666236877441
recv...
0 recv! 322445.73265318334
coarse1 0 13 c_kp1 208583.33560713043 c_k 208542.01454943515 f_k 208542.18903199685 y_k 208542.04234742437 1e-05 0.053824424743652344
coarse1 0 12 c_kp1 134589.99693877724 c_k 134553.61007925982 f_k 134554.06810621623 y_k 134553.58745759443 1e-05 0.05410432815551758
coarse1 0 11 c_kp1 86815.2473276 c_k 86785.17501997175 f_k 86785.92072536779 y_k 86785.04722773527 1e-05 0.05274486541748047
coarse1 0 10 c_kp1 56107.74343346198 c_k 56084.27113144492 f_k 56085.20858747407 y_k 56084.03628582215 1e-05 0.05281233787536621
coarse1 0 9 c_kp1 36417.46072000332 c_k 36400.05569576549 f_k 36401.0518071043 y_k 36399.74797502444 1e-05 0.0542449951171875
coarse1 0 8 c_kp1 23792.27311755019 c_k 23779.95527530924 f_k 23780.894823267165 y_k 23779.61976488187 1e-05 0.052637338638305664
coarse1 0 7 c_kp1 15676.908465658038 c_k 15668.528792925375 f_k 15669.339588368617 y_k 15668.20424656196 1e-05 0.05261707305908203
coarse1 0 6 c_kp1 10433.468362543643 c_k 10427.95254486103 f_k 10428.60600767254 y_k 10427.664255679212 1e-05 0.05253291130065918
coarse1 0 5 c_kp1 7019.409560335343 c_k 7015.870472301843 f_k 7016.369908017968 y_k 7015.6302340155535 1e-05 0.05261874198913574
coarse1 0 4 c_kp1 4774.442072206187 c_k 4772.210980906253 f_k 4772.577374042849 y_k 4772.020441343894 1e-05 0.05263066291809082
coarse1 0 3 c_kp1 3281.3841086798843 c_k 3279.9908289046716 f_k 3280.251412847375 y_k 3279.8455559962517 1e-05 0.05447840690612793
coarse1 0 2 c_kp1 2276.4384903196333 c_k 2275.569904865388 f_k 2275.7510645049797 y_k 2275.4627563718764 1e-05 0.05278277397155762
coarse1 0 1 c_kp1 1592.041274995294 c_k 1591.4972421358227 f_k 1591.6211894621283 y_k 1591.420535397081 1e-05 0.05431246757507324
coarse1 0 0 c_kp1 1120.8739270011924 c_k 1120.5300533110071 f_k 1120.6139791745975 y_k 1120.4767246741685 1e-05 0.0528256893157959
0 ----------parallel -------- 12.457140684127808
0 fine 13 d_out 322445.73265318334 d_in 208583.4792313242 1e-09 0.061243295669555664
0 fine 12 d_out 208583.4792313242 d_in 134590.3805772329 1e-09 0.06112027168273926
0 fine 11 d_out 134590.3805772329 d_in 86815.77981936971 1e-09 0.06099128723144531
0 fine 10 d_out 86815.77981936971 d_in 56108.45393215233 1e-09 0.061280012130737305
0 fine 9 d_out 56108.45393215233 d_in 36418.33669925746 1e-09 0.06115555763244629
0 fine 8 d_out 36418.33669925746 d_in 23793.25408017557 1e-09 0.05992913246154785
0 fine 7 d_out 23793.25408017557 d_in 15677.88614423631 1e-09 0.06118011474609375
0 fine 6 d_out 15677.88614423631 d_in 10434.352774582874 1e-09 0.06114935874938965
0 fine 5 d_out 10434.352774582874 d_in 7020.148610228355 1e-09 0.060825347900390625
0 fine 4 d_out 7020.148610228355 d_in 4775.021786900675 1e-09 0.060888051986694336
0 fine 3 d_out 4775.021786900675 d_in 3281.8169478538166 1e-09 0.05891108512878418
0 fine 2 d_out 3281.8169478538166 d_in 2276.749898865888 1e-09 0.06047821044921875
0 fine 1 d_out 2276.749898865888 d_in 1592.2595293796346 1e-09 0.060587167739868164
0 fine 0 d_out 1592.2595293796346 d_in 1121.0243580707813 1e-09 0.05896425247192383
0 ------- seq update -------- 13.306674242019653
coarse1 0 13 c_kp1 208583.33560713043 c_k 208583.1253854372 f_k 208583.4792313242 y_k 208583.29994571893 1e-05 0.023225069046020508
coarse1 0 12 c_kp1 134589.99683023628 c_k 134589.93074385793 f_k 134590.3805772329 y_k 134590.38896812964 1e-05 0.023256301879882812
coarse1 0 11 c_kp1 86815.2474934445 c_k 86815.04757934793 f_k 86815.77981936971 y_k 86815.79360774225 1e-05 0.023237228393554688
coarse1 0 10 c_kp1 56107.74369784077 c_k 56107.58713091206 f_k 56108.45393215233 y_k 56108.52500010147 1e-05 0.023218870162963867
coarse1 0 9 c_kp1 36417.460497577435 c_k 36417.34636800003 f_k 36418.33669925746 y_k 36418.34293458766 1e-05 0.0233001708984375
coarse1 0 8 c_kp1 23792.273267486136 c_k 23792.19117375726 f_k 23793.25408017557 y_k 23793.131177820072 1e-05 0.023294448852539062
coarse1 0 7 c_kp1 15676.908426793852 c_k 15676.846531210405 f_k 15677.88614423631 y_k 15677.65775164548 1e-05 0.0232698917388916
coarse1 0 6 c_kp1 10433.46837437787 c_k 10433.423184369616 f_k 10434.352774582874 y_k 10434.07701772891 1e-05 0.023255586624145508
coarse1 0 5 c_kp1 7019.409558512573 c_k 7019.378448362997 f_k 7020.148610228355 y_k 7019.878186558058 1e-05 0.023223161697387695
coarse1 0 4 c_kp1 4774.442078358197 c_k 4774.4219276264175 f_k 4775.021786900675 y_k 4774.788552114309 1e-05 0.0232999324798584
coarse1 0 3 c_kp1 3281.3841140255927 c_k 3281.371767782608 f_k 3281.8169478538166 y_k 3281.63251799303 1e-05 0.023268461227416992
coarse1 0 2 c_kp1 2276.4384889703183 c_k 2276.4312483946587 f_k 2276.749898865888 y_k 2276.612520833071 1e-05 0.0231935977935791
coarse1 0 1 c_kp1 1592.0412752110462 c_k 1592.0371470243376 f_k 1592.2595293796346 y_k 1592.1611669791498 1e-05 0.024604320526123047
coarse1 0 0 c_kp1 1120.8739270192466 c_k 1120.8716022238675 f_k 1121.0243580707813 y_k 1120.955572706243 1e-05 0.024641752243041992
============
1121.024358070847
============
[2.38418579e-07 5.22579145e+00 7.65623093e+00 1.00673265e+01
 1.24570432e+01 1.44365451e+01]
[1.00000000e+00 1.91343780e-01 1.30988151e-02 9.73649415e-04
 1.74345290e-04 8.80337350e-10]
