0 14
1 10
2 7
3 4
3 ------- seq update -------- 0.0005154609680175781
2 ------- seq update -------- 0.0005035400390625
recv...
1 ------- seq update -------- 0.0004897117614746094
recv...
0 ------- seq update -------- 0.001392364501953125
recv...
coarse1 3 3 c_kp1 30881546.033883177 c_k 0.0 f_k 0.0 y_k 0.0 1e-05 18.04086709022522
coarse1 3 2 c_kp1 195825920.11208287 c_k 0.0 f_k 0.0 y_k 0.0 1e-05 3.8796253204345703
coarse1 3 1 c_kp1 2989234177.263108 c_k 0.0 f_k 0.0 y_k 0.0 1e-05 3.679208517074585
coarse1 3 0 c_kp1 47365834606.34128 c_k 0.0 f_k 0.0 y_k 0.0 1e-05 8.714985370635986
3 coarse sent  47365834606.34128 (342711,)
2 recv! 47365834606.34128
3 ----------parallel -------- 69.17313170433044
3 fine 3 d_out 0.0 d_in 30881539.93751242 1e-09 11.343823909759521
3 fine 2 d_out 30881539.93751242 d_in 195825536.054069 1e-09 3.943118095397949
coarse1 2 6 c_kp1 779390143874.4572 c_k 0.0 f_k 0.0 y_k 0.0 1e-05 14.084258794784546
3 fine 1 d_out 195825536.054069 d_in 2993471213.2798705 1e-09 13.871839761734009
coarse1 2 5 c_kp1 12507952464182.992 c_k 0.0 f_k 0.0 y_k 0.0 1e-05 3.046330690383911
coarse1 2 4 c_kp1 210281975275376.34 c_k 0.0 f_k 0.0 y_k 0.0 1e-05 2.8703725337982178
3 fine 0 d_out 2993471213.2798705 d_in 47420505970.172134 1e-09 13.733421325683594
3 ------- seq update -------- 112.06575584411621
coarse1 2 3 c_kp1 3435440160893656.5 c_k 0.0 f_k 0.0 y_k 0.0 1e-05 2.590090751647949
coarse1 2 2 c_kp1 5.949143536538684e+16 c_k 0.0 f_k 0.0 y_k 0.0 1e-05 2.518409252166748
coarse1 2 1 c_kp1 9.991220839045148e+17 c_k 0.0 f_k 0.0 y_k 0.0 1e-05 2.4136953353881836
coarse1 2 0 c_kp1 1.7887087627674444e+19 c_k 0.0 f_k 0.0 y_k 0.0 1e-05 2.417951822280884
2 coarse sent  1.7887087627674444e+19 (342711,)
1 recv! 1.7887087627674444e+19
2 ----------parallel -------- 128.65529084205627
coarse1 3 3 c_kp1 30881546.033883177 c_k 30881546.033883177 f_k 30881539.93751242 y_k 30881546.033883177 1e-05 0.38561272621154785
2 fine 6 d_out 47365834606.34128 d_in 779390293817.4137 1e-09 3.4209024906158447
coarse1 1 9 c_kp1 3.105159600881526e+20 c_k 0.0 f_k 0.0 y_k 0.0 1e-05 2.3518574237823486
coarse1 3 2 c_kp1 195825924.7681308 c_k 195825920.11208287 f_k 195825536.054069 y_k 195825920.11208287 1e-05 0.4045858383178711
2 fine 5 d_out 779390293817.4137 d_in 12507951627901.74 1e-09 3.5884850025177
coarse1 1 8 c_kp1 5.723032547666086e+21 c_k 0.0 f_k 0.0 y_k 0.0 1e-05 2.4133710861206055
coarse1 3 1 c_kp1 2989232036.516135 c_k 2989234177.263108 f_k 2993471213.2798705 y_k 2989234177.263108 1e-05 0.38677358627319336
2 fine 4 d_out 12507951627901.74 d_in 210281864719118.38 1e-09 3.4885754585266113
2 fine 3 d_out 210281864719118.38 d_in 3435436967165462.0 1e-09 3.4835124015808105
coarse1 1 7 c_kp1 1.0245354666883205e+23 c_k 0.0 f_k 0.0 y_k 0.0 1e-05 2.329233407974243
2 fine 2 d_out 3435436967165462.0 d_in 5.949133625120673e+16 1e-09 3.4311258792877197
coarse1 3 0 c_kp1 47365835137.10408 c_k 47365834606.34128 f_k 47420505970.172134 y_k 47365834606.34128 1e-05 0.3832223415374756
coarse1 1 6 c_kp1 1.9256526343867497e+24 c_k 0.0 f_k 0.0 y_k 0.0 1e-05 2.3303637504577637
2 fine 1 d_out 5.949133625120673e+16 d_in 9.991198465403028e+17 1e-09 3.4978911876678467
coarse1 1 5 c_kp1 3.5280222904276637e+25 c_k 0.0 f_k 0.0 y_k 0.0 1e-05 2.3337647914886475
coarse1 1 4 c_kp1 6.70080580631026e+26 c_k 0.0 f_k 0.0 y_k 0.0 1e-05 2.329935312271118
2 fine 0 d_out 9.991198465403028e+17 d_in 1.7887034403295082e+19 1e-09 9.331405639648438
2 ------- seq update -------- 158.89782190322876
recv...
2 recv! 47420505970.172134
3 coarse sent  47420505970.172134 (342711,)
3 ----------parallel -------- 159.20045590400696
3 fine 3 d_out 0.0 d_in 30881539.93751242 1e-09 1.262615442276001
3 fine 2 d_out 30881539.93751242 d_in 195825536.054069 1e-09 0.8258743286132812
3 fine 1 d_out 195825536.054069 d_in 2993471213.2798705 1e-09 0.43874287605285645
coarse1 1 3 c_kp1 1.2464297175974342e+28 c_k 0.0 f_k 0.0 y_k 0.0 1e-05 2.3328516483306885
3 fine 0 d_out 2993471213.2798705 d_in 47420505970.172134 1e-09 0.3975636959075928
3 ------- seq update -------- 162.12559342384338
3 skipping!
3 ----------parallel -------- 162.12715578079224
3 fine 3 d_out 0.0 d_in 30881539.93751242 1e-09 1.2523133754730225
3 fine 2 d_out 30881539.93751242 d_in 195825536.054069 1e-09 0.8133418560028076
3 fine 1 d_out 195825536.054069 d_in 2993471213.2798705 1e-09 0.4310488700866699
3 fine 0 d_out 2993471213.2798705 d_in 47420505970.172134 1e-09 0.38204503059387207
3 ------- seq update -------- 165.00624680519104
3 skipping!
3 ----------parallel -------- 165.00771188735962
3 fine 3 d_out 0.0 d_in 30881539.93751242 1e-09 1.2511177062988281
coarse1 1 2 c_kp1 2.377970771225375e+29 c_k 0.0 f_k 0.0 y_k 0.0 1e-05 2.334249496459961
3 fine 2 d_out 30881539.93751242 d_in 195825536.054069 1e-09 0.8154411315917969
3 fine 1 d_out 195825536.054069 d_in 2993471213.2798705 1e-09 0.44753050804138184
3 fine 0 d_out 2993471213.2798705 d_in 47420505970.172134 1e-09 0.38028979301452637
3 ------- seq update -------- 167.90243673324585
3 skipping!
coarse1 1 1 c_kp1 4.4644324459670824e+30 c_k 0.0 f_k 0.0 y_k 0.0 1e-05 2.3278541564941406
coarse1 1 0 c_kp1 8.528960316506222e+31 c_k 0.0 f_k 0.0 y_k 0.0 1e-05 2.3525938987731934
1 coarse sent  8.528960316506222e+31 (342711,)
0 recv! 8.528960316506222e+31
1 ----------parallel -------- 175.2353539466858
1 fine 9 d_out 1.7887087627674444e+19 d_in 3.1051591284751106e+20 1e-09 3.324575662612915
coarse1 0 13 c_kp1 1.6100865150561712e+33 c_k 0.0 f_k 0.0 y_k 0.0 1e-05 2.33565616607666
1 fine 8 d_out 3.1051591284751106e+20 d_in 5.723029645592227e+21 1e-09 3.3441078662872314
coarse1 2 6 c_kp1 782432261036.5558 c_k 779390143874.4572 f_k 779390293817.4137 y_k 779390143874.4572 1e-05 3.0576045513153076
coarse1 0 12 c_kp1 3.075964062728645e+34 c_k 0.0 f_k 0.0 y_k 0.0 1e-05 2.336848020553589
1 fine 7 d_out 5.723029645592227e+21 d_in 1.024534647352823e+23 1e-09 3.2576920986175537
1 fine 6 d_out 1.024534647352823e+23 d_in 1.9256504070878382e+24 1e-09 3.2593839168548584
coarse1 0 11 c_kp1 5.82592775816404e+35 c_k 0.0 f_k 0.0 y_k 0.0 1e-05 2.290210008621216
coarse1 2 5 c_kp1 12522102669154.373 c_k 12507952464182.992 f_k 12507951627901.74 y_k 12507952464182.992 1e-05 2.832750082015991
1 fine 5 d_out 1.9256504070878382e+24 d_in 3.5280171034620373e+25 1e-09 3.2803778648376465
coarse1 0 10 c_kp1 1.112482015554067e+37 c_k 0.0 f_k 0.0 y_k 0.0 1e-05 2.332676410675049
1 fine 4 d_out 3.5280171034620373e+25 d_in 6.700794144191925e+26 1e-09 3.204483985900879
coarse1 2 4 c_kp1 210514661076702.75 c_k 210281975275376.34 f_k 210281864719118.38 y_k 210281975275376.34 1e-05 2.708026885986328
1 fine 3 d_out 6.700794144191925e+26 d_in 1.2464271785509427e+28 1e-09 3.2206270694732666
coarse1 0 9 c_kp1 2.1112863705069572e+38 c_k 0.0 f_k 0.0 y_k 0.0 1e-05 2.2923800945281982
coarse1 2 3 c_kp1 3439163101350514.0 c_k 3435440160893656.5 f_k 3435436967165462.0 y_k 3435440160893656.5 1e-05 2.6162049770355225
1 fine 2 d_out 1.2464271785509427e+28 d_in 2.3779653733691473e+29 1e-09 3.269446611404419
coarse1 0 8 c_kp1 4.029330276122922e+39 c_k 0.0 f_k 0.0 y_k 0.0 1e-05 2.2864606380462646
1 fine 1 d_out 2.3779653733691473e+29 d_in 4.4644210573253026e+30 1e-09 3.214181900024414
coarse1 2 2 c_kp1 5.955396562205548e+16 c_k 5.949143536538684e+16 f_k 5.949133625120673e+16 y_k 5.949143536538684e+16 1e-05 2.6077470779418945
coarse1 0 7 c_kp1 7.656474336152743e+40 c_k 0.0 f_k 0.0 y_k 0.0 1e-05 2.3351833820343018
1 fine 0 d_out 4.4644210573253026e+30 d_in 8.528936310267478e+31 1e-09 3.218942880630493
1 ------- seq update -------- 207.8299641609192
recv...
coarse1 2 1 c_kp1 1.0001411125803901e+18 c_k 9.991220839045148e+17 f_k 9.991198465403028e+17 y_k 9.991220839045148e+17 1e-05 2.5574231147766113
coarse1 0 6 c_kp1 1.4604875882524624e+42 c_k 0.0 f_k 0.0 y_k 0.0 1e-05 2.2929532527923584
coarse1 2 0 c_kp1 1.7904753370388204e+19 c_k 1.7887087627674444e+19 f_k 1.7887034403295082e+19 y_k 1.7887087627674444e+19 1e-05 2.5127768516540527
1 recv! 1.790470368222184e+19
2 coarse sent  1.790470368222184e+19 (342711,)
2 ----------parallel -------- 216.40664720535278
coarse1 0 5 c_kp1 2.7774038244803466e+43 c_k 0.0 f_k 0.0 y_k 0.0 1e-05 2.3366551399230957
2 fine 6 d_out 47420505970.172134 d_in 780285695964.2773 1e-09 3.86456298828125
coarse1 1 9 c_kp1 3.108113470696084e+20 c_k 3.105159600881526e+20 f_k 3.1051591284751106e+20 y_k 3.105159600881526e+20 1e-05 2.536010265350342
coarse1 0 4 c_kp1 5.295830603907984e+44 c_k 0.0 f_k 0.0 y_k 0.0 1e-05 2.3533902168273926
2 fine 5 d_out 780285695964.2773 d_in 12522146638954.48 1e-09 3.6664016246795654
coarse1 1 8 c_kp1 5.728329294661073e+21 c_k 5.723032547666086e+21 f_k 5.723029645592227e+21 y_k 5.723032547666086e+21 1e-05 2.6335487365722656
coarse1 0 3 c_kp1 1.00762671663122e+46 c_k 0.0 f_k 0.0 y_k 0.0 1e-05 2.333834171295166
2 fine 4 d_out 12522146638954.48 d_in 210515281440089.8 1e-09 3.5315322875976562
2 fine 3 d_out 210515281440089.8 d_in 3439173432822790.5 1e-09 3.431079387664795
coarse1 1 7 c_kp1 1.0254550986023079e+23 c_k 1.0245354666883205e+23 f_k 1.024534647352823e+23 y_k 1.0245354666883205e+23 1e-05 2.6302340030670166
coarse1 0 2 c_kp1 1.9207136867284087e+47 c_k 0.0 f_k 0.0 y_k 0.0 1e-05 2.396913528442383
2 fine 2 d_out 3439173432822790.5 d_in 5.9554144185856744e+16 1e-09 3.443582773208618
coarse1 1 6 c_kp1 1.9273517906920016e+24 c_k 1.9256526343867497e+24 f_k 1.9256504070878382e+24 y_k 1.9256526343867497e+24 1e-05 2.5830299854278564
coarse1 0 1 c_kp1 3.65575054807876e+48 c_k 0.0 f_k 0.0 y_k 0.0 1e-05 2.2861123085021973
2 fine 1 d_out 5.9554144185856744e+16 d_in 1.0001438282856073e+18 1e-09 3.417614459991455
coarse1 0 0 c_kp1 6.966946372424561e+49 c_k 0.0 f_k 0.0 y_k 0.0 1e-05 2.288038730621338
coarse1 1 5 c_kp1 3.531066817280144e+25 c_k 3.5280222904276637e+25 f_k 3.5280171034620373e+25 y_k 3.5280222904276637e+25 1e-05 2.5826027393341064
0 ----------parallel -------- 239.9934687614441
0 fine 13 d_out 8.528960316506222e+31 d_in 1.6100863295028294e+33 1e-09 3.2203786373138428
coarse1 1 4 c_kp1 6.706536835318785e+26 c_k 6.70080580631026e+26 f_k 6.700794144191925e+26 y_k 6.70080580631026e+26 1e-05 2.5791027545928955
0 fine 12 d_out 1.6100863295028294e+33 d_in 3.075962933841778e+34 1e-09 3.2322723865509033
2 fine 0 d_out 1.0001438282856073e+18 d_in 1.79047981708465e+19 1e-09 9.651546955108643
2 ------- seq update -------- 247.4135718345642
coarse1 1 3 c_kp1 1.2474804035738943e+28 c_k 1.2464297175974342e+28 f_k 1.2464271785509427e+28 y_k 1.2464297175974342e+28 1e-05 2.5920021533966064
0 fine 11 d_out 3.075962933841778e+34 d_in 5.825923206863236e+35 1e-09 3.213219404220581
0 fine 10 d_out 5.825923206863236e+35 d_in 1.1124810932127511e+37 1e-09 3.2084662914276123
coarse1 1 2 c_kp1 2.3799678794584188e+29 c_k 2.377970771225375e+29 f_k 2.3779653733691473e+29 y_k 2.377970771225375e+29 1e-05 2.577329635620117
0 fine 9 d_out 1.1124810932127511e+37 d_in 2.111284085468415e+38 1e-09 3.091902494430542
coarse1 1 1 c_kp1 4.468147227904836e+30 c_k 4.4644324459670824e+30 f_k 4.4644210573253026e+30 y_k 4.4644324459670824e+30 1e-05 2.591343879699707
0 fine 8 d_out 2.111284085468415e+38 d_in 4.029325371981104e+39 1e-09 3.153338670730591
0 fine 7 d_out 4.029325371981104e+39 d_in 7.656462974962916e+40 1e-09 3.1034135818481445
coarse1 1 0 c_kp1 8.536050317903083e+31 c_k 8.528960316506222e+31 f_k 8.528936310267478e+31 y_k 8.528960316506222e+31 1e-05 2.5809431076049805
0 fine 6 d_out 7.656462974962916e+40 d_in 1.4604848920776207e+42 1e-09 3.1040074825286865
0 fine 5 d_out 1.4604848920776207e+42 d_in 2.777397601928935e+43 1e-09 3.105330467224121
coarse1 2 6 c_kp1 782432261036.5558 c_k 780283207102.2473 f_k 780285695964.2773 y_k 780283357374.2231 1e-05 0.3713076114654541
0 fine 4 d_out 2.777397601928935e+43 d_in 5.295817491398827e+44 1e-09 3.055708646774292
coarse1 2 5 c_kp1 12522102673119.443 c_k 12522109871418.39 f_k 12522146638954.48 y_k 12522109039714.834 1e-05 0.3720664978027344
0 fine 3 d_out 5.295817491398827e+44 d_in 1.0076237796014555e+46 1e-09 3.052133560180664
coarse1 2 4 c_kp1 210514661283083.12 c_k 210514652437625.12 f_k 210515281440089.8 y_k 210514541966468.38 1e-05 0.37280750274658203
0 fine 2 d_out 1.0076237796014555e+46 d_in 1.920707899975123e+47 1e-09 3.1045875549316406
coarse1 2 3 c_kp1 3439163101223005.5 c_k 3439162847044775.0 f_k 3439173432822790.5 y_k 3439159655111520.5 1e-05 0.3714866638183594
0 fine 1 d_out 1.920707899975123e+47 d_in 3.655738541465898e+48 1e-09 3.168060779571533
coarse1 2 2 c_kp1 5.955396562024085e+16 c_k 5.955397427343775e+16 f_k 5.9554144185856744e+16 y_k 5.955387519143228e+16 1e-05 0.3721449375152588
0 fine 0 d_out 3.655738541465898e+48 d_in 6.966921614922065e+49 1e-09 3.0537667274475098
0 ------- seq update -------- 283.8612103462219
recv...
0 recv! 8.536025429928917e+31
1 coarse sent  8.536025429928917e+31 (342711,)
1 ----------parallel -------- 284.2148187160492
coarse1 2 1 c_kp1 1.0001411125803821e+18 c_k 1.000141060537732e+18 f_k 1.0001438282856073e+18 y_k 1.000138823791724e+18 1e-05 0.3712899684906006
1 fine 9 d_out 1.790470368222184e+19 d_in 3.1081133363565566e+20 1e-09 3.3313467502593994
coarse1 2 0 c_kp1 1.7904753370391611e+19 c_k 1.7904756896713034e+19 f_k 1.79047981708465e+19 y_k 1.790470368222184e+19 1e-05 0.37165093421936035
coarse1 0 13 c_kp1 1.611412963862929e+33 c_k 1.6100865150561712e+33 f_k 1.6100863295028294e+33 y_k 1.6100865150561712e+33 1e-05 2.5797877311706543
1 fine 8 d_out 3.1081133363565566e+20 d_in 5.728331999779597e+21 1e-09 3.3308823108673096
coarse1 0 12 c_kp1 3.0784975121202624e+34 c_k 3.075964062728645e+34 f_k 3.075962933841778e+34 y_k 3.075964062728645e+34 1e-05 2.5817391872406006
1 fine 7 d_out 5.728331999779597e+21 d_in 1.0254556093417913e+23 1e-09 3.345046281814575
coarse1 0 11 c_kp1 5.830708788722614e+35 c_k 5.82592775816404e+35 f_k 5.825923206863236e+35 y_k 5.82592775816404e+35 1e-05 2.598268508911133
1 fine 6 d_out 1.0254556093417913e+23 d_in 1.9273530548916973e+24 1e-09 6.314126014709473
coarse1 0 10 c_kp1 1.1133954068773849e+37 c_k 1.112482015554067e+37 f_k 1.1124810932127511e+37 y_k 1.112482015554067e+37 1e-05 2.610807180404663
1 fine 5 d_out 1.9273530548916973e+24 d_in 3.531069326620339e+25 1e-09 3.2692413330078125
1 fine 4 d_out 3.531069326620339e+25 d_in 6.70654461647454e+26 1e-09 3.273481845855713
coarse1 0 9 c_kp1 2.1130152992636763e+38 c_k 2.1112863705069572e+38 f_k 2.111284085468415e+38 y_k 2.1112863705069572e+38 1e-05 2.5292840003967285
1 fine 3 d_out 6.70654461647454e+26 d_in 1.247482000954624e+28 1e-09 3.2862401008605957
coarse1 0 8 c_kp1 4.032631482066506e+39 c_k 4.029330276122922e+39 f_k 4.029325371981104e+39 y_k 4.029330276122922e+39 1e-05 2.582951784133911
1 fine 2 d_out 1.247482000954624e+28 d_in 2.3799717228595924e+29 1e-09 3.324754476547241
1 fine 1 d_out 2.3799717228595924e+29 d_in 4.468155999892939e+30 1e-09 3.256216049194336
coarse1 0 7 c_kp1 7.662735413596949e+40 c_k 7.656474336152743e+40 f_k 7.656462974962916e+40 y_k 7.656474336152743e+40 1e-05 2.548081159591675
1 fine 0 d_out 4.468155999892939e+30 d_in 8.53606752629253e+31 1e-09 3.2592175006866455
1 ------- seq update -------- 320.2061941623688
recv...
1 recv! 1.79047981708465e+19
2 coarse sent  1.79047981708465e+19 (342711,)
2 ----------parallel -------- 320.50133299827576
2 fine 6 d_out 47420505970.172134 d_in 780285695964.2773 1e-09 0.39119553565979004
2 fine 5 d_out 780285695964.2773 d_in 12522146638954.48 1e-09 0.3809804916381836
2 fine 4 d_out 12522146638954.48 d_in 210515281440089.8 1e-09 0.40285372734069824
coarse1 0 6 c_kp1 1.4616815917612668e+42 c_k 1.4604875882524624e+42 f_k 1.4604848920776207e+42 y_k 1.4604875882524624e+42 1e-05 2.6144940853118896
2 fine 3 d_out 210515281440089.8 d_in 3439173432822790.5 1e-09 0.3817105293273926
2 fine 2 d_out 3439173432822790.5 d_in 5.9554144185856744e+16 1e-09 0.38550734519958496
2 fine 1 d_out 5.9554144185856744e+16 d_in 1.0001438282856073e+18 1e-09 0.38723158836364746
2 fine 0 d_out 1.0001438282856073e+18 d_in 1.79047981708465e+19 1e-09 1.0090296268463135
2 ------- seq update -------- 323.84039855003357
2 skipping!
2 ----------parallel -------- 323.8418276309967
2 fine 6 d_out 47420505970.172134 d_in 780285695964.2773 1e-09 0.3717496395111084
coarse1 1 9 c_kp1 3.1081310408493964e+20 c_k 3.1081124904059496e+20 f_k 3.1081133363565566e+20 y_k 3.1081120181225266e+20 1e-05 1.9543871879577637
2 fine 5 d_out 780285695964.2773 d_in 12522146638954.48 1e-09 0.40614867210388184
2 fine 4 d_out 12522146638954.48 d_in 210515281440089.8 1e-09 0.36950135231018066
2 fine 3 d_out 210515281440089.8 d_in 3439173432822790.5 1e-09 0.3680272102355957
2 fine 2 d_out 3439173432822790.5 d_in 5.9554144185856744e+16 1e-09 0.3681163787841797
2 fine 1 d_out 5.9554144185856744e+16 d_in 1.0001438282856073e+18 1e-09 0.3679013252258301
coarse1 0 5 c_kp1 2.779670847703729e+43 c_k 2.7774038244803466e+43 f_k 2.777397601928935e+43 y_k 2.7774038244803466e+43 1e-05 2.5864343643188477
coarse1 1 8 c_kp1 5.728327424327295e+21 c_k 5.728330088184264e+21 f_k 5.728331999779597e+21 y_k 5.728327186345936e+21 1e-05 0.37076902389526367
2 fine 0 d_out 1.0001438282856073e+18 d_in 1.79047981708465e+19 1e-09 1.0143861770629883
2 ------- seq update -------- 327.10824060440063
2 skipping!
coarse1 1 7 c_kp1 1.025455098602307e+23 c_k 1.0254551104839645e+23 f_k 1.0254556093417913e+23 y_k 1.0254542912300267e+23 1e-05 0.38924360275268555
coarse1 0 4 c_kp1 5.3001541911479925e+44 c_k 5.295830603907984e+44 f_k 5.295817491398827e+44 y_k 5.295830603907984e+44 1e-05 2.52854061126709
coarse1 1 6 c_kp1 1.927351790691995e+24 c_k 1.9273519066792765e+24 f_k 1.9273530548916973e+24 y_k 1.9273496794995422e+24 1e-05 0.3662607669830322
coarse1 1 5 c_kp1 3.5310668172801445e+25 c_k 3.531066369268898e+25 f_k 3.531069326620339e+25 y_k 3.5310611825746697e+25 1e-05 0.3666541576385498
coarse1 0 3 c_kp1 1.0084484878737679e+46 c_k 1.00762671663122e+46 f_k 1.0076237796014555e+46 y_k 1.00762671663122e+46 1e-05 2.5287137031555176
coarse1 1 4 c_kp1 6.706536835318741e+26 c_k 6.706537109371686e+26 f_k 6.70654461647454e+26 y_k 6.706525447620848e+26 1e-05 0.367645263671875
coarse1 1 3 c_kp1 1.247480403573894e+28 c_k 1.2474802567114676e+28 f_k 1.247482000954624e+28 y_k 1.2474777177370176e+28 1e-05 0.36699962615966797
coarse1 0 2 c_kp1 1.9222796155786612e+47 c_k 1.9207136867284087e+47 f_k 1.920707899975123e+47 y_k 1.9207136867284087e+47 1e-05 2.5797019004821777
coarse1 1 2 c_kp1 2.3799678794584336e+29 c_k 2.3799675948540445e+29 f_k 2.3799717228595924e+29 y_k 2.3799621970909344e+29 1e-05 0.3696880340576172
coarse1 1 1 c_kp1 4.4681472279048365e+30 c_k 4.468147829398774e+30 f_k 4.468155999892939e+30 y_k 4.468136440934728e+30 1e-05 0.3674802780151367
coarse1 0 1 c_kp1 3.658729349099752e+48 c_k 3.65575054807876e+48 f_k 3.655738541465898e+48 y_k 3.65575054807876e+48 1e-05 2.523793935775757
coarse1 1 0 c_kp1 8.53605031790304e+31 c_k 8.536049435941434e+31 f_k 8.53606752629253e+31 y_k 8.536025429928917e+31 1e-05 0.36929869651794434
coarse1 0 0 c_kp1 6.972621928156833e+49 c_k 6.966946372424561e+49 f_k 6.966921614922065e+49 y_k 6.966946372424561e+49 1e-05 2.5316002368927
0 ----------parallel -------- 348.8862726688385
0 fine 13 d_out 8.536025429928917e+31 d_in 1.6114130058633996e+33 1e-09 3.2962522506713867
0 fine 12 d_out 1.6114130058633996e+33 d_in 3.07849838544546e+34 1e-09 3.271907329559326
0 fine 11 d_out 3.07849838544546e+34 d_in 5.830710339295451e+35 1e-09 3.266575574874878
0 fine 10 d_out 5.830710339295451e+35 d_in 1.1133958359907932e+37 1e-09 3.266106128692627
0 fine 9 d_out 1.1133958359907932e+37 d_in 2.1130167468464718e+38 1e-09 3.2151613235473633
0 fine 8 d_out 2.1130167468464718e+38 d_in 4.0326343232761065e+39 1e-09 3.2130823135375977
0 fine 7 d_out 4.0326343232761065e+39 d_in 7.662742932610232e+40 1e-09 3.213768720626831
0 fine 6 d_out 7.662742932610232e+40 d_in 1.4616834767781638e+42 1e-09 3.174130439758301
0 fine 5 d_out 1.4616834767781638e+42 d_in 2.7796751542062927e+43 1e-09 3.1811277866363525
0 fine 4 d_out 2.7796751542062927e+43 d_in 5.300162112230014e+44 1e-09 3.160111904144287
0 fine 3 d_out 5.300162112230014e+44 d_in 1.008449994675385e+46 1e-09 3.1602230072021484
0 fine 2 d_out 1.008449994675385e+46 d_in 1.9222833204264607e+47 1e-09 3.159848690032959
0 fine 1 d_out 1.9222833204264607e+47 d_in 3.6587360531794835e+48 1e-09 3.1548731327056885
0 fine 0 d_out 3.6587360531794835e+48 d_in 6.97263546441289e+49 1e-09 3.1652534008026123
0 ------- seq update -------- 393.78576040267944
recv...
0 recv! 8.53606752629253e+31
1 coarse sent  8.53606752629253e+31 (342711,)
1 ----------parallel -------- 394.1395263671875
coarse1 0 13 c_kp1 1.611421063502301e+33 c_k 1.6114128426579153e+33 f_k 1.6114130058633996e+33 y_k 1.611412657114167e+33 1e-05 0.361555814743042
1 fine 9 d_out 1.79047981708465e+19 d_in 3.108130842936824e+20 1e-09 3.2751848697662354
coarse1 0 12 c_kp1 3.0784975121202642e+34 c_k 3.0784977485276323e+34 f_k 3.07849838544546e+34 y_k 3.0784966196500363e+34 1e-05 0.3601853847503662
1 fine 8 d_out 3.108130842936824e+20 d_in 5.728365784614656e+21 1e-09 2.9027419090270996
coarse1 0 11 c_kp1 5.8307087887226076e+35 c_k 5.830708616974264e+35 f_k 5.830710339295451e+35 y_k 5.830704065757514e+35 1e-05 0.36111998558044434
1 fine 7 d_out 5.728365784614656e+21 d_in 1.0254619677405867e+23 1e-09 2.7605361938476562
coarse1 0 10 c_kp1 1.113395406877386e+37 c_k 1.1133952808648717e+37 f_k 1.1133958359907932e+37 y_k 1.1133943585322365e+37 1e-05 0.36125636100769043
1 fine 6 d_out 1.0254619677405867e+23 d_in 1.9273653165957844e+24 1e-09 2.6912119388580322
coarse1 0 9 c_kp1 2.113015299263681e+38 c_k 2.113015641083731e+38 f_k 2.1130167468464718e+38 y_k 2.1130133560725817e+38 1e-05 0.36270809173583984
1 fine 5 d_out 1.9273653165957844e+24 d_in 3.531092531448416e+25 1e-09 2.6936051845550537
coarse1 0 8 c_kp1 4.0326314820664416e+39 c_k 4.0326310169887915e+39 f_k 4.0326343232761065e+39 y_k 4.0326261128812986e+39 1e-05 0.36071133613586426
coarse1 0 7 c_kp1 7.662735413596949e+40 c_k 7.662734248857179e+40 f_k 7.662742932610232e+40 y_k 7.66272288774769e+40 1e-05 0.36151552200317383
1 fine 4 d_out 3.531092531448416e+25 d_in 6.706589203042336e+26 1e-09 2.638237237930298
coarse1 0 6 c_kp1 1.4616815917611752e+42 c_k 1.4616814691243398e+42 f_k 1.4616834767781638e+42 y_k 1.4616787729620337e+42 1e-05 0.3598451614379883
1 fine 3 d_out 6.706589203042336e+26 d_in 1.2474904578923703e+28 1e-09 2.594078779220581
coarse1 0 5 c_kp1 2.779670847703731e+43 c_k 2.779671470323024e+43 f_k 2.7796751542062927e+43 y_k 2.779665247794853e+43 1e-05 0.36159610748291016
1 fine 2 d_out 1.2474904578923703e+28 d_in 2.3799879239556773e+29 1e-09 2.4933087825775146
coarse1 0 4 c_kp1 5.300154191148023e+44 c_k 5.300154108168982e+44 f_k 5.300162112230014e+44 y_k 5.300140995694375e+44 1e-05 0.36008787155151367
1 fine 1 d_out 2.3799879239556773e+29 d_in 4.4681867660645757e+30 1e-09 2.588783025741577
coarse1 0 3 c_kp1 1.0084484878737711e+46 c_k 1.0084483895002107e+46 f_k 1.008449994675385e+46 y_k 1.0084454524799543e+46 1e-05 0.3813183307647705
1 fine 0 d_out 4.4681867660645757e+30 d_in 8.536126347708437e+31 1e-09 2.447984218597412
1 ------- seq update -------- 421.2259888648987
coarse1 0 2 c_kp1 1.9222796155813146e+47 c_k 1.9222799596714808e+47 f_k 1.9222833204264607e+47 y_k 1.9222741729255524e+47 1e-05 0.360396146774292
coarse1 1 9 c_kp1 3.1081310408493964e+20 c_k 3.108111906211668e+20 f_k 3.108130842936824e+20 y_k 3.1081127521704234e+20 1e-05 0.36809778213500977
coarse1 0 1 c_kp1 3.6587293490996745e+48 c_k 3.658729792899126e+48 f_k 3.6587360531794835e+48 y_k 3.658717786314997e+48 1e-05 0.3609132766723633
coarse1 1 8 c_kp1 5.728327424263711e+21 c_k 5.728330088184264e+21 f_k 5.728365784614656e+21 y_k 5.728331999779597e+21 1e-05 0.3890864849090576
coarse1 0 0 c_kp1 6.972621928156461e+49 c_k 6.972621904818227e+49 f_k 6.97263546441289e+49 y_k 6.972597147353328e+49 1e-05 0.35875439643859863
0 ----------parallel -------- 427.3489029407501
coarse1 1 7 c_kp1 1.0254550986023101e+23 c_k 1.0254551104839645e+23 f_k 1.0254619677405867e+23 y_k 1.0254556093417913e+23 1e-05 0.38781213760375977
0 fine 13 d_out 8.53606752629253e+31 d_in 1.6114210634180652e+33 1e-09 3.0391688346862793
coarse1 1 6 c_kp1 1.9273517906919997e+24 c_k 1.9273519066792765e+24 f_k 1.9273653165957844e+24 y_k 1.9273530548916973e+24 1e-05 0.3676600456237793
0 fine 12 d_out 1.6114210634180652e+33 d_in 3.078513836354699e+34 1e-09 2.8312911987304688
coarse1 1 5 c_kp1 3.531066817280146e+25 c_k 3.531066369268898e+25 f_k 3.531092531448416e+25 y_k 3.531069326620339e+25 1e-05 0.38844752311706543
coarse1 1 4 c_kp1 6.706536835318737e+26 c_k 6.706537109371686e+26 f_k 6.706589203042336e+26 y_k 6.70654461647454e+26 1e-05 0.36718034744262695
0 fine 11 d_out 3.078513836354699e+34 d_in 5.8307396287565575e+35 1e-09 2.675154685974121
coarse1 1 3 c_kp1 1.2474804035738928e+28 c_k 1.2474802567114676e+28 f_k 1.2474904578923703e+28 y_k 1.247482000954624e+28 1e-05 0.36687183380126953
0 fine 10 d_out 5.8307396287565575e+35 d_in 1.1134014299911451e+37 1e-09 2.692814350128174
coarse1 1 2 c_kp1 2.379967879458474e+29 c_k 2.3799675948540445e+29 f_k 2.3799879239556773e+29 y_k 2.3799717228595924e+29 1e-05 0.3676619529724121
0 fine 9 d_out 1.1134014299911451e+37 d_in 2.1130273644387562e+38 1e-09 2.6749205589294434
coarse1 1 1 c_kp1 4.4681472279048365e+30 c_k 4.468147829398774e+30 f_k 4.4681867660645757e+30 y_k 4.468155999892939e+30 1e-05 0.3668529987335205
0 fine 8 d_out 2.1130273644387562e+38 d_in 4.032654586461941e+39 1e-09 2.638352870941162
coarse1 1 0 c_kp1 8.536050317903083e+31 c_k 8.536049435941434e+31 f_k 8.536126347708437e+31 y_k 8.53606752629253e+31 1e-05 0.36792683601379395
0 fine 7 d_out 4.032654586461941e+39 d_in 7.662781438408558e+40 1e-09 2.583022117614746
0 fine 6 d_out 7.662781438408558e+40 d_in 1.4616908217196452e+42 1e-09 2.5897605419158936
0 fine 5 d_out 1.4616908217196452e+42 d_in 2.7796891225085824e+43 1e-09 2.540942668914795
0 fine 4 d_out 2.7796891225085824e+43 d_in 5.300188746084638e+44 1e-09 2.555447816848755
0 fine 3 d_out 5.300188746084638e+44 d_in 1.0084550623651228e+46 1e-09 2.542818069458008
0 fine 2 d_out 1.0084550623651228e+46 d_in 1.92229298027159e+47 1e-09 2.438081741333008
0 fine 1 d_out 1.92229298027159e+47 d_in 3.6587544393346936e+48 1e-09 2.525071382522583
0 fine 0 d_out 3.6587544393346936e+48 d_in 6.972670503754644e+49 1e-09 2.59869384765625
0 ------- seq update -------- 464.2755825519562
recv...
0 recv! 8.536126347708437e+31
1 coarse sent  8.536126347708437e+31 (342711,)
1 ----------parallel -------- 464.62918400764465
1 fine 9 d_out 1.79047981708465e+19 d_in 3.108130843040282e+20 1e-09 1.787360668182373
1 fine 8 d_out 3.108130843040282e+20 d_in 5.728365784614656e+21 1e-09 1.1660003662109375
1 fine 7 d_out 5.728365784614656e+21 d_in 1.0254619677405867e+23 1e-09 0.3793361186981201
coarse1 0 13 c_kp1 1.6114322422763464e+33 c_k 1.6114128426579153e+33 f_k 1.6114210634180652e+33 y_k 1.6114130058633996e+33 1e-05 1.9428236484527588
1 fine 6 d_out 1.0254619677405867e+23 d_in 1.9273653165957844e+24 1e-09 1.2345669269561768
1 fine 5 d_out 1.9273653165957844e+24 d_in 3.531092531448416e+25 1e-09 0.37732768058776855
1 fine 4 d_out 3.531092531448416e+25 d_in 6.706589203042336e+26 1e-09 1.000152587890625
coarse1 0 12 c_kp1 3.0785095267479495e+34 c_k 3.0784977485276323e+34 f_k 3.078513836354699e+34 y_k 3.07849838544546e+34 1e-05 0.3830583095550537
1 fine 3 d_out 6.706589203042336e+26 d_in 1.2474904578923703e+28 1e-09 0.3790700435638428
1 fine 2 d_out 1.2474904578923703e+28 d_in 2.3799879239556773e+29 1e-09 1.055570125579834
1 fine 1 d_out 2.3799879239556773e+29 d_in 4.4681867660645757e+30 1e-09 0.3782351016998291
1 fine 0 d_out 4.4681867660645757e+30 d_in 8.536126347708437e+31 1e-09 0.7388935089111328
1 ------- seq update -------- 473.1265091896057
1 skipping!
coarse1 0 11 c_kp1 5.830708788722607e+35 c_k 5.830708616974264e+35 f_k 5.8307396287565575e+35 y_k 5.830710339295451e+35 1e-05 0.3589799404144287
coarse1 0 10 c_kp1 1.1133954068773863e+37 c_k 1.1133952808648717e+37 f_k 1.1134014299911451e+37 y_k 1.1133958359907932e+37 1e-05 0.3593323230743408
coarse1 0 9 c_kp1 2.1130152992636763e+38 c_k 2.113015641083731e+38 f_k 2.1130273644387562e+38 y_k 2.1130167468464718e+38 1e-05 0.35889339447021484
coarse1 0 8 c_kp1 4.032631482066438e+39 c_k 4.0326310169887915e+39 f_k 4.032654586461941e+39 y_k 4.0326343232761065e+39 1e-05 0.35908937454223633
coarse1 0 7 c_kp1 7.662735413596958e+40 c_k 7.662734248857179e+40 f_k 7.662781438408558e+40 y_k 7.662742932610232e+40 1e-05 0.3604261875152588
coarse1 0 6 c_kp1 1.4616815917610137e+42 c_k 1.4616814691243398e+42 f_k 1.4616908217196452e+42 y_k 1.4616834767781638e+42 1e-05 0.3606743812561035
coarse1 0 5 c_kp1 2.779670847703731e+43 c_k 2.779671470323024e+43 f_k 2.7796891225085824e+43 y_k 2.7796751542062927e+43 1e-05 0.3599245548248291
coarse1 0 4 c_kp1 5.3001541911479925e+44 c_k 5.300154108168982e+44 f_k 5.300188746084638e+44 y_k 5.300162112230014e+44 1e-05 0.3598499298095703
coarse1 0 3 c_kp1 1.0084484878737772e+46 c_k 1.0084483895002107e+46 f_k 1.0084550623651228e+46 y_k 1.008449994675385e+46 1e-05 0.37224721908569336
coarse1 0 2 c_kp1 1.922279615581358e+47 c_k 1.9222799596714808e+47 f_k 1.92229298027159e+47 y_k 1.9222833204264607e+47 1e-05 0.3607051372528076
coarse1 0 1 c_kp1 3.6587293490996875e+48 c_k 3.658729792899126e+48 f_k 3.6587544393346936e+48 y_k 3.6587360531794835e+48 1e-05 0.35886263847351074
coarse1 0 0 c_kp1 6.972621928156308e+49 c_k 6.972621904818227e+49 f_k 6.972670503754644e+49 y_k 6.97263546441289e+49 1e-05 0.36142635345458984
0 ----------parallel -------- 499.45054364204407
0 fine 13 d_out 8.536126347708437e+31 d_in 1.6114322427325059e+33 1e-09 3.2664144039154053
0 fine 12 d_out 1.6114322427325059e+33 d_in 3.078535182477473e+34 1e-09 2.3153531551361084
0 fine 11 d_out 3.078535182477473e+34 d_in 5.8307802223211395e+35 1e-09 2.478921413421631
0 fine 10 d_out 5.8307802223211395e+35 d_in 1.1134091746444237e+37 1e-09 2.5326225757598877
0 fine 9 d_out 1.1134091746444237e+37 d_in 2.1130420988612565e+38 1e-09 2.5138731002807617
0 fine 8 d_out 2.1130420988612565e+38 d_in 4.0326826823606824e+39 1e-09 2.540459632873535
0 fine 7 d_out 4.0326826823606824e+39 d_in 7.662834909036574e+40 1e-09 2.637138605117798
0 fine 6 d_out 7.662834909036574e+40 d_in 1.461701013980676e+42 1e-09 2.5888330936431885
0 fine 5 d_out 1.461701013980676e+42 d_in 2.7797085245054476e+43 1e-09 2.6515309810638428
0 fine 4 d_out 2.7797085245054476e+43 d_in 5.300225720143711e+44 1e-09 2.6372947692871094
0 fine 3 d_out 5.300225720143711e+44 d_in 1.0084621019707721e+46 1e-09 2.5823755264282227
0 fine 2 d_out 1.0084621019707721e+46 d_in 1.922306393381344e+47 1e-09 2.5766794681549072
0 fine 1 d_out 1.922306393381344e+47 d_in 3.6587799800446236e+48 1e-09 2.588477611541748
0 fine 0 d_out 3.6587799800446236e+48 d_in 6.972719163071678e+49 1e-09 2.5290539264678955
0 ------- seq update -------- 535.8907361030579
coarse1 0 13 c_kp1 1.6114322422763464e+33 c_k 1.611418970522194e+33 f_k 1.6114322427325059e+33 y_k 1.6114271912841313e+33 1e-05 0.3602886199951172
coarse1 0 12 c_kp1 3.078509526745757e+34 c_k 3.0784977485276323e+34 f_k 3.078535182477473e+34 y_k 3.078513836354699e+34 1e-05 0.35883474349975586
coarse1 0 11 c_kp1 5.830708788722602e+35 c_k 5.830708616974264e+35 f_k 5.8307802223211395e+35 y_k 5.8307396287565575e+35 1e-05 0.382889986038208
coarse1 0 10 c_kp1 1.1133954068773856e+37 c_k 1.1133952808648717e+37 f_k 1.1134091746444237e+37 y_k 1.1134014299911451e+37 1e-05 0.36035656929016113
coarse1 0 9 c_kp1 2.113015299263675e+38 c_k 2.113015641083731e+38 f_k 2.1130420988612565e+38 y_k 2.1130273644387562e+38 1e-05 0.36046862602233887
coarse1 0 8 c_kp1 4.0326314820664114e+39 c_k 4.0326310169887915e+39 f_k 4.0326826823606824e+39 y_k 4.032654586461941e+39 1e-05 0.35962772369384766
coarse1 0 7 c_kp1 7.662735413596936e+40 c_k 7.662734248857179e+40 f_k 7.662834909036574e+40 y_k 7.662781438408558e+40 1e-05 0.36110806465148926
coarse1 0 6 c_kp1 1.461681591761193e+42 c_k 1.4616814691243398e+42 f_k 1.461701013980676e+42 y_k 1.4616908217196452e+42 1e-05 0.36339807510375977
coarse1 0 5 c_kp1 2.77967084770373e+43 c_k 2.779671470323024e+43 f_k 2.7797085245054476e+43 y_k 2.7796891225085824e+43 1e-05 0.3614017963409424
coarse1 0 4 c_kp1 5.300154191148014e+44 c_k 5.300154108168982e+44 f_k 5.300225720143711e+44 y_k 5.300188746084638e+44 1e-05 0.3607659339904785
coarse1 0 3 c_kp1 1.0084484878737734e+46 c_k 1.0084483895002107e+46 f_k 1.0084621019707721e+46 y_k 1.0084550623651228e+46 1e-05 0.36010074615478516
coarse1 0 2 c_kp1 1.922279615581301e+47 c_k 1.9222799596714808e+47 f_k 1.922306393381344e+47 y_k 1.92229298027159e+47 1e-05 0.3619263172149658
coarse1 0 1 c_kp1 3.658729349099706e+48 c_k 3.658729792899126e+48 f_k 3.6587799800446236e+48 y_k 3.6587544393346936e+48 1e-05 0.36099815368652344
coarse1 0 0 c_kp1 6.972621928156408e+49 c_k 6.972621904818227e+49 f_k 6.972719163071678e+49 y_k 6.972670503754644e+49 1e-05 0.36133384704589844
============
6.972719163071678e+49
============
[2.38418579e-07 2.39992100e+02 3.48884872e+02 4.27347523e+02
 4.99449153e+02 5.69503723e+02]
[1.00000000e+00 8.28072991e-04 2.14341664e-05 1.20059990e-05
 6.98086242e-06 9.04495695e-10]
