0 36
0 ------- seq update -------- 0.0013685226440429688
coarse1 0 35 c_kp1 30881546.033883177 c_k 0.0 f_k 0.0 y_k 0.0 1e-05 17.463249444961548
coarse1 0 34 c_kp1 195825920.11208287 c_k 0.0 f_k 0.0 y_k 0.0 1e-05 3.761416435241699
coarse1 0 33 c_kp1 2989234177.263108 c_k 0.0 f_k 0.0 y_k 0.0 1e-05 3.5800869464874268
coarse1 0 32 c_kp1 47365834606.34128 c_k 0.0 f_k 0.0 y_k 0.0 1e-05 8.596054792404175
coarse1 0 31 c_kp1 779390143874.4572 c_k 0.0 f_k 0.0 y_k 0.0 1e-05 13.848888635635376
coarse1 0 30 c_kp1 12507952464182.992 c_k 0.0 f_k 0.0 y_k 0.0 1e-05 2.906230926513672
coarse1 0 29 c_kp1 210281975275376.34 c_k 0.0 f_k 0.0 y_k 0.0 1e-05 2.7010183334350586
coarse1 0 28 c_kp1 3435440160893656.5 c_k 0.0 f_k 0.0 y_k 0.0 1e-05 2.504646062850952
coarse1 0 27 c_kp1 5.949143536538684e+16 c_k 0.0 f_k 0.0 y_k 0.0 1e-05 2.407940626144409
coarse1 0 26 c_kp1 9.991220839045148e+17 c_k 0.0 f_k 0.0 y_k 0.0 1e-05 2.361215829849243
coarse1 0 25 c_kp1 1.7887087627674444e+19 c_k 0.0 f_k 0.0 y_k 0.0 1e-05 2.3627419471740723
coarse1 0 24 c_kp1 3.105159600881526e+20 c_k 0.0 f_k 0.0 y_k 0.0 1e-05 2.313469409942627
coarse1 0 23 c_kp1 5.723032547666086e+21 c_k 0.0 f_k 0.0 y_k 0.0 1e-05 2.313214063644409
coarse1 0 22 c_kp1 1.0245354666883205e+23 c_k 0.0 f_k 0.0 y_k 0.0 1e-05 2.3077809810638428
coarse1 0 21 c_kp1 1.9256526343867497e+24 c_k 0.0 f_k 0.0 y_k 0.0 1e-05 2.315261125564575
coarse1 0 20 c_kp1 3.5280222904276637e+25 c_k 0.0 f_k 0.0 y_k 0.0 1e-05 2.313764810562134
coarse1 0 19 c_kp1 6.70080580631026e+26 c_k 0.0 f_k 0.0 y_k 0.0 1e-05 2.3134703636169434
coarse1 0 18 c_kp1 1.2464297175974342e+28 c_k 0.0 f_k 0.0 y_k 0.0 1e-05 2.3114030361175537
coarse1 0 17 c_kp1 2.377970771225375e+29 c_k 0.0 f_k 0.0 y_k 0.0 1e-05 2.3375682830810547
coarse1 0 16 c_kp1 4.4644324459670824e+30 c_k 0.0 f_k 0.0 y_k 0.0 1e-05 2.3101727962493896
coarse1 0 15 c_kp1 8.528960316506222e+31 c_k 0.0 f_k 0.0 y_k 0.0 1e-05 2.311969518661499
coarse1 0 14 c_kp1 1.6100865150561712e+33 c_k 0.0 f_k 0.0 y_k 0.0 1e-05 2.3126752376556396
coarse1 0 13 c_kp1 3.075964062728645e+34 c_k 0.0 f_k 0.0 y_k 0.0 1e-05 2.3156862258911133
coarse1 0 12 c_kp1 5.82592775816404e+35 c_k 0.0 f_k 0.0 y_k 0.0 1e-05 2.2709429264068604
coarse1 0 11 c_kp1 1.112482015554067e+37 c_k 0.0 f_k 0.0 y_k 0.0 1e-05 2.32985258102417
coarse1 0 10 c_kp1 2.1112863705069572e+38 c_k 0.0 f_k 0.0 y_k 0.0 1e-05 2.264847993850708
coarse1 0 9 c_kp1 4.029330276122922e+39 c_k 0.0 f_k 0.0 y_k 0.0 1e-05 2.267401695251465
coarse1 0 8 c_kp1 7.656474336152743e+40 c_k 0.0 f_k 0.0 y_k 0.0 1e-05 2.336822271347046
coarse1 0 7 c_kp1 1.4604875882524624e+42 c_k 0.0 f_k 0.0 y_k 0.0 1e-05 2.26462984085083
coarse1 0 6 c_kp1 2.7774038244803466e+43 c_k 0.0 f_k 0.0 y_k 0.0 1e-05 2.317690134048462
coarse1 0 5 c_kp1 5.295830603907984e+44 c_k 0.0 f_k 0.0 y_k 0.0 1e-05 2.31585431098938
coarse1 0 4 c_kp1 1.00762671663122e+46 c_k 0.0 f_k 0.0 y_k 0.0 1e-05 2.3104071617126465
coarse1 0 3 c_kp1 1.9207136867284087e+47 c_k 0.0 f_k 0.0 y_k 0.0 1e-05 2.315432548522949
coarse1 0 2 c_kp1 3.65575054807876e+48 c_k 0.0 f_k 0.0 y_k 0.0 1e-05 2.2680749893188477
coarse1 0 1 c_kp1 6.966946372424561e+49 c_k 0.0 f_k 0.0 y_k 0.0 1e-05 2.2617859840393066
coarse1 0 0 c_kp1 1.3263430184230278e+51 c_k 0.0 f_k 0.0 y_k 0.0 1e-05 2.313000440597534
0 ----------parallel -------- 241.17682671546936
0 fine 35 d_out 0.0 d_in 30881539.93751242 1e-09 11.068288803100586
0 fine 34 d_out 30881539.93751242 d_in 195825536.054069 1e-09 3.8337457180023193
0 fine 33 d_out 195825536.054069 d_in 2993471213.2798705 1e-09 13.470835208892822
0 fine 32 d_out 2993471213.2798705 d_in 47420505970.172134 1e-09 13.385149002075195
0 fine 31 d_out 47420505970.172134 d_in 780285696126.1682 1e-09 14.320732593536377
0 fine 30 d_out 780285696126.1682 d_in 12522146639593.465 1e-09 3.715869188308716
0 fine 29 d_out 12522146639593.465 d_in 210515281475256.56 1e-09 3.4791932106018066
0 fine 28 d_out 210515281475256.56 d_in 3439173433644027.0 1e-09 3.413369655609131
0 fine 27 d_out 3439173433644027.0 d_in 5.955414420603604e+16 1e-09 14.286981582641602
0 fine 26 d_out 5.955414420603604e+16 d_in 1.0001438287412937e+18 1e-09 3.363870143890381
0 fine 25 d_out 1.0001438287412937e+18 d_in 1.7904798181845148e+19 1e-09 14.809226274490356
0 fine 24 d_out 1.7904798181845148e+19 d_in 3.108130845283423e+20 1e-09 14.300128698348999
0 fine 23 d_out 3.108130845283423e+20 d_in 5.728365789402717e+21 1e-09 14.998067378997803
0 fine 22 d_out 5.728365789402717e+21 d_in 1.0254619687034007e+23 1e-09 3.236330986022949
0 fine 21 d_out 1.0254619687034007e+23 d_in 1.9273653185117177e+24 1e-09 14.966612577438354
0 fine 20 d_out 1.9273653185117177e+24 d_in 3.531092535308714e+25 1e-09 6.143311262130737
0 fine 19 d_out 3.531092535308714e+25 d_in 6.706589211095801e+26 1e-09 14.871424198150635
0 fine 18 d_out 6.706589211095801e+26 d_in 1.2474904594728046e+28 1e-09 3.186896800994873
0 fine 17 d_out 1.2474904594728046e+28 d_in 2.379987927125975e+29 1e-09 14.9773850440979
0 fine 16 d_out 2.379987927125975e+29 d_in 4.468186772299912e+30 1e-09 5.879193067550659
0 fine 15 d_out 4.468186772299912e+30 d_in 8.536126361518996e+31 1e-09 14.726937532424927
0 fine 14 d_out 8.536126361518996e+31 d_in 1.611432245396838e+33 1e-09 3.195399761199951
0 fine 13 d_out 1.611432245396838e+33 d_in 3.0785351882604963e+34 1e-09 14.748692989349365
0 fine 12 d_out 3.0785351882604963e+34 d_in 5.830780233534494e+35 1e-09 3.2679731845855713
0 fine 11 d_out 5.830780233534494e+35 d_in 1.1134091769721546e+37 1e-09 14.09333872795105
0 fine 10 d_out 1.1134091769721546e+37 d_in 2.113042103442714e+38 1e-09 3.0793631076812744
0 fine 9 d_out 2.113042103442714e+38 d_in 4.0326826914535194e+39 1e-09 14.04751181602478
0 fine 8 d_out 4.0326826914535194e+39 d_in 7.662834926875849e+40 1e-09 3.084278106689453
0 fine 7 d_out 7.662834926875849e+40 d_in 1.461701017348846e+42 1e-09 3.1383676528930664
0 fine 6 d_out 1.461701017348846e+42 d_in 2.7797085310800724e+43 1e-09 3.0860366821289062
0 fine 5 d_out 2.7797085310800724e+43 d_in 5.3002257326044706e+44 1e-09 3.028614044189453
0 fine 4 d_out 5.3002257326044706e+44 d_in 1.008462104369265e+46 1e-09 3.0260651111602783
0 fine 3 d_out 1.008462104369265e+46 d_in 1.922306397920157e+47 1e-09 3.083484411239624
0 fine 2 d_out 1.922306397920157e+47 d_in 3.6587799887671676e+48 1e-09 3.1051383018493652
0 fine 1 d_out 3.6587799887671676e+48 d_in 6.972719179604728e+49 1e-09 3.0222418308258057
0 fine 0 d_out 6.972719179604728e+49 d_in 1.327441392901395e+51 1e-09 3.083442449569702
0 ------- seq update -------- 527.7032544612885
coarse1 0 35 c_kp1 30881546.033883177 c_k 30881546.033883177 f_k 30881539.93751242 y_k 30881546.033883177 1e-05 0.35065174102783203
coarse1 0 34 c_kp1 195825924.7681308 c_k 195825920.11208287 f_k 195825536.054069 y_k 195825920.11208287 1e-05 0.3512232303619385
coarse1 0 33 c_kp1 2989232036.516135 c_k 2989234177.263108 f_k 2993471213.2798705 y_k 2989234177.263108 1e-05 0.35092639923095703
coarse1 0 32 c_kp1 47365835137.10408 c_k 47365834606.34128 f_k 47420505970.172134 y_k 47365834606.34128 1e-05 0.35039377212524414
coarse1 0 31 c_kp1 779390435057.797 c_k 779390143874.4572 f_k 780285696126.1682 y_k 779390143874.4572 1e-05 0.34972620010375977
coarse1 0 30 c_kp1 12507952464507.04 c_k 12507952464182.992 f_k 12522146639593.465 y_k 12507952464182.992 1e-05 0.3493523597717285
coarse1 0 29 c_kp1 210281975277806.12 c_k 210281975275376.34 f_k 210515281475256.56 y_k 210281975275376.34 1e-05 0.35131216049194336
coarse1 0 28 c_kp1 3435440160757968.5 c_k 3435440160893656.5 f_k 3439173433644027.0 y_k 3435440160893656.5 1e-05 0.35031557083129883
coarse1 0 27 c_kp1 5.949143536535255e+16 c_k 5.949143536538684e+16 f_k 5.955414420603604e+16 y_k 5.949143536538684e+16 1e-05 0.3495206832885742
coarse1 0 26 c_kp1 9.991220839038922e+17 c_k 9.991220839045148e+17 f_k 1.0001438287412937e+18 y_k 9.991220839045148e+17 1e-05 0.35007333755493164
coarse1 0 25 c_kp1 1.7887087627674436e+19 c_k 1.7887087627674444e+19 f_k 1.7904798181845148e+19 y_k 1.7887087627674444e+19 1e-05 0.34940648078918457
coarse1 0 24 c_kp1 3.1051596010095595e+20 c_k 3.105159600881526e+20 f_k 3.108130845283423e+20 y_k 3.105159600881526e+20 1e-05 0.3494250774383545
coarse1 0 23 c_kp1 5.723032547666069e+21 c_k 5.723032547666086e+21 f_k 5.728365789402717e+21 y_k 5.723032547666086e+21 1e-05 0.35030412673950195
coarse1 0 22 c_kp1 1.0245354666907036e+23 c_k 1.0245354666883205e+23 f_k 1.0254619687034007e+23 y_k 1.0245354666883205e+23 1e-05 0.35100865364074707
coarse1 0 21 c_kp1 1.9256526343867436e+24 c_k 1.9256526343867497e+24 f_k 1.9273653185117177e+24 y_k 1.9256526343867497e+24 1e-05 0.34917306900024414
coarse1 0 20 c_kp1 3.52802229049173e+25 c_k 3.5280222904276637e+25 f_k 3.531092535308714e+25 y_k 3.5280222904276637e+25 1e-05 0.371661901473999
coarse1 0 19 c_kp1 6.700805806310245e+26 c_k 6.70080580631026e+26 f_k 6.706589211095801e+26 y_k 6.70080580631026e+26 1e-05 0.34911036491394043
coarse1 0 18 c_kp1 1.246429717598486e+28 c_k 1.2464297175974342e+28 f_k 1.2474904594728046e+28 y_k 1.2464297175974342e+28 1e-05 0.3493530750274658
coarse1 0 17 c_kp1 2.3779707712253827e+29 c_k 2.377970771225375e+29 f_k 2.379987927125975e+29 y_k 2.377970771225375e+29 1e-05 0.35018348693847656
coarse1 0 16 c_kp1 4.4644324460338275e+30 c_k 4.4644324459670824e+30 f_k 4.468186772299912e+30 y_k 4.4644324459670824e+30 1e-05 0.34967470169067383
coarse1 0 15 c_kp1 8.528960316506216e+31 c_k 8.528960316506222e+31 f_k 8.536126361518996e+31 y_k 8.528960316506222e+31 1e-05 0.3501248359680176
coarse1 0 14 c_kp1 1.6100865150571258e+33 c_k 1.6100865150561712e+33 f_k 1.611432245396838e+33 y_k 1.6100865150561712e+33 1e-05 0.3513295650482178
coarse1 0 13 c_kp1 3.075964062728661e+34 c_k 3.075964062728645e+34 f_k 3.0785351882604963e+34 y_k 3.075964062728645e+34 1e-05 0.3495216369628906
coarse1 0 12 c_kp1 5.825927758182782e+35 c_k 5.82592775816404e+35 f_k 5.830780233534494e+35 y_k 5.82592775816404e+35 1e-05 0.3518257141113281
coarse1 0 11 c_kp1 1.1124820155539797e+37 c_k 1.112482015554067e+37 f_k 1.1134091769721546e+37 y_k 1.112482015554067e+37 1e-05 0.37198972702026367
coarse1 0 10 c_kp1 2.1112863705071665e+38 c_k 2.1112863705069572e+38 f_k 2.113042103442714e+38 y_k 2.1112863705069572e+38 1e-05 0.3493833541870117
coarse1 0 9 c_kp1 4.0293302761228745e+39 c_k 4.029330276122922e+39 f_k 4.0326826914535194e+39 y_k 4.029330276122922e+39 1e-05 0.3495357036590576
coarse1 0 8 c_kp1 7.656474336136712e+40 c_k 7.656474336152743e+40 f_k 7.662834926875849e+40 y_k 7.656474336152743e+40 1e-05 0.3503563404083252
coarse1 0 7 c_kp1 1.4604875882524603e+42 c_k 1.4604875882524624e+42 f_k 1.461701017348846e+42 y_k 1.4604875882524624e+42 1e-05 0.34972405433654785
coarse1 0 6 c_kp1 2.7774038244745e+43 c_k 2.7774038244803466e+43 f_k 2.7797085310800724e+43 y_k 2.7774038244803466e+43 1e-05 0.3500487804412842
coarse1 0 5 c_kp1 5.295830603908181e+44 c_k 5.295830603907984e+44 f_k 5.3002257326044706e+44 y_k 5.295830603907984e+44 1e-05 0.350797176361084
coarse1 0 4 c_kp1 1.0076267166310933e+46 c_k 1.00762671663122e+46 f_k 1.008462104369265e+46 y_k 1.00762671663122e+46 1e-05 0.34949827194213867
coarse1 0 3 c_kp1 1.920713686729011e+47 c_k 1.9207136867284087e+47 f_k 1.922306397920157e+47 y_k 1.9207136867284087e+47 1e-05 0.3504524230957031
coarse1 0 2 c_kp1 3.6557505480787875e+48 c_k 3.65575054807876e+48 f_k 3.6587799887671676e+48 y_k 3.65575054807876e+48 1e-05 0.350208044052124
coarse1 0 1 c_kp1 6.966946372424736e+49 c_k 6.966946372424561e+49 f_k 6.972719179604728e+49 y_k 6.966946372424561e+49 1e-05 0.3711972236633301
coarse1 0 0 c_kp1 1.326343018423309e+51 c_k 1.3263430184230278e+51 f_k 1.327441392901395e+51 y_k 1.3263430184230278e+51 1e-05 0.34957408905029297
============
1.327441392901395e+51
============
[2.38418579e-07 2.41175456e+02 6.60898380e+02]
[1.00000000e+00 8.27974792e-04 5.76095926e-10]
